[0.017s] Invoking command in '/home/serhat/workspaces/build/udemy_ros2_pkg': CMAKE_PREFIX_PATH=${CMAKE_PREFIX_PATH}:/opt/ros/humble /usr/bin/cmake --build /home/serhat/workspaces/build/udemy_ros2_pkg -- -j12 -l12
[0.055s] -- Found ament_cmake: 1.3.3 (/opt/ros/humble/share/ament_cmake/cmake)
[0.247s] -- Override CMake install command with custom implementation using symlinks instead of copying resources
[0.264s] -- Found rclcpp: 16.0.3 (/opt/ros/humble/share/rclcpp/cmake)
[0.329s] -- Found rosidl_generator_c: 3.1.4 (/opt/ros/humble/share/rosidl_generator_c/cmake)
[0.335s] -- Found rosidl_adapter: 3.1.4 (/opt/ros/humble/share/rosidl_adapter/cmake)
[0.349s] -- Found rosidl_generator_cpp: 3.1.4 (/opt/ros/humble/share/rosidl_generator_cpp/cmake)
[0.368s] -- Using all available rosidl_typesupport_c: rosidl_typesupport_fastrtps_c;rosidl_typesupport_introspection_c
[0.384s] -- Using all available rosidl_typesupport_cpp: rosidl_typesupport_fastrtps_cpp;rosidl_typesupport_introspection_cpp
[0.456s] -- Found rmw_implementation_cmake: 6.1.1 (/opt/ros/humble/share/rmw_implementation_cmake/cmake)
[0.458s] -- Found rmw_fastrtps_cpp: 6.2.2 (/opt/ros/humble/share/rmw_fastrtps_cpp/cmake)
[0.590s] -- Using RMW implementation 'rmw_fastrtps_cpp' as default
[0.764s] -- Found rosidl_default_generators: 1.2.0 (/opt/ros/humble/share/rosidl_default_generators/cmake)
[0.999s] -- Found ament_cmake_cppcheck: 0.12.5 (/opt/ros/humble/share/ament_cmake_cppcheck/cmake)
[1.000s] -- Found ament_cmake_cpplint: 0.12.5 (/opt/ros/humble/share/ament_cmake_cpplint/cmake)
[1.001s] -- Found ament_cmake_uncrustify: 0.12.5 (/opt/ros/humble/share/ament_cmake_uncrustify/cmake)
[1.002s] -- Found ament_cmake_ros: 0.10.0 (/opt/ros/humble/share/ament_cmake_ros/cmake)
[1.313s] -- Using all available rosidl_typesupport_c: rosidl_typesupport_fastrtps_c;rosidl_typesupport_introspection_c
[1.457s] -- Using all available rosidl_typesupport_cpp: rosidl_typesupport_fastrtps_cpp;rosidl_typesupport_introspection_cpp
[1.479s] -- Found python_cmake_module: 0.10.0 (/opt/ros/humble/share/python_cmake_module/cmake)
[1.500s] -- Using PYTHON_EXECUTABLE: /usr/bin/python3
[1.500s] -- Using PYTHON_INCLUDE_DIRS: /usr/include/python3.10
[1.500s] -- Using PYTHON_LIBRARIES: /usr/lib/x86_64-linux-gnu/libpython3.10.so
[1.556s] -- Found ament_cmake_flake8: 0.12.5 (/opt/ros/humble/share/ament_cmake_flake8/cmake)
[1.557s] -- Found ament_cmake_pep257: 0.12.5 (/opt/ros/humble/share/ament_cmake_pep257/cmake)
[1.562s] -- Found ament_lint_auto: 0.12.5 (/opt/ros/humble/share/ament_lint_auto/cmake)
[1.616s] -- Added test 'cppcheck' to perform static code analysis on C / C++ code
[1.617s] -- Configured cppcheck include dirs: 
[1.617s] -- Configured cppcheck exclude dirs and/or files: 
[1.618s] -- Added test 'cpplint' to check C / C++ code against the Google style
[1.619s] -- Configured cpplint exclude dirs and/or files: 
[1.620s] -- Added test 'uncrustify' to check C / C++ code style
[1.621s] -- Configured uncrustify additional arguments: 
[1.621s] -- Added test 'flake8' to check Python code syntax and style conventions
[1.622s] -- Added test 'pep257' to check Python code against some of the docstring style conventions in PEP 257
[1.623s] -- Added test 'lint_cmake' to check CMake code style
[1.624s] -- Added test 'xmllint' to check XML markup files
[1.629s] -- Configuring done
[3.008s] -- Generating done
[3.044s] -- Build files have been written to: /home/serhat/workspaces/build/udemy_ros2_pkg
[3.078s] [35m[1mConsolidate compiler generated dependencies of target publisher[0m
[3.078s] [35m[1mConsolidate compiler generated dependencies of target udemy_ros2_pkg__rosidl_generator_c[0m
[3.078s] [35m[1mConsolidate compiler generated dependencies of target rpm_pub[0m
[3.080s] [35m[1mConsolidate compiler generated dependencies of target subscriber[0m
[3.084s] [35m[1mConsolidate compiler generated dependencies of target speed_calc[0m
[3.092s] [  2%] Built target udemy_ros2_pkg__cpp
[3.101s] [  9%] Built target udemy_ros2_pkg__rosidl_generator_c
[3.109s] [35m[1mConsolidate compiler generated dependencies of target udemy_ros2_pkg__rosidl_typesupport_cpp[0m
[3.109s] [35m[1mConsolidate compiler generated dependencies of target udemy_ros2_pkg__rosidl_typesupport_fastrtps_cpp[0m
[3.110s] [  9%] Built target ament_cmake_python_symlink_udemy_ros2_pkg
[3.115s] [ 14%] Built target rpm_pub
[3.115s] [35m[1mConsolidate compiler generated dependencies of target udemy_ros2_pkg__rosidl_typesupport_introspection_cpp[0m
[3.119s] [ 19%] Built target publisher
[3.123s] [ 24%] Built target subscriber
[3.124s] [35m[1mConsolidate compiler generated dependencies of target udemy_ros2_pkg__rosidl_typesupport_fastrtps_c[0m
[3.131s] [ 29%] Built target speed_calc
[3.131s] [ 36%] Built target udemy_ros2_pkg__rosidl_typesupport_cpp
[3.137s] [35m[1mConsolidate compiler generated dependencies of target udemy_ros2_pkg__rosidl_typesupport_introspection_c[0m
[3.142s] [35m[1mConsolidate compiler generated dependencies of target udemy_ros2_pkg__rosidl_typesupport_c[0m
[3.143s] [ 43%] Built target udemy_ros2_pkg__rosidl_typesupport_fastrtps_cpp
[3.143s] [ 51%] Built target udemy_ros2_pkg__rosidl_typesupport_introspection_cpp
[3.150s] [35m[1mConsolidate compiler generated dependencies of target service_server[0m
[3.154s] [ 58%] Built target udemy_ros2_pkg__rosidl_typesupport_introspection_c
[3.157s] [ 65%] Built target udemy_ros2_pkg__rosidl_typesupport_fastrtps_c
[3.157s] [ 73%] Built target udemy_ros2_pkg__rosidl_typesupport_c
[3.186s] [ 75%] [32mBuilding CXX object CMakeFiles/service_server.dir/src/service_server.cpp.o[0m
[3.192s] [ 75%] Built target udemy_ros2_pkg
[3.222s] [ 78%] Built target udemy_ros2_pkg__py
[3.237s] [35m[1mConsolidate compiler generated dependencies of target udemy_ros2_pkg__rosidl_generator_py[0m
[3.258s] [ 82%] Built target udemy_ros2_pkg__rosidl_generator_py
[3.278s] [35m[1mConsolidate compiler generated dependencies of target udemy_ros2_pkg__rosidl_typesupport_fastrtps_c__pyext[0m
[3.280s] [35m[1mConsolidate compiler generated dependencies of target udemy_ros2_pkg__rosidl_typesupport_introspection_c__pyext[0m
[3.292s] [35m[1mConsolidate compiler generated dependencies of target udemy_ros2_pkg__rosidl_typesupport_c__pyext[0m
[3.316s] [ 92%] Built target udemy_ros2_pkg__rosidl_typesupport_c__pyext
[3.316s] [ 92%] Built target udemy_ros2_pkg__rosidl_typesupport_introspection_c__pyext
[3.318s] [ 97%] Built target udemy_ros2_pkg__rosidl_typesupport_fastrtps_c__pyext
[3.521s] running egg_info
[3.522s] writing udemy_ros2_pkg.egg-info/PKG-INFO
[3.522s] writing dependency_links to udemy_ros2_pkg.egg-info/dependency_links.txt
[3.522s] writing top-level names to udemy_ros2_pkg.egg-info/top_level.txt
[3.526s] reading manifest file 'udemy_ros2_pkg.egg-info/SOURCES.txt'
[3.527s] writing manifest file 'udemy_ros2_pkg.egg-info/SOURCES.txt'
[3.559s] [ 97%] Built target ament_cmake_python_build_udemy_ros2_pkg_egg
[5.919s] [01m[K/home/serhat/workspaces/ros2_cpp_ws/src/udemy_ros2_pkg/src/service_server.cpp:4:43:[m[K [01;31m[Kerror: [m[Ktypedef name may not be a nested-name-specifier
[5.919s]     4 | typedef udemy_ros2_pkg::srv::OddEvenCheck [01;31m[Kudemy_ros2_pkg[m[K::srv::OddEvenCheck;
[5.920s]       |                                           [01;31m[K^~~~~~~~~~~~~~[m[K
[5.926s] [01m[K/home/serhat/workspaces/ros2_cpp_ws/src/udemy_ros2_pkg/src/service_server.cpp:19:15:[m[K [01;31m[Kerror: [m[Kâ€˜[01m[KOddCheckServiceSrv[m[Kâ€™ does not name a type; did you mean â€˜[01m[KOddEvenCheckServiceNode[m[Kâ€™?
[5.926s]    19 |         const [01;31m[KOddCheckServiceSrv[m[K::Request::SharedPtr request,
[5.926s]       |               [01;31m[K^~~~~~~~~~~~~~~~~~[m[K
[5.926s]       |               [32m[KOddEvenCheckServiceNode[m[K
[5.926s] [01m[K/home/serhat/workspaces/ros2_cpp_ws/src/udemy_ros2_pkg/src/service_server.cpp:19:42:[m[K [01;31m[Kerror: [m[Kexpected unqualified-id before â€˜[01m[K::[m[Kâ€™ token
[5.927s]    19 |         const OddCheckServiceSrv::Request[01;31m[K::[m[KSharedPtr request,
[5.927s]       |                                          [01;31m[K^~[m[K
[5.927s] [01m[K/home/serhat/workspaces/ros2_cpp_ws/src/udemy_ros2_pkg/src/service_server.cpp:19:42:[m[K [01;31m[Kerror: [m[Kexpected â€˜[01m[K)[m[Kâ€™ before â€˜[01m[K::[m[Kâ€™ token
[5.927s]    19 |         const OddCheckServiceSrv::Request[01;31m[K:[m[K[32m[K:[m[KSharedPtr request,
[5.927s]       |                                          [01;31m[K^[m[K[32m[K~[m[K
[5.927s]       |                                          [32m[K)[m[K
[5.927s] [01m[K/home/serhat/workspaces/ros2_cpp_ws/src/udemy_ros2_pkg/src/service_server.cpp:18:28:[m[K [01;36m[Knote: [m[Kto match this â€˜[01m[K([m[Kâ€™
[5.927s]    18 |     void check_num_odd_even[01;36m[K([m[K
[5.927s]       |                            [01;36m[K^[m[K
[5.928s] [01m[K/home/serhat/workspaces/ros2_cpp_ws/src/udemy_ros2_pkg/src/service_server.cpp:19:35:[m[K [01;31m[Kerror: [m[Kexpected â€˜[01m[K;[m[Kâ€™ at end of member declaration
[5.928s]    19 |         const OddCheckServiceSrv::[01;31m[KRequest[m[K::SharedPtr request,
[5.928s]       |                                   [01;31m[K^~~~~~~[m[K
[5.928s]       |                                          [32m[K;[m[K
[5.929s] [01m[K/home/serhat/workspaces/ros2_cpp_ws/src/udemy_ros2_pkg/src/service_server.cpp:19:44:[m[K [01;31m[Kerror: [m[Kâ€˜[01m[KSharedPtr[m[Kâ€™ in namespace â€˜[01m[K::[m[Kâ€™ does not name a type
[5.929s]    19 |         const OddCheckServiceSrv::Request::[01;31m[KSharedPtr[m[K request,
[5.929s]       |                                            [01;31m[K^~~~~~~~~[m[K
[5.949s] [01m[K/home/serhat/workspaces/ros2_cpp_ws/src/udemy_ros2_pkg/src/service_server.cpp:[m[K In constructor â€˜[01m[KOddEvenCheckServiceNode::OddEvenCheckServiceNode()[m[Kâ€™:
[5.949s] [01m[K/home/serhat/workspaces/ros2_cpp_ws/src/udemy_ros2_pkg/src/service_server.cpp:13:36:[m[K [01;31m[Kerror: [m[Kâ€˜[01m[K__1[m[Kâ€™ is not a member of â€˜[01m[Kstd::placeholders[m[Kâ€™; did you mean â€˜[01m[K_21[m[Kâ€™?
[5.949s]    13 |                 std::placeholders::[01;31m[K__1[m[K,std::placeholders::__2
[5.949s]       |                                    [01;31m[K^~~[m[K
[5.949s]       |                                    [32m[K_21[m[K
[5.949s] [01m[K/home/serhat/workspaces/ros2_cpp_ws/src/udemy_ros2_pkg/src/service_server.cpp:13:59:[m[K [01;31m[Kerror: [m[Kâ€˜[01m[K__2[m[Kâ€™ is not a member of â€˜[01m[Kstd::placeholders[m[Kâ€™; did you mean â€˜[01m[K_22[m[Kâ€™?
[5.949s]    13 |                 std::placeholders::__1,std::placeholders::[01;31m[K__2[m[K
[5.949s]       |                                                           [01;31m[K^~~[m[K
[5.949s]       |                                                           [32m[K_22[m[K
[6.760s] gmake[2]: *** [CMakeFiles/service_server.dir/build.make:76: CMakeFiles/service_server.dir/src/service_server.cpp.o] Error 1
[6.760s] gmake[1]: *** [CMakeFiles/Makefile2:705: CMakeFiles/service_server.dir/all] Error 2
[6.760s] gmake: *** [Makefile:146: all] Error 2
[6.763s] Invoked command in '/home/serhat/workspaces/build/udemy_ros2_pkg' returned '2': CMAKE_PREFIX_PATH=${CMAKE_PREFIX_PATH}:/opt/ros/humble /usr/bin/cmake --build /home/serhat/workspaces/build/udemy_ros2_pkg -- -j12 -l12
