[0.014s] Invoking command in '/home/serhat/workspaces/build/udemy_ros2_pkg': CMAKE_PREFIX_PATH=${CMAKE_PREFIX_PATH}:/opt/ros/humble /usr/bin/cmake --build /home/serhat/workspaces/build/udemy_ros2_pkg -- -j12 -l12
[0.080s] [  2%] Built target udemy_ros2_pkg__cpp
[0.089s] [  9%] Built target udemy_ros2_pkg__rosidl_generator_c
[0.090s] [  9%] Built target ament_cmake_python_symlink_udemy_ros2_pkg
[0.093s] [ 14%] Built target rpm_pub
[0.097s] [ 19%] Built target publisher
[0.097s] [ 24%] Built target subscriber
[0.102s] [ 29%] Built target speed_calc
[0.115s] [ 46%] Built target udemy_ros2_pkg__rosidl_typesupport_cpp
[0.115s] [ 46%] Built target udemy_ros2_pkg__rosidl_typesupport_introspection_cpp
[0.116s] [ 51%] Built target udemy_ros2_pkg__rosidl_typesupport_fastrtps_cpp
[0.120s] [ 58%] Built target udemy_ros2_pkg__rosidl_typesupport_c
[0.121s] [ 65%] Built target udemy_ros2_pkg__rosidl_typesupport_introspection_c
[0.124s] [ 73%] Built target udemy_ros2_pkg__rosidl_typesupport_fastrtps_c
[0.132s] [35m[1mConsolidate compiler generated dependencies of target service_server[0m
[0.149s] [ 73%] Built target udemy_ros2_pkg
[0.156s] [ 75%] [32mBuilding CXX object CMakeFiles/service_server.dir/src/service_server.cpp.o[0m
[0.169s] [ 78%] Built target udemy_ros2_pkg__py
[0.190s] [ 82%] Built target udemy_ros2_pkg__rosidl_generator_py
[0.213s] [ 92%] Built target udemy_ros2_pkg__rosidl_typesupport_introspection_c__pyext
[0.213s] [ 92%] Built target udemy_ros2_pkg__rosidl_typesupport_fastrtps_c__pyext
[0.213s] [ 97%] Built target udemy_ros2_pkg__rosidl_typesupport_c__pyext
[0.421s] running egg_info
[0.422s] writing udemy_ros2_pkg.egg-info/PKG-INFO
[0.422s] writing dependency_links to udemy_ros2_pkg.egg-info/dependency_links.txt
[0.423s] writing top-level names to udemy_ros2_pkg.egg-info/top_level.txt
[0.427s] reading manifest file 'udemy_ros2_pkg.egg-info/SOURCES.txt'
[0.428s] writing manifest file 'udemy_ros2_pkg.egg-info/SOURCES.txt'
[0.470s] [ 97%] Built target ament_cmake_python_build_udemy_ros2_pkg_egg
[2.566s] [01m[K/home/serhat/workspaces/ros2_cpp_ws/src/udemy_ros2_pkg/src/service_server.cpp:4:43:[m[K [01;31m[Kerror: [m[Ktypedef name may not be a nested-name-specifier
[2.566s]     4 | typedef udemy_ros2_pkg::srv::OddEvenCheck [01;31m[Kudemy_ros2_pkg[m[K::srv::OddEvenCheck;
[2.566s]       |                                           [01;31m[K^~~~~~~~~~~~~~[m[K
[2.569s] [01m[K/home/serhat/workspaces/ros2_cpp_ws/src/udemy_ros2_pkg/src/service_server.cpp:19:15:[m[K [01;31m[Kerror: [m[Kâ€˜[01m[KOddCheckServiceSrv[m[Kâ€™ does not name a type; did you mean â€˜[01m[KOddEvenCheckServiceNode[m[Kâ€™?
[2.569s]    19 |         const [01;31m[KOddCheckServiceSrv[m[K::Request::SharedPtr request,
[2.569s]       |               [01;31m[K^~~~~~~~~~~~~~~~~~[m[K
[2.569s]       |               [32m[KOddEvenCheckServiceNode[m[K
[2.569s] [01m[K/home/serhat/workspaces/ros2_cpp_ws/src/udemy_ros2_pkg/src/service_server.cpp:19:42:[m[K [01;31m[Kerror: [m[Kexpected unqualified-id before â€˜[01m[K::[m[Kâ€™ token
[2.570s]    19 |         const OddCheckServiceSrv::Request[01;31m[K::[m[KSharedPtr request,
[2.570s]       |                                          [01;31m[K^~[m[K
[2.570s] [01m[K/home/serhat/workspaces/ros2_cpp_ws/src/udemy_ros2_pkg/src/service_server.cpp:19:42:[m[K [01;31m[Kerror: [m[Kexpected â€˜[01m[K)[m[Kâ€™ before â€˜[01m[K::[m[Kâ€™ token
[2.570s]    19 |         const OddCheckServiceSrv::Request[01;31m[K:[m[K[32m[K:[m[KSharedPtr request,
[2.570s]       |                                          [01;31m[K^[m[K[32m[K~[m[K
[2.570s]       |                                          [32m[K)[m[K
[2.570s] [01m[K/home/serhat/workspaces/ros2_cpp_ws/src/udemy_ros2_pkg/src/service_server.cpp:18:28:[m[K [01;36m[Knote: [m[Kto match this â€˜[01m[K([m[Kâ€™
[2.570s]    18 |     void check_num_odd_even[01;36m[K([m[K
[2.570s]       |                            [01;36m[K^[m[K
[2.570s] [01m[K/home/serhat/workspaces/ros2_cpp_ws/src/udemy_ros2_pkg/src/service_server.cpp:19:35:[m[K [01;31m[Kerror: [m[Kexpected â€˜[01m[K;[m[Kâ€™ at end of member declaration
[2.570s]    19 |         const OddCheckServiceSrv::[01;31m[KRequest[m[K::SharedPtr request,
[2.570s]       |                                   [01;31m[K^~~~~~~[m[K
[2.570s]       |                                          [32m[K;[m[K
[2.571s] [01m[K/home/serhat/workspaces/ros2_cpp_ws/src/udemy_ros2_pkg/src/service_server.cpp:19:44:[m[K [01;31m[Kerror: [m[Kâ€˜[01m[KSharedPtr[m[Kâ€™ in namespace â€˜[01m[K::[m[Kâ€™ does not name a type
[2.571s]    19 |         const OddCheckServiceSrv::Request::[01;31m[KSharedPtr[m[K request,
[2.572s]       |                                            [01;31m[K^~~~~~~~~[m[K
[2.586s] [01m[K/home/serhat/workspaces/ros2_cpp_ws/src/udemy_ros2_pkg/src/service_server.cpp:[m[K In constructor â€˜[01m[KOddEvenCheckServiceNode::OddEvenCheckServiceNode()[m[Kâ€™:
[2.586s] [01m[K/home/serhat/workspaces/ros2_cpp_ws/src/udemy_ros2_pkg/src/service_server.cpp:13:36:[m[K [01;31m[Kerror: [m[Kâ€˜[01m[K__1[m[Kâ€™ is not a member of â€˜[01m[Kstd::placeholders[m[Kâ€™; did you mean â€˜[01m[K_21[m[Kâ€™?
[2.586s]    13 |                 std::placeholders::[01;31m[K__1[m[K,std::placeholders::__2
[2.586s]       |                                    [01;31m[K^~~[m[K
[2.586s]       |                                    [32m[K_21[m[K
[2.586s] [01m[K/home/serhat/workspaces/ros2_cpp_ws/src/udemy_ros2_pkg/src/service_server.cpp:13:59:[m[K [01;31m[Kerror: [m[Kâ€˜[01m[K__2[m[Kâ€™ is not a member of â€˜[01m[Kstd::placeholders[m[Kâ€™; did you mean â€˜[01m[K_22[m[Kâ€™?
[2.586s]    13 |                 std::placeholders::__1,std::placeholders::[01;31m[K__2[m[K
[2.586s]       |                                                           [01;31m[K^~~[m[K
[2.586s]       |                                                           [32m[K_22[m[K
[3.264s] gmake[2]: *** [CMakeFiles/service_server.dir/build.make:76: CMakeFiles/service_server.dir/src/service_server.cpp.o] Error 1
[3.264s] gmake[1]: *** [CMakeFiles/Makefile2:705: CMakeFiles/service_server.dir/all] Error 2
[3.265s] gmake: *** [Makefile:146: all] Error 2
[3.267s] Invoked command in '/home/serhat/workspaces/build/udemy_ros2_pkg' returned '2': CMAKE_PREFIX_PATH=${CMAKE_PREFIX_PATH}:/opt/ros/humble /usr/bin/cmake --build /home/serhat/workspaces/build/udemy_ros2_pkg -- -j12 -l12
