[0.011s] Invoking command in '/home/serhat/workspaces/build/udemy_ros2_pkg': CMAKE_PREFIX_PATH=${CMAKE_PREFIX_PATH}:/opt/ros/humble /usr/bin/cmake /home/serhat/workspaces/ros2_cpp_ws/src/udemy_ros2_pkg -DAMENT_CMAKE_SYMLINK_INSTALL=1 -DCMAKE_INSTALL_PREFIX=/home/serhat/workspaces/install/udemy_ros2_pkg
[0.029s] -- Found ament_cmake: 1.3.3 (/opt/ros/humble/share/ament_cmake/cmake)
[0.169s] -- Override CMake install command with custom implementation using symlinks instead of copying resources
[0.176s] -- Found rclcpp: 16.0.3 (/opt/ros/humble/share/rclcpp/cmake)
[0.203s] -- Found rosidl_generator_c: 3.1.4 (/opt/ros/humble/share/rosidl_generator_c/cmake)
[0.205s] -- Found rosidl_adapter: 3.1.4 (/opt/ros/humble/share/rosidl_adapter/cmake)
[0.211s] -- Found rosidl_generator_cpp: 3.1.4 (/opt/ros/humble/share/rosidl_generator_cpp/cmake)
[0.230s] -- Using all available rosidl_typesupport_c: rosidl_typesupport_fastrtps_c;rosidl_typesupport_introspection_c
[0.245s] -- Using all available rosidl_typesupport_cpp: rosidl_typesupport_fastrtps_cpp;rosidl_typesupport_introspection_cpp
[0.299s] -- Found rmw_implementation_cmake: 6.1.1 (/opt/ros/humble/share/rmw_implementation_cmake/cmake)
[0.300s] -- Found rmw_fastrtps_cpp: 6.2.2 (/opt/ros/humble/share/rmw_fastrtps_cpp/cmake)
[0.429s] -- Using RMW implementation 'rmw_fastrtps_cpp' as default
[0.586s] -- Found rosidl_default_generators: 1.2.0 (/opt/ros/humble/share/rosidl_default_generators/cmake)
[0.593s] -- Found sensor_msgs: 4.2.3 (/opt/ros/humble/share/sensor_msgs/cmake)
[0.729s] -- Found cv_bridge: 3.2.1 (/opt/ros/humble/share/cv_bridge/cmake)
[0.736s] -- Found action_msgs: 1.2.1 (/opt/ros/humble/share/action_msgs/cmake)
[0.791s] -- Found rclcpp_action: 16.0.3 (/opt/ros/humble/share/rclcpp_action/cmake)
[1.119s] -- Found ament_cmake_cppcheck: 0.12.5 (/opt/ros/humble/share/ament_cmake_cppcheck/cmake)
[1.120s] -- Found ament_cmake_cpplint: 0.12.5 (/opt/ros/humble/share/ament_cmake_cpplint/cmake)
[1.121s] -- Found ament_cmake_uncrustify: 0.12.5 (/opt/ros/humble/share/ament_cmake_uncrustify/cmake)
[1.123s] -- Found ament_cmake_ros: 0.10.0 (/opt/ros/humble/share/ament_cmake_ros/cmake)
[1.576s] -- Using all available rosidl_typesupport_c: rosidl_typesupport_fastrtps_c;rosidl_typesupport_introspection_c
[1.755s] -- Using all available rosidl_typesupport_cpp: rosidl_typesupport_fastrtps_cpp;rosidl_typesupport_introspection_cpp
[1.775s] -- Found python_cmake_module: 0.10.0 (/opt/ros/humble/share/python_cmake_module/cmake)
[1.794s] -- Using PYTHON_EXECUTABLE: /usr/bin/python3
[1.794s] -- Using PYTHON_INCLUDE_DIRS: /usr/include/python3.10
[1.794s] -- Using PYTHON_LIBRARIES: /usr/lib/x86_64-linux-gnu/libpython3.10.so
[1.854s] -- Found ament_cmake_flake8: 0.12.5 (/opt/ros/humble/share/ament_cmake_flake8/cmake)
[1.854s] -- Found ament_cmake_pep257: 0.12.5 (/opt/ros/humble/share/ament_cmake_pep257/cmake)
[1.868s] -- Found ament_lint_auto: 0.12.5 (/opt/ros/humble/share/ament_lint_auto/cmake)
[1.877s] -- Added test 'cppcheck' to perform static code analysis on C / C++ code
[1.878s] -- Configured cppcheck include dirs: 
[1.878s] -- Configured cppcheck exclude dirs and/or files: 
[1.879s] -- Added test 'cpplint' to check C / C++ code against the Google style
[1.879s] -- Configured cpplint exclude dirs and/or files: 
[1.881s] -- Added test 'uncrustify' to check C / C++ code style
[1.881s] -- Configured uncrustify additional arguments: 
[1.882s] -- Added test 'flake8' to check Python code syntax and style conventions
[1.882s] -- Added test 'pep257' to check Python code against some of the docstring style conventions in PEP 257
[1.883s] -- Added test 'lint_cmake' to check CMake code style
[1.883s] -- Added test 'xmllint' to check XML markup files
[1.886s] -- Configuring done
[1.969s] -- Generating done
[1.973s] -- Build files have been written to: /home/serhat/workspaces/build/udemy_ros2_pkg
[1.983s] Invoked command in '/home/serhat/workspaces/build/udemy_ros2_pkg' returned '0': CMAKE_PREFIX_PATH=${CMAKE_PREFIX_PATH}:/opt/ros/humble /usr/bin/cmake /home/serhat/workspaces/ros2_cpp_ws/src/udemy_ros2_pkg -DAMENT_CMAKE_SYMLINK_INSTALL=1 -DCMAKE_INSTALL_PREFIX=/home/serhat/workspaces/install/udemy_ros2_pkg
[1.984s] Invoking command in '/home/serhat/workspaces/build/udemy_ros2_pkg': CMAKE_PREFIX_PATH=${CMAKE_PREFIX_PATH}:/opt/ros/humble /usr/bin/cmake --build /home/serhat/workspaces/build/udemy_ros2_pkg -- -j12 -l12
[2.026s] [35m[1mConsolidate compiler generated dependencies of target udemy_ros2_pkg__rosidl_generator_c[0m
[2.026s] [35m[1mConsolidate compiler generated dependencies of target publisher[0m
[2.027s] [35m[1mConsolidate compiler generated dependencies of target speed_calc[0m
[2.028s] [35m[1mConsolidate compiler generated dependencies of target rpm_pub[0m
[2.034s] [35m[1mConsolidate compiler generated dependencies of target subscriber[0m
[2.045s] [  1%] Built target udemy_ros2_pkg__cpp
[2.047s] [  9%] Built target udemy_ros2_pkg__rosidl_generator_c
[2.056s] [ 12%] Built target speed_calc
[2.058s] [ 15%] Built target publisher
[2.058s] [ 18%] Built target rpm_pub
[2.063s] [35m[1mConsolidate compiler generated dependencies of target udemy_ros2_pkg__rosidl_typesupport_cpp[0m
[2.064s] [35m[1mConsolidate compiler generated dependencies of target udemy_ros2_pkg__rosidl_typesupport_introspection_cpp[0m
[2.066s] [35m[1mConsolidate compiler generated dependencies of target udemy_ros2_pkg__rosidl_typesupport_fastrtps_c[0m
[2.066s] [35m[1mConsolidate compiler generated dependencies of target udemy_ros2_pkg__rosidl_typesupport_fastrtps_cpp[0m
[2.067s] [35m[1mConsolidate compiler generated dependencies of target udemy_ros2_pkg__rosidl_typesupport_introspection_c[0m
[2.069s] [35m[1mConsolidate compiler generated dependencies of target udemy_ros2_pkg__rosidl_typesupport_c[0m
[2.071s] [ 21%] Built target subscriber
[2.071s] [ 21%] Built target ament_cmake_python_symlink_udemy_ros2_pkg
[2.087s] [ 33%] Built target udemy_ros2_pkg__rosidl_typesupport_cpp
[2.087s] [ 41%] Built target udemy_ros2_pkg__rosidl_typesupport_introspection_c
[2.087s] [ 44%] Built target udemy_ros2_pkg__rosidl_typesupport_introspection_cpp
[2.088s] [ 52%] Built target udemy_ros2_pkg__rosidl_typesupport_c
[2.092s] [ 63%] Built target udemy_ros2_pkg__rosidl_typesupport_fastrtps_cpp
[2.093s] [ 67%] Built target udemy_ros2_pkg__rosidl_typesupport_fastrtps_c
[2.100s] [35m[1mConsolidate compiler generated dependencies of target service_server[0m
[2.103s] [35m[1mConsolidate compiler generated dependencies of target service_client[0m
[2.104s] [35m[1mConsolidate compiler generated dependencies of target turn_camera_client[0m
[2.104s] [35m[1mConsolidate compiler generated dependencies of target turn_camera_service[0m
[2.118s] [ 69%] [32mBuilding CXX object CMakeFiles/action_server.dir/src/action_server.cpp.o[0m
[2.121s] [ 69%] Built target udemy_ros2_pkg
[2.130s] [ 72%] Built target service_server
[2.139s] [ 75%] Built target service_client
[2.144s] [ 78%] Built target turn_camera_service
[2.150s] [ 81%] Built target turn_camera_client
[2.155s] [ 83%] Built target udemy_ros2_pkg__py
[2.168s] [35m[1mConsolidate compiler generated dependencies of target udemy_ros2_pkg__rosidl_generator_py[0m
[2.187s] [ 89%] Built target udemy_ros2_pkg__rosidl_generator_py
[2.199s] [35m[1mConsolidate compiler generated dependencies of target udemy_ros2_pkg__rosidl_typesupport_introspection_c__pyext[0m
[2.200s] [35m[1mConsolidate compiler generated dependencies of target udemy_ros2_pkg__rosidl_typesupport_c__pyext[0m
[2.200s] [35m[1mConsolidate compiler generated dependencies of target udemy_ros2_pkg__rosidl_typesupport_fastrtps_c__pyext[0m
[2.218s] [ 92%] Built target udemy_ros2_pkg__rosidl_typesupport_c__pyext
[2.218s] [ 95%] Built target udemy_ros2_pkg__rosidl_typesupport_introspection_c__pyext
[2.219s] [ 98%] Built target udemy_ros2_pkg__rosidl_typesupport_fastrtps_c__pyext
[2.415s] running egg_info
[2.416s] writing udemy_ros2_pkg.egg-info/PKG-INFO
[2.416s] writing dependency_links to udemy_ros2_pkg.egg-info/dependency_links.txt
[2.416s] writing top-level names to udemy_ros2_pkg.egg-info/top_level.txt
[2.418s] reading manifest file 'udemy_ros2_pkg.egg-info/SOURCES.txt'
[2.421s] writing manifest file 'udemy_ros2_pkg.egg-info/SOURCES.txt'
[2.449s] [ 98%] Built target ament_cmake_python_build_udemy_ros2_pkg_egg
[2.483s] [01m[K/home/serhat/workspaces/ros2_cpp_ws/src/udemy_ros2_pkg/src/action_server.cpp:2:10:[m[K [01;31m[Kfatal error: [m[Krclcpp_action/rclcpp_action.hpp: No such file or directory
[2.483s]     2 | #include [01;31m[K"rclcpp_action/rclcpp_action.hpp"[m[K
[2.483s]       |          [01;31m[K^~~~~~~~~~~~~~~~~~~~~~~~~~~~~~~~~[m[K
[2.483s] compilation terminated.
[2.486s] gmake[2]: *** [CMakeFiles/action_server.dir/build.make:76: CMakeFiles/action_server.dir/src/action_server.cpp.o] Error 1
[2.486s] gmake[1]: *** [CMakeFiles/Makefile2:821: CMakeFiles/action_server.dir/all] Error 2
[2.486s] gmake: *** [Makefile:146: all] Error 2
[2.489s] Invoked command in '/home/serhat/workspaces/build/udemy_ros2_pkg' returned '2': CMAKE_PREFIX_PATH=${CMAKE_PREFIX_PATH}:/opt/ros/humble /usr/bin/cmake --build /home/serhat/workspaces/build/udemy_ros2_pkg -- -j12 -l12
