[0.014s] Invoking command in '/home/serhat/workspaces/build/udemy_ros2_pkg': CMAKE_PREFIX_PATH=${CMAKE_PREFIX_PATH}:/opt/ros/humble /usr/bin/cmake --build /home/serhat/workspaces/build/udemy_ros2_pkg -- -j12 -l12
[0.086s] [  1%] Built target udemy_ros2_pkg__cpp
[0.089s] [  1%] Built target ament_cmake_python_symlink_udemy_ros2_pkg
[0.091s] [  9%] Built target udemy_ros2_pkg__rosidl_generator_c
[0.092s] [ 12%] Built target subscriber
[0.098s] [ 15%] Built target publisher
[0.098s] [ 18%] Built target rpm_pub
[0.101s] [ 21%] Built target speed_calc
[0.120s] [ 29%] Built target udemy_ros2_pkg__rosidl_typesupport_cpp
[0.127s] [ 46%] Built target udemy_ros2_pkg__rosidl_typesupport_fastrtps_c
[0.127s] [ 56%] Built target udemy_ros2_pkg__rosidl_typesupport_fastrtps_cpp
[0.127s] [ 60%] Built target udemy_ros2_pkg__rosidl_typesupport_introspection_cpp
[0.127s] [ 47%] Built target udemy_ros2_pkg__rosidl_typesupport_c
[0.128s] [ 67%] Built target udemy_ros2_pkg__rosidl_typesupport_introspection_c
[0.156s] [ 69%] [32mBuilding CXX object CMakeFiles/action_server.dir/src/action_server.cpp.o[0m
[0.160s] [ 72%] Built target service_server
[0.160s] [ 75%] Built target turn_camera_service
[0.164s] [ 75%] Built target udemy_ros2_pkg
[0.167s] [ 78%] Built target service_client
[0.167s] [ 81%] Built target turn_camera_client
[0.187s] [ 83%] Built target udemy_ros2_pkg__py
[0.209s] [ 89%] Built target udemy_ros2_pkg__rosidl_generator_py
[0.247s] [ 95%] Built target udemy_ros2_pkg__rosidl_typesupport_fastrtps_c__pyext
[0.247s] [ 95%] Built target udemy_ros2_pkg__rosidl_typesupport_c__pyext
[0.249s] [ 98%] Built target udemy_ros2_pkg__rosidl_typesupport_introspection_c__pyext
[0.396s] running egg_info
[0.397s] writing udemy_ros2_pkg.egg-info/PKG-INFO
[0.397s] writing dependency_links to udemy_ros2_pkg.egg-info/dependency_links.txt
[0.397s] writing top-level names to udemy_ros2_pkg.egg-info/top_level.txt
[0.399s] reading manifest file 'udemy_ros2_pkg.egg-info/SOURCES.txt'
[0.400s] writing manifest file 'udemy_ros2_pkg.egg-info/SOURCES.txt'
[0.430s] [ 98%] Built target ament_cmake_python_build_udemy_ros2_pkg_egg
[0.457s] [01m[K/home/serhat/workspaces/ros2_cpp_ws/src/udemy_ros2_pkg/src/action_server.cpp:2:10:[m[K [01;31m[Kfatal error: [m[Krclcpp_action/rclcpp_action.hpp: No such file or directory
[0.457s]     2 | #include [01;31m[K"rclcpp_action/rclcpp_action.hpp"[m[K
[0.458s]       |          [01;31m[K^~~~~~~~~~~~~~~~~~~~~~~~~~~~~~~~~[m[K
[0.458s] compilation terminated.
[0.462s] gmake[2]: *** [CMakeFiles/action_server.dir/build.make:76: CMakeFiles/action_server.dir/src/action_server.cpp.o] Error 1
[0.463s] gmake[1]: *** [CMakeFiles/Makefile2:821: CMakeFiles/action_server.dir/all] Error 2
[0.463s] gmake: *** [Makefile:146: all] Error 2
[0.465s] Invoked command in '/home/serhat/workspaces/build/udemy_ros2_pkg' returned '2': CMAKE_PREFIX_PATH=${CMAKE_PREFIX_PATH}:/opt/ros/humble /usr/bin/cmake --build /home/serhat/workspaces/build/udemy_ros2_pkg -- -j12 -l12
