[0.000000] (-) TimerEvent: {}
[0.000094] (udemy_ros2_pkg) JobQueued: {'identifier': 'udemy_ros2_pkg', 'dependencies': OrderedDict()}
[0.000699] (usb_cam) JobQueued: {'identifier': 'usb_cam', 'dependencies': OrderedDict()}
[0.000725] (udemy_ros2_pkg) JobStarted: {'identifier': 'udemy_ros2_pkg'}
[0.008230] (usb_cam) JobStarted: {'identifier': 'usb_cam'}
[0.015298] (udemy_ros2_pkg) JobProgress: {'identifier': 'udemy_ros2_pkg', 'progress': 'cmake'}
[0.016652] (udemy_ros2_pkg) JobProgress: {'identifier': 'udemy_ros2_pkg', 'progress': 'build'}
[0.016732] (udemy_ros2_pkg) Command: {'cmd': ['/usr/bin/cmake', '--build', '/home/serhat/workspaces/ros2_cpp_ws/build/udemy_ros2_pkg', '--', '-j12', '-l12'], 'cwd': '/home/serhat/workspaces/ros2_cpp_ws/build/udemy_ros2_pkg', 'env': OrderedDict([('LESSOPEN', '| /usr/bin/lesspipe %s'), ('USER', 'serhat'), ('XDG_SESSION_TYPE', 'wayland'), ('SHLVL', '1'), ('LD_LIBRARY_PATH', '/home/serhat/workspaces/install/usb_cam/lib:/home/serhat/workspaces/install/udemy_ros2_pkg/lib:/home/serhat/workspaces/ros2_cpp_ws/install/usb_cam/lib:/home/serhat/workspaces/ros2_cpp_ws/install/udemy_ros2_pkg/lib:/usr/lib/x86_64-linux-gnu/gazebo-11/plugins:/opt/ros/humble/opt/rviz_ogre_vendor/lib:/opt/ros/humble/lib/x86_64-linux-gnu:/opt/ros/humble/lib'), ('HOME', '/home/serhat'), ('OLDPWD', '/home/serhat/workspaces'), ('DESKTOP_SESSION', 'ubuntu'), ('ROS_PYTHON_VERSION', '3'), ('GNOME_SHELL_SESSION_MODE', 'ubuntu'), ('GTK_MODULES', 'gail:atk-bridge'), ('SYSTEMD_EXEC_PID', '4386'), ('DBUS_SESSION_BUS_ADDRESS', 'unix:path=/run/user/1000/bus'), ('COLORTERM', 'truecolor'), ('IM_CONFIG_PHASE', '1'), ('WAYLAND_DISPLAY', 'wayland-0'), ('COLCON_PREFIX_PATH', '/home/serhat/workspaces/ros2_cpp_ws/install:/home/serhat/workspaces/install'), ('ROS_DISTRO', 'humble'), ('LOGNAME', 'serhat'), ('_', '/usr/bin/colcon'), ('ROS_VERSION', '2'), ('XDG_SESSION_CLASS', 'user'), ('USERNAME', 'serhat'), ('TERM', 'xterm-256color'), ('GNOME_DESKTOP_SESSION_ID', 'this-is-deprecated'), ('ROS_LOCALHOST_ONLY', '0'), ('PATH', '/opt/ros/humble/bin:/usr/local/sbin:/usr/local/bin:/usr/sbin:/usr/bin:/sbin:/bin:/usr/games:/usr/local/games:/snap/bin:/snap/bin'), ('SESSION_MANAGER', 'local/serhat-ABRA-A5-V15-2:@/tmp/.ICE-unix/1458,unix/serhat-ABRA-A5-V15-2:/tmp/.ICE-unix/1458'), ('XDG_MENU_PREFIX', 'gnome-'), ('RMW_IMLEMENTATION', 'rmw_cyclonedds_cpp'), ('GNOME_TERMINAL_SCREEN', '/org/gnome/Terminal/screen/7e3473bf_7dbc_4131_9485_5bf80cb0f6e2'), ('GNOME_SETUP_DISPLAY', ':1'), ('XDG_RUNTIME_DIR', '/run/user/1000'), ('DISPLAY', ':0'), ('LANG', 'en_US.UTF-8'), ('XDG_CURRENT_DESKTOP', 'ubuntu:GNOME'), ('XMODIFIERS', '@im=ibus'), ('XDG_SESSION_DESKTOP', 'ubuntu'), ('XAUTHORITY', '/run/user/1000/.mutter-Xwaylandauth.D2S921'), ('LS_COLORS', 'rs=0:di=01;34:ln=01;36:mh=00:pi=40;33:so=01;35:do=01;35:bd=40;33;01:cd=40;33;01:or=40;31;01:mi=00:su=37;41:sg=30;43:ca=30;41:tw=30;42:ow=34;42:st=37;44:ex=01;32:*.tar=01;31:*.tgz=01;31:*.arc=01;31:*.arj=01;31:*.taz=01;31:*.lha=01;31:*.lz4=01;31:*.lzh=01;31:*.lzma=01;31:*.tlz=01;31:*.txz=01;31:*.tzo=01;31:*.t7z=01;31:*.zip=01;31:*.z=01;31:*.dz=01;31:*.gz=01;31:*.lrz=01;31:*.lz=01;31:*.lzo=01;31:*.xz=01;31:*.zst=01;31:*.tzst=01;31:*.bz2=01;31:*.bz=01;31:*.tbz=01;31:*.tbz2=01;31:*.tz=01;31:*.deb=01;31:*.rpm=01;31:*.jar=01;31:*.war=01;31:*.ear=01;31:*.sar=01;31:*.rar=01;31:*.alz=01;31:*.ace=01;31:*.zoo=01;31:*.cpio=01;31:*.7z=01;31:*.rz=01;31:*.cab=01;31:*.wim=01;31:*.swm=01;31:*.dwm=01;31:*.esd=01;31:*.jpg=01;35:*.jpeg=01;35:*.mjpg=01;35:*.mjpeg=01;35:*.gif=01;35:*.bmp=01;35:*.pbm=01;35:*.pgm=01;35:*.ppm=01;35:*.tga=01;35:*.xbm=01;35:*.xpm=01;35:*.tif=01;35:*.tiff=01;35:*.png=01;35:*.svg=01;35:*.svgz=01;35:*.mng=01;35:*.pcx=01;35:*.mov=01;35:*.mpg=01;35:*.mpeg=01;35:*.m2v=01;35:*.mkv=01;35:*.webm=01;35:*.webp=01;35:*.ogm=01;35:*.mp4=01;35:*.m4v=01;35:*.mp4v=01;35:*.vob=01;35:*.qt=01;35:*.nuv=01;35:*.wmv=01;35:*.asf=01;35:*.rm=01;35:*.rmvb=01;35:*.flc=01;35:*.avi=01;35:*.fli=01;35:*.flv=01;35:*.gl=01;35:*.dl=01;35:*.xcf=01;35:*.xwd=01;35:*.yuv=01;35:*.cgm=01;35:*.emf=01;35:*.ogv=01;35:*.ogx=01;35:*.aac=00;36:*.au=00;36:*.flac=00;36:*.m4a=00;36:*.mid=00;36:*.midi=00;36:*.mka=00;36:*.mp3=00;36:*.mpc=00;36:*.ogg=00;36:*.ra=00;36:*.wav=00;36:*.oga=00;36:*.opus=00;36:*.spx=00;36:*.xspf=00;36:'), ('GNOME_TERMINAL_SERVICE', ':1.117'), ('SSH_AGENT_LAUNCHER', 'gnome-keyring'), ('SSH_AUTH_SOCK', '/run/user/1000/keyring/ssh'), ('AMENT_PREFIX_PATH', '/home/serhat/workspaces/install/usb_cam:/home/serhat/workspaces/install/udemy_ros2_pkg:/home/serhat/workspaces/ros2_cpp_ws/install/usb_cam:/home/serhat/workspaces/ros2_cpp_ws/install/udemy_ros2_pkg:/opt/ros/humble'), ('SHELL', '/bin/bash'), ('QT_ACCESSIBILITY', '1'), ('GDMSESSION', 'ubuntu'), ('LESSCLOSE', '/usr/bin/lesspipe %s %s'), ('QT_IM_MODULE', 'ibus'), ('PWD', '/home/serhat/workspaces/ros2_cpp_ws/build/udemy_ros2_pkg'), ('TURTLEBOT3_MODEL', 'waffle'), ('LC_ALL', 'en_US.UTF-8'), ('XDG_CONFIG_DIRS', '/etc/xdg/xdg-ubuntu:/etc/xdg'), ('XDG_DATA_DIRS', '/usr/share/ubuntu:/usr/local/share/:/usr/share/:/var/lib/snapd/desktop'), ('PYTHONPATH', '/home/serhat/workspaces/install/udemy_ros2_pkg/local/lib/python3.10/dist-packages:/home/serhat/workspaces/ros2_cpp_ws/install/udemy_ros2_pkg/local/lib/python3.10/dist-packages:/opt/ros/humble/lib/python3.10/site-packages:/opt/ros/humble/local/lib/python3.10/dist-packages'), ('COLCON', '1'), ('VTE_VERSION', '6800'), ('CMAKE_PREFIX_PATH', '/home/serhat/workspaces/install/usb_cam:/home/serhat/workspaces/install/udemy_ros2_pkg:/home/serhat/workspaces/ros2_cpp_ws/install/usb_cam:/home/serhat/workspaces/ros2_cpp_ws/install/udemy_ros2_pkg:/opt/ros/humble')]), 'shell': False}
[0.020554] (usb_cam) JobProgress: {'identifier': 'usb_cam', 'progress': 'cmake'}
[0.021174] (usb_cam) JobProgress: {'identifier': 'usb_cam', 'progress': 'build'}
[0.021909] (usb_cam) Command: {'cmd': ['/usr/bin/cmake', '--build', '/home/serhat/workspaces/ros2_cpp_ws/build/usb_cam', '--', '-j12', '-l12'], 'cwd': '/home/serhat/workspaces/ros2_cpp_ws/build/usb_cam', 'env': OrderedDict([('LESSOPEN', '| /usr/bin/lesspipe %s'), ('USER', 'serhat'), ('XDG_SESSION_TYPE', 'wayland'), ('SHLVL', '1'), ('LD_LIBRARY_PATH', '/home/serhat/workspaces/install/usb_cam/lib:/home/serhat/workspaces/install/udemy_ros2_pkg/lib:/home/serhat/workspaces/ros2_cpp_ws/install/usb_cam/lib:/home/serhat/workspaces/ros2_cpp_ws/install/udemy_ros2_pkg/lib:/usr/lib/x86_64-linux-gnu/gazebo-11/plugins:/opt/ros/humble/opt/rviz_ogre_vendor/lib:/opt/ros/humble/lib/x86_64-linux-gnu:/opt/ros/humble/lib'), ('HOME', '/home/serhat'), ('OLDPWD', '/home/serhat/workspaces'), ('DESKTOP_SESSION', 'ubuntu'), ('ROS_PYTHON_VERSION', '3'), ('GNOME_SHELL_SESSION_MODE', 'ubuntu'), ('GTK_MODULES', 'gail:atk-bridge'), ('SYSTEMD_EXEC_PID', '4386'), ('DBUS_SESSION_BUS_ADDRESS', 'unix:path=/run/user/1000/bus'), ('COLORTERM', 'truecolor'), ('IM_CONFIG_PHASE', '1'), ('WAYLAND_DISPLAY', 'wayland-0'), ('COLCON_PREFIX_PATH', '/home/serhat/workspaces/ros2_cpp_ws/install:/home/serhat/workspaces/install'), ('ROS_DISTRO', 'humble'), ('LOGNAME', 'serhat'), ('_', '/usr/bin/colcon'), ('ROS_VERSION', '2'), ('XDG_SESSION_CLASS', 'user'), ('USERNAME', 'serhat'), ('TERM', 'xterm-256color'), ('GNOME_DESKTOP_SESSION_ID', 'this-is-deprecated'), ('ROS_LOCALHOST_ONLY', '0'), ('PATH', '/opt/ros/humble/bin:/usr/local/sbin:/usr/local/bin:/usr/sbin:/usr/bin:/sbin:/bin:/usr/games:/usr/local/games:/snap/bin:/snap/bin'), ('SESSION_MANAGER', 'local/serhat-ABRA-A5-V15-2:@/tmp/.ICE-unix/1458,unix/serhat-ABRA-A5-V15-2:/tmp/.ICE-unix/1458'), ('XDG_MENU_PREFIX', 'gnome-'), ('RMW_IMLEMENTATION', 'rmw_cyclonedds_cpp'), ('GNOME_TERMINAL_SCREEN', '/org/gnome/Terminal/screen/7e3473bf_7dbc_4131_9485_5bf80cb0f6e2'), ('GNOME_SETUP_DISPLAY', ':1'), ('XDG_RUNTIME_DIR', '/run/user/1000'), ('DISPLAY', ':0'), ('LANG', 'en_US.UTF-8'), ('XDG_CURRENT_DESKTOP', 'ubuntu:GNOME'), ('XMODIFIERS', '@im=ibus'), ('XDG_SESSION_DESKTOP', 'ubuntu'), ('XAUTHORITY', '/run/user/1000/.mutter-Xwaylandauth.D2S921'), ('LS_COLORS', 'rs=0:di=01;34:ln=01;36:mh=00:pi=40;33:so=01;35:do=01;35:bd=40;33;01:cd=40;33;01:or=40;31;01:mi=00:su=37;41:sg=30;43:ca=30;41:tw=30;42:ow=34;42:st=37;44:ex=01;32:*.tar=01;31:*.tgz=01;31:*.arc=01;31:*.arj=01;31:*.taz=01;31:*.lha=01;31:*.lz4=01;31:*.lzh=01;31:*.lzma=01;31:*.tlz=01;31:*.txz=01;31:*.tzo=01;31:*.t7z=01;31:*.zip=01;31:*.z=01;31:*.dz=01;31:*.gz=01;31:*.lrz=01;31:*.lz=01;31:*.lzo=01;31:*.xz=01;31:*.zst=01;31:*.tzst=01;31:*.bz2=01;31:*.bz=01;31:*.tbz=01;31:*.tbz2=01;31:*.tz=01;31:*.deb=01;31:*.rpm=01;31:*.jar=01;31:*.war=01;31:*.ear=01;31:*.sar=01;31:*.rar=01;31:*.alz=01;31:*.ace=01;31:*.zoo=01;31:*.cpio=01;31:*.7z=01;31:*.rz=01;31:*.cab=01;31:*.wim=01;31:*.swm=01;31:*.dwm=01;31:*.esd=01;31:*.jpg=01;35:*.jpeg=01;35:*.mjpg=01;35:*.mjpeg=01;35:*.gif=01;35:*.bmp=01;35:*.pbm=01;35:*.pgm=01;35:*.ppm=01;35:*.tga=01;35:*.xbm=01;35:*.xpm=01;35:*.tif=01;35:*.tiff=01;35:*.png=01;35:*.svg=01;35:*.svgz=01;35:*.mng=01;35:*.pcx=01;35:*.mov=01;35:*.mpg=01;35:*.mpeg=01;35:*.m2v=01;35:*.mkv=01;35:*.webm=01;35:*.webp=01;35:*.ogm=01;35:*.mp4=01;35:*.m4v=01;35:*.mp4v=01;35:*.vob=01;35:*.qt=01;35:*.nuv=01;35:*.wmv=01;35:*.asf=01;35:*.rm=01;35:*.rmvb=01;35:*.flc=01;35:*.avi=01;35:*.fli=01;35:*.flv=01;35:*.gl=01;35:*.dl=01;35:*.xcf=01;35:*.xwd=01;35:*.yuv=01;35:*.cgm=01;35:*.emf=01;35:*.ogv=01;35:*.ogx=01;35:*.aac=00;36:*.au=00;36:*.flac=00;36:*.m4a=00;36:*.mid=00;36:*.midi=00;36:*.mka=00;36:*.mp3=00;36:*.mpc=00;36:*.ogg=00;36:*.ra=00;36:*.wav=00;36:*.oga=00;36:*.opus=00;36:*.spx=00;36:*.xspf=00;36:'), ('GNOME_TERMINAL_SERVICE', ':1.117'), ('SSH_AGENT_LAUNCHER', 'gnome-keyring'), ('SSH_AUTH_SOCK', '/run/user/1000/keyring/ssh'), ('AMENT_PREFIX_PATH', '/home/serhat/workspaces/install/usb_cam:/home/serhat/workspaces/install/udemy_ros2_pkg:/home/serhat/workspaces/ros2_cpp_ws/install/usb_cam:/home/serhat/workspaces/ros2_cpp_ws/install/udemy_ros2_pkg:/opt/ros/humble'), ('SHELL', '/bin/bash'), ('QT_ACCESSIBILITY', '1'), ('GDMSESSION', 'ubuntu'), ('LESSCLOSE', '/usr/bin/lesspipe %s %s'), ('QT_IM_MODULE', 'ibus'), ('PWD', '/home/serhat/workspaces/ros2_cpp_ws/build/usb_cam'), ('TURTLEBOT3_MODEL', 'waffle'), ('LC_ALL', 'en_US.UTF-8'), ('XDG_CONFIG_DIRS', '/etc/xdg/xdg-ubuntu:/etc/xdg'), ('XDG_DATA_DIRS', '/usr/share/ubuntu:/usr/local/share/:/usr/share/:/var/lib/snapd/desktop'), ('PYTHONPATH', '/home/serhat/workspaces/install/udemy_ros2_pkg/local/lib/python3.10/dist-packages:/home/serhat/workspaces/ros2_cpp_ws/install/udemy_ros2_pkg/local/lib/python3.10/dist-packages:/opt/ros/humble/lib/python3.10/site-packages:/opt/ros/humble/local/lib/python3.10/dist-packages'), ('COLCON', '1'), ('VTE_VERSION', '6800'), ('CMAKE_PREFIX_PATH', '/home/serhat/workspaces/install/usb_cam:/home/serhat/workspaces/install/udemy_ros2_pkg:/home/serhat/workspaces/ros2_cpp_ws/install/usb_cam:/home/serhat/workspaces/ros2_cpp_ws/install/udemy_ros2_pkg:/opt/ros/humble')]), 'shell': False}
[0.070071] (udemy_ros2_pkg) StdoutLine: {'line': b'\x1b[35m\x1b[1mConsolidate compiler generated dependencies of target subscriber\x1b[0m\n'}
[0.080727] (udemy_ros2_pkg) StdoutLine: {'line': b'[  1%] Built target udemy_ros2_pkg__cpp\n'}
[0.081058] (usb_cam) StdoutLine: {'line': b'[ 14%] Built target usb_cam\n'}
[0.081323] (udemy_ros2_pkg) StdoutLine: {'line': b'[  8%] Built target udemy_ros2_pkg__rosidl_generator_c\n'}
[0.089385] (usb_cam) StdoutLine: {'line': b'[ 35%] Built target gtest\n'}
[0.089656] (udemy_ros2_pkg) StdoutLine: {'line': b'[ 11%] Built target publisher\n'}
[0.089861] (usb_cam) StdoutLine: {'line': b'[ 42%] Built target gtest_main\n'}
[0.090203] (udemy_ros2_pkg) StdoutLine: {'line': b'[ 11%] Built target ament_cmake_python_symlink_udemy_ros2_pkg\n'}
[0.090453] (udemy_ros2_pkg) StdoutLine: {'line': b'[ 14%] Built target rpm_pub\n'}
[0.092772] (usb_cam) StdoutLine: {'line': b'[ 57%] Built target usb_cam_node_exe\n'}
[0.098118] (udemy_ros2_pkg) StdoutLine: {'line': b'[ 16%] \x1b[32mBuilding CXX object CMakeFiles/subscriber.dir/src/subscriber.cpp.o\x1b[0m\n'}
[0.098449] (udemy_ros2_pkg) StdoutLine: {'line': b'[ 19%] Built target speed_calc\n'}
[0.099451] (-) TimerEvent: {}
[0.121638] (udemy_ros2_pkg) StdoutLine: {'line': b'[ 29%] Built target udemy_ros2_pkg__rosidl_typesupport_introspection_c\n'}
[0.122150] (udemy_ros2_pkg) StdoutLine: {'line': b'[ 34%] Built target udemy_ros2_pkg__rosidl_typesupport_fastrtps_cpp\n'}
[0.124115] (udemy_ros2_pkg) StdoutLine: {'line': b'[ 41%] Built target udemy_ros2_pkg__rosidl_typesupport_c\n'}
[0.124543] (udemy_ros2_pkg) StdoutLine: {'line': b'[ 49%] Built target udemy_ros2_pkg__rosidl_typesupport_cpp\n'}
[0.125656] (usb_cam) StdoutLine: {'line': b'[ 71%] Built target test_usb_cam_utils\n'}
[0.127437] (udemy_ros2_pkg) StdoutLine: {'line': b'[ 56%] Built target udemy_ros2_pkg__rosidl_typesupport_introspection_cpp\n'}
[0.128224] (usb_cam) StdoutLine: {'line': b'[ 85%] Built target test_usb_cam_lib\n'}
[0.130576] (usb_cam) StdoutLine: {'line': b'[100%] Built target usb_cam_node\n'}
[0.140136] (udemy_ros2_pkg) StdoutLine: {'line': b'[ 64%] Built target udemy_ros2_pkg__rosidl_typesupport_fastrtps_c\n'}
[0.144872] (udemy_ros2_pkg) StdoutLine: {'line': b'\x1b[35m\x1b[1mConsolidate compiler generated dependencies of target service_client\x1b[0m\n'}
[0.145071] (udemy_ros2_pkg) StdoutLine: {'line': b'\x1b[35m\x1b[1mConsolidate compiler generated dependencies of target turn_camera_service\x1b[0m\n'}
[0.147212] (usb_cam) CommandEnded: {'returncode': 0}
[0.148885] (udemy_ros2_pkg) StdoutLine: {'line': b'\x1b[35m\x1b[1mConsolidate compiler generated dependencies of target turn_camera_client\x1b[0m\n'}
[0.149039] (udemy_ros2_pkg) StdoutLine: {'line': b'\x1b[35m\x1b[1mConsolidate compiler generated dependencies of target action_server\x1b[0m\n'}
[0.153080] (udemy_ros2_pkg) StdoutLine: {'line': b'\x1b[35m\x1b[1mConsolidate compiler generated dependencies of target action_client\x1b[0m\n'}
[0.156928] (udemy_ros2_pkg) StdoutLine: {'line': b'\x1b[35m\x1b[1mConsolidate compiler generated dependencies of target service_server\x1b[0m\n'}
[0.169766] (udemy_ros2_pkg) StdoutLine: {'line': b'[ 64%] Built target udemy_ros2_pkg\n'}
[0.177658] (udemy_ros2_pkg) StdoutLine: {'line': b'[ 65%] \x1b[32mBuilding CXX object CMakeFiles/turn_camera_service.dir/src/turn_camera_service.cpp.o\x1b[0m\n'}
[0.178254] (udemy_ros2_pkg) StdoutLine: {'line': b'[ 68%] Built target service_client\n'}
[0.183288] (udemy_ros2_pkg) StdoutLine: {'line': b'[ 70%] \x1b[32mBuilding CXX object CMakeFiles/action_server.dir/src/action_server.cpp.o\x1b[0m\n'}
[0.184537] (udemy_ros2_pkg) StdoutLine: {'line': b'[ 71%] \x1b[32mBuilding CXX object CMakeFiles/turn_camera_client.dir/src/turn_camera_client.cpp.o\x1b[0m\n'}
[0.186646] (udemy_ros2_pkg) StdoutLine: {'line': b'[ 74%] Built target service_server\n'}
[0.191920] (udemy_ros2_pkg) StdoutLine: {'line': b'[ 76%] \x1b[32mBuilding CXX object CMakeFiles/action_client.dir/src/action_client.cpp.o\x1b[0m\n'}
[0.199539] (-) TimerEvent: {}
[0.200200] (udemy_ros2_pkg) StdoutLine: {'line': b'[ 77%] Built target udemy_ros2_pkg__py\n'}
[0.209101] (udemy_ros2_pkg) StdoutLine: {'line': b'[ 79%] \x1b[32m\x1b[1mLinking CXX executable turn_camera_service\x1b[0m\n'}
[0.212575] (udemy_ros2_pkg) StdoutLine: {'line': b'[ 80%] \x1b[32m\x1b[1mLinking CXX executable turn_camera_client\x1b[0m\n'}
[0.215193] (usb_cam) JobProgress: {'identifier': 'usb_cam', 'progress': 'install'}
[0.228048] (usb_cam) Command: {'cmd': ['/usr/bin/cmake', '--install', '/home/serhat/workspaces/ros2_cpp_ws/build/usb_cam'], 'cwd': '/home/serhat/workspaces/ros2_cpp_ws/build/usb_cam', 'env': OrderedDict([('LESSOPEN', '| /usr/bin/lesspipe %s'), ('USER', 'serhat'), ('XDG_SESSION_TYPE', 'wayland'), ('SHLVL', '1'), ('LD_LIBRARY_PATH', '/home/serhat/workspaces/install/usb_cam/lib:/home/serhat/workspaces/install/udemy_ros2_pkg/lib:/home/serhat/workspaces/ros2_cpp_ws/install/usb_cam/lib:/home/serhat/workspaces/ros2_cpp_ws/install/udemy_ros2_pkg/lib:/usr/lib/x86_64-linux-gnu/gazebo-11/plugins:/opt/ros/humble/opt/rviz_ogre_vendor/lib:/opt/ros/humble/lib/x86_64-linux-gnu:/opt/ros/humble/lib'), ('HOME', '/home/serhat'), ('OLDPWD', '/home/serhat/workspaces'), ('DESKTOP_SESSION', 'ubuntu'), ('ROS_PYTHON_VERSION', '3'), ('GNOME_SHELL_SESSION_MODE', 'ubuntu'), ('GTK_MODULES', 'gail:atk-bridge'), ('SYSTEMD_EXEC_PID', '4386'), ('DBUS_SESSION_BUS_ADDRESS', 'unix:path=/run/user/1000/bus'), ('COLORTERM', 'truecolor'), ('IM_CONFIG_PHASE', '1'), ('WAYLAND_DISPLAY', 'wayland-0'), ('COLCON_PREFIX_PATH', '/home/serhat/workspaces/ros2_cpp_ws/install:/home/serhat/workspaces/install'), ('ROS_DISTRO', 'humble'), ('LOGNAME', 'serhat'), ('_', '/usr/bin/colcon'), ('ROS_VERSION', '2'), ('XDG_SESSION_CLASS', 'user'), ('USERNAME', 'serhat'), ('TERM', 'xterm-256color'), ('GNOME_DESKTOP_SESSION_ID', 'this-is-deprecated'), ('ROS_LOCALHOST_ONLY', '0'), ('PATH', '/opt/ros/humble/bin:/usr/local/sbin:/usr/local/bin:/usr/sbin:/usr/bin:/sbin:/bin:/usr/games:/usr/local/games:/snap/bin:/snap/bin'), ('SESSION_MANAGER', 'local/serhat-ABRA-A5-V15-2:@/tmp/.ICE-unix/1458,unix/serhat-ABRA-A5-V15-2:/tmp/.ICE-unix/1458'), ('XDG_MENU_PREFIX', 'gnome-'), ('RMW_IMLEMENTATION', 'rmw_cyclonedds_cpp'), ('GNOME_TERMINAL_SCREEN', '/org/gnome/Terminal/screen/7e3473bf_7dbc_4131_9485_5bf80cb0f6e2'), ('GNOME_SETUP_DISPLAY', ':1'), ('XDG_RUNTIME_DIR', '/run/user/1000'), ('DISPLAY', ':0'), ('LANG', 'en_US.UTF-8'), ('XDG_CURRENT_DESKTOP', 'ubuntu:GNOME'), ('XMODIFIERS', '@im=ibus'), ('XDG_SESSION_DESKTOP', 'ubuntu'), ('XAUTHORITY', '/run/user/1000/.mutter-Xwaylandauth.D2S921'), ('LS_COLORS', 'rs=0:di=01;34:ln=01;36:mh=00:pi=40;33:so=01;35:do=01;35:bd=40;33;01:cd=40;33;01:or=40;31;01:mi=00:su=37;41:sg=30;43:ca=30;41:tw=30;42:ow=34;42:st=37;44:ex=01;32:*.tar=01;31:*.tgz=01;31:*.arc=01;31:*.arj=01;31:*.taz=01;31:*.lha=01;31:*.lz4=01;31:*.lzh=01;31:*.lzma=01;31:*.tlz=01;31:*.txz=01;31:*.tzo=01;31:*.t7z=01;31:*.zip=01;31:*.z=01;31:*.dz=01;31:*.gz=01;31:*.lrz=01;31:*.lz=01;31:*.lzo=01;31:*.xz=01;31:*.zst=01;31:*.tzst=01;31:*.bz2=01;31:*.bz=01;31:*.tbz=01;31:*.tbz2=01;31:*.tz=01;31:*.deb=01;31:*.rpm=01;31:*.jar=01;31:*.war=01;31:*.ear=01;31:*.sar=01;31:*.rar=01;31:*.alz=01;31:*.ace=01;31:*.zoo=01;31:*.cpio=01;31:*.7z=01;31:*.rz=01;31:*.cab=01;31:*.wim=01;31:*.swm=01;31:*.dwm=01;31:*.esd=01;31:*.jpg=01;35:*.jpeg=01;35:*.mjpg=01;35:*.mjpeg=01;35:*.gif=01;35:*.bmp=01;35:*.pbm=01;35:*.pgm=01;35:*.ppm=01;35:*.tga=01;35:*.xbm=01;35:*.xpm=01;35:*.tif=01;35:*.tiff=01;35:*.png=01;35:*.svg=01;35:*.svgz=01;35:*.mng=01;35:*.pcx=01;35:*.mov=01;35:*.mpg=01;35:*.mpeg=01;35:*.m2v=01;35:*.mkv=01;35:*.webm=01;35:*.webp=01;35:*.ogm=01;35:*.mp4=01;35:*.m4v=01;35:*.mp4v=01;35:*.vob=01;35:*.qt=01;35:*.nuv=01;35:*.wmv=01;35:*.asf=01;35:*.rm=01;35:*.rmvb=01;35:*.flc=01;35:*.avi=01;35:*.fli=01;35:*.flv=01;35:*.gl=01;35:*.dl=01;35:*.xcf=01;35:*.xwd=01;35:*.yuv=01;35:*.cgm=01;35:*.emf=01;35:*.ogv=01;35:*.ogx=01;35:*.aac=00;36:*.au=00;36:*.flac=00;36:*.m4a=00;36:*.mid=00;36:*.midi=00;36:*.mka=00;36:*.mp3=00;36:*.mpc=00;36:*.ogg=00;36:*.ra=00;36:*.wav=00;36:*.oga=00;36:*.opus=00;36:*.spx=00;36:*.xspf=00;36:'), ('GNOME_TERMINAL_SERVICE', ':1.117'), ('SSH_AGENT_LAUNCHER', 'gnome-keyring'), ('SSH_AUTH_SOCK', '/run/user/1000/keyring/ssh'), ('AMENT_PREFIX_PATH', '/home/serhat/workspaces/install/usb_cam:/home/serhat/workspaces/install/udemy_ros2_pkg:/home/serhat/workspaces/ros2_cpp_ws/install/usb_cam:/home/serhat/workspaces/ros2_cpp_ws/install/udemy_ros2_pkg:/opt/ros/humble'), ('SHELL', '/bin/bash'), ('QT_ACCESSIBILITY', '1'), ('GDMSESSION', 'ubuntu'), ('LESSCLOSE', '/usr/bin/lesspipe %s %s'), ('QT_IM_MODULE', 'ibus'), ('PWD', '/home/serhat/workspaces/ros2_cpp_ws/build/usb_cam'), ('TURTLEBOT3_MODEL', 'waffle'), ('LC_ALL', 'en_US.UTF-8'), ('XDG_CONFIG_DIRS', '/etc/xdg/xdg-ubuntu:/etc/xdg'), ('XDG_DATA_DIRS', '/usr/share/ubuntu:/usr/local/share/:/usr/share/:/var/lib/snapd/desktop'), ('PYTHONPATH', '/home/serhat/workspaces/install/udemy_ros2_pkg/local/lib/python3.10/dist-packages:/home/serhat/workspaces/ros2_cpp_ws/install/udemy_ros2_pkg/local/lib/python3.10/dist-packages:/opt/ros/humble/lib/python3.10/site-packages:/opt/ros/humble/local/lib/python3.10/dist-packages'), ('COLCON', '1'), ('VTE_VERSION', '6800'), ('CMAKE_PREFIX_PATH', '/home/serhat/workspaces/install/usb_cam:/home/serhat/workspaces/install/udemy_ros2_pkg:/home/serhat/workspaces/ros2_cpp_ws/install/usb_cam:/home/serhat/workspaces/ros2_cpp_ws/install/udemy_ros2_pkg:/opt/ros/humble')]), 'shell': False}
[0.233321] (udemy_ros2_pkg) StdoutLine: {'line': b'[ 86%] Built target udemy_ros2_pkg__rosidl_generator_py\n'}
[0.246827] (usb_cam) StdoutLine: {'line': b'-- Install configuration: ""\n'}
[0.247517] (usb_cam) StdoutLine: {'line': b'-- Up-to-date: /home/serhat/workspaces/ros2_cpp_ws/install/usb_cam/share/usb_cam/environment/library_path.sh\n'}
[0.248855] (usb_cam) StdoutLine: {'line': b'-- Up-to-date: /home/serhat/workspaces/ros2_cpp_ws/install/usb_cam/share/usb_cam/environment/library_path.dsv\n'}
[0.248997] (usb_cam) StdoutLine: {'line': b'-- Up-to-date: /home/serhat/workspaces/ros2_cpp_ws/install/usb_cam/lib/usb_cam/usb_cam_node_exe\n'}
[0.249088] (usb_cam) StdoutLine: {'line': b'-- Up-to-date: /home/serhat/workspaces/ros2_cpp_ws/install/usb_cam/lib/usb_cam/show_image.py\n'}
[0.250391] (usb_cam) StdoutLine: {'line': b'-- Up-to-date: /home/serhat/workspaces/ros2_cpp_ws/install/usb_cam/lib/libusb_cam.so\n'}
[0.251739] (usb_cam) StdoutLine: {'line': b'-- Up-to-date: /home/serhat/workspaces/ros2_cpp_ws/install/usb_cam/lib/libusb_cam_node.so\n'}
[0.252025] (usb_cam) StdoutLine: {'line': b'-- Up-to-date: /home/serhat/workspaces/ros2_cpp_ws/install/usb_cam/include\n'}
[0.252986] (usb_cam) StdoutLine: {'line': b'-- Up-to-date: /home/serhat/workspaces/ros2_cpp_ws/install/usb_cam/include/usb_cam\n'}
[0.253145] (usb_cam) StdoutLine: {'line': b'-- Up-to-date: /home/serhat/workspaces/ros2_cpp_ws/install/usb_cam/include/usb_cam/conversions.hpp\n'}
[0.253378] (usb_cam) StdoutLine: {'line': b'-- Up-to-date: /home/serhat/workspaces/ros2_cpp_ws/install/usb_cam/include/usb_cam/usb_cam_node.hpp\n'}
[0.253503] (usb_cam) StdoutLine: {'line': b'-- Up-to-date: /home/serhat/workspaces/ros2_cpp_ws/install/usb_cam/include/usb_cam/utils.hpp\n'}
[0.253645] (usb_cam) StdoutLine: {'line': b'-- Up-to-date: /home/serhat/workspaces/ros2_cpp_ws/install/usb_cam/include/usb_cam/constants.hpp\n'}
[0.253925] (usb_cam) StdoutLine: {'line': b'-- Up-to-date: /home/serhat/workspaces/ros2_cpp_ws/install/usb_cam/include/usb_cam/usb_cam.hpp\n'}
[0.254188] (usb_cam) StdoutLine: {'line': b'-- Up-to-date: /home/serhat/workspaces/ros2_cpp_ws/install/usb_cam/lib/libusb_cam_node.so\n'}
[0.254440] (usb_cam) StdoutLine: {'line': b'-- Up-to-date: /home/serhat/workspaces/ros2_cpp_ws/install/usb_cam/share/usb_cam/launch\n'}
[0.254613] (usb_cam) StdoutLine: {'line': b'-- Up-to-date: /home/serhat/workspaces/ros2_cpp_ws/install/usb_cam/share/usb_cam/launch/demo_launch.py\n'}
[0.254967] (usb_cam) StdoutLine: {'line': b'-- Up-to-date: /home/serhat/workspaces/ros2_cpp_ws/install/usb_cam/share/usb_cam/config\n'}
[0.256103] (usb_cam) StdoutLine: {'line': b'-- Up-to-date: /home/serhat/workspaces/ros2_cpp_ws/install/usb_cam/share/usb_cam/config/camera_info.yaml\n'}
[0.256524] (usb_cam) StdoutLine: {'line': b'-- Up-to-date: /home/serhat/workspaces/ros2_cpp_ws/install/usb_cam/share/usb_cam/config/params.yaml\n'}
[0.256696] (usb_cam) StdoutLine: {'line': b'-- Up-to-date: /home/serhat/workspaces/ros2_cpp_ws/install/usb_cam/share/ament_index/resource_index/package_run_dependencies/usb_cam\n'}
[0.256836] (usb_cam) StdoutLine: {'line': b'-- Up-to-date: /home/serhat/workspaces/ros2_cpp_ws/install/usb_cam/share/ament_index/resource_index/parent_prefix_path/usb_cam\n'}
[0.257110] (usb_cam) StdoutLine: {'line': b'-- Up-to-date: /home/serhat/workspaces/ros2_cpp_ws/install/usb_cam/share/usb_cam/environment/ament_prefix_path.sh\n'}
[0.257394] (usb_cam) StdoutLine: {'line': b'-- Up-to-date: /home/serhat/workspaces/ros2_cpp_ws/install/usb_cam/share/usb_cam/environment/ament_prefix_path.dsv\n'}
[0.257559] (usb_cam) StdoutLine: {'line': b'-- Up-to-date: /home/serhat/workspaces/ros2_cpp_ws/install/usb_cam/share/usb_cam/environment/path.sh\n'}
[0.257870] (usb_cam) StdoutLine: {'line': b'-- Up-to-date: /home/serhat/workspaces/ros2_cpp_ws/install/usb_cam/share/usb_cam/environment/path.dsv\n'}
[0.258036] (usb_cam) StdoutLine: {'line': b'-- Up-to-date: /home/serhat/workspaces/ros2_cpp_ws/install/usb_cam/share/usb_cam/local_setup.bash\n'}
[0.258245] (usb_cam) StdoutLine: {'line': b'-- Up-to-date: /home/serhat/workspaces/ros2_cpp_ws/install/usb_cam/share/usb_cam/local_setup.sh\n'}
[0.258398] (usb_cam) StdoutLine: {'line': b'-- Up-to-date: /home/serhat/workspaces/ros2_cpp_ws/install/usb_cam/share/usb_cam/local_setup.zsh\n'}
[0.258557] (usb_cam) StdoutLine: {'line': b'-- Up-to-date: /home/serhat/workspaces/ros2_cpp_ws/install/usb_cam/share/usb_cam/local_setup.dsv\n'}
[0.259406] (usb_cam) StdoutLine: {'line': b'-- Installing: /home/serhat/workspaces/ros2_cpp_ws/install/usb_cam/share/usb_cam/package.dsv\n'}
[0.260421] (usb_cam) StdoutLine: {'line': b'-- Up-to-date: /home/serhat/workspaces/ros2_cpp_ws/install/usb_cam/share/ament_index/resource_index/packages/usb_cam\n'}
[0.260826] (usb_cam) StdoutLine: {'line': b'-- Up-to-date: /home/serhat/workspaces/ros2_cpp_ws/install/usb_cam/share/ament_index/resource_index/rclcpp_components/usb_cam\n'}
[0.261453] (usb_cam) StdoutLine: {'line': b'-- Up-to-date: /home/serhat/workspaces/ros2_cpp_ws/install/usb_cam/share/usb_cam/cmake/ament_cmake_export_libraries-extras.cmake\n'}
[0.261711] (usb_cam) StdoutLine: {'line': b'-- Up-to-date: /home/serhat/workspaces/ros2_cpp_ws/install/usb_cam/share/usb_cam/cmake/ament_cmake_export_dependencies-extras.cmake\n'}
[0.261909] (usb_cam) StdoutLine: {'line': b'-- Up-to-date: /home/serhat/workspaces/ros2_cpp_ws/install/usb_cam/share/usb_cam/cmake/ament_cmake_export_include_directories-extras.cmake\n'}
[0.262044] (usb_cam) StdoutLine: {'line': b'-- Up-to-date: /home/serhat/workspaces/ros2_cpp_ws/install/usb_cam/share/usb_cam/cmake/usb_camConfig.cmake\n'}
[0.262474] (usb_cam) StdoutLine: {'line': b'-- Up-to-date: /home/serhat/workspaces/ros2_cpp_ws/install/usb_cam/share/usb_cam/cmake/usb_camConfig-version.cmake\n'}
[0.262634] (usb_cam) StdoutLine: {'line': b'-- Up-to-date: /home/serhat/workspaces/ros2_cpp_ws/install/usb_cam/share/usb_cam/package.xml\n'}
[0.262744] (usb_cam) CommandEnded: {'returncode': 0}
[0.267071] (udemy_ros2_pkg) StdoutLine: {'line': b'[ 89%] Built target udemy_ros2_pkg__rosidl_typesupport_c__pyext\n'}
[0.268236] (udemy_ros2_pkg) StdoutLine: {'line': b'[ 92%] Built target udemy_ros2_pkg__rosidl_typesupport_fastrtps_c__pyext\n'}
[0.268729] (udemy_ros2_pkg) StdoutLine: {'line': b'[ 95%] Built target udemy_ros2_pkg__rosidl_typesupport_introspection_c__pyext\n'}
[0.299626] (-) TimerEvent: {}
[0.353061] (usb_cam) JobEnded: {'identifier': 'usb_cam', 'rc': 0}
[0.399673] (-) TimerEvent: {}
[0.447889] (udemy_ros2_pkg) StdoutLine: {'line': b'running egg_info\n'}
[0.448544] (udemy_ros2_pkg) StdoutLine: {'line': b'writing udemy_ros2_pkg.egg-info/PKG-INFO\n'}
[0.448760] (udemy_ros2_pkg) StdoutLine: {'line': b'writing dependency_links to udemy_ros2_pkg.egg-info/dependency_links.txt\n'}
[0.448914] (udemy_ros2_pkg) StdoutLine: {'line': b'writing top-level names to udemy_ros2_pkg.egg-info/top_level.txt\n'}
[0.451334] (udemy_ros2_pkg) StdoutLine: {'line': b"reading manifest file 'udemy_ros2_pkg.egg-info/SOURCES.txt'\n"}
[0.451926] (udemy_ros2_pkg) StdoutLine: {'line': b"writing manifest file 'udemy_ros2_pkg.egg-info/SOURCES.txt'\n"}
[0.477277] (udemy_ros2_pkg) StdoutLine: {'line': b'[ 95%] Built target ament_cmake_python_build_udemy_ros2_pkg_egg\n'}
[0.499762] (-) TimerEvent: {}
[0.600006] (-) TimerEvent: {}
[0.700226] (-) TimerEvent: {}
[0.800574] (-) TimerEvent: {}
[0.900918] (-) TimerEvent: {}
[1.001226] (-) TimerEvent: {}
[1.058759] (udemy_ros2_pkg) StderrLine: {'line': b"/usr/bin/ld: /usr/lib/gcc/x86_64-linux-gnu/11/../../../x86_64-linux-gnu/Scrt1.o: in function `_start':\n"}
[1.059005] (udemy_ros2_pkg) StderrLine: {'line': b"(.text+0x1b): undefined reference to `main'\n"}
[1.062852] (udemy_ros2_pkg) StderrLine: {'line': b'collect2: error: ld returned 1 exit status\n'}
[1.064865] (udemy_ros2_pkg) StderrLine: {'line': b'gmake[2]: *** [CMakeFiles/turn_camera_client.dir/build.make:233: turn_camera_client] Error 1\n'}
[1.065174] (udemy_ros2_pkg) StderrLine: {'line': b'gmake[1]: *** [CMakeFiles/Makefile2:796: CMakeFiles/turn_camera_client.dir/all] Error 2\n'}
[1.065325] (udemy_ros2_pkg) StderrLine: {'line': b'gmake[1]: *** Waiting for unfinished jobs....\n'}
[1.101339] (-) TimerEvent: {}
[1.152302] (udemy_ros2_pkg) StderrLine: {'line': b"/usr/bin/ld: /usr/lib/gcc/x86_64-linux-gnu/11/../../../x86_64-linux-gnu/Scrt1.o: in function `_start':\n"}
[1.152542] (udemy_ros2_pkg) StderrLine: {'line': b"(.text+0x1b): undefined reference to `main'\n"}
[1.155800] (udemy_ros2_pkg) StderrLine: {'line': b'collect2: error: ld returned 1 exit status\n'}
[1.157842] (udemy_ros2_pkg) StderrLine: {'line': b'gmake[2]: *** [CMakeFiles/turn_camera_service.dir/build.make:233: turn_camera_service] Error 1\n'}
[1.158152] (udemy_ros2_pkg) StderrLine: {'line': b'gmake[1]: *** [CMakeFiles/Makefile2:769: CMakeFiles/turn_camera_service.dir/all] Error 2\n'}
[1.201387] (-) TimerEvent: {}
[1.301655] (-) TimerEvent: {}
[1.401937] (-) TimerEvent: {}
[1.502204] (-) TimerEvent: {}
[1.602514] (-) TimerEvent: {}
[1.702888] (-) TimerEvent: {}
[1.803180] (-) TimerEvent: {}
[1.903449] (-) TimerEvent: {}
[2.003755] (-) TimerEvent: {}
[2.104021] (-) TimerEvent: {}
[2.204349] (-) TimerEvent: {}
[2.304643] (-) TimerEvent: {}
[2.404934] (-) TimerEvent: {}
[2.505190] (-) TimerEvent: {}
[2.605487] (-) TimerEvent: {}
[2.693604] (udemy_ros2_pkg) StderrLine: {'line': b'\x1b[01m\x1b[K/home/serhat/workspaces/ros2_cpp_ws/src/udemy_ros2_pkg/src/action_client.cpp:\x1b[m\x1b[K In member function \xe2\x80\x98\x1b[01m\x1b[Kvoid NavigateActionClientNode::result_callback(const rclcpp_action::ClientGoalHandle<udemy_ros2_pkg::action::Navigate>::WrappedResult&)\x1b[m\x1b[K\xe2\x80\x99:\n'}
[2.693750] (udemy_ros2_pkg) StderrLine: {'line': b'\x1b[01m\x1b[K/home/serhat/workspaces/ros2_cpp_ws/src/udemy_ros2_pkg/src/action_client.cpp:99:57:\x1b[m\x1b[K \x1b[01;31m\x1b[Kerror: \x1b[m\x1b[K\xe2\x80\x98\x1b[01m\x1b[Kusing element_type = struct udemy_ros2_pkg::action::Navigate_Result_<std::allocator<void> >\x1b[m\x1b[K\xe2\x80\x99 {aka \xe2\x80\x98\x1b[01m\x1b[Kstruct udemy_ros2_pkg::action::Navigate_Result_<std::allocator<void> >\x1b[m\x1b[K\xe2\x80\x99} has no member named \xe2\x80\x98\x1b[01m\x1b[Kelpased_time\x1b[m\x1b[K\xe2\x80\x99; did you mean \xe2\x80\x98\x1b[01m\x1b[Kelapsed_time\x1b[m\x1b[K\xe2\x80\x99?\n'}
[2.693816] (udemy_ros2_pkg) StderrLine: {'line': b'   99 |         std::cout << "Time elapsed: " << result.result->\x1b[01;31m\x1b[Kelpased_time\x1b[m\x1b[K << std::endl;\n'}
[2.693880] (udemy_ros2_pkg) StderrLine: {'line': b'      |                                                         \x1b[01;31m\x1b[K^~~~~~~~~~~~\x1b[m\x1b[K\n'}
[2.693936] (udemy_ros2_pkg) StderrLine: {'line': b'      |                                                         \x1b[32m\x1b[Kelapsed_time\x1b[m\x1b[K\n'}
[2.705616] (-) TimerEvent: {}
[2.805903] (-) TimerEvent: {}
[2.859549] (udemy_ros2_pkg) StderrLine: {'line': b'\x1b[01m\x1b[K/home/serhat/workspaces/ros2_cpp_ws/src/udemy_ros2_pkg/src/action_server.cpp:\x1b[m\x1b[K In member function \xe2\x80\x98\x1b[01m\x1b[Kvoid NavigateActionServerNode::execute(std::shared_ptr<rclcpp_action::ServerGoalHandle<udemy_ros2_pkg::action::Navigate> >)\x1b[m\x1b[K\xe2\x80\x99:\n'}
[2.859707] (udemy_ros2_pkg) StderrLine: {'line': b'\x1b[01m\x1b[K/home/serhat/workspaces/ros2_cpp_ws/src/udemy_ros2_pkg/src/action_server.cpp:80:21:\x1b[m\x1b[K \x1b[01;31m\x1b[Kerror: \x1b[m\x1b[K\xe2\x80\x98\x1b[01m\x1b[Kusing element_type = struct udemy_ros2_pkg::action::Navigate_Result_<std::allocator<void> >\x1b[m\x1b[K\xe2\x80\x99 {aka \xe2\x80\x98\x1b[01m\x1b[Kstruct udemy_ros2_pkg::action::Navigate_Result_<std::allocator<void> >\x1b[m\x1b[K\xe2\x80\x99} has no member named \xe2\x80\x98\x1b[01m\x1b[Kelpased_time\x1b[m\x1b[K\xe2\x80\x99; did you mean \xe2\x80\x98\x1b[01m\x1b[Kelapsed_time\x1b[m\x1b[K\xe2\x80\x99?\n'}
[2.859774] (udemy_ros2_pkg) StderrLine: {'line': b'   80 |             result->\x1b[01;31m\x1b[Kelpased_time\x1b[m\x1b[K = (rclcpp::Clock().now() - start_time).seconds();\n'}
[2.859831] (udemy_ros2_pkg) StderrLine: {'line': b'      |                     \x1b[01;31m\x1b[K^~~~~~~~~~~~\x1b[m\x1b[K\n'}
[2.859927] (udemy_ros2_pkg) StderrLine: {'line': b'      |                     \x1b[32m\x1b[Kelapsed_time\x1b[m\x1b[K\n'}
[2.906029] (-) TimerEvent: {}
[3.006344] (-) TimerEvent: {}
[3.106658] (-) TimerEvent: {}
[3.206944] (-) TimerEvent: {}
[3.300721] (udemy_ros2_pkg) StderrLine: {'line': b'gmake[2]: *** [CMakeFiles/action_client.dir/build.make:76: CMakeFiles/action_client.dir/src/action_client.cpp.o] Error 1\n'}
[3.300965] (udemy_ros2_pkg) StderrLine: {'line': b'gmake[1]: *** [CMakeFiles/Makefile2:850: CMakeFiles/action_client.dir/all] Error 2\n'}
[3.307060] (-) TimerEvent: {}
[3.407308] (-) TimerEvent: {}
[3.507589] (-) TimerEvent: {}
[3.607912] (-) TimerEvent: {}
[3.708193] (-) TimerEvent: {}
[3.808469] (-) TimerEvent: {}
[3.908784] (-) TimerEvent: {}
[4.009108] (-) TimerEvent: {}
[4.109394] (-) TimerEvent: {}
[4.209705] (-) TimerEvent: {}
[4.309939] (-) TimerEvent: {}
[4.410212] (-) TimerEvent: {}
[4.510517] (-) TimerEvent: {}
[4.610880] (-) TimerEvent: {}
[4.711207] (-) TimerEvent: {}
[4.811505] (-) TimerEvent: {}
[4.911811] (-) TimerEvent: {}
[4.980411] (udemy_ros2_pkg) StderrLine: {'line': b'gmake[2]: *** [CMakeFiles/action_server.dir/build.make:76: CMakeFiles/action_server.dir/src/action_server.cpp.o] Error 1\n'}
[4.980741] (udemy_ros2_pkg) StderrLine: {'line': b'gmake[1]: *** [CMakeFiles/Makefile2:823: CMakeFiles/action_server.dir/all] Error 2\n'}
[5.011964] (-) TimerEvent: {}
[5.112275] (-) TimerEvent: {}
[5.212590] (-) TimerEvent: {}
[5.312841] (-) TimerEvent: {}
[5.413138] (-) TimerEvent: {}
[5.513373] (-) TimerEvent: {}
[5.613700] (-) TimerEvent: {}
[5.713996] (-) TimerEvent: {}
[5.814345] (-) TimerEvent: {}
[5.914642] (-) TimerEvent: {}
[6.015004] (-) TimerEvent: {}
[6.115298] (-) TimerEvent: {}
[6.215575] (-) TimerEvent: {}
[6.315891] (-) TimerEvent: {}
[6.416194] (-) TimerEvent: {}
[6.516470] (-) TimerEvent: {}
[6.616785] (-) TimerEvent: {}
[6.717052] (-) TimerEvent: {}
[6.817366] (-) TimerEvent: {}
[6.917664] (-) TimerEvent: {}
[7.017901] (-) TimerEvent: {}
[7.118259] (-) TimerEvent: {}
[7.218594] (-) TimerEvent: {}
[7.316855] (udemy_ros2_pkg) StdoutLine: {'line': b'[ 97%] \x1b[32m\x1b[1mLinking CXX executable subscriber\x1b[0m\n'}
[7.318694] (-) TimerEvent: {}
[7.418948] (-) TimerEvent: {}
[7.519277] (-) TimerEvent: {}
[7.619559] (-) TimerEvent: {}
[7.620097] (udemy_ros2_pkg) StdoutLine: {'line': b'[ 97%] Built target subscriber\n'}
[7.621225] (udemy_ros2_pkg) StderrLine: {'line': b'gmake: *** [Makefile:146: all] Error 2\n'}
[7.622906] (udemy_ros2_pkg) CommandEnded: {'returncode': 2}
[7.719673] (-) TimerEvent: {}
[7.762519] (udemy_ros2_pkg) JobEnded: {'identifier': 'udemy_ros2_pkg', 'rc': 2}
[7.773087] (-) EventReactorShutdown: {}
