[0.019s] Invoking command in '/home/serhat/workspaces/build/udemy_ros2_pkg': CMAKE_PREFIX_PATH=${CMAKE_PREFIX_PATH}:/opt/ros/humble /usr/bin/cmake --build /home/serhat/workspaces/build/udemy_ros2_pkg -- -j12 -l12
[0.055s] -- Found ament_cmake: 1.3.3 (/opt/ros/humble/share/ament_cmake/cmake)
[0.193s] -- Override CMake install command with custom implementation using symlinks instead of copying resources
[0.200s] -- Found rclcpp: 16.0.3 (/opt/ros/humble/share/rclcpp/cmake)
[0.237s] -- Found rosidl_generator_c: 3.1.4 (/opt/ros/humble/share/rosidl_generator_c/cmake)
[0.239s] -- Found rosidl_adapter: 3.1.4 (/opt/ros/humble/share/rosidl_adapter/cmake)
[0.245s] -- Found rosidl_generator_cpp: 3.1.4 (/opt/ros/humble/share/rosidl_generator_cpp/cmake)
[0.255s] -- Using all available rosidl_typesupport_c: rosidl_typesupport_fastrtps_c;rosidl_typesupport_introspection_c
[0.269s] -- Using all available rosidl_typesupport_cpp: rosidl_typesupport_fastrtps_cpp;rosidl_typesupport_introspection_cpp
[0.331s] -- Found rmw_implementation_cmake: 6.1.1 (/opt/ros/humble/share/rmw_implementation_cmake/cmake)
[0.332s] -- Found rmw_fastrtps_cpp: 6.2.2 (/opt/ros/humble/share/rmw_fastrtps_cpp/cmake)
[0.456s] -- Using RMW implementation 'rmw_fastrtps_cpp' as default
[0.629s] -- Found rosidl_default_generators: 1.2.0 (/opt/ros/humble/share/rosidl_default_generators/cmake)
[0.635s] -- Found sensor_msgs: 4.2.3 (/opt/ros/humble/share/sensor_msgs/cmake)
[0.769s] -- Found cv_bridge: 3.2.1 (/opt/ros/humble/share/cv_bridge/cmake)
[0.775s] -- Found action_msgs: 1.2.1 (/opt/ros/humble/share/action_msgs/cmake)
[0.837s] -- Found rclcpp_action: 16.0.3 (/opt/ros/humble/share/rclcpp_action/cmake)
[1.168s] -- Found ament_cmake_cppcheck: 0.12.5 (/opt/ros/humble/share/ament_cmake_cppcheck/cmake)
[1.168s] -- Found ament_cmake_cpplint: 0.12.5 (/opt/ros/humble/share/ament_cmake_cpplint/cmake)
[1.169s] -- Found ament_cmake_uncrustify: 0.12.5 (/opt/ros/humble/share/ament_cmake_uncrustify/cmake)
[1.170s] -- Found ament_cmake_ros: 0.10.0 (/opt/ros/humble/share/ament_cmake_ros/cmake)
[1.634s] -- Using all available rosidl_typesupport_c: rosidl_typesupport_fastrtps_c;rosidl_typesupport_introspection_c
[1.814s] -- Using all available rosidl_typesupport_cpp: rosidl_typesupport_fastrtps_cpp;rosidl_typesupport_introspection_cpp
[1.843s] -- Found python_cmake_module: 0.10.0 (/opt/ros/humble/share/python_cmake_module/cmake)
[1.864s] -- Using PYTHON_EXECUTABLE: /usr/bin/python3
[1.864s] -- Using PYTHON_INCLUDE_DIRS: /usr/include/python3.10
[1.864s] -- Using PYTHON_LIBRARIES: /usr/lib/x86_64-linux-gnu/libpython3.10.so
[1.922s] -- Found ament_cmake_flake8: 0.12.5 (/opt/ros/humble/share/ament_cmake_flake8/cmake)
[1.924s] -- Found ament_cmake_pep257: 0.12.5 (/opt/ros/humble/share/ament_cmake_pep257/cmake)
[1.941s] -- Found ament_lint_auto: 0.12.5 (/opt/ros/humble/share/ament_lint_auto/cmake)
[1.950s] -- Added test 'cppcheck' to perform static code analysis on C / C++ code
[1.950s] -- Configured cppcheck include dirs: 
[1.950s] -- Configured cppcheck exclude dirs and/or files: 
[1.952s] -- Added test 'cpplint' to check C / C++ code against the Google style
[1.952s] -- Configured cpplint exclude dirs and/or files: 
[1.954s] -- Added test 'uncrustify' to check C / C++ code style
[1.954s] -- Configured uncrustify additional arguments: 
[1.955s] -- Added test 'flake8' to check Python code syntax and style conventions
[1.955s] -- Added test 'pep257' to check Python code against some of the docstring style conventions in PEP 257
[1.956s] -- Added test 'lint_cmake' to check CMake code style
[1.956s] -- Added test 'xmllint' to check XML markup files
[1.959s] -- Configuring done
[2.042s] -- Generating done
[2.047s] -- Build files have been written to: /home/serhat/workspaces/build/udemy_ros2_pkg
[2.076s] [35m[1mConsolidate compiler generated dependencies of target udemy_ros2_pkg__rosidl_generator_c[0m
[2.079s] [35m[1mConsolidate compiler generated dependencies of target publisher[0m
[2.079s] [35m[1mConsolidate compiler generated dependencies of target subscriber[0m
[2.080s] [35m[1mConsolidate compiler generated dependencies of target rpm_pub[0m
[2.081s] [35m[1mConsolidate compiler generated dependencies of target speed_calc[0m
[2.087s] [  1%] Built target udemy_ros2_pkg__cpp
[2.091s] [  9%] Built target udemy_ros2_pkg__rosidl_generator_c
[2.104s] [  9%] Built target ament_cmake_python_symlink_udemy_ros2_pkg
[2.105s] [35m[1mConsolidate compiler generated dependencies of target udemy_ros2_pkg__rosidl_typesupport_introspection_cpp[0m
[2.105s] [35m[1mConsolidate compiler generated dependencies of target udemy_ros2_pkg__rosidl_typesupport_cpp[0m
[2.105s] [35m[1mConsolidate compiler generated dependencies of target udemy_ros2_pkg__rosidl_typesupport_fastrtps_cpp[0m
[2.107s] [35m[1mConsolidate compiler generated dependencies of target udemy_ros2_pkg__rosidl_typesupport_c[0m
[2.109s] [35m[1mConsolidate compiler generated dependencies of target udemy_ros2_pkg__rosidl_typesupport_fastrtps_c[0m
[2.111s] [35m[1mConsolidate compiler generated dependencies of target udemy_ros2_pkg__rosidl_typesupport_introspection_c[0m
[2.111s] [ 12%] Built target subscriber
[2.113s] [ 15%] Built target publisher
[2.119s] [ 18%] Built target rpm_pub
[2.125s] [ 21%] Built target speed_calc
[2.134s] [ 29%] Built target udemy_ros2_pkg__rosidl_typesupport_c
[2.135s] [ 36%] Built target udemy_ros2_pkg__rosidl_typesupport_introspection_cpp
[2.135s] [ 44%] Built target udemy_ros2_pkg__rosidl_typesupport_cpp
[2.136s] [ 52%] Built target udemy_ros2_pkg__rosidl_typesupport_fastrtps_cpp
[2.143s] [ 60%] Built target udemy_ros2_pkg__rosidl_typesupport_introspection_c
[2.145s] [ 67%] Built target udemy_ros2_pkg__rosidl_typesupport_fastrtps_c
[2.151s] [35m[1mConsolidate compiler generated dependencies of target service_server[0m
[2.155s] [35m[1mConsolidate compiler generated dependencies of target turn_camera_client[0m
[2.156s] [35m[1mConsolidate compiler generated dependencies of target turn_camera_service[0m
[2.157s] [35m[1mConsolidate compiler generated dependencies of target service_client[0m
[2.167s] [ 69%] [32mBuilding CXX object CMakeFiles/action_server.dir/src/action_server.cpp.o[0m
[2.172s] [ 69%] Built target udemy_ros2_pkg
[2.176s] [ 72%] Built target service_server
[2.181s] [ 75%] Built target turn_camera_client
[2.182s] [ 81%] Built target turn_camera_service
[2.182s] [ 80%] Built target service_client
[2.193s] [ 83%] Built target udemy_ros2_pkg__py
[2.202s] [35m[1mConsolidate compiler generated dependencies of target udemy_ros2_pkg__rosidl_generator_py[0m
[2.202s] [01m[K/home/serhat/workspaces/ros2_cpp_ws/src/udemy_ros2_pkg/src/action_server.cpp:1:10:[m[K [01;31m[Kfatal error: [m[Krclcpp/rclcpp/hpp: No such file or directory
[2.202s]     1 | #include [01;31m[K"rclcpp/rclcpp/hpp"[m[K
[2.202s]       |          [01;31m[K^~~~~~~~~~~~~~~~~~~[m[K
[2.202s] compilation terminated.
[2.203s] gmake[2]: *** [CMakeFiles/action_server.dir/build.make:76: CMakeFiles/action_server.dir/src/action_server.cpp.o] Error 1
[2.203s] gmake[1]: *** [CMakeFiles/Makefile2:821: CMakeFiles/action_server.dir/all] Error 2
[2.204s] gmake[1]: *** Waiting for unfinished jobs....
[2.223s] [ 89%] Built target udemy_ros2_pkg__rosidl_generator_py
[2.417s] running egg_info
[2.418s] writing udemy_ros2_pkg.egg-info/PKG-INFO
[2.418s] writing dependency_links to udemy_ros2_pkg.egg-info/dependency_links.txt
[2.418s] writing top-level names to udemy_ros2_pkg.egg-info/top_level.txt
[2.422s] reading manifest file 'udemy_ros2_pkg.egg-info/SOURCES.txt'
[2.423s] writing manifest file 'udemy_ros2_pkg.egg-info/SOURCES.txt'
[2.446s] [ 89%] Built target ament_cmake_python_build_udemy_ros2_pkg_egg
[2.447s] gmake: *** [Makefile:146: all] Error 2
[2.450s] Invoked command in '/home/serhat/workspaces/build/udemy_ros2_pkg' returned '2': CMAKE_PREFIX_PATH=${CMAKE_PREFIX_PATH}:/opt/ros/humble /usr/bin/cmake --build /home/serhat/workspaces/build/udemy_ros2_pkg -- -j12 -l12
