[0.012s] Invoking command in '/home/serhat/workspaces/build/udemy_ros2_pkg': CMAKE_PREFIX_PATH=${CMAKE_PREFIX_PATH}:/opt/ros/humble /usr/bin/cmake --build /home/serhat/workspaces/build/udemy_ros2_pkg -- -j12 -l12
[0.047s] -- Found ament_cmake: 1.3.3 (/opt/ros/humble/share/ament_cmake/cmake)
[0.180s] -- Override CMake install command with custom implementation using symlinks instead of copying resources
[0.190s] -- Found rclcpp: 16.0.3 (/opt/ros/humble/share/rclcpp/cmake)
[0.239s] -- Found rosidl_generator_c: 3.1.4 (/opt/ros/humble/share/rosidl_generator_c/cmake)
[0.243s] -- Found rosidl_adapter: 3.1.4 (/opt/ros/humble/share/rosidl_adapter/cmake)
[0.253s] -- Found rosidl_generator_cpp: 3.1.4 (/opt/ros/humble/share/rosidl_generator_cpp/cmake)
[0.270s] -- Using all available rosidl_typesupport_c: rosidl_typesupport_fastrtps_c;rosidl_typesupport_introspection_c
[0.284s] -- Using all available rosidl_typesupport_cpp: rosidl_typesupport_fastrtps_cpp;rosidl_typesupport_introspection_cpp
[0.355s] -- Found rmw_implementation_cmake: 6.1.1 (/opt/ros/humble/share/rmw_implementation_cmake/cmake)
[0.357s] -- Found rmw_fastrtps_cpp: 6.2.2 (/opt/ros/humble/share/rmw_fastrtps_cpp/cmake)
[0.489s] -- Using RMW implementation 'rmw_fastrtps_cpp' as default
[0.649s] -- Found rosidl_default_generators: 1.2.0 (/opt/ros/humble/share/rosidl_default_generators/cmake)
[0.656s] -- Found sensor_msgs: 4.2.3 (/opt/ros/humble/share/sensor_msgs/cmake)
[0.788s] -- Found cv_bridge: 3.2.1 (/opt/ros/humble/share/cv_bridge/cmake)
[0.794s] -- Found action_msgs: 1.2.1 (/opt/ros/humble/share/action_msgs/cmake)
[0.857s] -- Found rclcpp_action: 16.0.3 (/opt/ros/humble/share/rclcpp_action/cmake)
[1.189s] -- Found ament_cmake_cppcheck: 0.12.5 (/opt/ros/humble/share/ament_cmake_cppcheck/cmake)
[1.190s] -- Found ament_cmake_cpplint: 0.12.5 (/opt/ros/humble/share/ament_cmake_cpplint/cmake)
[1.190s] -- Found ament_cmake_uncrustify: 0.12.5 (/opt/ros/humble/share/ament_cmake_uncrustify/cmake)
[1.191s] -- Found ament_cmake_ros: 0.10.0 (/opt/ros/humble/share/ament_cmake_ros/cmake)
[1.651s] -- Using all available rosidl_typesupport_c: rosidl_typesupport_fastrtps_c;rosidl_typesupport_introspection_c
[1.822s] -- Using all available rosidl_typesupport_cpp: rosidl_typesupport_fastrtps_cpp;rosidl_typesupport_introspection_cpp
[1.848s] -- Found python_cmake_module: 0.10.0 (/opt/ros/humble/share/python_cmake_module/cmake)
[1.867s] -- Using PYTHON_EXECUTABLE: /usr/bin/python3
[1.867s] -- Using PYTHON_INCLUDE_DIRS: /usr/include/python3.10
[1.867s] -- Using PYTHON_LIBRARIES: /usr/lib/x86_64-linux-gnu/libpython3.10.so
[1.925s] -- Found ament_cmake_flake8: 0.12.5 (/opt/ros/humble/share/ament_cmake_flake8/cmake)
[1.925s] -- Found ament_cmake_pep257: 0.12.5 (/opt/ros/humble/share/ament_cmake_pep257/cmake)
[1.939s] -- Found ament_lint_auto: 0.12.5 (/opt/ros/humble/share/ament_lint_auto/cmake)
[1.947s] -- Added test 'cppcheck' to perform static code analysis on C / C++ code
[1.948s] -- Configured cppcheck include dirs: 
[1.948s] -- Configured cppcheck exclude dirs and/or files: 
[1.950s] -- Added test 'cpplint' to check C / C++ code against the Google style
[1.950s] -- Configured cpplint exclude dirs and/or files: 
[1.952s] -- Added test 'uncrustify' to check C / C++ code style
[1.952s] -- Configured uncrustify additional arguments: 
[1.952s] -- Added test 'flake8' to check Python code syntax and style conventions
[1.952s] -- Added test 'pep257' to check Python code against some of the docstring style conventions in PEP 257
[1.953s] -- Added test 'lint_cmake' to check CMake code style
[1.954s] -- Added test 'xmllint' to check XML markup files
[1.956s] -- Configuring done
[2.035s] -- Generating done
[2.039s] -- Build files have been written to: /home/serhat/workspaces/build/udemy_ros2_pkg
[2.069s] [35m[1mConsolidate compiler generated dependencies of target publisher[0m
[2.069s] [35m[1mConsolidate compiler generated dependencies of target udemy_ros2_pkg__rosidl_generator_c[0m
[2.070s] [35m[1mConsolidate compiler generated dependencies of target subscriber[0m
[2.073s] [35m[1mConsolidate compiler generated dependencies of target rpm_pub[0m
[2.073s] [35m[1mConsolidate compiler generated dependencies of target speed_calc[0m
[2.081s] [  1%] Built target udemy_ros2_pkg__cpp
[2.086s] [  9%] Built target udemy_ros2_pkg__rosidl_generator_c
[2.094s] [  9%] Built target ament_cmake_python_symlink_udemy_ros2_pkg
[2.094s] [ 12%] Built target publisher
[2.096s] [ 15%] Built target subscriber
[2.098s] [35m[1mConsolidate compiler generated dependencies of target udemy_ros2_pkg__rosidl_typesupport_cpp[0m
[2.099s] [35m[1mConsolidate compiler generated dependencies of target udemy_ros2_pkg__rosidl_typesupport_introspection_cpp[0m
[2.099s] [35m[1mConsolidate compiler generated dependencies of target udemy_ros2_pkg__rosidl_typesupport_fastrtps_cpp[0m
[2.105s] [ 18%] Built target rpm_pub
[2.105s] [35m[1mConsolidate compiler generated dependencies of target udemy_ros2_pkg__rosidl_typesupport_introspection_c[0m
[2.107s] [35m[1mConsolidate compiler generated dependencies of target udemy_ros2_pkg__rosidl_typesupport_fastrtps_c[0m
[2.107s] [ 21%] Built target speed_calc
[2.114s] [35m[1mConsolidate compiler generated dependencies of target udemy_ros2_pkg__rosidl_typesupport_c[0m
[2.128s] [ 43%] Built target udemy_ros2_pkg__rosidl_typesupport_cpp
[2.128s] [ 43%] Built target udemy_ros2_pkg__rosidl_typesupport_introspection_c
[2.128s] [ 44%] Built target udemy_ros2_pkg__rosidl_typesupport_introspection_cpp
[2.131s] [ 52%] Built target udemy_ros2_pkg__rosidl_typesupport_fastrtps_cpp
[2.131s] [ 60%] Built target udemy_ros2_pkg__rosidl_typesupport_c
[2.142s] [ 67%] Built target udemy_ros2_pkg__rosidl_typesupport_fastrtps_c
[2.143s] [35m[1mConsolidate compiler generated dependencies of target service_client[0m
[2.143s] [35m[1mConsolidate compiler generated dependencies of target service_server[0m
[2.145s] [35m[1mConsolidate compiler generated dependencies of target turn_camera_client[0m
[2.145s] [35m[1mConsolidate compiler generated dependencies of target turn_camera_service[0m
[2.166s] [ 69%] [32mBuilding CXX object CMakeFiles/action_server.dir/src/action_server.cpp.o[0m
[2.171s] [ 72%] Built target service_client
[2.173s] [ 72%] Built target udemy_ros2_pkg
[2.173s] [ 75%] Built target service_server
[2.174s] [ 78%] Built target turn_camera_service
[2.176s] [ 81%] Built target turn_camera_client
[2.192s] [ 83%] Built target udemy_ros2_pkg__py
[2.201s] [35m[1mConsolidate compiler generated dependencies of target udemy_ros2_pkg__rosidl_generator_py[0m
[2.217s] [ 89%] Built target udemy_ros2_pkg__rosidl_generator_py
[2.233s] [35m[1mConsolidate compiler generated dependencies of target udemy_ros2_pkg__rosidl_typesupport_c__pyext[0m
[2.233s] [35m[1mConsolidate compiler generated dependencies of target udemy_ros2_pkg__rosidl_typesupport_introspection_c__pyext[0m
[2.233s] [35m[1mConsolidate compiler generated dependencies of target udemy_ros2_pkg__rosidl_typesupport_fastrtps_c__pyext[0m
[2.248s] [ 95%] Built target udemy_ros2_pkg__rosidl_typesupport_c__pyext
[2.248s] [ 96%] Built target udemy_ros2_pkg__rosidl_typesupport_introspection_c__pyext
[2.248s] [ 98%] Built target udemy_ros2_pkg__rosidl_typesupport_fastrtps_c__pyext
[2.450s] running egg_info
[2.451s] writing udemy_ros2_pkg.egg-info/PKG-INFO
[2.451s] writing dependency_links to udemy_ros2_pkg.egg-info/dependency_links.txt
[2.451s] writing top-level names to udemy_ros2_pkg.egg-info/top_level.txt
[2.453s] reading manifest file 'udemy_ros2_pkg.egg-info/SOURCES.txt'
[2.454s] writing manifest file 'udemy_ros2_pkg.egg-info/SOURCES.txt'
[2.475s] [ 98%] Built target ament_cmake_python_build_udemy_ros2_pkg_egg
[4.620s] [01m[K/home/serhat/workspaces/ros2_cpp_ws/src/udemy_ros2_pkg/src/action_server.cpp:50:13:[m[K [01;31m[Kerror: [m[Kâ€˜[01m[Kconts[m[Kâ€™ has not been declared
[4.620s]    50 |             [01;31m[Kconts[m[K std::shared_ptr<GoalHandle> goal_handle)
[4.620s]       |             [01;31m[K^~~~~[m[K
[4.620s] [01m[K/home/serhat/workspaces/ros2_cpp_ws/src/udemy_ros2_pkg/src/action_server.cpp:50:47:[m[K [01;31m[Kerror: [m[Kexpected unqualified-id before â€˜[01m[Kgoal_handle[m[Kâ€™
[4.620s]    50 |             conts std::shared_ptr<GoalHandle> [01;31m[Kgoal_handle[m[K)
[4.620s]       |                                               [01;31m[K^~~~~~~~~~~[m[K
[4.621s] [01m[K/home/serhat/workspaces/ros2_cpp_ws/src/udemy_ros2_pkg/src/action_server.cpp:50:46:[m[K [01;31m[Kerror: [m[Kexpected â€˜[01m[K)[m[Kâ€™ before â€˜[01m[Kgoal_handle[m[Kâ€™
[4.621s]    50 |             conts std::shared_ptr<GoalHandle>[01;31m[K [m[K[32m[Kgoal_handle[m[K)
[4.621s]       |                                              [01;31m[K^[m[K[32m[K~~~~~~~~~~~[m[K
[4.621s]       |                                              [32m[K)[m[K
[4.621s] [01m[K/home/serhat/workspaces/ros2_cpp_ws/src/udemy_ros2_pkg/src/action_server.cpp:49:52:[m[K [01;36m[Knote: [m[Kto match this â€˜[01m[K([m[Kâ€™
[4.621s]    49 |         rclcpp_action::CancelResponse handle_cancel[01;36m[K([m[K
[4.621s]       |                                                    [01;36m[K^[m[K
[4.621s] [01m[K/home/serhat/workspaces/ros2_cpp_ws/src/udemy_ros2_pkg/src/action_server.cpp:50:24:[m[K [01;31m[Kerror: [m[Kexpected â€˜[01m[K;[m[Kâ€™ at end of member declaration
[4.621s]    50 |             conts std::[01;31m[Kshared_ptr<GoalHandle>[m[K goal_handle)
[4.621s]       |                        [01;31m[K^~~~~~~~~~~~~~~~~~~~~~[m[K
[4.621s]       |                                              [32m[K;[m[K
[4.622s] [01m[K/home/serhat/workspaces/ros2_cpp_ws/src/udemy_ros2_pkg/src/action_server.cpp:50:47:[m[K [01;31m[Kerror: [m[Kâ€˜[01m[Kgoal_handle[m[Kâ€™ does not name a type; did you mean â€˜[01m[KGoalHandle[m[Kâ€™?
[4.622s]    50 |             conts std::shared_ptr<GoalHandle> [01;31m[Kgoal_handle[m[K)
[4.622s]       |                                               [01;31m[K^~~~~~~~~~~[m[K
[4.622s]       |                                               [32m[KGoalHandle[m[K
[6.960s] gmake[2]: *** [CMakeFiles/action_server.dir/build.make:76: CMakeFiles/action_server.dir/src/action_server.cpp.o] Error 1
[6.960s] gmake[1]: *** [CMakeFiles/Makefile2:821: CMakeFiles/action_server.dir/all] Error 2
[6.960s] gmake: *** [Makefile:146: all] Error 2
[6.963s] Invoked command in '/home/serhat/workspaces/build/udemy_ros2_pkg' returned '2': CMAKE_PREFIX_PATH=${CMAKE_PREFIX_PATH}:/opt/ros/humble /usr/bin/cmake --build /home/serhat/workspaces/build/udemy_ros2_pkg -- -j12 -l12
