[0.017s] Invoking command in '/home/serhat/workspaces/ros2_cpp_ws/build/udemy_ros2_pkg': CMAKE_PREFIX_PATH=${CMAKE_PREFIX_PATH}:/opt/ros/humble /usr/bin/cmake --build /home/serhat/workspaces/ros2_cpp_ws/build/udemy_ros2_pkg -- -j12 -l12
[0.041s] -- Found ament_cmake: 1.3.3 (/opt/ros/humble/share/ament_cmake/cmake)
[0.177s] -- Override CMake install command with custom implementation using symlinks instead of copying resources
[0.183s] -- Found rclcpp: 16.0.3 (/opt/ros/humble/share/rclcpp/cmake)
[0.228s] -- Found rosidl_generator_c: 3.1.4 (/opt/ros/humble/share/rosidl_generator_c/cmake)
[0.230s] -- Found rosidl_adapter: 3.1.4 (/opt/ros/humble/share/rosidl_adapter/cmake)
[0.236s] -- Found rosidl_generator_cpp: 3.1.4 (/opt/ros/humble/share/rosidl_generator_cpp/cmake)
[0.246s] -- Using all available rosidl_typesupport_c: rosidl_typesupport_fastrtps_c;rosidl_typesupport_introspection_c
[0.260s] -- Using all available rosidl_typesupport_cpp: rosidl_typesupport_fastrtps_cpp;rosidl_typesupport_introspection_cpp
[0.315s] -- Found rmw_implementation_cmake: 6.1.1 (/opt/ros/humble/share/rmw_implementation_cmake/cmake)
[0.316s] -- Found rmw_fastrtps_cpp: 6.2.2 (/opt/ros/humble/share/rmw_fastrtps_cpp/cmake)
[0.465s] -- Using RMW implementation 'rmw_fastrtps_cpp' as default
[0.644s] -- Found rosidl_default_generators: 1.2.0 (/opt/ros/humble/share/rosidl_default_generators/cmake)
[0.651s] -- Found sensor_msgs: 4.2.3 (/opt/ros/humble/share/sensor_msgs/cmake)
[0.776s] -- Found cv_bridge: 3.2.1 (/opt/ros/humble/share/cv_bridge/cmake)
[0.783s] -- Found action_msgs: 1.2.1 (/opt/ros/humble/share/action_msgs/cmake)
[0.855s] -- Found rclcpp_action: 16.0.3 (/opt/ros/humble/share/rclcpp_action/cmake)
[0.883s] -- Found ros_ign_gazebo: 0.244.9 (/opt/ros/humble/share/ros_ign_gazebo/cmake)
[1.938s] -- Found ament_cmake_cppcheck: 0.12.5 (/opt/ros/humble/share/ament_cmake_cppcheck/cmake)
[1.938s] -- Found ament_cmake_cpplint: 0.12.5 (/opt/ros/humble/share/ament_cmake_cpplint/cmake)
[1.939s] -- Found ament_cmake_uncrustify: 0.12.5 (/opt/ros/humble/share/ament_cmake_uncrustify/cmake)
[1.940s] -- Found ament_cmake_ros: 0.10.0 (/opt/ros/humble/share/ament_cmake_ros/cmake)
[2.405s] -- Using all available rosidl_typesupport_c: rosidl_typesupport_fastrtps_c;rosidl_typesupport_introspection_c
[2.636s] -- Using all available rosidl_typesupport_cpp: rosidl_typesupport_fastrtps_cpp;rosidl_typesupport_introspection_cpp
[2.667s] -- Found python_cmake_module: 0.10.0 (/opt/ros/humble/share/python_cmake_module/cmake)
[2.694s] -- Using PYTHON_EXECUTABLE: /usr/bin/python3
[2.694s] -- Using PYTHON_INCLUDE_DIRS: /usr/include/python3.10
[2.694s] -- Using PYTHON_LIBRARIES: /usr/lib/x86_64-linux-gnu/libpython3.10.so
[2.802s] -- Found ament_cmake_flake8: 0.12.5 (/opt/ros/humble/share/ament_cmake_flake8/cmake)
[2.803s] -- Found ament_cmake_pep257: 0.12.5 (/opt/ros/humble/share/ament_cmake_pep257/cmake)
[2.827s] -- Found ament_lint_auto: 0.12.5 (/opt/ros/humble/share/ament_lint_auto/cmake)
[2.839s] -- Added test 'cppcheck' to perform static code analysis on C / C++ code
[2.840s] -- Configured cppcheck include dirs: 
[2.840s] -- Configured cppcheck exclude dirs and/or files: 
[2.843s] -- Added test 'cpplint' to check C / C++ code against the Google style
[2.843s] -- Configured cpplint exclude dirs and/or files: 
[2.845s] -- Added test 'uncrustify' to check C / C++ code style
[2.845s] -- Configured uncrustify additional arguments: 
[2.846s] -- Added test 'flake8' to check Python code syntax and style conventions
[2.846s] -- Added test 'pep257' to check Python code against some of the docstring style conventions in PEP 257
[2.847s] -- Added test 'lint_cmake' to check CMake code style
[2.848s] -- Added test 'xmllint' to check XML markup files
[2.850s] -- Configuring done
[3.100s] -- Generating done
[3.105s] -- Build files have been written to: /home/serhat/workspaces/ros2_cpp_ws/build/udemy_ros2_pkg
[3.139s] [35m[1mConsolidate compiler generated dependencies of target publisher[0m
[3.140s] [35m[1mConsolidate compiler generated dependencies of target udemy_ros2_pkg__rosidl_generator_c[0m
[3.141s] [35m[1mConsolidate compiler generated dependencies of target rpm_pub[0m
[3.142s] [35m[1mConsolidate compiler generated dependencies of target subscriber[0m
[3.143s] [35m[1mConsolidate compiler generated dependencies of target speed_calc[0m
[3.154s] [  1%] Built target udemy_ros2_pkg__cpp
[3.157s] [  8%] Built target udemy_ros2_pkg__rosidl_generator_c
[3.164s] [  8%] Built target ament_cmake_python_symlink_udemy_ros2_pkg
[3.166s] [ 11%] Built target publisher
[3.171s] [35m[1mConsolidate compiler generated dependencies of target udemy_ros2_pkg__rosidl_typesupport_cpp[0m
[3.172s] [35m[1mConsolidate compiler generated dependencies of target udemy_ros2_pkg__rosidl_typesupport_introspection_cpp[0m
[3.174s] [ 14%] Built target subscriber
[3.174s] [35m[1mConsolidate compiler generated dependencies of target udemy_ros2_pkg__rosidl_typesupport_c[0m
[3.174s] [35m[1mConsolidate compiler generated dependencies of target udemy_ros2_pkg__rosidl_typesupport_introspection_c[0m
[3.175s] [ 17%] Built target rpm_pub
[3.176s] [35m[1mConsolidate compiler generated dependencies of target udemy_ros2_pkg__rosidl_typesupport_fastrtps_cpp[0m
[3.181s] [ 20%] Built target speed_calc
[3.182s] [35m[1mConsolidate compiler generated dependencies of target udemy_ros2_pkg__rosidl_typesupport_fastrtps_c[0m
[3.190s] [ 28%] Built target udemy_ros2_pkg__rosidl_typesupport_c
[3.194s] [ 35%] Built target udemy_ros2_pkg__rosidl_typesupport_introspection_cpp
[3.195s] [ 43%] Built target udemy_ros2_pkg__rosidl_typesupport_introspection_c
[3.196s] [ 50%] Built target udemy_ros2_pkg__rosidl_typesupport_cpp
[3.205s] [ 65%] Built target udemy_ros2_pkg__rosidl_typesupport_fastrtps_cpp
[3.205s] [ 65%] Built target udemy_ros2_pkg__rosidl_typesupport_fastrtps_c
[3.211s] [35m[1mConsolidate compiler generated dependencies of target service_client[0m
[3.217s] [35m[1mConsolidate compiler generated dependencies of target turn_camera_client[0m
[3.217s] [35m[1mConsolidate compiler generated dependencies of target turn_camera_service[0m
[3.217s] [35m[1mConsolidate compiler generated dependencies of target service_server[0m
[3.218s] [35m[1mConsolidate compiler generated dependencies of target action_client[0m
[3.218s] [35m[1mConsolidate compiler generated dependencies of target action_server[0m
[3.229s] [ 67%] [32m[1mLinking CXX executable turn_camera_service[0m
[3.234s] [ 68%] [32m[1mLinking CXX executable turn_camera_client[0m
[3.237s] [ 68%] Built target udemy_ros2_pkg
[3.241s] [ 71%] Built target service_client
[3.244s] [ 74%] Built target action_server
[3.245s] [ 77%] Built target service_server
[3.246s] [ 80%] Built target action_client
[3.263s] [ 82%] Built target udemy_ros2_pkg__py
[3.275s] [35m[1mConsolidate compiler generated dependencies of target udemy_ros2_pkg__rosidl_generator_py[0m
[3.297s] [ 88%] Built target udemy_ros2_pkg__rosidl_generator_py
[3.314s] [35m[1mConsolidate compiler generated dependencies of target udemy_ros2_pkg__rosidl_typesupport_introspection_c__pyext[0m
[3.314s] [35m[1mConsolidate compiler generated dependencies of target udemy_ros2_pkg__rosidl_typesupport_fastrtps_c__pyext[0m
[3.316s] [35m[1mConsolidate compiler generated dependencies of target udemy_ros2_pkg__rosidl_typesupport_c__pyext[0m
[3.337s] [ 91%] Built target udemy_ros2_pkg__rosidl_typesupport_introspection_c__pyext
[3.339s] [ 94%] Built target udemy_ros2_pkg__rosidl_typesupport_fastrtps_c__pyext
[3.342s] [ 97%] Built target udemy_ros2_pkg__rosidl_typesupport_c__pyext
[3.530s] running egg_info
[3.531s] writing udemy_ros2_pkg.egg-info/PKG-INFO
[3.531s] writing dependency_links to udemy_ros2_pkg.egg-info/dependency_links.txt
[3.532s] writing top-level names to udemy_ros2_pkg.egg-info/top_level.txt
[3.534s] reading manifest file 'udemy_ros2_pkg.egg-info/SOURCES.txt'
[3.534s] writing manifest file 'udemy_ros2_pkg.egg-info/SOURCES.txt'
[3.557s] /usr/bin/ld: /usr/lib/gcc/x86_64-linux-gnu/11/../../../x86_64-linux-gnu/Scrt1.o: in function `_start':
[3.557s] (.text+0x1b): undefined reference to `main'
[3.558s] [ 97%] Built target ament_cmake_python_build_udemy_ros2_pkg_egg
[3.559s] collect2: error: ld returned 1 exit status
[3.561s] gmake[2]: *** [CMakeFiles/turn_camera_client.dir/build.make:233: turn_camera_client] Error 1
[3.561s] gmake[1]: *** [CMakeFiles/Makefile2:796: CMakeFiles/turn_camera_client.dir/all] Error 2
[3.561s] gmake[1]: *** Waiting for unfinished jobs....
[3.700s] /usr/bin/ld: /usr/lib/gcc/x86_64-linux-gnu/11/../../../x86_64-linux-gnu/Scrt1.o: in function `_start':
[3.700s] (.text+0x1b): undefined reference to `main'
[3.702s] collect2: error: ld returned 1 exit status
[3.704s] gmake[2]: *** [CMakeFiles/turn_camera_service.dir/build.make:233: turn_camera_service] Error 1
[3.704s] gmake[1]: *** [CMakeFiles/Makefile2:769: CMakeFiles/turn_camera_service.dir/all] Error 2
[3.704s] gmake: *** [Makefile:146: all] Error 2
[3.707s] Invoked command in '/home/serhat/workspaces/ros2_cpp_ws/build/udemy_ros2_pkg' returned '2': CMAKE_PREFIX_PATH=${CMAKE_PREFIX_PATH}:/opt/ros/humble /usr/bin/cmake --build /home/serhat/workspaces/ros2_cpp_ws/build/udemy_ros2_pkg -- -j12 -l12
