[0.018s] Invoking command in '/home/serhat/workspace/build/udemy_ros2_pkg': CMAKE_PREFIX_PATH=${CMAKE_PREFIX_PATH}:/home/serhat/workspace/install/canopen_utils:/opt/ros/humble /usr/bin/cmake --build /home/serhat/workspace/build/udemy_ros2_pkg -- -j12 -l12
[0.084s] -- Found ament_cmake: 1.3.3 (/opt/ros/humble/share/ament_cmake/cmake)
[0.261s] -- Found rclcpp: 16.0.3 (/opt/ros/humble/share/rclcpp/cmake)
[0.317s] -- Found rosidl_generator_c: 3.1.4 (/opt/ros/humble/share/rosidl_generator_c/cmake)
[0.321s] -- Found rosidl_adapter: 3.1.4 (/opt/ros/humble/share/rosidl_adapter/cmake)
[0.329s] -- Found rosidl_generator_cpp: 3.1.4 (/opt/ros/humble/share/rosidl_generator_cpp/cmake)
[0.342s] -- Using all available rosidl_typesupport_c: rosidl_typesupport_fastrtps_c;rosidl_typesupport_introspection_c
[0.371s] -- Using all available rosidl_typesupport_cpp: rosidl_typesupport_fastrtps_cpp;rosidl_typesupport_introspection_cpp
[0.475s] -- Found rmw_implementation_cmake: 6.1.1 (/opt/ros/humble/share/rmw_implementation_cmake/cmake)
[0.477s] -- Found rmw_fastrtps_cpp: 6.2.2 (/opt/ros/humble/share/rmw_fastrtps_cpp/cmake)
[0.672s] -- Using RMW implementation 'rmw_fastrtps_cpp' as default
[0.877s] -- Found rosidl_default_generators: 1.2.0 (/opt/ros/humble/share/rosidl_default_generators/cmake)
[0.966s] -- Found sensor_msgs: 4.2.3 (/opt/ros/humble/share/sensor_msgs/cmake)
[1.212s] -- Found cv_bridge: 3.2.1 (/opt/ros/humble/share/cv_bridge/cmake)
[1.238s] -- Found action_msgs: 1.2.1 (/opt/ros/humble/share/action_msgs/cmake)
[1.326s] -- Found rclcpp_action: 16.0.3 (/opt/ros/humble/share/rclcpp_action/cmake)
[1.371s] -- Found ros_ign_gazebo: 0.244.9 (/opt/ros/humble/share/ros_ign_gazebo/cmake)
[2.767s] -- Found ament_cmake_cppcheck: 0.12.5 (/opt/ros/humble/share/ament_cmake_cppcheck/cmake)
[2.768s] -- Found ament_cmake_cpplint: 0.12.5 (/opt/ros/humble/share/ament_cmake_cpplint/cmake)
[2.769s] -- Found ament_cmake_uncrustify: 0.12.5 (/opt/ros/humble/share/ament_cmake_uncrustify/cmake)
[2.770s] -- Found ament_cmake_ros: 0.10.0 (/opt/ros/humble/share/ament_cmake_ros/cmake)
[3.461s] -- Using all available rosidl_typesupport_c: rosidl_typesupport_fastrtps_c;rosidl_typesupport_introspection_c
[3.696s] -- Using all available rosidl_typesupport_cpp: rosidl_typesupport_fastrtps_cpp;rosidl_typesupport_introspection_cpp
[3.728s] -- Found python_cmake_module: 0.10.0 (/opt/ros/humble/share/python_cmake_module/cmake)
[3.750s] -- Using PYTHON_EXECUTABLE: /usr/bin/python3
[3.750s] -- Using PYTHON_INCLUDE_DIRS: /usr/include/python3.10
[3.750s] -- Using PYTHON_LIBRARIES: /usr/lib/x86_64-linux-gnu/libpython3.10.so
[3.832s] -- Found ament_cmake_flake8: 0.12.5 (/opt/ros/humble/share/ament_cmake_flake8/cmake)
[3.833s] -- Found ament_cmake_pep257: 0.12.5 (/opt/ros/humble/share/ament_cmake_pep257/cmake)
[3.870s] -- Found ament_lint_auto: 0.12.5 (/opt/ros/humble/share/ament_lint_auto/cmake)
[3.898s] -- Added test 'cppcheck' to perform static code analysis on C / C++ code
[3.900s] -- Configured cppcheck include dirs: 
[3.900s] -- Configured cppcheck exclude dirs and/or files: 
[3.904s] -- Added test 'cpplint' to check C / C++ code against the Google style
[3.904s] -- Configured cpplint exclude dirs and/or files: 
[3.908s] -- Added test 'uncrustify' to check C / C++ code style
[3.908s] -- Configured uncrustify additional arguments: 
[3.908s] -- Added test 'flake8' to check Python code syntax and style conventions
[3.909s] -- Added test 'pep257' to check Python code against some of the docstring style conventions in PEP 257
[3.911s] -- Added test 'lint_cmake' to check CMake code style
[3.911s] -- Added test 'xmllint' to check XML markup files
[3.915s] -- Configuring done
[4.120s] -- Generating done
[4.128s] -- Build files have been written to: /home/serhat/workspace/build/udemy_ros2_pkg
[4.177s] [35m[1mConsolidate compiler generated dependencies of target canbustest[0m
[4.177s] [35m[1mConsolidate compiler generated dependencies of target canbustest2[0m
[4.179s] [35m[1mConsolidate compiler generated dependencies of target publisher[0m
[4.179s] [35m[1mConsolidate compiler generated dependencies of target subscriber[0m
[4.193s] [  1%] Built target udemy_ros2_pkg__cpp
[4.194s] [  4%] Built target canbustest2
[4.196s] [35m[1mConsolidate compiler generated dependencies of target rpm_speed[0m
[4.197s] [35m[1mConsolidate compiler generated dependencies of target speed_calc[0m
[4.204s] [  5%] [32mBuilding CXX object CMakeFiles/can_receiver_node.dir/src/can_receiver_node.cpp.o[0m
[4.204s] [  5%] Built target ament_cmake_python_copy_udemy_ros2_pkg
[4.206s] [  8%] Built target canbustest
[4.209s] [35m[1mConsolidate compiler generated dependencies of target udemy_ros2_pkg__rosidl_generator_c[0m
[4.215s] [ 11%] Built target publisher
[4.215s] [ 14%] Built target subscriber
[4.224s] [ 16%] Built target rpm_speed
[4.224s] [ 19%] Built target speed_calc
[4.226s] [ 26%] Built target udemy_ros2_pkg__rosidl_generator_c
[4.229s] [35m[1mConsolidate compiler generated dependencies of target rpm_pub[0m
[4.253s] [ 29%] Built target rpm_pub
[4.261s] [35m[1mConsolidate compiler generated dependencies of target udemy_ros2_pkg__rosidl_typesupport_introspection_cpp[0m
[4.270s] [35m[1mConsolidate compiler generated dependencies of target udemy_ros2_pkg__rosidl_typesupport_introspection_c[0m
[4.272s] [35m[1mConsolidate compiler generated dependencies of target udemy_ros2_pkg__rosidl_typesupport_fastrtps_c[0m
[4.273s] [35m[1mConsolidate compiler generated dependencies of target udemy_ros2_pkg__rosidl_typesupport_fastrtps_cpp[0m
[4.281s] [ 36%] Built target udemy_ros2_pkg__rosidl_typesupport_introspection_cpp
[4.286s] [ 43%] Built target udemy_ros2_pkg__rosidl_typesupport_introspection_c
[4.287s] [35m[1mConsolidate compiler generated dependencies of target udemy_ros2_pkg__rosidl_typesupport_cpp[0m
[4.294s] [ 50%] Built target udemy_ros2_pkg__rosidl_typesupport_fastrtps_c
[4.297s] [ 57%] Built target udemy_ros2_pkg__rosidl_typesupport_fastrtps_cpp
[4.303s] [35m[1mConsolidate compiler generated dependencies of target udemy_ros2_pkg__rosidl_typesupport_c[0m
[4.308s] [ 64%] Built target udemy_ros2_pkg__rosidl_typesupport_cpp
[4.321s] [ 71%] Built target udemy_ros2_pkg__rosidl_typesupport_c
[4.324s] [35m[1mConsolidate compiler generated dependencies of target service_client[0m
[4.338s] [35m[1mConsolidate compiler generated dependencies of target action_server[0m
[4.338s] [35m[1mConsolidate compiler generated dependencies of target service_server[0m
[4.338s] [35m[1mConsolidate compiler generated dependencies of target action_client[0m
[4.347s] [ 71%] Built target udemy_ros2_pkg
[4.353s] [ 74%] Built target service_client
[4.366s] [ 77%] Built target action_client
[4.366s] [ 80%] Built target service_server
[4.367s] [ 83%] Built target action_server
[4.374s] [ 84%] Built target udemy_ros2_pkg__py
[4.387s] [35m[1mConsolidate compiler generated dependencies of target udemy_ros2_pkg__rosidl_generator_py[0m
[4.408s] [ 90%] Built target udemy_ros2_pkg__rosidl_generator_py
[4.419s] [35m[1mConsolidate compiler generated dependencies of target udemy_ros2_pkg__rosidl_typesupport_fastrtps_c__pyext[0m
[4.420s] [35m[1mConsolidate compiler generated dependencies of target udemy_ros2_pkg__rosidl_typesupport_c__pyext[0m
[4.420s] [35m[1mConsolidate compiler generated dependencies of target udemy_ros2_pkg__rosidl_typesupport_introspection_c__pyext[0m
[4.438s] [ 97%] Built target udemy_ros2_pkg__rosidl_typesupport_c__pyext
[4.438s] [ 98%] Built target udemy_ros2_pkg__rosidl_typesupport_introspection_c__pyext
[4.438s] [ 98%] Built target udemy_ros2_pkg__rosidl_typesupport_fastrtps_c__pyext
[4.590s] running egg_info
[4.591s] writing udemy_ros2_pkg.egg-info/PKG-INFO
[4.591s] writing dependency_links to udemy_ros2_pkg.egg-info/dependency_links.txt
[4.591s] writing top-level names to udemy_ros2_pkg.egg-info/top_level.txt
[4.595s] reading manifest file 'udemy_ros2_pkg.egg-info/SOURCES.txt'
[4.595s] writing manifest file 'udemy_ros2_pkg.egg-info/SOURCES.txt'
[4.626s] [ 98%] Built target ament_cmake_python_build_udemy_ros2_pkg_egg
[6.926s] [01m[K/home/serhat/workspace/ros2_cpp_ws/src/udemy_ros2_pkg/src/can_receiver_node.cpp:63:16:[m[K [01;31m[Kerror: [m[Kfield â€˜[01m[Kifr[m[Kâ€™ has incomplete type â€˜[01m[Kifreq[m[Kâ€™
[6.926s]    63 |   struct ifreq [01;31m[Kifr[m[K;
[6.927s]       |                [01;31m[K^~~[m[K
[6.927s] [01m[K/home/serhat/workspace/ros2_cpp_ws/src/udemy_ros2_pkg/src/can_receiver_node.cpp:63:10:[m[K [01;36m[Knote: [m[Kforward declaration of â€˜[01m[Kstruct ifreq[m[Kâ€™
[6.927s]    63 |   struct [01;36m[Kifreq[m[K ifr;
[6.927s]       |          [01;36m[K^~~~~[m[K
[7.806s] gmake[2]: *** [CMakeFiles/can_receiver_node.dir/build.make:76: CMakeFiles/can_receiver_node.dir/src/can_receiver_node.cpp.o] Error 1
[7.806s] gmake[1]: *** [CMakeFiles/Makefile2:640: CMakeFiles/can_receiver_node.dir/all] Error 2
[7.806s] gmake: *** [Makefile:146: all] Error 2
[7.808s] Invoked command in '/home/serhat/workspace/build/udemy_ros2_pkg' returned '2': CMAKE_PREFIX_PATH=${CMAKE_PREFIX_PATH}:/home/serhat/workspace/install/canopen_utils:/opt/ros/humble /usr/bin/cmake --build /home/serhat/workspace/build/udemy_ros2_pkg -- -j12 -l12
