[0.012s] Invoking command in '/home/serhat/workspaces/build/udemy_ros2_pkg': CMAKE_PREFIX_PATH=${CMAKE_PREFIX_PATH}:/opt/ros/humble /usr/bin/cmake --build /home/serhat/workspaces/build/udemy_ros2_pkg -- -j12 -l12
[0.084s] [  1%] Built target udemy_ros2_pkg__cpp
[0.086s] [  9%] Built target udemy_ros2_pkg__rosidl_generator_c
[0.096s] [ 12%] Built target rpm_pub
[0.098s] [ 18%] Built target speed_calc
[0.098s] [ 18%] Built target publisher
[0.098s] [ 21%] Built target subscriber
[0.098s] [ 21%] Built target ament_cmake_python_symlink_udemy_ros2_pkg
[0.123s] [ 36%] Built target udemy_ros2_pkg__rosidl_typesupport_c
[0.124s] [ 36%] Built target udemy_ros2_pkg__rosidl_typesupport_introspection_cpp
[0.127s] [ 46%] Built target udemy_ros2_pkg__rosidl_typesupport_cpp
[0.127s] [ 52%] Built target udemy_ros2_pkg__rosidl_typesupport_introspection_c
[0.128s] [ 60%] Built target udemy_ros2_pkg__rosidl_typesupport_fastrtps_cpp
[0.128s] [ 67%] Built target udemy_ros2_pkg__rosidl_typesupport_fastrtps_c
[0.154s] [ 69%] [32mBuilding CXX object CMakeFiles/action_server.dir/src/action_server.cpp.o[0m
[0.158s] [ 69%] Built target udemy_ros2_pkg
[0.162s] [ 72%] Built target service_client
[0.165s] [ 75%] Built target turn_camera_client
[0.167s] [ 78%] Built target service_server
[0.168s] [ 81%] Built target turn_camera_service
[0.183s] [ 83%] Built target udemy_ros2_pkg__py
[0.205s] [ 89%] Built target udemy_ros2_pkg__rosidl_generator_py
[0.235s] [ 92%] Built target udemy_ros2_pkg__rosidl_typesupport_introspection_c__pyext
[0.236s] [ 95%] Built target udemy_ros2_pkg__rosidl_typesupport_fastrtps_c__pyext
[0.237s] [ 98%] Built target udemy_ros2_pkg__rosidl_typesupport_c__pyext
[0.385s] running egg_info
[0.385s] writing udemy_ros2_pkg.egg-info/PKG-INFO
[0.385s] writing dependency_links to udemy_ros2_pkg.egg-info/dependency_links.txt
[0.386s] writing top-level names to udemy_ros2_pkg.egg-info/top_level.txt
[0.388s] reading manifest file 'udemy_ros2_pkg.egg-info/SOURCES.txt'
[0.388s] writing manifest file 'udemy_ros2_pkg.egg-info/SOURCES.txt'
[0.418s] [ 98%] Built target ament_cmake_python_build_udemy_ros2_pkg_egg
[0.437s] [01m[K/home/serhat/workspaces/ros2_cpp_ws/src/udemy_ros2_pkg/src/action_server.cpp:2:10:[m[K [01;31m[Kfatal error: [m[Krclcpp_action/rclcpp_action.hpp: No such file or directory
[0.437s]     2 | #include [01;31m[K"rclcpp_action/rclcpp_action.hpp"[m[K
[0.437s]       |          [01;31m[K^~~~~~~~~~~~~~~~~~~~~~~~~~~~~~~~~[m[K
[0.438s] compilation terminated.
[0.440s] gmake[2]: *** [CMakeFiles/action_server.dir/build.make:76: CMakeFiles/action_server.dir/src/action_server.cpp.o] Error 1
[0.440s] gmake[1]: *** [CMakeFiles/Makefile2:821: CMakeFiles/action_server.dir/all] Error 2
[0.440s] gmake: *** [Makefile:146: all] Error 2
[0.442s] Invoked command in '/home/serhat/workspaces/build/udemy_ros2_pkg' returned '2': CMAKE_PREFIX_PATH=${CMAKE_PREFIX_PATH}:/opt/ros/humble /usr/bin/cmake --build /home/serhat/workspaces/build/udemy_ros2_pkg -- -j12 -l12
