[01m[K/home/serhat/workspaces/ros2_cpp_ws/src/udemy_ros2_pkg/src/rpm_pub.cpp:32:38:[m[K [01;31m[Kerror: [m[Kâ€˜[01m[KFLoat64[m[Kâ€™ is not a member of â€˜[01m[Kstd_msgs::msg[m[Kâ€™; did you mean â€˜[01m[KFloat64[m[Kâ€™?
   32 |     rclcpp::Publisher<std_msgs::msg::[01;31m[KFLoat64[m[K>::SharedPtr publisher_;
      |                                      [01;31m[K^~~~~~~[m[K
      |                                      [32m[KFloat64[m[K
[01m[K/home/serhat/workspaces/ros2_cpp_ws/src/udemy_ros2_pkg/src/rpm_pub.cpp:32:45:[m[K [01;31m[Kerror: [m[Ktemplate argument 1 is invalid
   32 |     rclcpp::Publisher<std_msgs::msg::FLoat64[01;31m[K>[m[K::SharedPtr publisher_;
      |                                             [01;31m[K^[m[K
[01m[K/home/serhat/workspaces/ros2_cpp_ws/src/udemy_ros2_pkg/src/rpm_pub.cpp:32:48:[m[K [01;31m[Kerror: [m[Kexpected â€˜[01m[K;[m[Kâ€™ at end of member declaration
   32 |     rclcpp::Publisher<std_msgs::msg::FLoat64>::[01;31m[KSharedPtr[m[K publisher_;
      |                                                [01;31m[K^~~~~~~~~[m[K
      |                                                         [32m[K;[m[K
[01m[K/home/serhat/workspaces/ros2_cpp_ws/src/udemy_ros2_pkg/src/rpm_pub.cpp:32:58:[m[K [01;31m[Kerror: [m[Kâ€˜[01m[Kpublisher_[m[Kâ€™ does not name a type; did you mean â€˜[01m[Krmw_publisher_t[m[Kâ€™?
   32 |     rclcpp::Publisher<std_msgs::msg::FLoat64>::SharedPtr [01;31m[Kpublisher_[m[K;
      |                                                          [01;31m[K^~~~~~~~~~[m[K
      |                                                          [32m[Krmw_publisher_t[m[K
[01m[K/home/serhat/workspaces/ros2_cpp_ws/src/udemy_ros2_pkg/src/rpm_pub.cpp:[m[K In constructor â€˜[01m[KRpmPubNode::RpmPubNode()[m[Kâ€™:
[01m[K/home/serhat/workspaces/ros2_cpp_ws/src/udemy_ros2_pkg/src/rpm_pub.cpp:16:7:[m[K [01;31m[Kerror: [m[Kâ€˜[01m[Kpublisher_[m[Kâ€™ was not declared in this scope; did you mean â€˜[01m[Kpublish_rpm[m[Kâ€™?
   16 |       [01;31m[Kpublisher_[m[K = this->create_publisher<std_msgs::msg::FLoat64>(
      |       [01;31m[K^~~~~~~~~~[m[K
      |       [32m[Kpublish_rpm[m[K
[01m[K/home/serhat/workspaces/ros2_cpp_ws/src/udemy_ros2_pkg/src/rpm_pub.cpp:16:58:[m[K [01;31m[Kerror: [m[Kâ€˜[01m[KFLoat64[m[Kâ€™ is not a member of â€˜[01m[Kstd_msgs::msg[m[Kâ€™; did you mean â€˜[01m[KFloat64[m[Kâ€™?
   16 |       publisher_ = this->create_publisher<std_msgs::msg::[01;31m[KFLoat64[m[K>(
      |                                                          [01;31m[K^~~~~~~[m[K
      |                                                          [32m[KFloat64[m[K
[01m[K/home/serhat/workspaces/ros2_cpp_ws/src/udemy_ros2_pkg/src/rpm_pub.cpp:16:66:[m[K [01;31m[Kerror: [m[Kno matching function for call to â€˜[01m[KRpmPubNode::create_publisher<<expression error> >(const char [4], int)[m[Kâ€™
   16 |       publisher_ = [01;31m[Kthis->create_publisher<std_msgs::msg::FLoat64>([m[K
      |                    [01;31m[K~~~~~~~~~~~~~~~~~~~~~~~~~~~~~~~~~~~~~~~~~~~~~~^[m[K
   17 | [01;31m[K        "rpm", 10)[m[K;
      |         [01;31m[K~~~~~~~~~~[m[K                                                
In file included from [01m[K/opt/ros/humble/include/rclcpp/rclcpp/executors/single_threaded_executor.hpp:28[m[K,
                 from [01m[K/opt/ros/humble/include/rclcpp/rclcpp/executors.hpp:22[m[K,
                 from [01m[K/opt/ros/humble/include/rclcpp/rclcpp/rclcpp.hpp:155[m[K,
                 from [01m[K/home/serhat/workspaces/ros2_cpp_ws/src/udemy_ros2_pkg/src/rpm_pub.cpp:4[m[K:
[01m[K/opt/ros/humble/include/rclcpp/rclcpp/node.hpp:195:3:[m[K [01;36m[Knote: [m[Kcandidate: â€˜[01m[Ktemplate<class MessageT, class AllocatorT, class PublisherT> std::shared_ptr<PublisherT> rclcpp::Node::create_publisher(const string&, const rclcpp::QoS&, const rclcpp::PublisherOptionsWithAllocator<AllocatorT>&)[m[Kâ€™
  195 |   [01;36m[Kcreate_publisher[m[K(
      |   [01;36m[K^~~~~~~~~~~~~~~~[m[K
[01m[K/opt/ros/humble/include/rclcpp/rclcpp/node.hpp:195:3:[m[K [01;36m[Knote: [m[K  template argument deduction/substitution failed:
[01m[K/home/serhat/workspaces/ros2_cpp_ws/src/udemy_ros2_pkg/src/rpm_pub.cpp:16:66:[m[K [01;31m[Kerror: [m[Ktemplate argument 1 is invalid
   16 |       publisher_ = [01;31m[Kthis->create_publisher<std_msgs::msg::FLoat64>([m[K
      |                    [01;31m[K~~~~~~~~~~~~~~~~~~~~~~~~~~~~~~~~~~~~~~~~~~~~~~^[m[K
   17 | [01;31m[K        "rpm", 10)[m[K;
      |         [01;31m[K~~~~~~~~~~[m[K                                                
[01m[K/home/serhat/workspaces/ros2_cpp_ws/src/udemy_ros2_pkg/src/rpm_pub.cpp:[m[K In member function â€˜[01m[Kvoid RpmPubNode::publish_rpm()[m[Kâ€™:
[01m[K/home/serhat/workspaces/ros2_cpp_ws/src/udemy_ros2_pkg/src/rpm_pub.cpp:27:37:[m[K [01;31m[Kerror: [m[Kâ€˜[01m[KFLoat64[m[Kâ€™ is not a member of â€˜[01m[Kstd_msgs::msg[m[Kâ€™; did you mean â€˜[01m[KFloat64[m[Kâ€™?
   27 |       auto message = std_msgs::msg::[01;31m[KFLoat64[m[K();
      |                                     [01;31m[K^~~~~~~[m[K
      |                                     [32m[KFloat64[m[K
[01m[K/home/serhat/workspaces/ros2_cpp_ws/src/udemy_ros2_pkg/src/rpm_pub.cpp:29:7:[m[K [01;31m[Kerror: [m[Kâ€˜[01m[Kpublisher_[m[Kâ€™ was not declared in this scope; did you mean â€˜[01m[Kpublish_rpm[m[Kâ€™?
   29 |       [01;31m[Kpublisher_[m[K->publish(message);
      |       [01;31m[K^~~~~~~~~~[m[K
      |       [32m[Kpublish_rpm[m[K
gmake[2]: *** [CMakeFiles/rpm_pub.dir/build.make:76: CMakeFiles/rpm_pub.dir/src/rpm_pub.cpp.o] Error 1
gmake[1]: *** [CMakeFiles/Makefile2:193: CMakeFiles/rpm_pub.dir/all] Error 2
gmake: *** [Makefile:146: all] Error 2
