[0.015s] Invoking command in '/home/serhat/workspaces/build/udemy_ros2_pkg': CMAKE_PREFIX_PATH=${CMAKE_PREFIX_PATH}:/opt/ros/humble /usr/bin/cmake --build /home/serhat/workspaces/build/udemy_ros2_pkg -- -j12 -l12
[0.050s] -- Found ament_cmake: 1.3.3 (/opt/ros/humble/share/ament_cmake/cmake)
[0.180s] -- Override CMake install command with custom implementation using symlinks instead of copying resources
[0.187s] -- Found rclcpp: 16.0.3 (/opt/ros/humble/share/rclcpp/cmake)
[0.220s] -- Found rosidl_generator_c: 3.1.4 (/opt/ros/humble/share/rosidl_generator_c/cmake)
[0.224s] -- Found rosidl_adapter: 3.1.4 (/opt/ros/humble/share/rosidl_adapter/cmake)
[0.234s] -- Found rosidl_generator_cpp: 3.1.4 (/opt/ros/humble/share/rosidl_generator_cpp/cmake)
[0.246s] -- Using all available rosidl_typesupport_c: rosidl_typesupport_fastrtps_c;rosidl_typesupport_introspection_c
[0.261s] -- Using all available rosidl_typesupport_cpp: rosidl_typesupport_fastrtps_cpp;rosidl_typesupport_introspection_cpp
[0.324s] -- Found rmw_implementation_cmake: 6.1.1 (/opt/ros/humble/share/rmw_implementation_cmake/cmake)
[0.325s] -- Found rmw_fastrtps_cpp: 6.2.2 (/opt/ros/humble/share/rmw_fastrtps_cpp/cmake)
[0.458s] -- Using RMW implementation 'rmw_fastrtps_cpp' as default
[0.639s] -- Found ament_lint_auto: 0.12.5 (/opt/ros/humble/share/ament_lint_auto/cmake)
[0.701s] -- Added test 'cppcheck' to perform static code analysis on C / C++ code
[0.701s] -- Configured cppcheck include dirs: 
[0.701s] -- Configured cppcheck exclude dirs and/or files: 
[0.702s] -- Added test 'lint_cmake' to check CMake code style
[0.703s] -- Added test 'uncrustify' to check C / C++ code style
[0.703s] -- Configured uncrustify additional arguments: 
[0.703s] -- Added test 'xmllint' to check XML markup files
[0.705s] -- Configuring done
[0.726s] -- Generating done
[0.728s] -- Build files have been written to: /home/serhat/workspaces/build/udemy_ros2_pkg
[0.751s] [35m[1mConsolidate compiler generated dependencies of target publisher[0m
[0.751s] [35m[1mConsolidate compiler generated dependencies of target subscriber[0m
[0.761s] [ 16%] [32mBuilding CXX object CMakeFiles/rpm_pub.dir/src/rpm_pub.cpp.o[0m
[0.771s] [ 50%] Built target publisher
[0.773s] [ 83%] Built target subscriber
[3.223s] [01m[K/home/serhat/workspaces/ros2_cpp_ws/src/udemy_ros2_pkg/src/rpm_pub.cpp:32:38:[m[K [01;31m[Kerror: [m[Kâ€˜[01m[KFLoat64[m[Kâ€™ is not a member of â€˜[01m[Kstd_msgs::msg[m[Kâ€™; did you mean â€˜[01m[KFloat64[m[Kâ€™?
[3.224s]    32 |     rclcpp::Publisher<std_msgs::msg::[01;31m[KFLoat64[m[K>::SharedPtr publisher_;
[3.224s]       |                                      [01;31m[K^~~~~~~[m[K
[3.224s]       |                                      [32m[KFloat64[m[K
[3.224s] [01m[K/home/serhat/workspaces/ros2_cpp_ws/src/udemy_ros2_pkg/src/rpm_pub.cpp:32:45:[m[K [01;31m[Kerror: [m[Ktemplate argument 1 is invalid
[3.224s]    32 |     rclcpp::Publisher<std_msgs::msg::FLoat64[01;31m[K>[m[K::SharedPtr publisher_;
[3.224s]       |                                             [01;31m[K^[m[K
[3.242s] [01m[K/home/serhat/workspaces/ros2_cpp_ws/src/udemy_ros2_pkg/src/rpm_pub.cpp:32:48:[m[K [01;31m[Kerror: [m[Kexpected â€˜[01m[K;[m[Kâ€™ at end of member declaration
[3.242s]    32 |     rclcpp::Publisher<std_msgs::msg::FLoat64>::[01;31m[KSharedPtr[m[K publisher_;
[3.242s]       |                                                [01;31m[K^~~~~~~~~[m[K
[3.242s]       |                                                         [32m[K;[m[K
[3.244s] [01m[K/home/serhat/workspaces/ros2_cpp_ws/src/udemy_ros2_pkg/src/rpm_pub.cpp:32:58:[m[K [01;31m[Kerror: [m[Kâ€˜[01m[Kpublisher_[m[Kâ€™ does not name a type; did you mean â€˜[01m[Krmw_publisher_t[m[Kâ€™?
[3.244s]    32 |     rclcpp::Publisher<std_msgs::msg::FLoat64>::SharedPtr [01;31m[Kpublisher_[m[K;
[3.244s]       |                                                          [01;31m[K^~~~~~~~~~[m[K
[3.244s]       |                                                          [32m[Krmw_publisher_t[m[K
[3.251s] [01m[K/home/serhat/workspaces/ros2_cpp_ws/src/udemy_ros2_pkg/src/rpm_pub.cpp:[m[K In constructor â€˜[01m[KRpmPubNode::RpmPubNode()[m[Kâ€™:
[3.251s] [01m[K/home/serhat/workspaces/ros2_cpp_ws/src/udemy_ros2_pkg/src/rpm_pub.cpp:16:7:[m[K [01;31m[Kerror: [m[Kâ€˜[01m[Kpublisher_[m[Kâ€™ was not declared in this scope; did you mean â€˜[01m[Kpublish_rpm[m[Kâ€™?
[3.251s]    16 |       [01;31m[Kpublisher_[m[K = this->create_publisher<std_msgs::msg::FLoat64>(
[3.251s]       |       [01;31m[K^~~~~~~~~~[m[K
[3.251s]       |       [32m[Kpublish_rpm[m[K
[3.251s] [01m[K/home/serhat/workspaces/ros2_cpp_ws/src/udemy_ros2_pkg/src/rpm_pub.cpp:16:58:[m[K [01;31m[Kerror: [m[Kâ€˜[01m[KFLoat64[m[Kâ€™ is not a member of â€˜[01m[Kstd_msgs::msg[m[Kâ€™; did you mean â€˜[01m[KFloat64[m[Kâ€™?
[3.251s]    16 |       publisher_ = this->create_publisher<std_msgs::msg::[01;31m[KFLoat64[m[K>(
[3.251s]       |                                                          [01;31m[K^~~~~~~[m[K
[3.251s]       |                                                          [32m[KFloat64[m[K
[3.251s] [01m[K/home/serhat/workspaces/ros2_cpp_ws/src/udemy_ros2_pkg/src/rpm_pub.cpp:16:66:[m[K [01;31m[Kerror: [m[Kno matching function for call to â€˜[01m[KRpmPubNode::create_publisher<<expression error> >(const char [4], int)[m[Kâ€™
[3.251s]    16 |       publisher_ = [01;31m[Kthis->create_publisher<std_msgs::msg::FLoat64>([m[K
[3.252s]       |                    [01;31m[K~~~~~~~~~~~~~~~~~~~~~~~~~~~~~~~~~~~~~~~~~~~~~~^[m[K
[3.252s]    17 | [01;31m[K        "rpm", 10)[m[K;
[3.252s]       |         [01;31m[K~~~~~~~~~~[m[K                                                
[3.252s] In file included from [01m[K/opt/ros/humble/include/rclcpp/rclcpp/executors/single_threaded_executor.hpp:28[m[K,
[3.252s]                  from [01m[K/opt/ros/humble/include/rclcpp/rclcpp/executors.hpp:22[m[K,
[3.252s]                  from [01m[K/opt/ros/humble/include/rclcpp/rclcpp/rclcpp.hpp:155[m[K,
[3.252s]                  from [01m[K/home/serhat/workspaces/ros2_cpp_ws/src/udemy_ros2_pkg/src/rpm_pub.cpp:4[m[K:
[3.252s] [01m[K/opt/ros/humble/include/rclcpp/rclcpp/node.hpp:195:3:[m[K [01;36m[Knote: [m[Kcandidate: â€˜[01m[Ktemplate<class MessageT, class AllocatorT, class PublisherT> std::shared_ptr<PublisherT> rclcpp::Node::create_publisher(const string&, const rclcpp::QoS&, const rclcpp::PublisherOptionsWithAllocator<AllocatorT>&)[m[Kâ€™
[3.252s]   195 |   [01;36m[Kcreate_publisher[m[K(
[3.252s]       |   [01;36m[K^~~~~~~~~~~~~~~~[m[K
[3.252s] [01m[K/opt/ros/humble/include/rclcpp/rclcpp/node.hpp:195:3:[m[K [01;36m[Knote: [m[K  template argument deduction/substitution failed:
[3.252s] [01m[K/home/serhat/workspaces/ros2_cpp_ws/src/udemy_ros2_pkg/src/rpm_pub.cpp:16:66:[m[K [01;31m[Kerror: [m[Ktemplate argument 1 is invalid
[3.252s]    16 |       publisher_ = [01;31m[Kthis->create_publisher<std_msgs::msg::FLoat64>([m[K
[3.252s]       |                    [01;31m[K~~~~~~~~~~~~~~~~~~~~~~~~~~~~~~~~~~~~~~~~~~~~~~^[m[K
[3.252s]    17 | [01;31m[K        "rpm", 10)[m[K;
[3.252s]       |         [01;31m[K~~~~~~~~~~[m[K                                                
[3.261s] [01m[K/home/serhat/workspaces/ros2_cpp_ws/src/udemy_ros2_pkg/src/rpm_pub.cpp:[m[K In member function â€˜[01m[Kvoid RpmPubNode::publish_rpm()[m[Kâ€™:
[3.261s] [01m[K/home/serhat/workspaces/ros2_cpp_ws/src/udemy_ros2_pkg/src/rpm_pub.cpp:27:37:[m[K [01;31m[Kerror: [m[Kâ€˜[01m[KFLoat64[m[Kâ€™ is not a member of â€˜[01m[Kstd_msgs::msg[m[Kâ€™; did you mean â€˜[01m[KFloat64[m[Kâ€™?
[3.261s]    27 |       auto message = std_msgs::msg::[01;31m[KFLoat64[m[K();
[3.261s]       |                                     [01;31m[K^~~~~~~[m[K
[3.261s]       |                                     [32m[KFloat64[m[K
[3.266s] [01m[K/home/serhat/workspaces/ros2_cpp_ws/src/udemy_ros2_pkg/src/rpm_pub.cpp:29:7:[m[K [01;31m[Kerror: [m[Kâ€˜[01m[Kpublisher_[m[Kâ€™ was not declared in this scope; did you mean â€˜[01m[Kpublish_rpm[m[Kâ€™?
[3.266s]    29 |       [01;31m[Kpublisher_[m[K->publish(message);
[3.266s]       |       [01;31m[K^~~~~~~~~~[m[K
[3.266s]       |       [32m[Kpublish_rpm[m[K
[4.004s] gmake[2]: *** [CMakeFiles/rpm_pub.dir/build.make:76: CMakeFiles/rpm_pub.dir/src/rpm_pub.cpp.o] Error 1
[4.004s] gmake[1]: *** [CMakeFiles/Makefile2:193: CMakeFiles/rpm_pub.dir/all] Error 2
[4.004s] gmake: *** [Makefile:146: all] Error 2
[4.007s] Invoked command in '/home/serhat/workspaces/build/udemy_ros2_pkg' returned '2': CMAKE_PREFIX_PATH=${CMAKE_PREFIX_PATH}:/opt/ros/humble /usr/bin/cmake --build /home/serhat/workspaces/build/udemy_ros2_pkg -- -j12 -l12
