[0.014s] Invoking command in '/home/serhat/workspaces/build/udemy_ros2_pkg': CMAKE_PREFIX_PATH=${CMAKE_PREFIX_PATH}:/opt/ros/humble /usr/bin/cmake --build /home/serhat/workspaces/build/udemy_ros2_pkg -- -j12 -l12
[0.055s] -- Found ament_cmake: 1.3.3 (/opt/ros/humble/share/ament_cmake/cmake)
[0.201s] -- Override CMake install command with custom implementation using symlinks instead of copying resources
[0.211s] -- Found rclcpp: 16.0.3 (/opt/ros/humble/share/rclcpp/cmake)
[0.247s] -- Found rosidl_generator_c: 3.1.4 (/opt/ros/humble/share/rosidl_generator_c/cmake)
[0.250s] -- Found rosidl_adapter: 3.1.4 (/opt/ros/humble/share/rosidl_adapter/cmake)
[0.256s] -- Found rosidl_generator_cpp: 3.1.4 (/opt/ros/humble/share/rosidl_generator_cpp/cmake)
[0.267s] -- Using all available rosidl_typesupport_c: rosidl_typesupport_fastrtps_c;rosidl_typesupport_introspection_c
[0.282s] -- Using all available rosidl_typesupport_cpp: rosidl_typesupport_fastrtps_cpp;rosidl_typesupport_introspection_cpp
[0.348s] -- Found rmw_implementation_cmake: 6.1.1 (/opt/ros/humble/share/rmw_implementation_cmake/cmake)
[0.349s] -- Found rmw_fastrtps_cpp: 6.2.2 (/opt/ros/humble/share/rmw_fastrtps_cpp/cmake)
[0.477s] -- Using RMW implementation 'rmw_fastrtps_cpp' as default
[0.659s] -- Found ament_lint_auto: 0.12.5 (/opt/ros/humble/share/ament_lint_auto/cmake)
[0.719s] -- Added test 'cppcheck' to perform static code analysis on C / C++ code
[0.719s] -- Configured cppcheck include dirs: 
[0.719s] -- Configured cppcheck exclude dirs and/or files: 
[0.720s] -- Added test 'lint_cmake' to check CMake code style
[0.722s] -- Added test 'uncrustify' to check C / C++ code style
[0.722s] -- Configured uncrustify additional arguments: 
[0.723s] -- Added test 'xmllint' to check XML markup files
[0.724s] -- Configuring done
[0.741s] -- Generating done
[0.743s] -- Build files have been written to: /home/serhat/workspaces/build/udemy_ros2_pkg
[0.766s] [35m[1mConsolidate compiler generated dependencies of target publisher[0m
[0.766s] [35m[1mConsolidate compiler generated dependencies of target subscriber[0m
[0.767s] [35m[1mConsolidate compiler generated dependencies of target rpm_pub[0m
[0.777s] [ 12%] [32mBuilding CXX object CMakeFiles/speed_calc.dir/src/speed_calc.cpp.o[0m
[0.785s] [ 37%] Built target publisher
[0.786s] [ 87%] Built target subscriber
[0.786s] [ 87%] Built target rpm_pub
[3.195s] [01m[K/home/serhat/workspaces/ros2_cpp_ws/src/udemy_ros2_pkg/src/speed_calc.cpp:[m[K In constructor â€˜[01m[KSpeedCalcNode::SpeedCalcNode()[m[Kâ€™:
[3.195s] [01m[K/home/serhat/workspaces/ros2_cpp_ws/src/udemy_ros2_pkg/src/speed_calc.cpp:17:81:[m[K [01;31m[Kerror: [m[Kno matching function for call to â€˜[01m[KSpeedCalcNode::create_subscription<std_msgs::msg::Float64>(const char [6], int)[m[Kâ€™
[3.195s]    17 |             speed_publisher_ = [01;31m[Kthis->create_subscription<std_msgs::msg::Float64>([m[K
[3.195s]       |                                [01;31m[K~~~~~~~~~~~~~~~~~~~~~~~~~~~~~~~~~~~~~~~~~~~~~~~~~^[m[K
[3.195s]    18 | [01;31m[K                "speed", 10[m[K
[3.195s]       |                 [01;31m[K~~~~~~~~~~~[m[K                                                      
[3.195s]    19 | [01;31m[K                )[m[K;
[3.195s]       |                 [01;31m[K~[m[K                                                                
[3.195s] In file included from [01m[K/opt/ros/humble/include/rclcpp/rclcpp/node.hpp:1321[m[K,
[3.195s]                  from [01m[K/opt/ros/humble/include/rclcpp/rclcpp/executors/single_threaded_executor.hpp:28[m[K,
[3.195s]                  from [01m[K/opt/ros/humble/include/rclcpp/rclcpp/executors.hpp:22[m[K,
[3.195s]                  from [01m[K/opt/ros/humble/include/rclcpp/rclcpp/rclcpp.hpp:155[m[K,
[3.195s]                  from [01m[K/home/serhat/workspaces/ros2_cpp_ws/src/udemy_ros2_pkg/src/speed_calc.cpp:1[m[K:
[3.195s] [01m[K/opt/ros/humble/include/rclcpp/rclcpp/node_impl.hpp:92:1:[m[K [01;36m[Knote: [m[Kcandidate: â€˜[01m[Ktemplate<class MessageT, class CallbackT, class AllocatorT, class SubscriptionT, class MessageMemoryStrategyT> std::shared_ptr<ROSMessageT> rclcpp::Node::create_subscription(const string&, const rclcpp::QoS&, CallbackT&&, const rclcpp::SubscriptionOptionsWithAllocator<AllocatorT>&, typename MessageMemoryStrategyT::SharedPtr)[m[Kâ€™
[3.195s]    92 | [01;36m[KNode[m[K::create_subscription(
[3.195s]       | [01;36m[K^~~~[m[K
[3.195s] [01m[K/opt/ros/humble/include/rclcpp/rclcpp/node_impl.hpp:92:1:[m[K [01;36m[Knote: [m[K  template argument deduction/substitution failed:
[3.202s] [01m[K/home/serhat/workspaces/ros2_cpp_ws/src/udemy_ros2_pkg/src/speed_calc.cpp:17:81:[m[K [01;36m[Knote: [m[K  candidate expects 5 arguments, 2 provided
[3.202s]    17 |             speed_publisher_ = [01;36m[Kthis->create_subscription<std_msgs::msg::Float64>([m[K
[3.202s]       |                                [01;36m[K~~~~~~~~~~~~~~~~~~~~~~~~~~~~~~~~~~~~~~~~~~~~~~~~~^[m[K
[3.202s]    18 | [01;36m[K                "speed", 10[m[K
[3.203s]       |                 [01;36m[K~~~~~~~~~~~[m[K                                                      
[3.203s]    19 | [01;36m[K                )[m[K;
[3.203s]       |                 [01;36m[K~[m[K                                                                
[3.203s] [01m[K/home/serhat/workspaces/ros2_cpp_ws/src/udemy_ros2_pkg/src/speed_calc.cpp:20:27:[m[K [01;31m[Kerror: [m[Kinvalid operands of types â€˜[01m[K<unresolved overloaded function type>[m[Kâ€™ and â€˜[01m[Kconst char [30][m[Kâ€™ to binary â€˜[01m[Koperator<<[m[Kâ€™
[3.203s]    20 |                 [01;31m[Kstd::count<<"Speed Calc Node Is Running..."[m[K<<std::endl;
[3.203s]       |                 [01;31m[K~~~~~~~~~~^~~~~~~~~~~~~~~~~~~~~~~~~~~~~~~~~[m[K
[5.316s] gmake[2]: *** [CMakeFiles/speed_calc.dir/build.make:76: CMakeFiles/speed_calc.dir/src/speed_calc.cpp.o] Error 1
[5.316s] gmake[1]: *** [CMakeFiles/Makefile2:221: CMakeFiles/speed_calc.dir/all] Error 2
[5.317s] gmake: *** [Makefile:146: all] Error 2
[5.319s] Invoked command in '/home/serhat/workspaces/build/udemy_ros2_pkg' returned '2': CMAKE_PREFIX_PATH=${CMAKE_PREFIX_PATH}:/opt/ros/humble /usr/bin/cmake --build /home/serhat/workspaces/build/udemy_ros2_pkg -- -j12 -l12
