/usr/bin/ld: /usr/lib/gcc/x86_64-linux-gnu/11/../../../x86_64-linux-gnu/Scrt1.o: in function `_start':
(.text+0x1b): undefined reference to `main'
collect2: error: ld returned 1 exit status
gmake[2]: *** [CMakeFiles/turn_camera_client.dir/build.make:233: turn_camera_client] Error 1
gmake[1]: *** [CMakeFiles/Makefile2:796: CMakeFiles/turn_camera_client.dir/all] Error 2
gmake[1]: *** Waiting for unfinished jobs....
/usr/bin/ld: /usr/lib/gcc/x86_64-linux-gnu/11/../../../x86_64-linux-gnu/Scrt1.o: in function `_start':
(.text+0x1b): undefined reference to `main'
collect2: error: ld returned 1 exit status
gmake[2]: *** [CMakeFiles/turn_camera_service.dir/build.make:233: turn_camera_service] Error 1
gmake[1]: *** [CMakeFiles/Makefile2:769: CMakeFiles/turn_camera_service.dir/all] Error 2
[01m[K/home/serhat/workspaces/ros2_cpp_ws/src/udemy_ros2_pkg/src/action_client.cpp:[m[K In member function â€˜[01m[Kvoid NavigateActionClientNode::result_callback(const rclcpp_action::ClientGoalHandle<udemy_ros2_pkg::action::Navigate>::WrappedResult&)[m[Kâ€™:
[01m[K/home/serhat/workspaces/ros2_cpp_ws/src/udemy_ros2_pkg/src/action_client.cpp:99:57:[m[K [01;31m[Kerror: [m[Kâ€˜[01m[Kusing element_type = struct udemy_ros2_pkg::action::Navigate_Result_<std::allocator<void> >[m[Kâ€™ {aka â€˜[01m[Kstruct udemy_ros2_pkg::action::Navigate_Result_<std::allocator<void> >[m[Kâ€™} has no member named â€˜[01m[Kelpased_time[m[Kâ€™; did you mean â€˜[01m[Kelapsed_time[m[Kâ€™?
   99 |         std::cout << "Time elapsed: " << result.result->[01;31m[Kelpased_time[m[K << std::endl;
      |                                                         [01;31m[K^~~~~~~~~~~~[m[K
      |                                                         [32m[Kelapsed_time[m[K
[01m[K/home/serhat/workspaces/ros2_cpp_ws/src/udemy_ros2_pkg/src/action_server.cpp:[m[K In member function â€˜[01m[Kvoid NavigateActionServerNode::execute(std::shared_ptr<rclcpp_action::ServerGoalHandle<udemy_ros2_pkg::action::Navigate> >)[m[Kâ€™:
[01m[K/home/serhat/workspaces/ros2_cpp_ws/src/udemy_ros2_pkg/src/action_server.cpp:80:21:[m[K [01;31m[Kerror: [m[Kâ€˜[01m[Kusing element_type = struct udemy_ros2_pkg::action::Navigate_Result_<std::allocator<void> >[m[Kâ€™ {aka â€˜[01m[Kstruct udemy_ros2_pkg::action::Navigate_Result_<std::allocator<void> >[m[Kâ€™} has no member named â€˜[01m[Kelpased_time[m[Kâ€™; did you mean â€˜[01m[Kelapsed_time[m[Kâ€™?
   80 |             result->[01;31m[Kelpased_time[m[K = (rclcpp::Clock().now() - start_time).seconds();
      |                     [01;31m[K^~~~~~~~~~~~[m[K
      |                     [32m[Kelapsed_time[m[K
gmake[2]: *** [CMakeFiles/action_client.dir/build.make:76: CMakeFiles/action_client.dir/src/action_client.cpp.o] Error 1
gmake[1]: *** [CMakeFiles/Makefile2:850: CMakeFiles/action_client.dir/all] Error 2
gmake[2]: *** [CMakeFiles/action_server.dir/build.make:76: CMakeFiles/action_server.dir/src/action_server.cpp.o] Error 1
gmake[1]: *** [CMakeFiles/Makefile2:823: CMakeFiles/action_server.dir/all] Error 2
gmake: *** [Makefile:146: all] Error 2
