[0.013s] Invoking command in '/home/serhat/workspaces/build/udemy_ros2_pkg': CMAKE_PREFIX_PATH=${CMAKE_PREFIX_PATH}:/opt/ros/humble /usr/bin/cmake --build /home/serhat/workspaces/build/udemy_ros2_pkg -- -j12 -l12
[0.072s] [35m[1mConsolidate compiler generated dependencies of target speed_calc[0m
[0.086s] [ 37%] [32mBuilding CXX object CMakeFiles/rpm_pub.dir/src/rpm_pub.cpp.o[0m
[0.087s] [ 37%] Built target subscriber
[0.088s] [ 62%] Built target publisher
[0.096s] [ 87%] Built target speed_calc
[2.533s] [01m[K/home/serhat/workspaces/ros2_cpp_ws/src/udemy_ros2_pkg/src/rpm_pub.cpp:[m[K In member function â€˜[01m[Kvoid RpmPubNode::publish_rpm()[m[Kâ€™:
[2.534s] [01m[K/home/serhat/workspaces/ros2_cpp_ws/src/udemy_ros2_pkg/src/rpm_pub.cpp:30:22:[m[K [01;31m[Kerror: [m[Kâ€˜[01m[KRPM_VALUE[m[Kâ€™ was not declared in this scope
[2.534s]    30 |       message.data = [01;31m[KRPM_VALUE[m[K;
[2.534s]       |                      [01;31m[K^~~~~~~~~[m[K
[3.674s] gmake[2]: *** [CMakeFiles/rpm_pub.dir/build.make:76: CMakeFiles/rpm_pub.dir/src/rpm_pub.cpp.o] Error 1
[3.674s] gmake[1]: *** [CMakeFiles/Makefile2:195: CMakeFiles/rpm_pub.dir/all] Error 2
[3.674s] gmake: *** [Makefile:146: all] Error 2
[3.677s] Invoked command in '/home/serhat/workspaces/build/udemy_ros2_pkg' returned '2': CMAKE_PREFIX_PATH=${CMAKE_PREFIX_PATH}:/opt/ros/humble /usr/bin/cmake --build /home/serhat/workspaces/build/udemy_ros2_pkg -- -j12 -l12
