[0.000000] (-) TimerEvent: {}
[0.000203] (udemy_ros2_pkg) JobQueued: {'identifier': 'udemy_ros2_pkg', 'dependencies': OrderedDict()}
[0.000269] (udemy_ros2_pkg) JobStarted: {'identifier': 'udemy_ros2_pkg'}
[0.010720] (udemy_ros2_pkg) JobProgress: {'identifier': 'udemy_ros2_pkg', 'progress': 'cmake'}
[0.011875] (udemy_ros2_pkg) JobProgress: {'identifier': 'udemy_ros2_pkg', 'progress': 'build'}
[0.013388] (udemy_ros2_pkg) Command: {'cmd': ['/usr/bin/cmake', '--build', '/home/serhat/workspaces/build/udemy_ros2_pkg', '--', '-j12', '-l12'], 'cwd': '/home/serhat/workspaces/build/udemy_ros2_pkg', 'env': OrderedDict([('LESSOPEN', '| /usr/bin/lesspipe %s'), ('USER', 'serhat'), ('XDG_SESSION_TYPE', 'wayland'), ('GIT_ASKPASS', '/snap/code/122/usr/share/code/resources/app/extensions/git/dist/askpass.sh'), ('SHLVL', '1'), ('LD_LIBRARY_PATH', '/usr/lib/x86_64-linux-gnu/gazebo-11/plugins:/opt/ros/humble/opt/rviz_ogre_vendor/lib:/opt/ros/humble/lib/x86_64-linux-gnu:/opt/ros/humble/lib'), ('HOME', '/home/serhat'), ('CHROME_DESKTOP', 'code-url-handler.desktop'), ('OLDPWD', '/home/serhat'), ('TERM_PROGRAM_VERSION', '1.76.2'), ('DESKTOP_SESSION', 'ubuntu'), ('ROS_PYTHON_VERSION', '3'), ('GNOME_SHELL_SESSION_MODE', 'ubuntu'), ('GTK_MODULES', 'gail:atk-bridge'), ('VSCODE_GIT_ASKPASS_MAIN', '/snap/code/122/usr/share/code/resources/app/extensions/git/dist/askpass-main.js'), ('VSCODE_GIT_ASKPASS_NODE', '/snap/code/122/usr/share/code/code'), ('SYSTEMD_EXEC_PID', '1461'), ('DBUS_SESSION_BUS_ADDRESS', 'unix:path=/run/user/1000/bus'), ('COLORTERM', 'truecolor'), ('IM_CONFIG_PHASE', '1'), ('WAYLAND_DISPLAY', 'wayland-0'), ('ROS_DISTRO', 'humble'), ('LOGNAME', 'serhat'), ('_', '/usr/bin/colcon'), ('ROS_VERSION', '2'), ('XDG_SESSION_CLASS', 'user'), ('USERNAME', 'serhat'), ('TERM', 'xterm-256color'), ('GNOME_DESKTOP_SESSION_ID', 'this-is-deprecated'), ('ROS_LOCALHOST_ONLY', '0'), ('PATH', '/opt/ros/humble/bin:/usr/local/sbin:/usr/local/bin:/usr/sbin:/usr/bin:/sbin:/bin:/usr/games:/usr/local/games:/snap/bin:/snap/bin'), ('SESSION_MANAGER', 'local/serhat-ABRA-A5-V15-2:@/tmp/.ICE-unix/1432,unix/serhat-ABRA-A5-V15-2:/tmp/.ICE-unix/1432'), ('XDG_MENU_PREFIX', 'gnome-'), ('RMW_IMLEMENTATION', 'rmw_cyclonedds_cpp'), ('GNOME_TERMINAL_SCREEN', '/org/gnome/Terminal/screen/a3efb22c_2cae_4ec6_880f_a1c0d6d86ca6'), ('GNOME_SETUP_DISPLAY', ':1'), ('XDG_RUNTIME_DIR', '/run/user/1000'), ('GDK_BACKEND', 'x11'), ('DISPLAY', ':0'), ('LANG', 'en_US.UTF-8'), ('XDG_CURRENT_DESKTOP', 'Unity'), ('XMODIFIERS', '@im=ibus'), ('XDG_SESSION_DESKTOP', 'ubuntu'), ('XAUTHORITY', '/run/user/1000/.mutter-Xwaylandauth.VCO011'), ('LS_COLORS', 'rs=0:di=01;34:ln=01;36:mh=00:pi=40;33:so=01;35:do=01;35:bd=40;33;01:cd=40;33;01:or=40;31;01:mi=00:su=37;41:sg=30;43:ca=30;41:tw=30;42:ow=34;42:st=37;44:ex=01;32:*.tar=01;31:*.tgz=01;31:*.arc=01;31:*.arj=01;31:*.taz=01;31:*.lha=01;31:*.lz4=01;31:*.lzh=01;31:*.lzma=01;31:*.tlz=01;31:*.txz=01;31:*.tzo=01;31:*.t7z=01;31:*.zip=01;31:*.z=01;31:*.dz=01;31:*.gz=01;31:*.lrz=01;31:*.lz=01;31:*.lzo=01;31:*.xz=01;31:*.zst=01;31:*.tzst=01;31:*.bz2=01;31:*.bz=01;31:*.tbz=01;31:*.tbz2=01;31:*.tz=01;31:*.deb=01;31:*.rpm=01;31:*.jar=01;31:*.war=01;31:*.ear=01;31:*.sar=01;31:*.rar=01;31:*.alz=01;31:*.ace=01;31:*.zoo=01;31:*.cpio=01;31:*.7z=01;31:*.rz=01;31:*.cab=01;31:*.wim=01;31:*.swm=01;31:*.dwm=01;31:*.esd=01;31:*.jpg=01;35:*.jpeg=01;35:*.mjpg=01;35:*.mjpeg=01;35:*.gif=01;35:*.bmp=01;35:*.pbm=01;35:*.pgm=01;35:*.ppm=01;35:*.tga=01;35:*.xbm=01;35:*.xpm=01;35:*.tif=01;35:*.tiff=01;35:*.png=01;35:*.svg=01;35:*.svgz=01;35:*.mng=01;35:*.pcx=01;35:*.mov=01;35:*.mpg=01;35:*.mpeg=01;35:*.m2v=01;35:*.mkv=01;35:*.webm=01;35:*.webp=01;35:*.ogm=01;35:*.mp4=01;35:*.m4v=01;35:*.mp4v=01;35:*.vob=01;35:*.qt=01;35:*.nuv=01;35:*.wmv=01;35:*.asf=01;35:*.rm=01;35:*.rmvb=01;35:*.flc=01;35:*.avi=01;35:*.fli=01;35:*.flv=01;35:*.gl=01;35:*.dl=01;35:*.xcf=01;35:*.xwd=01;35:*.yuv=01;35:*.cgm=01;35:*.emf=01;35:*.ogv=01;35:*.ogx=01;35:*.aac=00;36:*.au=00;36:*.flac=00;36:*.m4a=00;36:*.mid=00;36:*.midi=00;36:*.mka=00;36:*.mp3=00;36:*.mpc=00;36:*.ogg=00;36:*.ra=00;36:*.wav=00;36:*.oga=00;36:*.opus=00;36:*.spx=00;36:*.xspf=00;36:'), ('VSCODE_GIT_IPC_HANDLE', '/run/user/1000/vscode-git-287faa05ef.sock'), ('GNOME_TERMINAL_SERVICE', ':1.142'), ('TERM_PROGRAM', 'vscode'), ('SSH_AGENT_LAUNCHER', 'gnome-keyring'), ('SSH_AUTH_SOCK', '/run/user/1000/keyring/ssh'), ('GSETTINGS_SCHEMA_DIR', '/snap/code/122/usr/share/glib-2.0/schemas'), ('AMENT_PREFIX_PATH', '/opt/ros/humble'), ('ORIGINAL_XDG_CURRENT_DESKTOP', 'ubuntu:GNOME'), ('SHELL', '/bin/bash'), ('QT_ACCESSIBILITY', '1'), ('GDMSESSION', 'ubuntu'), ('LESSCLOSE', '/usr/bin/lesspipe %s %s'), ('VSCODE_GIT_ASKPASS_EXTRA_ARGS', '--ms-enable-electron-run-as-node'), ('QT_IM_MODULE', 'ibus'), ('PWD', '/home/serhat/workspaces/build/udemy_ros2_pkg'), ('TURTLEBOT3_MODEL', 'waffle'), ('LC_ALL', 'en_US.UTF-8'), ('XDG_CONFIG_DIRS', '/etc/xdg/xdg-ubuntu:/etc/xdg'), ('XDG_DATA_DIRS', '/usr/share/ubuntu:/usr/local/share/:/usr/share/:/var/lib/snapd/desktop'), ('PYTHONPATH', '/opt/ros/humble/lib/python3.10/site-packages:/opt/ros/humble/local/lib/python3.10/dist-packages'), ('COLCON', '1'), ('VTE_VERSION', '6800'), ('CMAKE_PREFIX_PATH', '/opt/ros/humble')]), 'shell': False}
[0.051605] (udemy_ros2_pkg) StdoutLine: {'line': b'-- Found ament_cmake: 1.3.3 (/opt/ros/humble/share/ament_cmake/cmake)\n'}
[0.099060] (-) TimerEvent: {}
[0.189306] (udemy_ros2_pkg) StdoutLine: {'line': b'-- Override CMake install command with custom implementation using symlinks instead of copying resources\n'}
[0.196804] (udemy_ros2_pkg) StdoutLine: {'line': b'-- Found rclcpp: 16.0.3 (/opt/ros/humble/share/rclcpp/cmake)\n'}
[0.199200] (-) TimerEvent: {}
[0.240819] (udemy_ros2_pkg) StdoutLine: {'line': b'-- Found rosidl_generator_c: 3.1.4 (/opt/ros/humble/share/rosidl_generator_c/cmake)\n'}
[0.243629] (udemy_ros2_pkg) StdoutLine: {'line': b'-- Found rosidl_adapter: 3.1.4 (/opt/ros/humble/share/rosidl_adapter/cmake)\n'}
[0.249475] (udemy_ros2_pkg) StdoutLine: {'line': b'-- Found rosidl_generator_cpp: 3.1.4 (/opt/ros/humble/share/rosidl_generator_cpp/cmake)\n'}
[0.260033] (udemy_ros2_pkg) StdoutLine: {'line': b'-- Using all available rosidl_typesupport_c: rosidl_typesupport_fastrtps_c;rosidl_typesupport_introspection_c\n'}
[0.274698] (udemy_ros2_pkg) StdoutLine: {'line': b'-- Using all available rosidl_typesupport_cpp: rosidl_typesupport_fastrtps_cpp;rosidl_typesupport_introspection_cpp\n'}
[0.299325] (-) TimerEvent: {}
[0.337826] (udemy_ros2_pkg) StdoutLine: {'line': b'-- Found rmw_implementation_cmake: 6.1.1 (/opt/ros/humble/share/rmw_implementation_cmake/cmake)\n'}
[0.339104] (udemy_ros2_pkg) StdoutLine: {'line': b'-- Found rmw_fastrtps_cpp: 6.2.2 (/opt/ros/humble/share/rmw_fastrtps_cpp/cmake)\n'}
[0.399410] (-) TimerEvent: {}
[0.483181] (udemy_ros2_pkg) StdoutLine: {'line': b"-- Using RMW implementation 'rmw_fastrtps_cpp' as default\n"}
[0.499546] (-) TimerEvent: {}
[0.599903] (-) TimerEvent: {}
[0.668473] (udemy_ros2_pkg) StdoutLine: {'line': b'-- Found ament_lint_auto: 0.12.5 (/opt/ros/humble/share/ament_lint_auto/cmake)\n'}
[0.699988] (-) TimerEvent: {}
[0.738312] (udemy_ros2_pkg) StdoutLine: {'line': b"-- Added test 'cppcheck' to perform static code analysis on C / C++ code\n"}
[0.738504] (udemy_ros2_pkg) StdoutLine: {'line': b'-- Configured cppcheck include dirs: \n'}
[0.738591] (udemy_ros2_pkg) StdoutLine: {'line': b'-- Configured cppcheck exclude dirs and/or files: \n'}
[0.739202] (udemy_ros2_pkg) StdoutLine: {'line': b"-- Added test 'lint_cmake' to check CMake code style\n"}
[0.740280] (udemy_ros2_pkg) StdoutLine: {'line': b"-- Added test 'uncrustify' to check C / C++ code style\n"}
[0.740371] (udemy_ros2_pkg) StdoutLine: {'line': b'-- Configured uncrustify additional arguments: \n'}
[0.740552] (udemy_ros2_pkg) StdoutLine: {'line': b"-- Added test 'xmllint' to check XML markup files\n"}
[0.741832] (udemy_ros2_pkg) StdoutLine: {'line': b'-- Configuring done\n'}
[0.753563] (udemy_ros2_pkg) StdoutLine: {'line': b'-- Generating done\n'}
[0.754916] (udemy_ros2_pkg) StdoutLine: {'line': b'-- Build files have been written to: /home/serhat/workspaces/build/udemy_ros2_pkg\n'}
[0.778283] (udemy_ros2_pkg) StdoutLine: {'line': b'\x1b[35m\x1b[1mConsolidate compiler generated dependencies of target publisher\x1b[0m\n'}
[0.786881] (udemy_ros2_pkg) StdoutLine: {'line': b'[ 25%] \x1b[32mBuilding CXX object CMakeFiles/subscriber.dir/src/subscriber.cpp.o\x1b[0m\n'}
[0.797065] (udemy_ros2_pkg) StdoutLine: {'line': b'[ 50%] \x1b[32mBuilding CXX object CMakeFiles/publisher.dir/src/publisher.cpp.o\x1b[0m\n'}
[0.800095] (-) TimerEvent: {}
[0.900363] (-) TimerEvent: {}
[1.000699] (-) TimerEvent: {}
[1.101078] (-) TimerEvent: {}
[1.201441] (-) TimerEvent: {}
[1.301908] (-) TimerEvent: {}
[1.402295] (-) TimerEvent: {}
[1.502810] (-) TimerEvent: {}
[1.603073] (-) TimerEvent: {}
[1.703352] (-) TimerEvent: {}
[1.803639] (-) TimerEvent: {}
[1.903889] (-) TimerEvent: {}
[2.004134] (-) TimerEvent: {}
[2.104435] (-) TimerEvent: {}
[2.204792] (-) TimerEvent: {}
[2.305023] (-) TimerEvent: {}
[2.405340] (-) TimerEvent: {}
[2.505612] (-) TimerEvent: {}
[2.605873] (-) TimerEvent: {}
[2.706096] (-) TimerEvent: {}
[2.806373] (-) TimerEvent: {}
[2.906628] (-) TimerEvent: {}
[3.006890] (-) TimerEvent: {}
[3.107169] (-) TimerEvent: {}
[3.207450] (-) TimerEvent: {}
[3.221823] (udemy_ros2_pkg) StderrLine: {'line': b'\x1b[01m\x1b[K/home/serhat/workspaces/ros2_cpp_ws/src/udemy_ros2_pkg/src/subscriber.cpp:8:9:\x1b[m\x1b[K \x1b[01;31m\x1b[Kerror: \x1b[m\x1b[Kexpected unqualified-id before \xe2\x80\x98\x1b[01m\x1b[K{\x1b[m\x1b[K\xe2\x80\x99 token\n'}
[3.222009] (udemy_ros2_pkg) StderrLine: {'line': b'    8 |         \x1b[01;31m\x1b[K{\x1b[m\x1b[K\n'}
[3.222103] (udemy_ros2_pkg) StderrLine: {'line': b'      |         \x1b[01;31m\x1b[K^\x1b[m\x1b[K\n'}
[3.307540] (-) TimerEvent: {}
[3.407871] (-) TimerEvent: {}
[3.508144] (-) TimerEvent: {}
[3.608424] (-) TimerEvent: {}
[3.708718] (-) TimerEvent: {}
[3.809022] (-) TimerEvent: {}
[3.909307] (-) TimerEvent: {}
[3.967986] (udemy_ros2_pkg) StderrLine: {'line': b'gmake[2]: *** [CMakeFiles/subscriber.dir/build.make:76: CMakeFiles/subscriber.dir/src/subscriber.cpp.o] Error 1\n'}
[3.968332] (udemy_ros2_pkg) StderrLine: {'line': b'gmake[1]: *** [CMakeFiles/Makefile2:165: CMakeFiles/subscriber.dir/all] Error 2\n'}
[3.968399] (udemy_ros2_pkg) StderrLine: {'line': b'gmake[1]: *** Waiting for unfinished jobs....\n'}
[4.009433] (-) TimerEvent: {}
[4.109704] (-) TimerEvent: {}
[4.209961] (-) TimerEvent: {}
[4.310220] (-) TimerEvent: {}
[4.410490] (-) TimerEvent: {}
[4.510808] (-) TimerEvent: {}
[4.611090] (-) TimerEvent: {}
[4.711365] (-) TimerEvent: {}
[4.811629] (-) TimerEvent: {}
[4.911891] (-) TimerEvent: {}
[5.012185] (-) TimerEvent: {}
[5.112432] (-) TimerEvent: {}
[5.212710] (-) TimerEvent: {}
[5.312932] (-) TimerEvent: {}
[5.413251] (-) TimerEvent: {}
[5.513467] (-) TimerEvent: {}
[5.613726] (-) TimerEvent: {}
[5.713972] (-) TimerEvent: {}
[5.814219] (-) TimerEvent: {}
[5.914487] (-) TimerEvent: {}
[6.014743] (-) TimerEvent: {}
[6.114991] (-) TimerEvent: {}
[6.215238] (-) TimerEvent: {}
[6.315491] (-) TimerEvent: {}
[6.415749] (-) TimerEvent: {}
[6.515982] (-) TimerEvent: {}
[6.616308] (-) TimerEvent: {}
[6.716595] (-) TimerEvent: {}
[6.816846] (-) TimerEvent: {}
[6.917090] (-) TimerEvent: {}
[7.017333] (-) TimerEvent: {}
[7.117544] (-) TimerEvent: {}
[7.217790] (-) TimerEvent: {}
[7.318074] (-) TimerEvent: {}
[7.418356] (-) TimerEvent: {}
[7.483847] (udemy_ros2_pkg) StdoutLine: {'line': b'[ 75%] \x1b[32m\x1b[1mLinking CXX executable publisher\x1b[0m\n'}
[7.518486] (-) TimerEvent: {}
[7.618751] (-) TimerEvent: {}
[7.645293] (udemy_ros2_pkg) StdoutLine: {'line': b'[ 75%] Built target publisher\n'}
[7.647082] (udemy_ros2_pkg) StderrLine: {'line': b'gmake: *** [Makefile:146: all] Error 2\n'}
[7.649189] (udemy_ros2_pkg) CommandEnded: {'returncode': 2}
[7.694605] (udemy_ros2_pkg) JobEnded: {'identifier': 'udemy_ros2_pkg', 'rc': 2}
[7.705165] (-) EventReactorShutdown: {}
