[01m[K/home/serhat/workspaces/ros2_cpp_ws/src/udemy_ros2_pkg/src/rpm_speed.cpp:[m[K In constructor â€˜[01m[KRobotController::RobotController()[m[Kâ€™:
[01m[K/home/serhat/workspaces/ros2_cpp_ws/src/udemy_ros2_pkg/src/rpm_speed.cpp:25:5:[m[K [01;31m[Kerror: [m[Kâ€˜[01m[Kspi_fd_[m[Kâ€™ was not declared in this scope; did you mean â€˜[01m[Ksi_fd[m[Kâ€™?
   25 |     [01;31m[Kspi_fd_[m[K = open("/dev/spidev0.0", O_RDWR);
      |     [01;31m[K^~~~~~~[m[K
      |     [32m[Ksi_fd[m[K
[01m[K/home/serhat/workspaces/ros2_cpp_ws/src/udemy_ros2_pkg/src/rpm_speed.cpp:[m[K In destructor â€˜[01m[Kvirtual RobotController::~RobotController()[m[Kâ€™:
[01m[K/home/serhat/workspaces/ros2_cpp_ws/src/udemy_ros2_pkg/src/rpm_speed.cpp:32:11:[m[K [01;31m[Kerror: [m[Kâ€˜[01m[Kspi_fd_[m[Kâ€™ was not declared in this scope; did you mean â€˜[01m[Ksi_fd[m[Kâ€™?
   32 |     close([01;31m[Kspi_fd_[m[K);
      |           [01;31m[K^~~~~~~[m[K
      |           [32m[Ksi_fd[m[K
[01m[K/home/serhat/workspaces/ros2_cpp_ws/src/udemy_ros2_pkg/src/rpm_speed.cpp:[m[K In member function â€˜[01m[Kvoid RobotController::cmd_vel_callback(geometry_msgs::msg::Twist_<std::allocator<void> >::SharedPtr)[m[Kâ€™:
[01m[K/home/serhat/workspaces/ros2_cpp_ws/src/udemy_ros2_pkg/src/rpm_speed.cpp:80:29:[m[K [01;31m[Kerror: [m[Kâ€˜[01m[Kspi_fd_[m[Kâ€™ was not declared in this scope; did you mean â€˜[01m[Ksi_fd[m[Kâ€™?
   80 |     int status_left = ioctl([01;31m[Kspi_fd_[m[K, SPI_IOC_MESSAGE(1), &spi_left);
      |                             [01;31m[K^~~~~~~[m[K
      |                             [32m[Ksi_fd[m[K
[01m[K/home/serhat/workspaces/ros2_cpp_ws/src/udemy_ros2_pkg/src/rpm_speed.cpp:83:14:[m[K [01;31m[Kerror: [m[Kreturn-statement with a value, in function returning â€˜[01m[Kvoid[m[Kâ€™ [[01;31m[K]8;;https://gcc.gnu.org/onlinedocs/gcc/Warning-Options.html#index-fpermissive-fpermissive]8;;[m[K]
   83 |       return [01;31m[K-1[m[K;
      |              [01;31m[K^~[m[K
[01m[K/home/serhat/workspaces/ros2_cpp_ws/src/udemy_ros2_pkg/src/rpm_speed.cpp:104:14:[m[K [01;31m[Kerror: [m[Kreturn-statement with a value, in function returning â€˜[01m[Kvoid[m[Kâ€™ [[01;31m[K]8;;https://gcc.gnu.org/onlinedocs/gcc/Warning-Options.html#index-fpermissive-fpermissive]8;;[m[K]
  104 |       return [01;31m[K-1[m[K;
      |              [01;31m[K^~[m[K
[01m[K/home/serhat/workspaces/ros2_cpp_ws/src/udemy_ros2_pkg/src/rpm_speed.cpp:62:13:[m[K [01;35m[Kwarning: [m[Kunused variable â€˜[01m[Ktx_buffer[m[Kâ€™ [[01;35m[K]8;;https://gcc.gnu.org/onlinedocs/gcc/Warning-Options.html#index-Wunused-variable-Wunused-variable]8;;[m[K]
   62 |     uint8_t [01;35m[Ktx_buffer[m[K[4];
      |             [01;35m[K^~~~~~~~~[m[K
[01m[K/home/serhat/workspaces/ros2_cpp_ws/src/udemy_ros2_pkg/src/rpm_speed.cpp:63:13:[m[K [01;35m[Kwarning: [m[Kunused variable â€˜[01m[Krx_buffer[m[Kâ€™ [[01;35m[K]8;;https://gcc.gnu.org/onlinedocs/gcc/Warning-Options.html#index-Wunused-variable-Wunused-variable]8;;[m[K]
   63 |     uint8_t [01;35m[Krx_buffer[m[K[4];
      |             [01;35m[K^~~~~~~~~[m[K
[01m[K/home/serhat/workspaces/ros2_cpp_ws/src/udemy_ros2_pkg/src/rpm_speed.cpp:[m[K In function â€˜[01m[Kint send_data_to_pican2(double, double)[m[Kâ€™:
[01m[K/home/serhat/workspaces/ros2_cpp_ws/src/udemy_ros2_pkg/src/rpm_speed.cpp:11:21:[m[K [01;31m[Kerror: [m[Klvalue required as unary â€˜[01m[K&[m[Kâ€™ operand
   11 | #define SPI_MODE    [01;31m[K0[m[K
      |                     [01;31m[K^[m[K
[01m[K/home/serhat/workspaces/ros2_cpp_ws/src/udemy_ros2_pkg/src/rpm_speed.cpp:151:43:[m[K [01;36m[Knote: [m[Kin expansion of macro â€˜[01m[KSPI_MODE[m[Kâ€™
  151 |     ret = ioctl(spi_fd, SPI_IOC_WR_MODE, &[01;36m[KSPI_MODE[m[K);
      |                                           [01;36m[K^~~~~~~~[m[K
[01m[K/home/serhat/workspaces/ros2_cpp_ws/src/udemy_ros2_pkg/src/rpm_speed.cpp:10:21:[m[K [01;31m[Kerror: [m[Klvalue required as unary â€˜[01m[K&[m[Kâ€™ operand
   10 | #define SPI_SPEED   [01;31m[K1000000[m[K
      |                     [01;31m[K^~~~~~~[m[K
[01m[K/home/serhat/workspaces/ros2_cpp_ws/src/udemy_ros2_pkg/src/rpm_speed.cpp:157:51:[m[K [01;36m[Knote: [m[Kin expansion of macro â€˜[01m[KSPI_SPEED[m[Kâ€™
  157 |     ret = ioctl(spi_fd, SPI_IOC_WR_MAX_SPEED_HZ, &[01;36m[KSPI_SPEED[m[K);
      |                                                   [01;36m[K^~~~~~~~~[m[K
[01m[K/home/serhat/workspaces/ros2_cpp_ws/src/udemy_ros2_pkg/src/rpm_speed.cpp:165:41:[m[K [01;31m[Kerror: [m[Kinvalid operands of types â€˜[01m[Kdouble[m[Kâ€™ and â€˜[01m[Kint[m[Kâ€™ to binary â€˜[01m[Koperator>>[m[Kâ€™
  165 |     tx_buffer[1] = (uint8_t)([32m[Kleft_speed[m[K [01;31m[K>>[m[K [34m[K8[m[K);
      |                              [32m[K~~~~~~~~~~[m[K [01;31m[K^~[m[K [34m[K~[m[K
      |                              [32m[K|[m[K             [34m[K|[m[K
      |                              [32m[Kdouble[m[K        [34m[Kint[m[K
[01m[K/home/serhat/workspaces/ros2_cpp_ws/src/udemy_ros2_pkg/src/rpm_speed.cpp:167:42:[m[K [01;31m[Kerror: [m[Kinvalid operands of types â€˜[01m[Kdouble[m[Kâ€™ and â€˜[01m[Kint[m[Kâ€™ to binary â€˜[01m[Koperator>>[m[Kâ€™
  167 |     tx_buffer[3] = (uint8_t)([32m[Kright_speed[m[K [01;31m[K>>[m[K [34m[K8[m[K);
      |                              [32m[K~~~~~~~~~~~[m[K [01;31m[K^~[m[K [34m[K~[m[K
      |                              [32m[K|[m[K              [34m[K|[m[K
      |                              [32m[Kdouble[m[K         [34m[Kint[m[K
[01m[K/home/serhat/workspaces/ros2_cpp_ws/src/udemy_ros2_pkg/src/rpm_speed.cpp:179:15:[m[K [01;31m[Kerror: [m[Kâ€˜[01m[Kspi_fd_[m[Kâ€™ was not declared in this scope; did you mean â€˜[01m[Kspi_fd[m[Kâ€™?
  179 |     if (ioctl([01;31m[Kspi_fd_[m[K, SPI_IOC_MESSAGE(1), &spi) < 0) {
      |               [01;31m[K^~~~~~~[m[K
      |               [32m[Kspi_fd[m[K
gmake[2]: *** [CMakeFiles/rpm_speed.dir/build.make:76: CMakeFiles/rpm_speed.dir/src/rpm_speed.cpp.o] Error 1
gmake[1]: *** [CMakeFiles/Makefile2:660: CMakeFiles/rpm_speed.dir/all] Error 2
gmake[1]: *** Waiting for unfinished jobs....
gmake: *** [Makefile:146: all] Error 2
