[0.225s] Invoking command in '/home/serhat/workspaces/build/udemy_ros2_pkg': CMAKE_PREFIX_PATH=/opt/ros/humble /usr/bin/cmake --build /home/serhat/workspaces/build/udemy_ros2_pkg -- -j12 -l12
[2.899s] [  0%] Built target ament_cmake_python_symlink_udemy_ros2_pkg
[3.031s] [  3%] [32mBuilding CXX object CMakeFiles/rpm_pub.dir/src/rpm_pub.cpp.o[0m
[3.031s] [  3%] [32mBuilding CXX object CMakeFiles/publisher.dir/src/publisher.cpp.o[0m
[3.031s] [  4%] [32mBuilding CXX object CMakeFiles/subscriber.dir/src/subscriber.cpp.o[0m
[3.177s] [  6%] [32mBuilding CXX object CMakeFiles/speed_calc.dir/src/speed_calc.cpp.o[0m
[3.433s] [  7%] Built target udemy_ros2_pkg__cpp
[3.473s] [35m[1mConsolidate compiler generated dependencies of target rpm_speed[0m
[3.602s] [  9%] [32mBuilding CXX object CMakeFiles/rpm_speed.dir/src/rpm_speed.cpp.o[0m
[3.732s] running egg_info
[3.736s] writing udemy_ros2_pkg.egg-info/PKG-INFO
[3.737s] writing dependency_links to udemy_ros2_pkg.egg-info/dependency_links.txt
[3.738s] writing top-level names to udemy_ros2_pkg.egg-info/top_level.txt
[3.816s] [ 16%] Built target udemy_ros2_pkg__rosidl_generator_c
[3.866s] reading manifest file 'udemy_ros2_pkg.egg-info/SOURCES.txt'
[3.901s] writing manifest file 'udemy_ros2_pkg.egg-info/SOURCES.txt'
[3.943s] [ 16%] Built target ament_cmake_python_build_udemy_ros2_pkg_egg
[4.329s] [ 18%] [32mBuilding CXX object CMakeFiles/udemy_ros2_pkg__rosidl_typesupport_cpp.dir/rosidl_typesupport_cpp/udemy_ros2_pkg/srv/odd_even_check__type_support.cpp.o[0m
[4.331s] [ 20%] [32mBuilding CXX object CMakeFiles/udemy_ros2_pkg__rosidl_typesupport_cpp.dir/rosidl_typesupport_cpp/udemy_ros2_pkg/srv/turn_camera__type_support.cpp.o[0m
[4.334s] [ 21%] [32mBuilding CXX object CMakeFiles/udemy_ros2_pkg__rosidl_typesupport_fastrtps_c.dir/rosidl_typesupport_fastrtps_c/udemy_ros2_pkg/srv/detail/odd_even_check__type_support_c.cpp.o[0m
[4.340s] [ 29%] Built target udemy_ros2_pkg__rosidl_typesupport_introspection_c
[4.342s] [ 30%] [32mBuilding CXX object CMakeFiles/udemy_ros2_pkg__rosidl_typesupport_fastrtps_cpp.dir/rosidl_typesupport_fastrtps_cpp/udemy_ros2_pkg/srv/detail/dds_fastrtps/odd_even_check__type_support.cpp.o[0m
[4.343s] [ 38%] Built target udemy_ros2_pkg__rosidl_typesupport_c
[4.343s] [ 40%] [32mBuilding CXX object CMakeFiles/udemy_ros2_pkg__rosidl_typesupport_introspection_cpp.dir/rosidl_typesupport_introspection_cpp/udemy_ros2_pkg/srv/detail/odd_even_check__type_support.cpp.o[0m
[4.349s] [ 41%] [32mBuilding CXX object CMakeFiles/udemy_ros2_pkg__rosidl_typesupport_introspection_cpp.dir/rosidl_typesupport_introspection_cpp/udemy_ros2_pkg/srv/detail/turn_camera__type_support.cpp.o[0m
[4.351s] [ 43%] [32mBuilding CXX object CMakeFiles/udemy_ros2_pkg__rosidl_typesupport_introspection_cpp.dir/rosidl_typesupport_introspection_cpp/udemy_ros2_pkg/action/detail/navigate__type_support.cpp.o[0m
[8.042s] [ 44%] [32mBuilding CXX object CMakeFiles/udemy_ros2_pkg__rosidl_typesupport_fastrtps_cpp.dir/rosidl_typesupport_fastrtps_cpp/udemy_ros2_pkg/action/detail/dds_fastrtps/navigate__type_support.cpp.o[0m
[8.042s] [ 46%] [32mBuilding CXX object CMakeFiles/udemy_ros2_pkg__rosidl_typesupport_fastrtps_cpp.dir/rosidl_typesupport_fastrtps_cpp/udemy_ros2_pkg/srv/detail/dds_fastrtps/turn_camera__type_support.cpp.o[0m
[8.042s] [ 47%] [32mBuilding CXX object CMakeFiles/udemy_ros2_pkg__rosidl_typesupport_cpp.dir/rosidl_typesupport_cpp/udemy_ros2_pkg/action/navigate__type_support.cpp.o[0m
[8.042s] [ 49%] [32mBuilding CXX object CMakeFiles/udemy_ros2_pkg__rosidl_typesupport_fastrtps_c.dir/rosidl_typesupport_fastrtps_c/udemy_ros2_pkg/srv/detail/turn_camera__type_support_c.cpp.o[0m
[8.043s] [ 52%] [32mBuilding CXX object CMakeFiles/udemy_ros2_pkg__rosidl_typesupport_fastrtps_c.dir/rosidl_typesupport_fastrtps_c/udemy_ros2_pkg/action/detail/navigate__type_support_c.cpp.o[0m
[8.043s] [ 52%] [32m[1mLinking CXX shared library libudemy_ros2_pkg__rosidl_typesupport_introspection_cpp.so[0m
[8.929s] [ 53%] [32m[1mLinking CXX shared library libudemy_ros2_pkg__rosidl_typesupport_cpp.so[0m
[9.075s] [ 55%] [32m[1mLinking CXX shared library libudemy_ros2_pkg__rosidl_typesupport_fastrtps_c.so[0m
[9.138s] [ 56%] [32m[1mLinking CXX shared library libudemy_ros2_pkg__rosidl_typesupport_fastrtps_cpp.so[0m
[9.743s] [ 58%] Built target udemy_ros2_pkg__rosidl_typesupport_cpp
[9.887s] [ 63%] Built target udemy_ros2_pkg__rosidl_typesupport_fastrtps_cpp
[9.888s] [ 63%] Built target udemy_ros2_pkg__rosidl_typesupport_introspection_cpp
[9.889s] [ 63%] Built target udemy_ros2_pkg__rosidl_typesupport_fastrtps_c
[10.343s] [ 64%] [32mBuilding CXX object CMakeFiles/action_client.dir/src/action_client.cpp.o[0m
[10.352s] [ 66%] [32mBuilding CXX object CMakeFiles/action_server.dir/src/action_server.cpp.o[0m
[10.488s] [ 67%] [32mBuilding CXX object CMakeFiles/service_server.dir/src/service_server.cpp.o[0m
[10.535s] [ 67%] Built target udemy_ros2_pkg
[10.586s] [ 69%] Built target udemy_ros2_pkg__py
[10.601s] [ 70%] [32mBuilding CXX object CMakeFiles/service_client.dir/src/service_client.cpp.o[0m
[10.694s] [ 72%] [32mBuilding C object CMakeFiles/udemy_ros2_pkg__rosidl_generator_py.dir/rosidl_generator_py/udemy_ros2_pkg/action/_navigate_s.c.o[0m
[10.695s] [ 75%] [32mBuilding C object CMakeFiles/udemy_ros2_pkg__rosidl_generator_py.dir/rosidl_generator_py/udemy_ros2_pkg/srv/_odd_even_check_s.c.o[0m
[10.695s] [ 75%] [32mBuilding C object CMakeFiles/udemy_ros2_pkg__rosidl_generator_py.dir/rosidl_generator_py/udemy_ros2_pkg/srv/_turn_camera_s.c.o[0m
[13.604s] [ 76%] [32m[1mLinking C shared library rosidl_generator_py/udemy_ros2_pkg/libudemy_ros2_pkg__rosidl_generator_py.so[0m
[14.230s] [ 76%] Built target udemy_ros2_pkg__rosidl_generator_py
[14.557s] [ 78%] [32mBuilding C object CMakeFiles/udemy_ros2_pkg__rosidl_typesupport_introspection_c__pyext.dir/rosidl_generator_py/udemy_ros2_pkg/_udemy_ros2_pkg_s.ep.rosidl_typesupport_introspection_c.c.o[0m
[14.565s] [ 80%] [32mBuilding C object CMakeFiles/udemy_ros2_pkg__rosidl_typesupport_fastrtps_c__pyext.dir/rosidl_generator_py/udemy_ros2_pkg/_udemy_ros2_pkg_s.ep.rosidl_typesupport_fastrtps_c.c.o[0m
[14.581s] [ 81%] [32mBuilding C object CMakeFiles/udemy_ros2_pkg__rosidl_typesupport_c__pyext.dir/rosidl_generator_py/udemy_ros2_pkg/_udemy_ros2_pkg_s.ep.rosidl_typesupport_c.c.o[0m
[15.506s] [01m[K/home/serhat/workspaces/ros2_cpp_ws/src/udemy_ros2_pkg/src/rpm_speed.cpp:[m[K In constructor â€˜[01m[KRobotController::RobotController()[m[Kâ€™:
[15.506s] [01m[K/home/serhat/workspaces/ros2_cpp_ws/src/udemy_ros2_pkg/src/rpm_speed.cpp:25:5:[m[K [01;31m[Kerror: [m[Kâ€˜[01m[Kspi_fd_[m[Kâ€™ was not declared in this scope; did you mean â€˜[01m[Ksi_fd[m[Kâ€™?
[15.506s]    25 |     [01;31m[Kspi_fd_[m[K = open("/dev/spidev0.0", O_RDWR);
[15.506s]       |     [01;31m[K^~~~~~~[m[K
[15.506s]       |     [32m[Ksi_fd[m[K
[15.516s] [01m[K/home/serhat/workspaces/ros2_cpp_ws/src/udemy_ros2_pkg/src/rpm_speed.cpp:[m[K In destructor â€˜[01m[Kvirtual RobotController::~RobotController()[m[Kâ€™:
[15.516s] [01m[K/home/serhat/workspaces/ros2_cpp_ws/src/udemy_ros2_pkg/src/rpm_speed.cpp:32:11:[m[K [01;31m[Kerror: [m[Kâ€˜[01m[Kspi_fd_[m[Kâ€™ was not declared in this scope; did you mean â€˜[01m[Ksi_fd[m[Kâ€™?
[15.516s]    32 |     close([01;31m[Kspi_fd_[m[K);
[15.516s]       |           [01;31m[K^~~~~~~[m[K
[15.516s]       |           [32m[Ksi_fd[m[K
[15.531s] [01m[K/home/serhat/workspaces/ros2_cpp_ws/src/udemy_ros2_pkg/src/rpm_speed.cpp:[m[K In member function â€˜[01m[Kvoid RobotController::cmd_vel_callback(geometry_msgs::msg::Twist_<std::allocator<void> >::SharedPtr)[m[Kâ€™:
[15.531s] [01m[K/home/serhat/workspaces/ros2_cpp_ws/src/udemy_ros2_pkg/src/rpm_speed.cpp:80:29:[m[K [01;31m[Kerror: [m[Kâ€˜[01m[Kspi_fd_[m[Kâ€™ was not declared in this scope; did you mean â€˜[01m[Ksi_fd[m[Kâ€™?
[15.531s]    80 |     int status_left = ioctl([01;31m[Kspi_fd_[m[K, SPI_IOC_MESSAGE(1), &spi_left);
[15.531s]       |                             [01;31m[K^~~~~~~[m[K
[15.531s]       |                             [32m[Ksi_fd[m[K
[15.665s] [01m[K/home/serhat/workspaces/ros2_cpp_ws/src/udemy_ros2_pkg/src/rpm_speed.cpp:83:14:[m[K [01;31m[Kerror: [m[Kreturn-statement with a value, in function returning â€˜[01m[Kvoid[m[Kâ€™ [[01;31m[K]8;;https://gcc.gnu.org/onlinedocs/gcc/Warning-Options.html#index-fpermissive-fpermissive]8;;[m[K]
[15.665s]    83 |       return [01;31m[K-1[m[K;
[15.666s]       |              [01;31m[K^~[m[K
[15.666s] [01m[K/home/serhat/workspaces/ros2_cpp_ws/src/udemy_ros2_pkg/src/rpm_speed.cpp:104:14:[m[K [01;31m[Kerror: [m[Kreturn-statement with a value, in function returning â€˜[01m[Kvoid[m[Kâ€™ [[01;31m[K]8;;https://gcc.gnu.org/onlinedocs/gcc/Warning-Options.html#index-fpermissive-fpermissive]8;;[m[K]
[15.666s]   104 |       return [01;31m[K-1[m[K;
[15.666s]       |              [01;31m[K^~[m[K
[15.666s] [01m[K/home/serhat/workspaces/ros2_cpp_ws/src/udemy_ros2_pkg/src/rpm_speed.cpp:62:13:[m[K [01;35m[Kwarning: [m[Kunused variable â€˜[01m[Ktx_buffer[m[Kâ€™ [[01;35m[K]8;;https://gcc.gnu.org/onlinedocs/gcc/Warning-Options.html#index-Wunused-variable-Wunused-variable]8;;[m[K]
[15.666s]    62 |     uint8_t [01;35m[Ktx_buffer[m[K[4];
[15.667s]       |             [01;35m[K^~~~~~~~~[m[K
[15.667s] [01m[K/home/serhat/workspaces/ros2_cpp_ws/src/udemy_ros2_pkg/src/rpm_speed.cpp:63:13:[m[K [01;35m[Kwarning: [m[Kunused variable â€˜[01m[Krx_buffer[m[Kâ€™ [[01;35m[K]8;;https://gcc.gnu.org/onlinedocs/gcc/Warning-Options.html#index-Wunused-variable-Wunused-variable]8;;[m[K]
[15.667s]    63 |     uint8_t [01;35m[Krx_buffer[m[K[4];
[15.667s]       |             [01;35m[K^~~~~~~~~[m[K
[15.673s] [01m[K/home/serhat/workspaces/ros2_cpp_ws/src/udemy_ros2_pkg/src/rpm_speed.cpp:[m[K In function â€˜[01m[Kint send_data_to_pican2(double, double)[m[Kâ€™:
[15.673s] [01m[K/home/serhat/workspaces/ros2_cpp_ws/src/udemy_ros2_pkg/src/rpm_speed.cpp:11:21:[m[K [01;31m[Kerror: [m[Klvalue required as unary â€˜[01m[K&[m[Kâ€™ operand
[15.674s]    11 | #define SPI_MODE    [01;31m[K0[m[K
[15.674s]       |                     [01;31m[K^[m[K
[15.674s] [01m[K/home/serhat/workspaces/ros2_cpp_ws/src/udemy_ros2_pkg/src/rpm_speed.cpp:151:43:[m[K [01;36m[Knote: [m[Kin expansion of macro â€˜[01m[KSPI_MODE[m[Kâ€™
[15.674s]   151 |     ret = ioctl(spi_fd, SPI_IOC_WR_MODE, &[01;36m[KSPI_MODE[m[K);
[15.674s]       |                                           [01;36m[K^~~~~~~~[m[K
[15.674s] [01m[K/home/serhat/workspaces/ros2_cpp_ws/src/udemy_ros2_pkg/src/rpm_speed.cpp:10:21:[m[K [01;31m[Kerror: [m[Klvalue required as unary â€˜[01m[K&[m[Kâ€™ operand
[15.674s]    10 | #define SPI_SPEED   [01;31m[K1000000[m[K
[15.675s]       |                     [01;31m[K^~~~~~~[m[K
[15.675s] [01m[K/home/serhat/workspaces/ros2_cpp_ws/src/udemy_ros2_pkg/src/rpm_speed.cpp:157:51:[m[K [01;36m[Knote: [m[Kin expansion of macro â€˜[01m[KSPI_SPEED[m[Kâ€™
[15.675s]   157 |     ret = ioctl(spi_fd, SPI_IOC_WR_MAX_SPEED_HZ, &[01;36m[KSPI_SPEED[m[K);
[15.675s]       |                                                   [01;36m[K^~~~~~~~~[m[K
[15.675s] [01m[K/home/serhat/workspaces/ros2_cpp_ws/src/udemy_ros2_pkg/src/rpm_speed.cpp:165:41:[m[K [01;31m[Kerror: [m[Kinvalid operands of types â€˜[01m[Kdouble[m[Kâ€™ and â€˜[01m[Kint[m[Kâ€™ to binary â€˜[01m[Koperator>>[m[Kâ€™
[15.675s]   165 |     tx_buffer[1] = (uint8_t)([32m[Kleft_speed[m[K [01;31m[K>>[m[K [34m[K8[m[K);
[15.675s]       |                              [32m[K~~~~~~~~~~[m[K [01;31m[K^~[m[K [34m[K~[m[K
[15.675s]       |                              [32m[K|[m[K             [34m[K|[m[K
[15.676s]       |                              [32m[Kdouble[m[K        [34m[Kint[m[K
[15.676s] [01m[K/home/serhat/workspaces/ros2_cpp_ws/src/udemy_ros2_pkg/src/rpm_speed.cpp:167:42:[m[K [01;31m[Kerror: [m[Kinvalid operands of types â€˜[01m[Kdouble[m[Kâ€™ and â€˜[01m[Kint[m[Kâ€™ to binary â€˜[01m[Koperator>>[m[Kâ€™
[15.676s]   167 |     tx_buffer[3] = (uint8_t)([32m[Kright_speed[m[K [01;31m[K>>[m[K [34m[K8[m[K);
[15.676s]       |                              [32m[K~~~~~~~~~~~[m[K [01;31m[K^~[m[K [34m[K~[m[K
[15.676s]       |                              [32m[K|[m[K              [34m[K|[m[K
[15.676s]       |                              [32m[Kdouble[m[K         [34m[Kint[m[K
[15.680s] [01m[K/home/serhat/workspaces/ros2_cpp_ws/src/udemy_ros2_pkg/src/rpm_speed.cpp:179:15:[m[K [01;31m[Kerror: [m[Kâ€˜[01m[Kspi_fd_[m[Kâ€™ was not declared in this scope; did you mean â€˜[01m[Kspi_fd[m[Kâ€™?
[15.680s]   179 |     if (ioctl([01;31m[Kspi_fd_[m[K, SPI_IOC_MESSAGE(1), &spi) < 0) {
[15.680s]       |               [01;31m[K^~~~~~~[m[K
[15.680s]       |               [32m[Kspi_fd[m[K
[15.931s] [ 83%] [32m[1mLinking C shared library rosidl_generator_py/udemy_ros2_pkg/udemy_ros2_pkg_s__rosidl_typesupport_introspection_c.cpython-310-x86_64-linux-gnu.so[0m
[15.936s] [ 84%] [32m[1mLinking C shared library rosidl_generator_py/udemy_ros2_pkg/udemy_ros2_pkg_s__rosidl_typesupport_fastrtps_c.cpython-310-x86_64-linux-gnu.so[0m
[15.945s] [ 86%] [32m[1mLinking C shared library rosidl_generator_py/udemy_ros2_pkg/udemy_ros2_pkg_s__rosidl_typesupport_c.cpython-310-x86_64-linux-gnu.so[0m
[17.202s] [ 86%] Built target udemy_ros2_pkg__rosidl_typesupport_fastrtps_c__pyext
[17.207s] [ 86%] Built target udemy_ros2_pkg__rosidl_typesupport_introspection_c__pyext
[17.207s] [ 86%] Built target udemy_ros2_pkg__rosidl_typesupport_c__pyext
[19.588s] [ 87%] [32m[1mLinking CXX executable service_server[0m
[19.621s] [ 89%] [32m[1mLinking CXX executable service_client[0m
[19.881s] [ 89%] Built target service_server
[19.899s] [ 89%] Built target service_client
[20.712s] [ 90%] [32m[1mLinking CXX executable action_client[0m
[21.216s] [ 90%] Built target action_client
[21.533s] [ 92%] [32m[1mLinking CXX executable rpm_pub[0m
[21.644s] gmake[2]: *** [CMakeFiles/rpm_speed.dir/build.make:76: CMakeFiles/rpm_speed.dir/src/rpm_speed.cpp.o] Error 1
[21.644s] gmake[1]: *** [CMakeFiles/Makefile2:660: CMakeFiles/rpm_speed.dir/all] Error 2
[21.644s] gmake[1]: *** Waiting for unfinished jobs....
[21.773s] [ 92%] Built target rpm_pub
[21.837s] [ 93%] [32m[1mLinking CXX executable publisher[0m
[22.075s] [ 93%] Built target publisher
[29.557s] [ 95%] [32m[1mLinking CXX executable subscriber[0m
[31.060s] [ 95%] Built target subscriber
[31.813s] [ 96%] [32m[1mLinking CXX executable speed_calc[0m
[32.222s] [ 96%] Built target speed_calc
[34.355s] [ 98%] [32m[1mLinking CXX executable action_server[0m
[34.657s] [ 98%] Built target action_server
[34.658s] gmake: *** [Makefile:146: all] Error 2
[34.674s] Invoked command in '/home/serhat/workspaces/build/udemy_ros2_pkg' returned '2': CMAKE_PREFIX_PATH=/opt/ros/humble /usr/bin/cmake --build /home/serhat/workspaces/build/udemy_ros2_pkg -- -j12 -l12
