[01m[K/home/serhat/workspaces/ros2_cpp_ws/src/udemy_ros2_pkg/src/service_server.cpp:[m[K In member function â€˜[01m[Kvoid OddEvenCheckServiceNode::check_num_odd_even(udemy_ros2_pkg::srv::OddEvenCheck_Request_<std::allocator<void> >::SharedPtr, udemy_ros2_pkg::srv::OddEvenCheck_Response_<std::allocator<void> >::SharedPtr)[m[Kâ€™:
[01m[K/home/serhat/workspaces/ros2_cpp_ws/src/udemy_ros2_pkg/src/service_server.cpp:25:26:[m[K [01;31m[Kerror: [m[Kâ€˜[01m[Kreques[m[Kâ€™ was not declared in this scope; did you mean â€˜[01m[Krequest[m[Kâ€™?
   25 |         int remaninder = [01;31m[Kreques[m[K -> number % 2 ;
      |                          [01;31m[K^~~~~~[m[K
      |                          [32m[Krequest[m[K
[01m[K/home/serhat/workspaces/ros2_cpp_ws/src/udemy_ros2_pkg/src/service_server.cpp:27:16:[m[K [01;31m[Kerror: [m[Kswitch quantity not an integer
   27 |         switch([01;31m[Kremainder[m[K){
      |                [01;31m[K^~~~~~~~~[m[K
[01m[K/home/serhat/workspaces/ros2_cpp_ws/src/udemy_ros2_pkg/src/service_server.cpp:25:13:[m[K [01;35m[Kwarning: [m[Kunused variable â€˜[01m[Kremaninder[m[Kâ€™ [[01;35m[K]8;;https://gcc.gnu.org/onlinedocs/gcc/Warning-Options.html#index-Wunused-variable-Wunused-variable]8;;[m[K]
   25 |         int [01;35m[Kremaninder[m[K = reques -> number % 2 ;
      |             [01;35m[K^~~~~~~~~~[m[K
[01m[K/home/serhat/workspaces/ros2_cpp_ws/src/udemy_ros2_pkg/src/service_server.cpp:20:51:[m[K [01;35m[Kwarning: [m[Kunused parameter â€˜[01m[Krequest[m[Kâ€™ [[01;35m[K]8;;https://gcc.gnu.org/onlinedocs/gcc/Warning-Options.html#index-Wunused-parameter-Wunused-parameter]8;;[m[K]
   20 |         [01;35m[Kconst OddEvenCheckSrv::Request::SharedPtr request[m[K,
      |         [01;35m[K~~~~~~~~~~~~~~~~~~~~~~~~~~~~~~~~~~~~~~~~~~^~~~~~~[m[K
gmake[2]: *** [CMakeFiles/service_server.dir/build.make:76: CMakeFiles/service_server.dir/src/service_server.cpp.o] Error 1
gmake[1]: *** [CMakeFiles/Makefile2:705: CMakeFiles/service_server.dir/all] Error 2
gmake: *** [Makefile:146: all] Error 2
