[  2%] Built target udemy_ros2_pkg__cpp
[  9%] Built target udemy_ros2_pkg__rosidl_generator_c
[ 14%] Built target publisher
[ 14%] Built target ament_cmake_python_symlink_udemy_ros2_pkg
[ 19%] Built target subscriber
[ 24%] Built target rpm_pub
[ 29%] Built target speed_calc
[ 36%] Built target udemy_ros2_pkg__rosidl_typesupport_c
[ 43%] Built target udemy_ros2_pkg__rosidl_typesupport_introspection_cpp
[ 51%] Built target udemy_ros2_pkg__rosidl_typesupport_cpp
[ 58%] Built target udemy_ros2_pkg__rosidl_typesupport_fastrtps_c
[ 65%] Built target udemy_ros2_pkg__rosidl_typesupport_introspection_c
[ 73%] Built target udemy_ros2_pkg__rosidl_typesupport_fastrtps_cpp
[35m[1mConsolidate compiler generated dependencies of target service_server[0m
[ 73%] Built target udemy_ros2_pkg
[ 75%] [32mBuilding CXX object CMakeFiles/service_server.dir/src/service_server.cpp.o[0m
[ 78%] Built target udemy_ros2_pkg__py
[ 82%] Built target udemy_ros2_pkg__rosidl_generator_py
[ 87%] Built target udemy_ros2_pkg__rosidl_typesupport_c__pyext
[ 92%] Built target udemy_ros2_pkg__rosidl_typesupport_fastrtps_c__pyext
[ 97%] Built target udemy_ros2_pkg__rosidl_typesupport_introspection_c__pyext
running egg_info
writing udemy_ros2_pkg.egg-info/PKG-INFO
writing dependency_links to udemy_ros2_pkg.egg-info/dependency_links.txt
writing top-level names to udemy_ros2_pkg.egg-info/top_level.txt
reading manifest file 'udemy_ros2_pkg.egg-info/SOURCES.txt'
writing manifest file 'udemy_ros2_pkg.egg-info/SOURCES.txt'
[ 97%] Built target ament_cmake_python_build_udemy_ros2_pkg_egg
[01m[K/home/serhat/workspaces/ros2_cpp_ws/src/udemy_ros2_pkg/src/service_server.cpp:[m[K In member function â€˜[01m[Kvoid OddEvenCheckServiceNode::check_num_odd_even(udemy_ros2_pkg::srv::OddEvenCheck_Request_<std::allocator<void> >::SharedPtr, udemy_ros2_pkg::srv::OddEvenCheck_Response_<std::allocator<void> >::SharedPtr)[m[Kâ€™:
[01m[K/home/serhat/workspaces/ros2_cpp_ws/src/udemy_ros2_pkg/src/service_server.cpp:25:26:[m[K [01;31m[Kerror: [m[Kâ€˜[01m[Kreques[m[Kâ€™ was not declared in this scope; did you mean â€˜[01m[Krequest[m[Kâ€™?
   25 |         int remaninder = [01;31m[Kreques[m[K -> number % 2 ;
      |                          [01;31m[K^~~~~~[m[K
      |                          [32m[Krequest[m[K
[01m[K/home/serhat/workspaces/ros2_cpp_ws/src/udemy_ros2_pkg/src/service_server.cpp:27:16:[m[K [01;31m[Kerror: [m[Kswitch quantity not an integer
   27 |         switch([01;31m[Kremainder[m[K){
      |                [01;31m[K^~~~~~~~~[m[K
[01m[K/home/serhat/workspaces/ros2_cpp_ws/src/udemy_ros2_pkg/src/service_server.cpp:25:13:[m[K [01;35m[Kwarning: [m[Kunused variable â€˜[01m[Kremaninder[m[Kâ€™ [[01;35m[K]8;;https://gcc.gnu.org/onlinedocs/gcc/Warning-Options.html#index-Wunused-variable-Wunused-variable]8;;[m[K]
   25 |         int [01;35m[Kremaninder[m[K = reques -> number % 2 ;
      |             [01;35m[K^~~~~~~~~~[m[K
[01m[K/home/serhat/workspaces/ros2_cpp_ws/src/udemy_ros2_pkg/src/service_server.cpp:20:51:[m[K [01;35m[Kwarning: [m[Kunused parameter â€˜[01m[Krequest[m[Kâ€™ [[01;35m[K]8;;https://gcc.gnu.org/onlinedocs/gcc/Warning-Options.html#index-Wunused-parameter-Wunused-parameter]8;;[m[K]
   20 |         [01;35m[Kconst OddEvenCheckSrv::Request::SharedPtr request[m[K,
      |         [01;35m[K~~~~~~~~~~~~~~~~~~~~~~~~~~~~~~~~~~~~~~~~~~^~~~~~~[m[K
gmake[2]: *** [CMakeFiles/service_server.dir/build.make:76: CMakeFiles/service_server.dir/src/service_server.cpp.o] Error 1
gmake[1]: *** [CMakeFiles/Makefile2:705: CMakeFiles/service_server.dir/all] Error 2
gmake: *** [Makefile:146: all] Error 2
