[0.022s] Invoking command in '/home/serhat/workspaces/build/udemy_ros2_pkg': CMAKE_PREFIX_PATH=${CMAKE_PREFIX_PATH}:/opt/ros/humble /usr/bin/cmake --build /home/serhat/workspaces/build/udemy_ros2_pkg -- -j12 -l12
[0.102s] [  2%] Built target udemy_ros2_pkg__cpp
[0.104s] [  9%] Built target udemy_ros2_pkg__rosidl_generator_c
[0.113s] [ 14%] Built target publisher
[0.117s] [ 14%] Built target ament_cmake_python_symlink_udemy_ros2_pkg
[0.117s] [ 19%] Built target subscriber
[0.120s] [ 24%] Built target rpm_pub
[0.122s] [ 29%] Built target speed_calc
[0.141s] [ 36%] Built target udemy_ros2_pkg__rosidl_typesupport_c
[0.143s] [ 43%] Built target udemy_ros2_pkg__rosidl_typesupport_introspection_cpp
[0.153s] [ 51%] Built target udemy_ros2_pkg__rosidl_typesupport_cpp
[0.154s] [ 58%] Built target udemy_ros2_pkg__rosidl_typesupport_fastrtps_c
[0.156s] [ 65%] Built target udemy_ros2_pkg__rosidl_typesupport_introspection_c
[0.164s] [ 73%] Built target udemy_ros2_pkg__rosidl_typesupport_fastrtps_cpp
[0.171s] [35m[1mConsolidate compiler generated dependencies of target service_server[0m
[0.187s] [ 73%] Built target udemy_ros2_pkg
[0.197s] [ 75%] [32mBuilding CXX object CMakeFiles/service_server.dir/src/service_server.cpp.o[0m
[0.212s] [ 78%] Built target udemy_ros2_pkg__py
[0.241s] [ 82%] Built target udemy_ros2_pkg__rosidl_generator_py
[0.265s] [ 87%] Built target udemy_ros2_pkg__rosidl_typesupport_c__pyext
[0.266s] [ 92%] Built target udemy_ros2_pkg__rosidl_typesupport_fastrtps_c__pyext
[0.268s] [ 97%] Built target udemy_ros2_pkg__rosidl_typesupport_introspection_c__pyext
[0.472s] running egg_info
[0.472s] writing udemy_ros2_pkg.egg-info/PKG-INFO
[0.473s] writing dependency_links to udemy_ros2_pkg.egg-info/dependency_links.txt
[0.473s] writing top-level names to udemy_ros2_pkg.egg-info/top_level.txt
[0.475s] reading manifest file 'udemy_ros2_pkg.egg-info/SOURCES.txt'
[0.476s] writing manifest file 'udemy_ros2_pkg.egg-info/SOURCES.txt'
[0.502s] [ 97%] Built target ament_cmake_python_build_udemy_ros2_pkg_egg
[2.639s] [01m[K/home/serhat/workspaces/ros2_cpp_ws/src/udemy_ros2_pkg/src/service_server.cpp:[m[K In member function â€˜[01m[Kvoid OddEvenCheckServiceNode::check_num_odd_even(udemy_ros2_pkg::srv::OddEvenCheck_Request_<std::allocator<void> >::SharedPtr, udemy_ros2_pkg::srv::OddEvenCheck_Response_<std::allocator<void> >::SharedPtr)[m[Kâ€™:
[2.639s] [01m[K/home/serhat/workspaces/ros2_cpp_ws/src/udemy_ros2_pkg/src/service_server.cpp:25:26:[m[K [01;31m[Kerror: [m[Kâ€˜[01m[Kreques[m[Kâ€™ was not declared in this scope; did you mean â€˜[01m[Krequest[m[Kâ€™?
[2.639s]    25 |         int remaninder = [01;31m[Kreques[m[K -> number % 2 ;
[2.639s]       |                          [01;31m[K^~~~~~[m[K
[2.639s]       |                          [32m[Krequest[m[K
[2.639s] [01m[K/home/serhat/workspaces/ros2_cpp_ws/src/udemy_ros2_pkg/src/service_server.cpp:27:16:[m[K [01;31m[Kerror: [m[Kswitch quantity not an integer
[2.639s]    27 |         switch([01;31m[Kremainder[m[K){
[2.639s]       |                [01;31m[K^~~~~~~~~[m[K
[2.658s] [01m[K/home/serhat/workspaces/ros2_cpp_ws/src/udemy_ros2_pkg/src/service_server.cpp:25:13:[m[K [01;35m[Kwarning: [m[Kunused variable â€˜[01m[Kremaninder[m[Kâ€™ [[01;35m[K]8;;https://gcc.gnu.org/onlinedocs/gcc/Warning-Options.html#index-Wunused-variable-Wunused-variable]8;;[m[K]
[2.659s]    25 |         int [01;35m[Kremaninder[m[K = reques -> number % 2 ;
[2.659s]       |             [01;35m[K^~~~~~~~~~[m[K
[2.659s] [01m[K/home/serhat/workspaces/ros2_cpp_ws/src/udemy_ros2_pkg/src/service_server.cpp:20:51:[m[K [01;35m[Kwarning: [m[Kunused parameter â€˜[01m[Krequest[m[Kâ€™ [[01;35m[K]8;;https://gcc.gnu.org/onlinedocs/gcc/Warning-Options.html#index-Wunused-parameter-Wunused-parameter]8;;[m[K]
[2.659s]    20 |         [01;35m[Kconst OddEvenCheckSrv::Request::SharedPtr request[m[K,
[2.659s]       |         [01;35m[K~~~~~~~~~~~~~~~~~~~~~~~~~~~~~~~~~~~~~~~~~~^~~~~~~[m[K
[3.497s] gmake[2]: *** [CMakeFiles/service_server.dir/build.make:76: CMakeFiles/service_server.dir/src/service_server.cpp.o] Error 1
[3.497s] gmake[1]: *** [CMakeFiles/Makefile2:705: CMakeFiles/service_server.dir/all] Error 2
[3.497s] gmake: *** [Makefile:146: all] Error 2
[3.500s] Invoked command in '/home/serhat/workspaces/build/udemy_ros2_pkg' returned '2': CMAKE_PREFIX_PATH=${CMAKE_PREFIX_PATH}:/opt/ros/humble /usr/bin/cmake --build /home/serhat/workspaces/build/udemy_ros2_pkg -- -j12 -l12
