[0.000000] (-) TimerEvent: {}
[0.000098] (udemy_ros2_pkg) JobQueued: {'identifier': 'udemy_ros2_pkg', 'dependencies': OrderedDict()}
[0.000152] (udemy_ros2_pkg) JobStarted: {'identifier': 'udemy_ros2_pkg'}
[0.009875] (udemy_ros2_pkg) JobProgress: {'identifier': 'udemy_ros2_pkg', 'progress': 'cmake'}
[0.010528] (udemy_ros2_pkg) JobProgress: {'identifier': 'udemy_ros2_pkg', 'progress': 'build'}
[0.011212] (udemy_ros2_pkg) Command: {'cmd': ['/usr/bin/cmake', '--build', '/home/serhat/workspaces/build/udemy_ros2_pkg', '--', '-j12', '-l12'], 'cwd': '/home/serhat/workspaces/build/udemy_ros2_pkg', 'env': OrderedDict([('GJS_DEBUG_TOPICS', 'JS ERROR;JS LOG'), ('LESSOPEN', '| /usr/bin/lesspipe %s'), ('USER', 'serhat'), ('XDG_SESSION_TYPE', 'wayland'), ('GIT_ASKPASS', '/snap/code/122/usr/share/code/resources/app/extensions/git/dist/askpass.sh'), ('SHLVL', '1'), ('LD_LIBRARY_PATH', '/home/serhat/workspaces/install/udemy_ros2_pkg/lib:/home/serhat/workspaces/ros2_cpp_ws/install/udemy_ros2_pkg/lib:/usr/lib/x86_64-linux-gnu/gazebo-11/plugins:/opt/ros/humble/opt/rviz_ogre_vendor/lib:/opt/ros/humble/lib/x86_64-linux-gnu:/opt/ros/humble/lib'), ('HOME', '/home/serhat'), ('CHROME_DESKTOP', 'code-url-handler.desktop'), ('OLDPWD', '/home/serhat'), ('TERM_PROGRAM_VERSION', '1.76.2'), ('DESKTOP_SESSION', 'ubuntu'), ('GIO_LAUNCHED_DESKTOP_FILE', '/usr/share/applications/terminator.desktop'), ('ROS_PYTHON_VERSION', '3'), ('GNOME_SHELL_SESSION_MODE', 'ubuntu'), ('GTK_MODULES', 'gail:atk-bridge'), ('VSCODE_GIT_ASKPASS_MAIN', '/snap/code/122/usr/share/code/resources/app/extensions/git/dist/askpass-main.js'), ('VSCODE_GIT_ASKPASS_NODE', '/snap/code/122/usr/share/code/code'), ('MANAGERPID', '1302'), ('SYSTEMD_EXEC_PID', '1497'), ('DBUS_SESSION_BUS_ADDRESS', 'unix:path=/run/user/1000/bus'), ('COLORTERM', 'truecolor'), ('TERMINATOR_DBUS_NAME', 'net.tenshu.Terminator25ef4b219e3b005583550f2b0f9f990c3'), ('GIO_LAUNCHED_DESKTOP_FILE_PID', '5711'), ('IM_CONFIG_PHASE', '1'), ('WAYLAND_DISPLAY', 'wayland-0'), ('COLCON_PREFIX_PATH', '/home/serhat/workspaces/install:/home/serhat/workspaces/ros2_cpp_ws/install'), ('ROS_DISTRO', 'humble'), ('LOGNAME', 'serhat'), ('JOURNAL_STREAM', '8:35963'), ('_', '/usr/bin/colcon'), ('ROS_VERSION', '2'), ('XDG_SESSION_CLASS', 'user'), ('USERNAME', 'serhat'), ('TERM', 'xterm-256color'), ('GNOME_DESKTOP_SESSION_ID', 'this-is-deprecated'), ('ROS_LOCALHOST_ONLY', '0'), ('PATH', '/opt/ros/humble/bin:/usr/local/sbin:/usr/local/bin:/usr/sbin:/usr/bin:/sbin:/bin:/usr/games:/usr/local/games:/snap/bin:/snap/bin'), ('SESSION_MANAGER', 'local/serhat-ABRA-A5-V15-2:@/tmp/.ICE-unix/1464,unix/serhat-ABRA-A5-V15-2:/tmp/.ICE-unix/1464'), ('INVOCATION_ID', 'bec77f3867f0488bbbbe939652798575'), ('XDG_MENU_PREFIX', 'gnome-'), ('RMW_IMLEMENTATION', 'rmw_cyclonedds_cpp'), ('GNOME_SETUP_DISPLAY', ':1'), ('XDG_RUNTIME_DIR', '/run/user/1000'), ('GDK_BACKEND', 'x11'), ('DISPLAY', ':0'), ('TERMINATOR_DBUS_PATH', '/net/tenshu/Terminator2'), ('LANG', 'en_US.UTF-8'), ('XDG_CURRENT_DESKTOP', 'Unity'), ('IBUS_DISABLE_SNOOPER', '1'), ('XMODIFIERS', '@im=ibus'), ('XDG_SESSION_DESKTOP', 'ubuntu'), ('XAUTHORITY', '/run/user/1000/.mutter-Xwaylandauth.CQZP21'), ('LS_COLORS', 'rs=0:di=01;34:ln=01;36:mh=00:pi=40;33:so=01;35:do=01;35:bd=40;33;01:cd=40;33;01:or=40;31;01:mi=00:su=37;41:sg=30;43:ca=30;41:tw=30;42:ow=34;42:st=37;44:ex=01;32:*.tar=01;31:*.tgz=01;31:*.arc=01;31:*.arj=01;31:*.taz=01;31:*.lha=01;31:*.lz4=01;31:*.lzh=01;31:*.lzma=01;31:*.tlz=01;31:*.txz=01;31:*.tzo=01;31:*.t7z=01;31:*.zip=01;31:*.z=01;31:*.dz=01;31:*.gz=01;31:*.lrz=01;31:*.lz=01;31:*.lzo=01;31:*.xz=01;31:*.zst=01;31:*.tzst=01;31:*.bz2=01;31:*.bz=01;31:*.tbz=01;31:*.tbz2=01;31:*.tz=01;31:*.deb=01;31:*.rpm=01;31:*.jar=01;31:*.war=01;31:*.ear=01;31:*.sar=01;31:*.rar=01;31:*.alz=01;31:*.ace=01;31:*.zoo=01;31:*.cpio=01;31:*.7z=01;31:*.rz=01;31:*.cab=01;31:*.wim=01;31:*.swm=01;31:*.dwm=01;31:*.esd=01;31:*.jpg=01;35:*.jpeg=01;35:*.mjpg=01;35:*.mjpeg=01;35:*.gif=01;35:*.bmp=01;35:*.pbm=01;35:*.pgm=01;35:*.ppm=01;35:*.tga=01;35:*.xbm=01;35:*.xpm=01;35:*.tif=01;35:*.tiff=01;35:*.png=01;35:*.svg=01;35:*.svgz=01;35:*.mng=01;35:*.pcx=01;35:*.mov=01;35:*.mpg=01;35:*.mpeg=01;35:*.m2v=01;35:*.mkv=01;35:*.webm=01;35:*.webp=01;35:*.ogm=01;35:*.mp4=01;35:*.m4v=01;35:*.mp4v=01;35:*.vob=01;35:*.qt=01;35:*.nuv=01;35:*.wmv=01;35:*.asf=01;35:*.rm=01;35:*.rmvb=01;35:*.flc=01;35:*.avi=01;35:*.fli=01;35:*.flv=01;35:*.gl=01;35:*.dl=01;35:*.xcf=01;35:*.xwd=01;35:*.yuv=01;35:*.cgm=01;35:*.emf=01;35:*.ogv=01;35:*.ogx=01;35:*.aac=00;36:*.au=00;36:*.flac=00;36:*.m4a=00;36:*.mid=00;36:*.midi=00;36:*.mka=00;36:*.mp3=00;36:*.mpc=00;36:*.ogg=00;36:*.ra=00;36:*.wav=00;36:*.oga=00;36:*.opus=00;36:*.spx=00;36:*.xspf=00;36:'), ('VSCODE_GIT_IPC_HANDLE', '/run/user/1000/vscode-git-287faa05ef.sock'), ('TERM_PROGRAM', 'vscode'), ('SSH_AGENT_LAUNCHER', 'gnome-keyring'), ('SSH_AUTH_SOCK', '/run/user/1000/keyring/ssh'), ('GSETTINGS_SCHEMA_DIR', '/snap/code/122/usr/share/glib-2.0/schemas'), ('AMENT_PREFIX_PATH', '/home/serhat/workspaces/install/udemy_ros2_pkg:/home/serhat/workspaces/ros2_cpp_ws/install/udemy_ros2_pkg:/opt/ros/humble'), ('ORIGINAL_XDG_CURRENT_DESKTOP', 'ubuntu:GNOME'), ('SHELL', '/bin/bash'), ('TERMINATOR_UUID', 'urn:uuid:792cbab4-ed0a-436d-9803-90056dc50caf'), ('QT_ACCESSIBILITY', '1'), ('GDMSESSION', 'ubuntu'), ('LESSCLOSE', '/usr/bin/lesspipe %s %s'), ('GJS_DEBUG_OUTPUT', 'stderr'), ('VSCODE_GIT_ASKPASS_EXTRA_ARGS', '--ms-enable-electron-run-as-node'), ('QT_IM_MODULE', 'ibus'), ('PWD', '/home/serhat/workspaces/build/udemy_ros2_pkg'), ('TURTLEBOT3_MODEL', 'waffle'), ('LC_ALL', 'en_US.UTF-8'), ('XDG_CONFIG_DIRS', '/etc/xdg/xdg-ubuntu:/etc/xdg'), ('XDG_DATA_DIRS', '/usr/share/ubuntu:/usr/local/share/:/usr/share/:/var/lib/snapd/desktop'), ('PYTHONPATH', '/home/serhat/workspaces/install/udemy_ros2_pkg/local/lib/python3.10/dist-packages:/home/serhat/workspaces/ros2_cpp_ws/install/udemy_ros2_pkg/local/lib/python3.10/dist-packages:/opt/ros/humble/lib/python3.10/site-packages:/opt/ros/humble/local/lib/python3.10/dist-packages'), ('COLCON', '1'), ('VTE_VERSION', '6800'), ('CMAKE_PREFIX_PATH', '/home/serhat/workspaces/install/udemy_ros2_pkg:/home/serhat/workspaces/ros2_cpp_ws/install/udemy_ros2_pkg:/opt/ros/humble')]), 'shell': False}
[0.047318] (udemy_ros2_pkg) StdoutLine: {'line': b'-- Found ament_cmake: 1.3.3 (/opt/ros/humble/share/ament_cmake/cmake)\n'}
[0.098848] (-) TimerEvent: {}
[0.179760] (udemy_ros2_pkg) StdoutLine: {'line': b'-- Override CMake install command with custom implementation using symlinks instead of copying resources\n'}
[0.189889] (udemy_ros2_pkg) StdoutLine: {'line': b'-- Found rclcpp: 16.0.3 (/opt/ros/humble/share/rclcpp/cmake)\n'}
[0.198930] (-) TimerEvent: {}
[0.238802] (udemy_ros2_pkg) StdoutLine: {'line': b'-- Found rosidl_generator_c: 3.1.4 (/opt/ros/humble/share/rosidl_generator_c/cmake)\n'}
[0.243243] (udemy_ros2_pkg) StdoutLine: {'line': b'-- Found rosidl_adapter: 3.1.4 (/opt/ros/humble/share/rosidl_adapter/cmake)\n'}
[0.253117] (udemy_ros2_pkg) StdoutLine: {'line': b'-- Found rosidl_generator_cpp: 3.1.4 (/opt/ros/humble/share/rosidl_generator_cpp/cmake)\n'}
[0.270476] (udemy_ros2_pkg) StdoutLine: {'line': b'-- Using all available rosidl_typesupport_c: rosidl_typesupport_fastrtps_c;rosidl_typesupport_introspection_c\n'}
[0.284327] (udemy_ros2_pkg) StdoutLine: {'line': b'-- Using all available rosidl_typesupport_cpp: rosidl_typesupport_fastrtps_cpp;rosidl_typesupport_introspection_cpp\n'}
[0.299026] (-) TimerEvent: {}
[0.355521] (udemy_ros2_pkg) StdoutLine: {'line': b'-- Found rmw_implementation_cmake: 6.1.1 (/opt/ros/humble/share/rmw_implementation_cmake/cmake)\n'}
[0.357194] (udemy_ros2_pkg) StdoutLine: {'line': b'-- Found rmw_fastrtps_cpp: 6.2.2 (/opt/ros/humble/share/rmw_fastrtps_cpp/cmake)\n'}
[0.399158] (-) TimerEvent: {}
[0.489147] (udemy_ros2_pkg) StdoutLine: {'line': b"-- Using RMW implementation 'rmw_fastrtps_cpp' as default\n"}
[0.499299] (-) TimerEvent: {}
[0.599575] (-) TimerEvent: {}
[0.649462] (udemy_ros2_pkg) StdoutLine: {'line': b'-- Found rosidl_default_generators: 1.2.0 (/opt/ros/humble/share/rosidl_default_generators/cmake)\n'}
[0.655709] (udemy_ros2_pkg) StdoutLine: {'line': b'-- Found sensor_msgs: 4.2.3 (/opt/ros/humble/share/sensor_msgs/cmake)\n'}
[0.699698] (-) TimerEvent: {}
[0.787645] (udemy_ros2_pkg) StdoutLine: {'line': b'-- Found cv_bridge: 3.2.1 (/opt/ros/humble/share/cv_bridge/cmake)\n'}
[0.794442] (udemy_ros2_pkg) StdoutLine: {'line': b'-- Found action_msgs: 1.2.1 (/opt/ros/humble/share/action_msgs/cmake)\n'}
[0.799797] (-) TimerEvent: {}
[0.856858] (udemy_ros2_pkg) StdoutLine: {'line': b'-- Found rclcpp_action: 16.0.3 (/opt/ros/humble/share/rclcpp_action/cmake)\n'}
[0.899929] (-) TimerEvent: {}
[1.000170] (-) TimerEvent: {}
[1.100421] (-) TimerEvent: {}
[1.188963] (udemy_ros2_pkg) StdoutLine: {'line': b'-- Found ament_cmake_cppcheck: 0.12.5 (/opt/ros/humble/share/ament_cmake_cppcheck/cmake)\n'}
[1.189589] (udemy_ros2_pkg) StdoutLine: {'line': b'-- Found ament_cmake_cpplint: 0.12.5 (/opt/ros/humble/share/ament_cmake_cpplint/cmake)\n'}
[1.190321] (udemy_ros2_pkg) StdoutLine: {'line': b'-- Found ament_cmake_uncrustify: 0.12.5 (/opt/ros/humble/share/ament_cmake_uncrustify/cmake)\n'}
[1.191196] (udemy_ros2_pkg) StdoutLine: {'line': b'-- Found ament_cmake_ros: 0.10.0 (/opt/ros/humble/share/ament_cmake_ros/cmake)\n'}
[1.200520] (-) TimerEvent: {}
[1.300728] (-) TimerEvent: {}
[1.400977] (-) TimerEvent: {}
[1.501226] (-) TimerEvent: {}
[1.601484] (-) TimerEvent: {}
[1.651260] (udemy_ros2_pkg) StdoutLine: {'line': b'-- Using all available rosidl_typesupport_c: rosidl_typesupport_fastrtps_c;rosidl_typesupport_introspection_c\n'}
[1.701603] (-) TimerEvent: {}
[1.801861] (-) TimerEvent: {}
[1.822124] (udemy_ros2_pkg) StdoutLine: {'line': b'-- Using all available rosidl_typesupport_cpp: rosidl_typesupport_fastrtps_cpp;rosidl_typesupport_introspection_cpp\n'}
[1.847904] (udemy_ros2_pkg) StdoutLine: {'line': b'-- Found python_cmake_module: 0.10.0 (/opt/ros/humble/share/python_cmake_module/cmake)\n'}
[1.867066] (udemy_ros2_pkg) StdoutLine: {'line': b'-- Using PYTHON_EXECUTABLE: /usr/bin/python3\n'}
[1.867191] (udemy_ros2_pkg) StdoutLine: {'line': b'-- Using PYTHON_INCLUDE_DIRS: /usr/include/python3.10\n'}
[1.867249] (udemy_ros2_pkg) StdoutLine: {'line': b'-- Using PYTHON_LIBRARIES: /usr/lib/x86_64-linux-gnu/libpython3.10.so\n'}
[1.902018] (-) TimerEvent: {}
[1.924659] (udemy_ros2_pkg) StdoutLine: {'line': b'-- Found ament_cmake_flake8: 0.12.5 (/opt/ros/humble/share/ament_cmake_flake8/cmake)\n'}
[1.925293] (udemy_ros2_pkg) StdoutLine: {'line': b'-- Found ament_cmake_pep257: 0.12.5 (/opt/ros/humble/share/ament_cmake_pep257/cmake)\n'}
[1.938652] (udemy_ros2_pkg) StdoutLine: {'line': b'-- Found ament_lint_auto: 0.12.5 (/opt/ros/humble/share/ament_lint_auto/cmake)\n'}
[1.947429] (udemy_ros2_pkg) StdoutLine: {'line': b"-- Added test 'cppcheck' to perform static code analysis on C / C++ code\n"}
[1.948140] (udemy_ros2_pkg) StdoutLine: {'line': b'-- Configured cppcheck include dirs: \n'}
[1.948221] (udemy_ros2_pkg) StdoutLine: {'line': b'-- Configured cppcheck exclude dirs and/or files: \n'}
[1.949887] (udemy_ros2_pkg) StdoutLine: {'line': b"-- Added test 'cpplint' to check C / C++ code against the Google style\n"}
[1.949969] (udemy_ros2_pkg) StdoutLine: {'line': b'-- Configured cpplint exclude dirs and/or files: \n'}
[1.951726] (udemy_ros2_pkg) StdoutLine: {'line': b"-- Added test 'uncrustify' to check C / C++ code style\n"}
[1.951837] (udemy_ros2_pkg) StdoutLine: {'line': b'-- Configured uncrustify additional arguments: \n'}
[1.952170] (udemy_ros2_pkg) StdoutLine: {'line': b"-- Added test 'flake8' to check Python code syntax and style conventions\n"}
[1.952570] (udemy_ros2_pkg) StdoutLine: {'line': b"-- Added test 'pep257' to check Python code against some of the docstring style conventions in PEP 257\n"}
[1.953215] (udemy_ros2_pkg) StdoutLine: {'line': b"-- Added test 'lint_cmake' to check CMake code style\n"}
[1.953606] (udemy_ros2_pkg) StdoutLine: {'line': b"-- Added test 'xmllint' to check XML markup files\n"}
[1.956177] (udemy_ros2_pkg) StdoutLine: {'line': b'-- Configuring done\n'}
[2.002118] (-) TimerEvent: {}
[2.034694] (udemy_ros2_pkg) StdoutLine: {'line': b'-- Generating done\n'}
[2.039068] (udemy_ros2_pkg) StdoutLine: {'line': b'-- Build files have been written to: /home/serhat/workspaces/build/udemy_ros2_pkg\n'}
[2.068676] (udemy_ros2_pkg) StdoutLine: {'line': b'\x1b[35m\x1b[1mConsolidate compiler generated dependencies of target publisher\x1b[0m\n'}
[2.068975] (udemy_ros2_pkg) StdoutLine: {'line': b'\x1b[35m\x1b[1mConsolidate compiler generated dependencies of target udemy_ros2_pkg__rosidl_generator_c\x1b[0m\n'}
[2.069653] (udemy_ros2_pkg) StdoutLine: {'line': b'\x1b[35m\x1b[1mConsolidate compiler generated dependencies of target subscriber\x1b[0m\n'}
[2.072644] (udemy_ros2_pkg) StdoutLine: {'line': b'\x1b[35m\x1b[1mConsolidate compiler generated dependencies of target rpm_pub\x1b[0m\n'}
[2.073070] (udemy_ros2_pkg) StdoutLine: {'line': b'\x1b[35m\x1b[1mConsolidate compiler generated dependencies of target speed_calc\x1b[0m\n'}
[2.080842] (udemy_ros2_pkg) StdoutLine: {'line': b'[  1%] Built target udemy_ros2_pkg__cpp\n'}
[2.086016] (udemy_ros2_pkg) StdoutLine: {'line': b'[  9%] Built target udemy_ros2_pkg__rosidl_generator_c\n'}
[2.093347] (udemy_ros2_pkg) StdoutLine: {'line': b'[  9%] Built target ament_cmake_python_symlink_udemy_ros2_pkg\n'}
[2.093878] (udemy_ros2_pkg) StdoutLine: {'line': b'[ 12%] Built target publisher\n'}
[2.096166] (udemy_ros2_pkg) StdoutLine: {'line': b'[ 15%] Built target subscriber\n'}
[2.097635] (udemy_ros2_pkg) StdoutLine: {'line': b'\x1b[35m\x1b[1mConsolidate compiler generated dependencies of target udemy_ros2_pkg__rosidl_typesupport_cpp\x1b[0m\n'}
[2.098793] (udemy_ros2_pkg) StdoutLine: {'line': b'\x1b[35m\x1b[1mConsolidate compiler generated dependencies of target udemy_ros2_pkg__rosidl_typesupport_introspection_cpp\x1b[0m\n'}
[2.099457] (udemy_ros2_pkg) StdoutLine: {'line': b'\x1b[35m\x1b[1mConsolidate compiler generated dependencies of target udemy_ros2_pkg__rosidl_typesupport_fastrtps_cpp\x1b[0m\n'}
[2.102226] (-) TimerEvent: {}
[2.104872] (udemy_ros2_pkg) StdoutLine: {'line': b'[ 18%] Built target rpm_pub\n'}
[2.105148] (udemy_ros2_pkg) StdoutLine: {'line': b'\x1b[35m\x1b[1mConsolidate compiler generated dependencies of target udemy_ros2_pkg__rosidl_typesupport_introspection_c\x1b[0m\n'}
[2.106985] (udemy_ros2_pkg) StdoutLine: {'line': b'\x1b[35m\x1b[1mConsolidate compiler generated dependencies of target udemy_ros2_pkg__rosidl_typesupport_fastrtps_c\x1b[0m\n'}
[2.107270] (udemy_ros2_pkg) StdoutLine: {'line': b'[ 21%] Built target speed_calc\n'}
[2.113947] (udemy_ros2_pkg) StdoutLine: {'line': b'\x1b[35m\x1b[1mConsolidate compiler generated dependencies of target udemy_ros2_pkg__rosidl_typesupport_c\x1b[0m\n'}
[2.127854] (udemy_ros2_pkg) StdoutLine: {'line': b'[ 43%] Built target udemy_ros2_pkg__rosidl_typesupport_cpp\n'}
[2.128100] (udemy_ros2_pkg) StdoutLine: {'line': b'[ 43%] Built target udemy_ros2_pkg__rosidl_typesupport_introspection_c\n'}
[2.128259] (udemy_ros2_pkg) StdoutLine: {'line': b'[ 44%] Built target udemy_ros2_pkg__rosidl_typesupport_introspection_cpp\n'}
[2.130843] (udemy_ros2_pkg) StdoutLine: {'line': b'[ 52%] Built target udemy_ros2_pkg__rosidl_typesupport_fastrtps_cpp\n'}
[2.131206] (udemy_ros2_pkg) StdoutLine: {'line': b'[ 60%] Built target udemy_ros2_pkg__rosidl_typesupport_c\n'}
[2.142372] (udemy_ros2_pkg) StdoutLine: {'line': b'[ 67%] Built target udemy_ros2_pkg__rosidl_typesupport_fastrtps_c\n'}
[2.142626] (udemy_ros2_pkg) StdoutLine: {'line': b'\x1b[35m\x1b[1mConsolidate compiler generated dependencies of target service_client\x1b[0m\n'}
[2.142871] (udemy_ros2_pkg) StdoutLine: {'line': b'\x1b[35m\x1b[1mConsolidate compiler generated dependencies of target service_server\x1b[0m\n'}
[2.144806] (udemy_ros2_pkg) StdoutLine: {'line': b'\x1b[35m\x1b[1mConsolidate compiler generated dependencies of target turn_camera_client\x1b[0m\n'}
[2.145048] (udemy_ros2_pkg) StdoutLine: {'line': b'\x1b[35m\x1b[1mConsolidate compiler generated dependencies of target turn_camera_service\x1b[0m\n'}
[2.166202] (udemy_ros2_pkg) StdoutLine: {'line': b'[ 69%] \x1b[32mBuilding CXX object CMakeFiles/action_server.dir/src/action_server.cpp.o\x1b[0m\n'}
[2.170757] (udemy_ros2_pkg) StdoutLine: {'line': b'[ 72%] Built target service_client\n'}
[2.172931] (udemy_ros2_pkg) StdoutLine: {'line': b'[ 72%] Built target udemy_ros2_pkg\n'}
[2.173552] (udemy_ros2_pkg) StdoutLine: {'line': b'[ 75%] Built target service_server\n'}
[2.174441] (udemy_ros2_pkg) StdoutLine: {'line': b'[ 78%] Built target turn_camera_service\n'}
[2.176274] (udemy_ros2_pkg) StdoutLine: {'line': b'[ 81%] Built target turn_camera_client\n'}
[2.192289] (udemy_ros2_pkg) StdoutLine: {'line': b'[ 83%] Built target udemy_ros2_pkg__py\n'}
[2.201461] (udemy_ros2_pkg) StdoutLine: {'line': b'\x1b[35m\x1b[1mConsolidate compiler generated dependencies of target udemy_ros2_pkg__rosidl_generator_py\x1b[0m\n'}
[2.202321] (-) TimerEvent: {}
[2.217212] (udemy_ros2_pkg) StdoutLine: {'line': b'[ 89%] Built target udemy_ros2_pkg__rosidl_generator_py\n'}
[2.232931] (udemy_ros2_pkg) StdoutLine: {'line': b'\x1b[35m\x1b[1mConsolidate compiler generated dependencies of target udemy_ros2_pkg__rosidl_typesupport_c__pyext\x1b[0m\n'}
[2.233275] (udemy_ros2_pkg) StdoutLine: {'line': b'\x1b[35m\x1b[1mConsolidate compiler generated dependencies of target udemy_ros2_pkg__rosidl_typesupport_introspection_c__pyext\x1b[0m\n'}
[2.233437] (udemy_ros2_pkg) StdoutLine: {'line': b'\x1b[35m\x1b[1mConsolidate compiler generated dependencies of target udemy_ros2_pkg__rosidl_typesupport_fastrtps_c__pyext\x1b[0m\n'}
[2.247881] (udemy_ros2_pkg) StdoutLine: {'line': b'[ 95%] Built target udemy_ros2_pkg__rosidl_typesupport_c__pyext\n'}
[2.248092] (udemy_ros2_pkg) StdoutLine: {'line': b'[ 96%] Built target udemy_ros2_pkg__rosidl_typesupport_introspection_c__pyext\n'}
[2.248165] (udemy_ros2_pkg) StdoutLine: {'line': b'[ 98%] Built target udemy_ros2_pkg__rosidl_typesupport_fastrtps_c__pyext\n'}
[2.302418] (-) TimerEvent: {}
[2.402713] (-) TimerEvent: {}
[2.450468] (udemy_ros2_pkg) StdoutLine: {'line': b'running egg_info\n'}
[2.451108] (udemy_ros2_pkg) StdoutLine: {'line': b'writing udemy_ros2_pkg.egg-info/PKG-INFO\n'}
[2.451281] (udemy_ros2_pkg) StdoutLine: {'line': b'writing dependency_links to udemy_ros2_pkg.egg-info/dependency_links.txt\n'}
[2.451460] (udemy_ros2_pkg) StdoutLine: {'line': b'writing top-level names to udemy_ros2_pkg.egg-info/top_level.txt\n'}
[2.453293] (udemy_ros2_pkg) StdoutLine: {'line': b"reading manifest file 'udemy_ros2_pkg.egg-info/SOURCES.txt'\n"}
[2.453899] (udemy_ros2_pkg) StdoutLine: {'line': b"writing manifest file 'udemy_ros2_pkg.egg-info/SOURCES.txt'\n"}
[2.474949] (udemy_ros2_pkg) StdoutLine: {'line': b'[ 98%] Built target ament_cmake_python_build_udemy_ros2_pkg_egg\n'}
[2.502758] (-) TimerEvent: {}
[2.603014] (-) TimerEvent: {}
[2.703234] (-) TimerEvent: {}
[2.803547] (-) TimerEvent: {}
[2.903879] (-) TimerEvent: {}
[3.004133] (-) TimerEvent: {}
[3.104417] (-) TimerEvent: {}
[3.204631] (-) TimerEvent: {}
[3.304897] (-) TimerEvent: {}
[3.405151] (-) TimerEvent: {}
[3.505409] (-) TimerEvent: {}
[3.605670] (-) TimerEvent: {}
[3.705921] (-) TimerEvent: {}
[3.806173] (-) TimerEvent: {}
[3.906431] (-) TimerEvent: {}
[4.006688] (-) TimerEvent: {}
[4.106903] (-) TimerEvent: {}
[4.207175] (-) TimerEvent: {}
[4.307471] (-) TimerEvent: {}
[4.407694] (-) TimerEvent: {}
[4.507987] (-) TimerEvent: {}
[4.608232] (-) TimerEvent: {}
[4.620219] (udemy_ros2_pkg) StderrLine: {'line': b'\x1b[01m\x1b[K/home/serhat/workspaces/ros2_cpp_ws/src/udemy_ros2_pkg/src/action_server.cpp:50:13:\x1b[m\x1b[K \x1b[01;31m\x1b[Kerror: \x1b[m\x1b[K\xe2\x80\x98\x1b[01m\x1b[Kconts\x1b[m\x1b[K\xe2\x80\x99 has not been declared\n'}
[4.620371] (udemy_ros2_pkg) StderrLine: {'line': b'   50 |             \x1b[01;31m\x1b[Kconts\x1b[m\x1b[K std::shared_ptr<GoalHandle> goal_handle)\n'}
[4.620433] (udemy_ros2_pkg) StderrLine: {'line': b'      |             \x1b[01;31m\x1b[K^~~~~\x1b[m\x1b[K\n'}
[4.620487] (udemy_ros2_pkg) StderrLine: {'line': b'\x1b[01m\x1b[K/home/serhat/workspaces/ros2_cpp_ws/src/udemy_ros2_pkg/src/action_server.cpp:50:47:\x1b[m\x1b[K \x1b[01;31m\x1b[Kerror: \x1b[m\x1b[Kexpected unqualified-id before \xe2\x80\x98\x1b[01m\x1b[Kgoal_handle\x1b[m\x1b[K\xe2\x80\x99\n'}
[4.620546] (udemy_ros2_pkg) StderrLine: {'line': b'   50 |             conts std::shared_ptr<GoalHandle> \x1b[01;31m\x1b[Kgoal_handle\x1b[m\x1b[K)\n'}
[4.620603] (udemy_ros2_pkg) StderrLine: {'line': b'      |                                               \x1b[01;31m\x1b[K^~~~~~~~~~~\x1b[m\x1b[K\n'}
[4.620656] (udemy_ros2_pkg) StderrLine: {'line': b'\x1b[01m\x1b[K/home/serhat/workspaces/ros2_cpp_ws/src/udemy_ros2_pkg/src/action_server.cpp:50:46:\x1b[m\x1b[K \x1b[01;31m\x1b[Kerror: \x1b[m\x1b[Kexpected \xe2\x80\x98\x1b[01m\x1b[K)\x1b[m\x1b[K\xe2\x80\x99 before \xe2\x80\x98\x1b[01m\x1b[Kgoal_handle\x1b[m\x1b[K\xe2\x80\x99\n'}
[4.620725] (udemy_ros2_pkg) StderrLine: {'line': b'   50 |             conts std::shared_ptr<GoalHandle>\x1b[01;31m\x1b[K \x1b[m\x1b[K\x1b[32m\x1b[Kgoal_handle\x1b[m\x1b[K)\n'}
[4.620781] (udemy_ros2_pkg) StderrLine: {'line': b'      |                                              \x1b[01;31m\x1b[K^\x1b[m\x1b[K\x1b[32m\x1b[K~~~~~~~~~~~\x1b[m\x1b[K\n'}
[4.620834] (udemy_ros2_pkg) StderrLine: {'line': b'      |                                              \x1b[32m\x1b[K)\x1b[m\x1b[K\n'}
[4.620886] (udemy_ros2_pkg) StderrLine: {'line': b'\x1b[01m\x1b[K/home/serhat/workspaces/ros2_cpp_ws/src/udemy_ros2_pkg/src/action_server.cpp:49:52:\x1b[m\x1b[K \x1b[01;36m\x1b[Knote: \x1b[m\x1b[Kto match this \xe2\x80\x98\x1b[01m\x1b[K(\x1b[m\x1b[K\xe2\x80\x99\n'}
[4.620939] (udemy_ros2_pkg) StderrLine: {'line': b'   49 |         rclcpp_action::CancelResponse handle_cancel\x1b[01;36m\x1b[K(\x1b[m\x1b[K\n'}
[4.620990] (udemy_ros2_pkg) StderrLine: {'line': b'      |                                                    \x1b[01;36m\x1b[K^\x1b[m\x1b[K\n'}
[4.621041] (udemy_ros2_pkg) StderrLine: {'line': b'\x1b[01m\x1b[K/home/serhat/workspaces/ros2_cpp_ws/src/udemy_ros2_pkg/src/action_server.cpp:50:24:\x1b[m\x1b[K \x1b[01;31m\x1b[Kerror: \x1b[m\x1b[Kexpected \xe2\x80\x98\x1b[01m\x1b[K;\x1b[m\x1b[K\xe2\x80\x99 at end of member declaration\n'}
[4.621097] (udemy_ros2_pkg) StderrLine: {'line': b'   50 |             conts std::\x1b[01;31m\x1b[Kshared_ptr<GoalHandle>\x1b[m\x1b[K goal_handle)\n'}
[4.621148] (udemy_ros2_pkg) StderrLine: {'line': b'      |                        \x1b[01;31m\x1b[K^~~~~~~~~~~~~~~~~~~~~~\x1b[m\x1b[K\n'}
[4.621199] (udemy_ros2_pkg) StderrLine: {'line': b'      |                                              \x1b[32m\x1b[K;\x1b[m\x1b[K\n'}
[4.621732] (udemy_ros2_pkg) StderrLine: {'line': b'\x1b[01m\x1b[K/home/serhat/workspaces/ros2_cpp_ws/src/udemy_ros2_pkg/src/action_server.cpp:50:47:\x1b[m\x1b[K \x1b[01;31m\x1b[Kerror: \x1b[m\x1b[K\xe2\x80\x98\x1b[01m\x1b[Kgoal_handle\x1b[m\x1b[K\xe2\x80\x99 does not name a type; did you mean \xe2\x80\x98\x1b[01m\x1b[KGoalHandle\x1b[m\x1b[K\xe2\x80\x99?\n'}
[4.621817] (udemy_ros2_pkg) StderrLine: {'line': b'   50 |             conts std::shared_ptr<GoalHandle> \x1b[01;31m\x1b[Kgoal_handle\x1b[m\x1b[K)\n'}
[4.621874] (udemy_ros2_pkg) StderrLine: {'line': b'      |                                               \x1b[01;31m\x1b[K^~~~~~~~~~~\x1b[m\x1b[K\n'}
[4.621927] (udemy_ros2_pkg) StderrLine: {'line': b'      |                                               \x1b[32m\x1b[KGoalHandle\x1b[m\x1b[K\n'}
[4.708331] (-) TimerEvent: {}
[4.808698] (-) TimerEvent: {}
[4.908956] (-) TimerEvent: {}
[5.009229] (-) TimerEvent: {}
[5.109458] (-) TimerEvent: {}
[5.209683] (-) TimerEvent: {}
[5.309976] (-) TimerEvent: {}
[5.410224] (-) TimerEvent: {}
[5.510457] (-) TimerEvent: {}
[5.610709] (-) TimerEvent: {}
[5.710954] (-) TimerEvent: {}
[5.811253] (-) TimerEvent: {}
[5.911483] (-) TimerEvent: {}
[6.011787] (-) TimerEvent: {}
[6.112101] (-) TimerEvent: {}
[6.212363] (-) TimerEvent: {}
[6.312679] (-) TimerEvent: {}
[6.412936] (-) TimerEvent: {}
[6.513193] (-) TimerEvent: {}
[6.613463] (-) TimerEvent: {}
[6.713733] (-) TimerEvent: {}
[6.813990] (-) TimerEvent: {}
[6.914293] (-) TimerEvent: {}
[6.959966] (udemy_ros2_pkg) StderrLine: {'line': b'gmake[2]: *** [CMakeFiles/action_server.dir/build.make:76: CMakeFiles/action_server.dir/src/action_server.cpp.o] Error 1\n'}
[6.960171] (udemy_ros2_pkg) StderrLine: {'line': b'gmake[1]: *** [CMakeFiles/Makefile2:821: CMakeFiles/action_server.dir/all] Error 2\n'}
[6.960347] (udemy_ros2_pkg) StderrLine: {'line': b'gmake: *** [Makefile:146: all] Error 2\n'}
[6.962248] (udemy_ros2_pkg) CommandEnded: {'returncode': 2}
[7.014373] (-) TimerEvent: {}
[7.104000] (udemy_ros2_pkg) JobEnded: {'identifier': 'udemy_ros2_pkg', 'rc': 2}
[7.114511] (-) TimerEvent: {}
[7.115066] (-) EventReactorShutdown: {}
