[0.014s] Invoking command in '/home/serhat/workspaces/build/udemy_ros2_pkg': CMAKE_PREFIX_PATH=${CMAKE_PREFIX_PATH}:/opt/ros/humble /usr/bin/cmake --build /home/serhat/workspaces/build/udemy_ros2_pkg -- -j12 -l12
[0.054s] -- Found ament_cmake: 1.3.3 (/opt/ros/humble/share/ament_cmake/cmake)
[0.860s] -- Override CMake install command with custom implementation using symlinks instead of copying resources
[0.875s] -- Found rclcpp: 16.0.3 (/opt/ros/humble/share/rclcpp/cmake)
[2.202s] -- Found rosidl_generator_c: 3.1.4 (/opt/ros/humble/share/rosidl_generator_c/cmake)
[2.205s] -- Found rosidl_adapter: 3.1.4 (/opt/ros/humble/share/rosidl_adapter/cmake)
[2.213s] -- Found rosidl_generator_cpp: 3.1.4 (/opt/ros/humble/share/rosidl_generator_cpp/cmake)
[2.230s] -- Using all available rosidl_typesupport_c: rosidl_typesupport_fastrtps_c;rosidl_typesupport_introspection_c
[2.254s] -- Using all available rosidl_typesupport_cpp: rosidl_typesupport_fastrtps_cpp;rosidl_typesupport_introspection_cpp
[2.318s] -- Found rmw_implementation_cmake: 6.1.1 (/opt/ros/humble/share/rmw_implementation_cmake/cmake)
[2.320s] -- Found rmw_fastrtps_cpp: 6.2.2 (/opt/ros/humble/share/rmw_fastrtps_cpp/cmake)
[4.620s] -- Using RMW implementation 'rmw_fastrtps_cpp' as default
[4.789s] -- Found sensor_msgs: 4.2.3 (/opt/ros/humble/share/sensor_msgs/cmake)
[4.916s] -- Found cv_bridge: 3.2.1 (/opt/ros/humble/share/cv_bridge/cmake)
[4.923s] -- Found rosidl_default_generators: 1.2.0 (/opt/ros/humble/share/rosidl_default_generators/cmake)
[6.568s] -- Found ament_cmake_cppcheck: 0.12.5 (/opt/ros/humble/share/ament_cmake_cppcheck/cmake)
[6.570s] -- Found ament_cmake_cpplint: 0.12.5 (/opt/ros/humble/share/ament_cmake_cpplint/cmake)
[6.571s] -- Found ament_cmake_uncrustify: 0.12.5 (/opt/ros/humble/share/ament_cmake_uncrustify/cmake)
[6.573s] -- Found ament_cmake_ros: 0.10.0 (/opt/ros/humble/share/ament_cmake_ros/cmake)
[7.326s] -- Using all available rosidl_typesupport_c: rosidl_typesupport_fastrtps_c;rosidl_typesupport_introspection_c
[7.671s] -- Using all available rosidl_typesupport_cpp: rosidl_typesupport_fastrtps_cpp;rosidl_typesupport_introspection_cpp
[7.692s] -- Found python_cmake_module: 0.10.0 (/opt/ros/humble/share/python_cmake_module/cmake)
[7.712s] -- Using PYTHON_EXECUTABLE: /usr/bin/python3
[7.712s] -- Using PYTHON_INCLUDE_DIRS: /usr/include/python3.10
[7.712s] -- Using PYTHON_LIBRARIES: /usr/lib/x86_64-linux-gnu/libpython3.10.so
[8.115s] -- Found ament_cmake_flake8: 0.12.5 (/opt/ros/humble/share/ament_cmake_flake8/cmake)
[8.115s] -- Found ament_cmake_pep257: 0.12.5 (/opt/ros/humble/share/ament_cmake_pep257/cmake)
[8.128s] -- Found ament_lint_auto: 0.12.5 (/opt/ros/humble/share/ament_lint_auto/cmake)
[8.385s] -- Added test 'cppcheck' to perform static code analysis on C / C++ code
[8.387s] -- Configured cppcheck include dirs: 
[8.387s] -- Configured cppcheck exclude dirs and/or files: 
[8.389s] -- Added test 'cpplint' to check C / C++ code against the Google style
[8.389s] -- Configured cpplint exclude dirs and/or files: 
[8.391s] -- Added test 'uncrustify' to check C / C++ code style
[8.391s] -- Configured uncrustify additional arguments: 
[8.392s] -- Added test 'flake8' to check Python code syntax and style conventions
[8.392s] -- Added test 'pep257' to check Python code against some of the docstring style conventions in PEP 257
[8.393s] -- Added test 'lint_cmake' to check CMake code style
[8.394s] -- Added test 'xmllint' to check XML markup files
[8.397s] -- Configuring done
[10.816s] -- Generating done
[11.260s] -- Build files have been written to: /home/serhat/workspaces/build/udemy_ros2_pkg
[11.401s] [35m[1mConsolidate compiler generated dependencies of target publisher[0m
[11.404s] [35m[1mConsolidate compiler generated dependencies of target udemy_ros2_pkg__rosidl_generator_c[0m
[11.404s] [35m[1mConsolidate compiler generated dependencies of target speed_calc[0m
[11.405s] [35m[1mConsolidate compiler generated dependencies of target subscriber[0m
[11.405s] [35m[1mConsolidate compiler generated dependencies of target rpm_pub[0m
[11.432s] [  1%] Built target udemy_ros2_pkg__cpp
[11.440s] [  9%] Built target udemy_ros2_pkg__rosidl_generator_c
[11.440s] [ 13%] Built target subscriber
[11.441s] [ 13%] Built target ament_cmake_python_symlink_udemy_ros2_pkg
[11.441s] [ 16%] Built target rpm_pub
[11.452s] [ 20%] Built target speed_calc
[11.453s] [35m[1mConsolidate compiler generated dependencies of target udemy_ros2_pkg__rosidl_typesupport_cpp[0m
[11.466s] [35m[1mConsolidate compiler generated dependencies of target udemy_ros2_pkg__rosidl_typesupport_c[0m
[11.471s] [ 24%] Built target publisher
[11.477s] [35m[1mConsolidate compiler generated dependencies of target udemy_ros2_pkg__rosidl_typesupport_introspection_c[0m
[11.477s] [35m[1mConsolidate compiler generated dependencies of target udemy_ros2_pkg__rosidl_typesupport_introspection_cpp[0m
[11.477s] [35m[1mConsolidate compiler generated dependencies of target udemy_ros2_pkg__rosidl_typesupport_fastrtps_cpp[0m
[11.478s] [35m[1mConsolidate compiler generated dependencies of target udemy_ros2_pkg__rosidl_typesupport_fastrtps_c[0m
[11.489s] [ 32%] Built target udemy_ros2_pkg__rosidl_typesupport_c
[11.495s] [ 39%] Built target udemy_ros2_pkg__rosidl_typesupport_cpp
[11.508s] [ 47%] Built target udemy_ros2_pkg__rosidl_typesupport_introspection_c
[11.509s] [ 54%] Built target udemy_ros2_pkg__rosidl_typesupport_fastrtps_cpp
[11.511s] [ 62%] Built target udemy_ros2_pkg__rosidl_typesupport_introspection_cpp
[11.513s] [ 69%] Built target udemy_ros2_pkg__rosidl_typesupport_fastrtps_c
[11.514s] [35m[1mConsolidate compiler generated dependencies of target service_client[0m
[11.515s] [35m[1mConsolidate compiler generated dependencies of target service_server[0m
[11.533s] [ 71%] [32mBuilding CXX object CMakeFiles/turn_camera_service.dir/src/turn_camera_service.cpp.o[0m
[11.543s] [ 79%] Built target service_client
[11.544s] [ 79%] Built target service_server
[11.549s] [ 79%] Built target udemy_ros2_pkg
[11.580s] [ 81%] Built target udemy_ros2_pkg__py
[11.590s] [35m[1mConsolidate compiler generated dependencies of target udemy_ros2_pkg__rosidl_generator_py[0m
[11.604s] [ 86%] Built target udemy_ros2_pkg__rosidl_generator_py
[11.614s] [35m[1mConsolidate compiler generated dependencies of target udemy_ros2_pkg__rosidl_typesupport_c__pyext[0m
[11.614s] [35m[1mConsolidate compiler generated dependencies of target udemy_ros2_pkg__rosidl_typesupport_fastrtps_c__pyext[0m
[11.615s] [35m[1mConsolidate compiler generated dependencies of target udemy_ros2_pkg__rosidl_typesupport_introspection_c__pyext[0m
[11.631s] [ 90%] Built target udemy_ros2_pkg__rosidl_typesupport_fastrtps_c__pyext
[11.632s] [ 94%] Built target udemy_ros2_pkg__rosidl_typesupport_introspection_c__pyext
[11.632s] [ 98%] Built target udemy_ros2_pkg__rosidl_typesupport_c__pyext
[11.818s] running egg_info
[11.819s] writing udemy_ros2_pkg.egg-info/PKG-INFO
[11.819s] writing dependency_links to udemy_ros2_pkg.egg-info/dependency_links.txt
[11.819s] writing top-level names to udemy_ros2_pkg.egg-info/top_level.txt
[11.821s] reading manifest file 'udemy_ros2_pkg.egg-info/SOURCES.txt'
[11.822s] writing manifest file 'udemy_ros2_pkg.egg-info/SOURCES.txt'
[11.842s] [ 98%] Built target ament_cmake_python_build_udemy_ros2_pkg_egg
[14.573s] [01m[K/home/serhat/workspaces/ros2_cpp_ws/src/udemy_ros2_pkg/src/turn_camera_service.cpp:[m[K In member function â€˜[01m[Kvoid TurnCameraServiceNode::get_camera_image(udemy_ros2_pkg::srv::TurnCamera_Request_<std::allocator<void> >::SharedPtr, udemy_ros2_pkg::srv::TurnCamera_Response_<std::allocator<void> >::SharedPtr)[m[Kâ€™:
[14.573s] [01m[K/home/serhat/workspaces/ros2_cpp_ws/src/udemy_ros2_pkg/src/turn_camera_service.cpp:34:15:[m[K [01;31m[Kerror: [m[Kexpected unqualified-id before â€˜[01m[K=[m[Kâ€™ token
[14.574s]    34 |        for(int[01;31m[K=[m[K0; i<5;i++)
[14.574s]       |               [01;31m[K^[m[K
[14.574s] [01m[K/home/serhat/workspaces/ros2_cpp_ws/src/udemy_ros2_pkg/src/turn_camera_service.cpp:34:15:[m[K [01;31m[Kerror: [m[Kexpected â€˜[01m[K;[m[Kâ€™ before â€˜[01m[K=[m[Kâ€™ token
[14.574s] [01m[K/home/serhat/workspaces/ros2_cpp_ws/src/udemy_ros2_pkg/src/turn_camera_service.cpp:34:15:[m[K [01;31m[Kerror: [m[Kexpected primary-expression before â€˜[01m[K=[m[Kâ€™ token
[14.581s] [01m[K/home/serhat/workspaces/ros2_cpp_ws/src/udemy_ros2_pkg/src/turn_camera_service.cpp:34:19:[m[K [01;31m[Kerror: [m[Kâ€˜[01m[Ki[m[Kâ€™ was not declared in this scope
[14.581s]    34 |        for(int=0; [01;31m[Ki[m[K<5;i++)
[14.582s]       |                   [01;31m[K^[m[K
[14.582s] [01m[K/home/serhat/workspaces/ros2_cpp_ws/src/udemy_ros2_pkg/src/turn_camera_service.cpp:34:22:[m[K [01;31m[Kerror: [m[Kexpected â€˜[01m[K)[m[Kâ€™ before â€˜[01m[K;[m[Kâ€™ token
[14.582s]    34 |        for(int=0; i<5[01;31m[K;[m[Ki++)
[14.582s]       |                      [01;31m[K^[m[K
[14.582s] [01m[K/home/serhat/workspaces/ros2_cpp_ws/src/udemy_ros2_pkg/src/turn_camera_service.cpp:34:11:[m[K [01;36m[Knote: [m[Kto match this â€˜[01m[K([m[Kâ€™
[14.582s]    34 |        for[01;36m[K([m[Kint=0; i<5;i++)
[14.582s]       |           [01;36m[K^[m[K
[14.583s] [01m[K/home/serhat/workspaces/ros2_cpp_ws/src/udemy_ros2_pkg/src/turn_camera_service.cpp:34:8:[m[K [01;35m[Kwarning: [m[Kthis â€˜[01m[Kfor[m[Kâ€™ clause does not guard... [[01;35m[K]8;;https://gcc.gnu.org/onlinedocs/gcc/Warning-Options.html#index-Wmisleading-indentation-Wmisleading-indentation]8;;[m[K]
[14.583s]    34 |        [01;35m[Kfor[m[K(int=0; i<5;i++)
[14.583s]       |        [01;35m[K^~~[m[K
[14.583s] [01m[K/home/serhat/workspaces/ros2_cpp_ws/src/udemy_ros2_pkg/src/turn_camera_service.cpp:34:23:[m[K [01;36m[Knote: [m[K...this statement, but the latter is misleadingly indented as if it were guarded by the â€˜[01m[Kfor[m[Kâ€™
[14.583s]    34 |        for(int=0; i<5;[01;36m[Ki[m[K++)
[14.583s]       |                       [01;36m[K^[m[K
[14.590s] [01m[K/home/serhat/workspaces/ros2_cpp_ws/src/udemy_ros2_pkg/src/turn_camera_service.cpp:34:23:[m[K [01;31m[Kerror: [m[Kâ€˜[01m[Ki[m[Kâ€™ was not declared in this scope
[14.590s] [01m[K/home/serhat/workspaces/ros2_cpp_ws/src/udemy_ros2_pkg/src/turn_camera_service.cpp:31:14:[m[K [01;35m[Kwarning: [m[Kunused variable â€˜[01m[Kclosest_num[m[Kâ€™ [[01;35m[K]8;;https://gcc.gnu.org/onlinedocs/gcc/Warning-Options.html#index-Wunused-variable-Wunused-variable]8;;[m[K]
[14.590s]    31 |        float [01;35m[Kclosest_num[m[K=available_angles_[0];
[14.590s]       |              [01;35m[K^~~~~~~~~~~[m[K
[14.590s] [01m[K/home/serhat/workspaces/ros2_cpp_ws/src/udemy_ros2_pkg/src/turn_camera_service.cpp:32:14:[m[K [01;35m[Kwarning: [m[Kunused variable â€˜[01m[Kangle_diff[m[Kâ€™ [[01;35m[K]8;;https://gcc.gnu.org/onlinedocs/gcc/Warning-Options.html#index-Wunused-variable-Wunused-variable]8;;[m[K]
[14.590s]    32 |        float [01;35m[Kangle_diff[m[K;
[14.590s]       |              [01;35m[K^~~~~~~~~~[m[K
[14.590s] [01m[K/home/serhat/workspaces/ros2_cpp_ws/src/udemy_ros2_pkg/src/turn_camera_service.cpp:33:14:[m[K [01;35m[Kwarning: [m[Kunused variable â€˜[01m[Ksmallest_angle[m[Kâ€™ [[01;35m[K]8;;https://gcc.gnu.org/onlinedocs/gcc/Warning-Options.html#index-Wunused-variable-Wunused-variable]8;;[m[K]
[14.590s]    33 |        float [01;35m[Ksmallest_angle[m[K = std::abs(request-> degree_turn - available_angles_[0]);
[14.590s]       |              [01;35m[K^~~~~~~~~~~~~~[m[K
[14.591s] [01m[K/home/serhat/workspaces/ros2_cpp_ws/src/udemy_ros2_pkg/src/turn_camera_service.cpp:27:44:[m[K [01;35m[Kwarning: [m[Kunused parameter â€˜[01m[Kresponse[m[Kâ€™ [[01;35m[K]8;;https://gcc.gnu.org/onlinedocs/gcc/Warning-Options.html#index-Wunused-parameter-Wunused-parameter]8;;[m[K]
[14.591s]    27 |         [01;35m[KTurnCameraSrv::Response::SharedPtr response[m[K
[14.591s]       |         [01;35m[K~~~~~~~~~~~~~~~~~~~~~~~~~~~~~~~~~~~^~~~~~~~[m[K
[15.299s] gmake[2]: *** [CMakeFiles/turn_camera_service.dir/build.make:76: CMakeFiles/turn_camera_service.dir/src/turn_camera_service.cpp.o] Error 1
[15.299s] gmake[1]: *** [CMakeFiles/Makefile2:763: CMakeFiles/turn_camera_service.dir/all] Error 2
[15.299s] gmake: *** [Makefile:146: all] Error 2
[15.319s] Invoked command in '/home/serhat/workspaces/build/udemy_ros2_pkg' returned '2': CMAKE_PREFIX_PATH=${CMAKE_PREFIX_PATH}:/opt/ros/humble /usr/bin/cmake --build /home/serhat/workspaces/build/udemy_ros2_pkg -- -j12 -l12
