[0.014s] Invoking command in '/home/serhat/workspaces/build/udemy_ros2_pkg': CMAKE_PREFIX_PATH=${CMAKE_PREFIX_PATH}:/opt/ros/humble /usr/bin/cmake --build /home/serhat/workspaces/build/udemy_ros2_pkg -- -j12 -l12
[0.047s] -- Found ament_cmake: 1.3.3 (/opt/ros/humble/share/ament_cmake/cmake)
[0.181s] -- Override CMake install command with custom implementation using symlinks instead of copying resources
[0.187s] -- Found rclcpp: 16.0.3 (/opt/ros/humble/share/rclcpp/cmake)
[0.220s] -- Found rosidl_generator_c: 3.1.4 (/opt/ros/humble/share/rosidl_generator_c/cmake)
[0.225s] -- Found rosidl_adapter: 3.1.4 (/opt/ros/humble/share/rosidl_adapter/cmake)
[0.234s] -- Found rosidl_generator_cpp: 3.1.4 (/opt/ros/humble/share/rosidl_generator_cpp/cmake)
[0.244s] -- Using all available rosidl_typesupport_c: rosidl_typesupport_fastrtps_c;rosidl_typesupport_introspection_c
[0.259s] -- Using all available rosidl_typesupport_cpp: rosidl_typesupport_fastrtps_cpp;rosidl_typesupport_introspection_cpp
[0.314s] -- Found rmw_implementation_cmake: 6.1.1 (/opt/ros/humble/share/rmw_implementation_cmake/cmake)
[0.316s] -- Found rmw_fastrtps_cpp: 6.2.2 (/opt/ros/humble/share/rmw_fastrtps_cpp/cmake)
[0.450s] -- Using RMW implementation 'rmw_fastrtps_cpp' as default
[0.624s] -- Found sensor_msgs: 4.2.3 (/opt/ros/humble/share/sensor_msgs/cmake)
[0.756s] -- Found cv_bridge: 3.2.1 (/opt/ros/humble/share/cv_bridge/cmake)
[0.763s] -- Found rosidl_default_generators: 1.2.0 (/opt/ros/humble/share/rosidl_default_generators/cmake)
[0.920s] [31mCMake Error at /opt/ros/humble/share/rosidl_adapter/cmake/rosidl_adapt_interfaces.cmake:59 (message):
[0.920s]   execute_process(/usr/bin/python3.10 -m rosidl_adapter --package-name
[0.920s]   udemy_ros2_pkg --arguments-file
[0.920s]   /home/serhat/workspaces/build/udemy_ros2_pkg/rosidl_adapter__arguments__udemy_ros2_pkg.json
[0.920s]   --output-dir
[0.920s]   /home/serhat/workspaces/build/udemy_ros2_pkg/rosidl_adapter/udemy_ros2_pkg
[0.921s]   --output-file
[0.921s]   /home/serhat/workspaces/build/udemy_ros2_pkg/rosidl_adapter/udemy_ros2_pkg.idls)
[0.921s]   returned error code 1:
[0.921s] 
[0.921s]   Error processing 'float degree_turn' of
[0.921s]   'udemy_ros2_pkg/TurnCamera_Request': ''float' is an invalid message name.
[0.921s]   It should have the pattern '^[A-Z][A-Za-z0-9]*$''
[0.921s] 
[0.921s]   Traceback (most recent call last):
[0.921s] 
[0.922s]     File "/usr/lib/python3.10/runpy.py", line 196, in _run_module_as_main
[0.922s]       return _run_code(code, main_globals, None,
[0.922s]     File "/usr/lib/python3.10/runpy.py", line 86, in _run_code
[0.922s]       exec(code, run_globals)
[0.922s]     File "/opt/ros/humble/local/lib/python3.10/dist-packages/rosidl_adapter/__main__.py", line 19, in <module>
[0.922s]       sys.exit(main())
[0.923s]     File "/opt/ros/humble/local/lib/python3.10/dist-packages/rosidl_adapter/main.py", line 53, in main
[0.923s]       abs_idl_file = convert_to_idl(
[0.923s]     File "/opt/ros/humble/local/lib/python3.10/dist-packages/rosidl_adapter/__init__.py", line 24, in convert_to_idl
[0.923s]       return convert_srv_to_idl(
[0.923s]     File "/opt/ros/humble/local/lib/python3.10/dist-packages/rosidl_adapter/srv/__init__.py", line 28, in convert_srv_to_idl
[0.923s]       srv = parse_service_string(package_name, input_file.stem, content)
[0.923s]     File "/opt/ros/humble/local/lib/python3.10/dist-packages/rosidl_adapter/parser.py", line 859, in parse_service_string
[0.923s]       request_message = parse_message_string(
[0.924s]     File "/opt/ros/humble/local/lib/python3.10/dist-packages/rosidl_adapter/parser.py", line 520, in parse_message_string
[0.924s]       Type(type_string, context_package_name=pkg_name),
[0.924s]     File "/opt/ros/humble/local/lib/python3.10/dist-packages/rosidl_adapter/parser.py", line 277, in __init__
[0.924s]       super(Type, self).__init__(
[0.924s]     File "/opt/ros/humble/local/lib/python3.10/dist-packages/rosidl_adapter/parser.py", line 205, in __init__
[0.924s]       raise InvalidResourceName(
[0.924s] 
[0.924s]   rosidl_adapter.parser.InvalidResourceName: 'float' is an invalid message
[0.924s]   name.  It should have the pattern '^[A-Z][A-Za-z0-9]*$'
[0.925s] 
[0.925s] Call Stack (most recent call first):
[0.925s]   /opt/ros/humble/share/rosidl_cmake/cmake/rosidl_generate_interfaces.cmake:130 (rosidl_adapt_interfaces)
[0.925s]   CMakeLists.txt:19 (rosidl_generate_interfaces)
[0.925s] 
[0.925s] [0m
[0.926s] -- Configuring incomplete, errors occurred!
[0.926s] See also "/home/serhat/workspaces/build/udemy_ros2_pkg/CMakeFiles/CMakeOutput.log".
[0.932s] gmake: *** [Makefile:993: cmake_check_build_system] Error 1
[0.935s] Invoked command in '/home/serhat/workspaces/build/udemy_ros2_pkg' returned '2': CMAKE_PREFIX_PATH=${CMAKE_PREFIX_PATH}:/opt/ros/humble /usr/bin/cmake --build /home/serhat/workspaces/build/udemy_ros2_pkg -- -j12 -l12
