[  4%] Built target udemy_ros2_pkg__cpp
[  9%] Built target udemy_ros2_pkg__rosidl_generator_c
[ 12%] Built target subscriber
[ 15%] Built target rpm_pub
[ 18%] Built target publisher
[ 21%] Built target speed_calc
[ 21%] Built target ament_cmake_python_symlink_udemy_ros2_pkg
[ 29%] Built target udemy_ros2_pkg__rosidl_typesupport_c
[ 36%] Built target udemy_ros2_pkg__rosidl_typesupport_cpp
[ 44%] Built target udemy_ros2_pkg__rosidl_typesupport_introspection_c
[ 52%] Built target udemy_ros2_pkg__rosidl_typesupport_introspection_cpp
[ 60%] Built target udemy_ros2_pkg__rosidl_typesupport_fastrtps_cpp
[ 67%] Built target udemy_ros2_pkg__rosidl_typesupport_fastrtps_c
[ 69%] [32mBuilding CXX object CMakeFiles/action_server.dir/src/action_server.cpp.o[0m
[ 69%] Built target udemy_ros2_pkg
[ 72%] Built target service_client
[ 75%] Built target service_server
[ 78%] Built target turn_camera_service
[ 81%] Built target turn_camera_client
[ 83%] Built target udemy_ros2_pkg__py
[ 89%] Built target udemy_ros2_pkg__rosidl_generator_py
[35m[1mConsolidate compiler generated dependencies of target udemy_ros2_pkg__rosidl_typesupport_introspection_c__pyext[0m
[35m[1mConsolidate compiler generated dependencies of target udemy_ros2_pkg__rosidl_typesupport_c__pyext[0m
[35m[1mConsolidate compiler generated dependencies of target udemy_ros2_pkg__rosidl_typesupport_fastrtps_c__pyext[0m
[ 92%] Built target udemy_ros2_pkg__rosidl_typesupport_introspection_c__pyext
[ 95%] Built target udemy_ros2_pkg__rosidl_typesupport_fastrtps_c__pyext
[ 98%] Built target udemy_ros2_pkg__rosidl_typesupport_c__pyext
running egg_info
writing udemy_ros2_pkg.egg-info/PKG-INFO
[01m[K/home/serhat/workspaces/ros2_cpp_ws/src/udemy_ros2_pkg/src/action_server.cpp:2:10:[m[K [01;31m[Kfatal error: [m[Krclcpp_action/rclcpp_action.hpp: No such file or directory
    2 | #include [01;31m[K"rclcpp_action/rclcpp_action.hpp"[m[K
      |          [01;31m[K^~~~~~~~~~~~~~~~~~~~~~~~~~~~~~~~~[m[K
compilation terminated.
writing dependency_links to udemy_ros2_pkg.egg-info/dependency_links.txt
gmake[2]: *** [CMakeFiles/action_server.dir/build.make:76: CMakeFiles/action_server.dir/src/action_server.cpp.o] Error 1
gmake[1]: *** [CMakeFiles/Makefile2:821: CMakeFiles/action_server.dir/all] Error 2
gmake[1]: *** Waiting for unfinished jobs....
writing top-level names to udemy_ros2_pkg.egg-info/top_level.txt
reading manifest file 'udemy_ros2_pkg.egg-info/SOURCES.txt'
writing manifest file 'udemy_ros2_pkg.egg-info/SOURCES.txt'
[ 98%] Built target ament_cmake_python_build_udemy_ros2_pkg_egg
gmake: *** [Makefile:146: all] Error 2
