[0.291s] Invoking command in '/home/serhat/workspaces/build/udemy_ros2_pkg': CMAKE_PREFIX_PATH=${CMAKE_PREFIX_PATH}:/opt/ros/humble /usr/bin/cmake --build /home/serhat/workspaces/build/udemy_ros2_pkg -- -j12 -l12
[0.362s] [  4%] Built target udemy_ros2_pkg__cpp
[0.362s] [  9%] Built target udemy_ros2_pkg__rosidl_generator_c
[0.368s] [ 12%] Built target subscriber
[0.369s] [ 15%] Built target rpm_pub
[0.370s] [ 18%] Built target publisher
[0.371s] [ 21%] Built target speed_calc
[0.371s] [ 21%] Built target ament_cmake_python_symlink_udemy_ros2_pkg
[0.391s] [ 29%] Built target udemy_ros2_pkg__rosidl_typesupport_c
[0.395s] [ 36%] Built target udemy_ros2_pkg__rosidl_typesupport_cpp
[0.396s] [ 44%] Built target udemy_ros2_pkg__rosidl_typesupport_introspection_c
[0.397s] [ 52%] Built target udemy_ros2_pkg__rosidl_typesupport_introspection_cpp
[0.398s] [ 60%] Built target udemy_ros2_pkg__rosidl_typesupport_fastrtps_cpp
[0.402s] [ 67%] Built target udemy_ros2_pkg__rosidl_typesupport_fastrtps_c
[0.424s] [ 69%] [32mBuilding CXX object CMakeFiles/action_server.dir/src/action_server.cpp.o[0m
[0.436s] [ 69%] Built target udemy_ros2_pkg
[0.439s] [ 72%] Built target service_client
[0.444s] [ 75%] Built target service_server
[0.444s] [ 78%] Built target turn_camera_service
[0.450s] [ 81%] Built target turn_camera_client
[0.463s] [ 83%] Built target udemy_ros2_pkg__py
[0.486s] [ 89%] Built target udemy_ros2_pkg__rosidl_generator_py
[0.498s] [35m[1mConsolidate compiler generated dependencies of target udemy_ros2_pkg__rosidl_typesupport_introspection_c__pyext[0m
[0.498s] [35m[1mConsolidate compiler generated dependencies of target udemy_ros2_pkg__rosidl_typesupport_c__pyext[0m
[0.498s] [35m[1mConsolidate compiler generated dependencies of target udemy_ros2_pkg__rosidl_typesupport_fastrtps_c__pyext[0m
[0.543s] [ 92%] Built target udemy_ros2_pkg__rosidl_typesupport_introspection_c__pyext
[0.682s] [ 95%] Built target udemy_ros2_pkg__rosidl_typesupport_fastrtps_c__pyext
[0.689s] [ 98%] Built target udemy_ros2_pkg__rosidl_typesupport_c__pyext
[0.833s] running egg_info
[0.835s] writing udemy_ros2_pkg.egg-info/PKG-INFO
[0.841s] [01m[K/home/serhat/workspaces/ros2_cpp_ws/src/udemy_ros2_pkg/src/action_server.cpp:2:10:[m[K [01;31m[Kfatal error: [m[Krclcpp_action/rclcpp_action.hpp: No such file or directory
[0.841s]     2 | #include [01;31m[K"rclcpp_action/rclcpp_action.hpp"[m[K
[0.841s]       |          [01;31m[K^~~~~~~~~~~~~~~~~~~~~~~~~~~~~~~~~[m[K
[0.841s] compilation terminated.
[0.858s] writing dependency_links to udemy_ros2_pkg.egg-info/dependency_links.txt
[0.862s] gmake[2]: *** [CMakeFiles/action_server.dir/build.make:76: CMakeFiles/action_server.dir/src/action_server.cpp.o] Error 1
[0.862s] gmake[1]: *** [CMakeFiles/Makefile2:821: CMakeFiles/action_server.dir/all] Error 2
[0.862s] gmake[1]: *** Waiting for unfinished jobs....
[0.881s] writing top-level names to udemy_ros2_pkg.egg-info/top_level.txt
[0.909s] reading manifest file 'udemy_ros2_pkg.egg-info/SOURCES.txt'
[0.911s] writing manifest file 'udemy_ros2_pkg.egg-info/SOURCES.txt'
[0.945s] [ 98%] Built target ament_cmake_python_build_udemy_ros2_pkg_egg
[0.946s] gmake: *** [Makefile:146: all] Error 2
[0.948s] Invoked command in '/home/serhat/workspaces/build/udemy_ros2_pkg' returned '2': CMAKE_PREFIX_PATH=${CMAKE_PREFIX_PATH}:/opt/ros/humble /usr/bin/cmake --build /home/serhat/workspaces/build/udemy_ros2_pkg -- -j12 -l12
