[0.000000] (-) TimerEvent: {}
[0.000124] (udemy_ros2_pkg) JobQueued: {'identifier': 'udemy_ros2_pkg', 'dependencies': OrderedDict()}
[0.000196] (usb_cam) JobQueued: {'identifier': 'usb_cam', 'dependencies': OrderedDict()}
[0.000236] (udemy_ros2_pkg) JobStarted: {'identifier': 'udemy_ros2_pkg'}
[0.009794] (usb_cam) JobStarted: {'identifier': 'usb_cam'}
[0.015317] (udemy_ros2_pkg) JobProgress: {'identifier': 'udemy_ros2_pkg', 'progress': 'cmake'}
[0.015952] (udemy_ros2_pkg) JobProgress: {'identifier': 'udemy_ros2_pkg', 'progress': 'build'}
[0.016520] (udemy_ros2_pkg) Command: {'cmd': ['/usr/bin/cmake', '--build', '/home/serhat/workspaces/ros2_cpp_ws/build/udemy_ros2_pkg', '--', '-j12', '-l12'], 'cwd': '/home/serhat/workspaces/ros2_cpp_ws/build/udemy_ros2_pkg', 'env': OrderedDict([('LESSOPEN', '| /usr/bin/lesspipe %s'), ('USER', 'serhat'), ('XDG_SESSION_TYPE', 'wayland'), ('SHLVL', '1'), ('LD_LIBRARY_PATH', '/home/serhat/workspaces/install/usb_cam/lib:/home/serhat/workspaces/install/udemy_ros2_pkg/lib:/home/serhat/workspaces/ros2_cpp_ws/install/usb_cam/lib:/home/serhat/workspaces/ros2_cpp_ws/install/udemy_ros2_pkg/lib:/usr/lib/x86_64-linux-gnu/gazebo-11/plugins:/opt/ros/humble/opt/rviz_ogre_vendor/lib:/opt/ros/humble/lib/x86_64-linux-gnu:/opt/ros/humble/lib'), ('HOME', '/home/serhat'), ('OLDPWD', '/home/serhat/workspaces'), ('DESKTOP_SESSION', 'ubuntu'), ('ROS_PYTHON_VERSION', '3'), ('GNOME_SHELL_SESSION_MODE', 'ubuntu'), ('GTK_MODULES', 'gail:atk-bridge'), ('SYSTEMD_EXEC_PID', '4386'), ('DBUS_SESSION_BUS_ADDRESS', 'unix:path=/run/user/1000/bus'), ('COLORTERM', 'truecolor'), ('IM_CONFIG_PHASE', '1'), ('WAYLAND_DISPLAY', 'wayland-0'), ('COLCON_PREFIX_PATH', '/home/serhat/workspaces/ros2_cpp_ws/install:/home/serhat/workspaces/install'), ('ROS_DISTRO', 'humble'), ('LOGNAME', 'serhat'), ('_', '/usr/bin/colcon'), ('ROS_VERSION', '2'), ('XDG_SESSION_CLASS', 'user'), ('USERNAME', 'serhat'), ('TERM', 'xterm-256color'), ('GNOME_DESKTOP_SESSION_ID', 'this-is-deprecated'), ('ROS_LOCALHOST_ONLY', '0'), ('PATH', '/opt/ros/humble/bin:/usr/local/sbin:/usr/local/bin:/usr/sbin:/usr/bin:/sbin:/bin:/usr/games:/usr/local/games:/snap/bin:/snap/bin'), ('SESSION_MANAGER', 'local/serhat-ABRA-A5-V15-2:@/tmp/.ICE-unix/1458,unix/serhat-ABRA-A5-V15-2:/tmp/.ICE-unix/1458'), ('XDG_MENU_PREFIX', 'gnome-'), ('RMW_IMLEMENTATION', 'rmw_cyclonedds_cpp'), ('GNOME_TERMINAL_SCREEN', '/org/gnome/Terminal/screen/7e3473bf_7dbc_4131_9485_5bf80cb0f6e2'), ('GNOME_SETUP_DISPLAY', ':1'), ('XDG_RUNTIME_DIR', '/run/user/1000'), ('DISPLAY', ':0'), ('LANG', 'en_US.UTF-8'), ('XDG_CURRENT_DESKTOP', 'ubuntu:GNOME'), ('XMODIFIERS', '@im=ibus'), ('XDG_SESSION_DESKTOP', 'ubuntu'), ('XAUTHORITY', '/run/user/1000/.mutter-Xwaylandauth.D2S921'), ('LS_COLORS', 'rs=0:di=01;34:ln=01;36:mh=00:pi=40;33:so=01;35:do=01;35:bd=40;33;01:cd=40;33;01:or=40;31;01:mi=00:su=37;41:sg=30;43:ca=30;41:tw=30;42:ow=34;42:st=37;44:ex=01;32:*.tar=01;31:*.tgz=01;31:*.arc=01;31:*.arj=01;31:*.taz=01;31:*.lha=01;31:*.lz4=01;31:*.lzh=01;31:*.lzma=01;31:*.tlz=01;31:*.txz=01;31:*.tzo=01;31:*.t7z=01;31:*.zip=01;31:*.z=01;31:*.dz=01;31:*.gz=01;31:*.lrz=01;31:*.lz=01;31:*.lzo=01;31:*.xz=01;31:*.zst=01;31:*.tzst=01;31:*.bz2=01;31:*.bz=01;31:*.tbz=01;31:*.tbz2=01;31:*.tz=01;31:*.deb=01;31:*.rpm=01;31:*.jar=01;31:*.war=01;31:*.ear=01;31:*.sar=01;31:*.rar=01;31:*.alz=01;31:*.ace=01;31:*.zoo=01;31:*.cpio=01;31:*.7z=01;31:*.rz=01;31:*.cab=01;31:*.wim=01;31:*.swm=01;31:*.dwm=01;31:*.esd=01;31:*.jpg=01;35:*.jpeg=01;35:*.mjpg=01;35:*.mjpeg=01;35:*.gif=01;35:*.bmp=01;35:*.pbm=01;35:*.pgm=01;35:*.ppm=01;35:*.tga=01;35:*.xbm=01;35:*.xpm=01;35:*.tif=01;35:*.tiff=01;35:*.png=01;35:*.svg=01;35:*.svgz=01;35:*.mng=01;35:*.pcx=01;35:*.mov=01;35:*.mpg=01;35:*.mpeg=01;35:*.m2v=01;35:*.mkv=01;35:*.webm=01;35:*.webp=01;35:*.ogm=01;35:*.mp4=01;35:*.m4v=01;35:*.mp4v=01;35:*.vob=01;35:*.qt=01;35:*.nuv=01;35:*.wmv=01;35:*.asf=01;35:*.rm=01;35:*.rmvb=01;35:*.flc=01;35:*.avi=01;35:*.fli=01;35:*.flv=01;35:*.gl=01;35:*.dl=01;35:*.xcf=01;35:*.xwd=01;35:*.yuv=01;35:*.cgm=01;35:*.emf=01;35:*.ogv=01;35:*.ogx=01;35:*.aac=00;36:*.au=00;36:*.flac=00;36:*.m4a=00;36:*.mid=00;36:*.midi=00;36:*.mka=00;36:*.mp3=00;36:*.mpc=00;36:*.ogg=00;36:*.ra=00;36:*.wav=00;36:*.oga=00;36:*.opus=00;36:*.spx=00;36:*.xspf=00;36:'), ('GNOME_TERMINAL_SERVICE', ':1.117'), ('SSH_AGENT_LAUNCHER', 'gnome-keyring'), ('SSH_AUTH_SOCK', '/run/user/1000/keyring/ssh'), ('AMENT_PREFIX_PATH', '/home/serhat/workspaces/install/usb_cam:/home/serhat/workspaces/install/udemy_ros2_pkg:/home/serhat/workspaces/ros2_cpp_ws/install/usb_cam:/home/serhat/workspaces/ros2_cpp_ws/install/udemy_ros2_pkg:/opt/ros/humble'), ('SHELL', '/bin/bash'), ('QT_ACCESSIBILITY', '1'), ('GDMSESSION', 'ubuntu'), ('LESSCLOSE', '/usr/bin/lesspipe %s %s'), ('QT_IM_MODULE', 'ibus'), ('PWD', '/home/serhat/workspaces/ros2_cpp_ws/build/udemy_ros2_pkg'), ('TURTLEBOT3_MODEL', 'waffle'), ('LC_ALL', 'en_US.UTF-8'), ('XDG_CONFIG_DIRS', '/etc/xdg/xdg-ubuntu:/etc/xdg'), ('XDG_DATA_DIRS', '/usr/share/ubuntu:/usr/local/share/:/usr/share/:/var/lib/snapd/desktop'), ('PYTHONPATH', '/home/serhat/workspaces/install/udemy_ros2_pkg/local/lib/python3.10/dist-packages:/home/serhat/workspaces/ros2_cpp_ws/install/udemy_ros2_pkg/local/lib/python3.10/dist-packages:/opt/ros/humble/lib/python3.10/site-packages:/opt/ros/humble/local/lib/python3.10/dist-packages'), ('COLCON', '1'), ('VTE_VERSION', '6800'), ('CMAKE_PREFIX_PATH', '/home/serhat/workspaces/install/usb_cam:/home/serhat/workspaces/install/udemy_ros2_pkg:/home/serhat/workspaces/ros2_cpp_ws/install/usb_cam:/home/serhat/workspaces/ros2_cpp_ws/install/udemy_ros2_pkg:/opt/ros/humble')]), 'shell': False}
[0.019852] (usb_cam) JobProgress: {'identifier': 'usb_cam', 'progress': 'cmake'}
[0.020565] (usb_cam) JobProgress: {'identifier': 'usb_cam', 'progress': 'build'}
[0.021442] (usb_cam) Command: {'cmd': ['/usr/bin/cmake', '--build', '/home/serhat/workspaces/ros2_cpp_ws/build/usb_cam', '--', '-j12', '-l12'], 'cwd': '/home/serhat/workspaces/ros2_cpp_ws/build/usb_cam', 'env': OrderedDict([('LESSOPEN', '| /usr/bin/lesspipe %s'), ('USER', 'serhat'), ('XDG_SESSION_TYPE', 'wayland'), ('SHLVL', '1'), ('LD_LIBRARY_PATH', '/home/serhat/workspaces/install/usb_cam/lib:/home/serhat/workspaces/install/udemy_ros2_pkg/lib:/home/serhat/workspaces/ros2_cpp_ws/install/usb_cam/lib:/home/serhat/workspaces/ros2_cpp_ws/install/udemy_ros2_pkg/lib:/usr/lib/x86_64-linux-gnu/gazebo-11/plugins:/opt/ros/humble/opt/rviz_ogre_vendor/lib:/opt/ros/humble/lib/x86_64-linux-gnu:/opt/ros/humble/lib'), ('HOME', '/home/serhat'), ('OLDPWD', '/home/serhat/workspaces'), ('DESKTOP_SESSION', 'ubuntu'), ('ROS_PYTHON_VERSION', '3'), ('GNOME_SHELL_SESSION_MODE', 'ubuntu'), ('GTK_MODULES', 'gail:atk-bridge'), ('SYSTEMD_EXEC_PID', '4386'), ('DBUS_SESSION_BUS_ADDRESS', 'unix:path=/run/user/1000/bus'), ('COLORTERM', 'truecolor'), ('IM_CONFIG_PHASE', '1'), ('WAYLAND_DISPLAY', 'wayland-0'), ('COLCON_PREFIX_PATH', '/home/serhat/workspaces/ros2_cpp_ws/install:/home/serhat/workspaces/install'), ('ROS_DISTRO', 'humble'), ('LOGNAME', 'serhat'), ('_', '/usr/bin/colcon'), ('ROS_VERSION', '2'), ('XDG_SESSION_CLASS', 'user'), ('USERNAME', 'serhat'), ('TERM', 'xterm-256color'), ('GNOME_DESKTOP_SESSION_ID', 'this-is-deprecated'), ('ROS_LOCALHOST_ONLY', '0'), ('PATH', '/opt/ros/humble/bin:/usr/local/sbin:/usr/local/bin:/usr/sbin:/usr/bin:/sbin:/bin:/usr/games:/usr/local/games:/snap/bin:/snap/bin'), ('SESSION_MANAGER', 'local/serhat-ABRA-A5-V15-2:@/tmp/.ICE-unix/1458,unix/serhat-ABRA-A5-V15-2:/tmp/.ICE-unix/1458'), ('XDG_MENU_PREFIX', 'gnome-'), ('RMW_IMLEMENTATION', 'rmw_cyclonedds_cpp'), ('GNOME_TERMINAL_SCREEN', '/org/gnome/Terminal/screen/7e3473bf_7dbc_4131_9485_5bf80cb0f6e2'), ('GNOME_SETUP_DISPLAY', ':1'), ('XDG_RUNTIME_DIR', '/run/user/1000'), ('DISPLAY', ':0'), ('LANG', 'en_US.UTF-8'), ('XDG_CURRENT_DESKTOP', 'ubuntu:GNOME'), ('XMODIFIERS', '@im=ibus'), ('XDG_SESSION_DESKTOP', 'ubuntu'), ('XAUTHORITY', '/run/user/1000/.mutter-Xwaylandauth.D2S921'), ('LS_COLORS', 'rs=0:di=01;34:ln=01;36:mh=00:pi=40;33:so=01;35:do=01;35:bd=40;33;01:cd=40;33;01:or=40;31;01:mi=00:su=37;41:sg=30;43:ca=30;41:tw=30;42:ow=34;42:st=37;44:ex=01;32:*.tar=01;31:*.tgz=01;31:*.arc=01;31:*.arj=01;31:*.taz=01;31:*.lha=01;31:*.lz4=01;31:*.lzh=01;31:*.lzma=01;31:*.tlz=01;31:*.txz=01;31:*.tzo=01;31:*.t7z=01;31:*.zip=01;31:*.z=01;31:*.dz=01;31:*.gz=01;31:*.lrz=01;31:*.lz=01;31:*.lzo=01;31:*.xz=01;31:*.zst=01;31:*.tzst=01;31:*.bz2=01;31:*.bz=01;31:*.tbz=01;31:*.tbz2=01;31:*.tz=01;31:*.deb=01;31:*.rpm=01;31:*.jar=01;31:*.war=01;31:*.ear=01;31:*.sar=01;31:*.rar=01;31:*.alz=01;31:*.ace=01;31:*.zoo=01;31:*.cpio=01;31:*.7z=01;31:*.rz=01;31:*.cab=01;31:*.wim=01;31:*.swm=01;31:*.dwm=01;31:*.esd=01;31:*.jpg=01;35:*.jpeg=01;35:*.mjpg=01;35:*.mjpeg=01;35:*.gif=01;35:*.bmp=01;35:*.pbm=01;35:*.pgm=01;35:*.ppm=01;35:*.tga=01;35:*.xbm=01;35:*.xpm=01;35:*.tif=01;35:*.tiff=01;35:*.png=01;35:*.svg=01;35:*.svgz=01;35:*.mng=01;35:*.pcx=01;35:*.mov=01;35:*.mpg=01;35:*.mpeg=01;35:*.m2v=01;35:*.mkv=01;35:*.webm=01;35:*.webp=01;35:*.ogm=01;35:*.mp4=01;35:*.m4v=01;35:*.mp4v=01;35:*.vob=01;35:*.qt=01;35:*.nuv=01;35:*.wmv=01;35:*.asf=01;35:*.rm=01;35:*.rmvb=01;35:*.flc=01;35:*.avi=01;35:*.fli=01;35:*.flv=01;35:*.gl=01;35:*.dl=01;35:*.xcf=01;35:*.xwd=01;35:*.yuv=01;35:*.cgm=01;35:*.emf=01;35:*.ogv=01;35:*.ogx=01;35:*.aac=00;36:*.au=00;36:*.flac=00;36:*.m4a=00;36:*.mid=00;36:*.midi=00;36:*.mka=00;36:*.mp3=00;36:*.mpc=00;36:*.ogg=00;36:*.ra=00;36:*.wav=00;36:*.oga=00;36:*.opus=00;36:*.spx=00;36:*.xspf=00;36:'), ('GNOME_TERMINAL_SERVICE', ':1.117'), ('SSH_AGENT_LAUNCHER', 'gnome-keyring'), ('SSH_AUTH_SOCK', '/run/user/1000/keyring/ssh'), ('AMENT_PREFIX_PATH', '/home/serhat/workspaces/install/usb_cam:/home/serhat/workspaces/install/udemy_ros2_pkg:/home/serhat/workspaces/ros2_cpp_ws/install/usb_cam:/home/serhat/workspaces/ros2_cpp_ws/install/udemy_ros2_pkg:/opt/ros/humble'), ('SHELL', '/bin/bash'), ('QT_ACCESSIBILITY', '1'), ('GDMSESSION', 'ubuntu'), ('LESSCLOSE', '/usr/bin/lesspipe %s %s'), ('QT_IM_MODULE', 'ibus'), ('PWD', '/home/serhat/workspaces/ros2_cpp_ws/build/usb_cam'), ('TURTLEBOT3_MODEL', 'waffle'), ('LC_ALL', 'en_US.UTF-8'), ('XDG_CONFIG_DIRS', '/etc/xdg/xdg-ubuntu:/etc/xdg'), ('XDG_DATA_DIRS', '/usr/share/ubuntu:/usr/local/share/:/usr/share/:/var/lib/snapd/desktop'), ('PYTHONPATH', '/home/serhat/workspaces/install/udemy_ros2_pkg/local/lib/python3.10/dist-packages:/home/serhat/workspaces/ros2_cpp_ws/install/udemy_ros2_pkg/local/lib/python3.10/dist-packages:/opt/ros/humble/lib/python3.10/site-packages:/opt/ros/humble/local/lib/python3.10/dist-packages'), ('COLCON', '1'), ('VTE_VERSION', '6800'), ('CMAKE_PREFIX_PATH', '/home/serhat/workspaces/install/usb_cam:/home/serhat/workspaces/install/udemy_ros2_pkg:/home/serhat/workspaces/ros2_cpp_ws/install/usb_cam:/home/serhat/workspaces/ros2_cpp_ws/install/udemy_ros2_pkg:/opt/ros/humble')]), 'shell': False}
[0.041802] (udemy_ros2_pkg) StdoutLine: {'line': b'-- Found ament_cmake: 1.3.3 (/opt/ros/humble/share/ament_cmake/cmake)\n'}
[0.069207] (usb_cam) StdoutLine: {'line': b'[ 14%] Built target usb_cam\n'}
[0.069459] (usb_cam) StdoutLine: {'line': b'[ 28%] Built target gtest_main\n'}
[0.069749] (usb_cam) StdoutLine: {'line': b'[ 42%] Built target gtest\n'}
[0.072220] (usb_cam) StdoutLine: {'line': b'[ 57%] Built target usb_cam_node_exe\n'}
[0.092003] (usb_cam) StdoutLine: {'line': b'[ 71%] Built target test_usb_cam_utils\n'}
[0.092294] (usb_cam) StdoutLine: {'line': b'[ 85%] Built target test_usb_cam_lib\n'}
[0.095371] (usb_cam) StdoutLine: {'line': b'[100%] Built target usb_cam_node\n'}
[0.098939] (-) TimerEvent: {}
[0.105810] (usb_cam) CommandEnded: {'returncode': 0}
[0.144809] (usb_cam) JobProgress: {'identifier': 'usb_cam', 'progress': 'install'}
[0.152574] (usb_cam) Command: {'cmd': ['/usr/bin/cmake', '--install', '/home/serhat/workspaces/ros2_cpp_ws/build/usb_cam'], 'cwd': '/home/serhat/workspaces/ros2_cpp_ws/build/usb_cam', 'env': OrderedDict([('LESSOPEN', '| /usr/bin/lesspipe %s'), ('USER', 'serhat'), ('XDG_SESSION_TYPE', 'wayland'), ('SHLVL', '1'), ('LD_LIBRARY_PATH', '/home/serhat/workspaces/install/usb_cam/lib:/home/serhat/workspaces/install/udemy_ros2_pkg/lib:/home/serhat/workspaces/ros2_cpp_ws/install/usb_cam/lib:/home/serhat/workspaces/ros2_cpp_ws/install/udemy_ros2_pkg/lib:/usr/lib/x86_64-linux-gnu/gazebo-11/plugins:/opt/ros/humble/opt/rviz_ogre_vendor/lib:/opt/ros/humble/lib/x86_64-linux-gnu:/opt/ros/humble/lib'), ('HOME', '/home/serhat'), ('OLDPWD', '/home/serhat/workspaces'), ('DESKTOP_SESSION', 'ubuntu'), ('ROS_PYTHON_VERSION', '3'), ('GNOME_SHELL_SESSION_MODE', 'ubuntu'), ('GTK_MODULES', 'gail:atk-bridge'), ('SYSTEMD_EXEC_PID', '4386'), ('DBUS_SESSION_BUS_ADDRESS', 'unix:path=/run/user/1000/bus'), ('COLORTERM', 'truecolor'), ('IM_CONFIG_PHASE', '1'), ('WAYLAND_DISPLAY', 'wayland-0'), ('COLCON_PREFIX_PATH', '/home/serhat/workspaces/ros2_cpp_ws/install:/home/serhat/workspaces/install'), ('ROS_DISTRO', 'humble'), ('LOGNAME', 'serhat'), ('_', '/usr/bin/colcon'), ('ROS_VERSION', '2'), ('XDG_SESSION_CLASS', 'user'), ('USERNAME', 'serhat'), ('TERM', 'xterm-256color'), ('GNOME_DESKTOP_SESSION_ID', 'this-is-deprecated'), ('ROS_LOCALHOST_ONLY', '0'), ('PATH', '/opt/ros/humble/bin:/usr/local/sbin:/usr/local/bin:/usr/sbin:/usr/bin:/sbin:/bin:/usr/games:/usr/local/games:/snap/bin:/snap/bin'), ('SESSION_MANAGER', 'local/serhat-ABRA-A5-V15-2:@/tmp/.ICE-unix/1458,unix/serhat-ABRA-A5-V15-2:/tmp/.ICE-unix/1458'), ('XDG_MENU_PREFIX', 'gnome-'), ('RMW_IMLEMENTATION', 'rmw_cyclonedds_cpp'), ('GNOME_TERMINAL_SCREEN', '/org/gnome/Terminal/screen/7e3473bf_7dbc_4131_9485_5bf80cb0f6e2'), ('GNOME_SETUP_DISPLAY', ':1'), ('XDG_RUNTIME_DIR', '/run/user/1000'), ('DISPLAY', ':0'), ('LANG', 'en_US.UTF-8'), ('XDG_CURRENT_DESKTOP', 'ubuntu:GNOME'), ('XMODIFIERS', '@im=ibus'), ('XDG_SESSION_DESKTOP', 'ubuntu'), ('XAUTHORITY', '/run/user/1000/.mutter-Xwaylandauth.D2S921'), ('LS_COLORS', 'rs=0:di=01;34:ln=01;36:mh=00:pi=40;33:so=01;35:do=01;35:bd=40;33;01:cd=40;33;01:or=40;31;01:mi=00:su=37;41:sg=30;43:ca=30;41:tw=30;42:ow=34;42:st=37;44:ex=01;32:*.tar=01;31:*.tgz=01;31:*.arc=01;31:*.arj=01;31:*.taz=01;31:*.lha=01;31:*.lz4=01;31:*.lzh=01;31:*.lzma=01;31:*.tlz=01;31:*.txz=01;31:*.tzo=01;31:*.t7z=01;31:*.zip=01;31:*.z=01;31:*.dz=01;31:*.gz=01;31:*.lrz=01;31:*.lz=01;31:*.lzo=01;31:*.xz=01;31:*.zst=01;31:*.tzst=01;31:*.bz2=01;31:*.bz=01;31:*.tbz=01;31:*.tbz2=01;31:*.tz=01;31:*.deb=01;31:*.rpm=01;31:*.jar=01;31:*.war=01;31:*.ear=01;31:*.sar=01;31:*.rar=01;31:*.alz=01;31:*.ace=01;31:*.zoo=01;31:*.cpio=01;31:*.7z=01;31:*.rz=01;31:*.cab=01;31:*.wim=01;31:*.swm=01;31:*.dwm=01;31:*.esd=01;31:*.jpg=01;35:*.jpeg=01;35:*.mjpg=01;35:*.mjpeg=01;35:*.gif=01;35:*.bmp=01;35:*.pbm=01;35:*.pgm=01;35:*.ppm=01;35:*.tga=01;35:*.xbm=01;35:*.xpm=01;35:*.tif=01;35:*.tiff=01;35:*.png=01;35:*.svg=01;35:*.svgz=01;35:*.mng=01;35:*.pcx=01;35:*.mov=01;35:*.mpg=01;35:*.mpeg=01;35:*.m2v=01;35:*.mkv=01;35:*.webm=01;35:*.webp=01;35:*.ogm=01;35:*.mp4=01;35:*.m4v=01;35:*.mp4v=01;35:*.vob=01;35:*.qt=01;35:*.nuv=01;35:*.wmv=01;35:*.asf=01;35:*.rm=01;35:*.rmvb=01;35:*.flc=01;35:*.avi=01;35:*.fli=01;35:*.flv=01;35:*.gl=01;35:*.dl=01;35:*.xcf=01;35:*.xwd=01;35:*.yuv=01;35:*.cgm=01;35:*.emf=01;35:*.ogv=01;35:*.ogx=01;35:*.aac=00;36:*.au=00;36:*.flac=00;36:*.m4a=00;36:*.mid=00;36:*.midi=00;36:*.mka=00;36:*.mp3=00;36:*.mpc=00;36:*.ogg=00;36:*.ra=00;36:*.wav=00;36:*.oga=00;36:*.opus=00;36:*.spx=00;36:*.xspf=00;36:'), ('GNOME_TERMINAL_SERVICE', ':1.117'), ('SSH_AGENT_LAUNCHER', 'gnome-keyring'), ('SSH_AUTH_SOCK', '/run/user/1000/keyring/ssh'), ('AMENT_PREFIX_PATH', '/home/serhat/workspaces/install/usb_cam:/home/serhat/workspaces/install/udemy_ros2_pkg:/home/serhat/workspaces/ros2_cpp_ws/install/usb_cam:/home/serhat/workspaces/ros2_cpp_ws/install/udemy_ros2_pkg:/opt/ros/humble'), ('SHELL', '/bin/bash'), ('QT_ACCESSIBILITY', '1'), ('GDMSESSION', 'ubuntu'), ('LESSCLOSE', '/usr/bin/lesspipe %s %s'), ('QT_IM_MODULE', 'ibus'), ('PWD', '/home/serhat/workspaces/ros2_cpp_ws/build/usb_cam'), ('TURTLEBOT3_MODEL', 'waffle'), ('LC_ALL', 'en_US.UTF-8'), ('XDG_CONFIG_DIRS', '/etc/xdg/xdg-ubuntu:/etc/xdg'), ('XDG_DATA_DIRS', '/usr/share/ubuntu:/usr/local/share/:/usr/share/:/var/lib/snapd/desktop'), ('PYTHONPATH', '/home/serhat/workspaces/install/udemy_ros2_pkg/local/lib/python3.10/dist-packages:/home/serhat/workspaces/ros2_cpp_ws/install/udemy_ros2_pkg/local/lib/python3.10/dist-packages:/opt/ros/humble/lib/python3.10/site-packages:/opt/ros/humble/local/lib/python3.10/dist-packages'), ('COLCON', '1'), ('VTE_VERSION', '6800'), ('CMAKE_PREFIX_PATH', '/home/serhat/workspaces/install/usb_cam:/home/serhat/workspaces/install/udemy_ros2_pkg:/home/serhat/workspaces/ros2_cpp_ws/install/usb_cam:/home/serhat/workspaces/ros2_cpp_ws/install/udemy_ros2_pkg:/opt/ros/humble')]), 'shell': False}
[0.158974] (usb_cam) StdoutLine: {'line': b'-- Install configuration: ""\n'}
[0.159258] (usb_cam) StdoutLine: {'line': b'-- Up-to-date: /home/serhat/workspaces/ros2_cpp_ws/install/usb_cam/share/usb_cam/environment/library_path.sh\n'}
[0.159323] (usb_cam) StdoutLine: {'line': b'-- Up-to-date: /home/serhat/workspaces/ros2_cpp_ws/install/usb_cam/share/usb_cam/environment/library_path.dsv\n'}
[0.159482] (usb_cam) StdoutLine: {'line': b'-- Up-to-date: /home/serhat/workspaces/ros2_cpp_ws/install/usb_cam/lib/usb_cam/usb_cam_node_exe\n'}
[0.159647] (usb_cam) StdoutLine: {'line': b'-- Up-to-date: /home/serhat/workspaces/ros2_cpp_ws/install/usb_cam/lib/usb_cam/show_image.py\n'}
[0.159860] (usb_cam) StdoutLine: {'line': b'-- Up-to-date: /home/serhat/workspaces/ros2_cpp_ws/install/usb_cam/lib/libusb_cam.so\n'}
[0.160147] (usb_cam) StdoutLine: {'line': b'-- Up-to-date: /home/serhat/workspaces/ros2_cpp_ws/install/usb_cam/lib/libusb_cam_node.so\n'}
[0.160334] (usb_cam) StdoutLine: {'line': b'-- Up-to-date: /home/serhat/workspaces/ros2_cpp_ws/install/usb_cam/include\n'}
[0.160592] (usb_cam) StdoutLine: {'line': b'-- Up-to-date: /home/serhat/workspaces/ros2_cpp_ws/install/usb_cam/include/usb_cam\n'}
[0.160680] (usb_cam) StdoutLine: {'line': b'-- Up-to-date: /home/serhat/workspaces/ros2_cpp_ws/install/usb_cam/include/usb_cam/conversions.hpp\n'}
[0.160744] (usb_cam) StdoutLine: {'line': b'-- Up-to-date: /home/serhat/workspaces/ros2_cpp_ws/install/usb_cam/include/usb_cam/usb_cam_node.hpp\n'}
[0.160831] (usb_cam) StdoutLine: {'line': b'-- Up-to-date: /home/serhat/workspaces/ros2_cpp_ws/install/usb_cam/include/usb_cam/utils.hpp\n'}
[0.160887] (usb_cam) StdoutLine: {'line': b'-- Up-to-date: /home/serhat/workspaces/ros2_cpp_ws/install/usb_cam/include/usb_cam/constants.hpp\n'}
[0.160983] (usb_cam) StdoutLine: {'line': b'-- Up-to-date: /home/serhat/workspaces/ros2_cpp_ws/install/usb_cam/include/usb_cam/usb_cam.hpp\n'}
[0.161138] (usb_cam) StdoutLine: {'line': b'-- Up-to-date: /home/serhat/workspaces/ros2_cpp_ws/install/usb_cam/lib/libusb_cam_node.so\n'}
[0.161447] (usb_cam) StdoutLine: {'line': b'-- Up-to-date: /home/serhat/workspaces/ros2_cpp_ws/install/usb_cam/share/usb_cam/launch\n'}
[0.161725] (usb_cam) StdoutLine: {'line': b'-- Up-to-date: /home/serhat/workspaces/ros2_cpp_ws/install/usb_cam/share/usb_cam/launch/demo_launch.py\n'}
[0.161923] (usb_cam) StdoutLine: {'line': b'-- Up-to-date: /home/serhat/workspaces/ros2_cpp_ws/install/usb_cam/share/usb_cam/config\n'}
[0.162142] (usb_cam) StdoutLine: {'line': b'-- Up-to-date: /home/serhat/workspaces/ros2_cpp_ws/install/usb_cam/share/usb_cam/config/camera_info.yaml\n'}
[0.162289] (usb_cam) StdoutLine: {'line': b'-- Up-to-date: /home/serhat/workspaces/ros2_cpp_ws/install/usb_cam/share/usb_cam/config/params.yaml\n'}
[0.162440] (usb_cam) StdoutLine: {'line': b'-- Up-to-date: /home/serhat/workspaces/ros2_cpp_ws/install/usb_cam/share/ament_index/resource_index/package_run_dependencies/usb_cam\n'}
[0.162636] (usb_cam) StdoutLine: {'line': b'-- Up-to-date: /home/serhat/workspaces/ros2_cpp_ws/install/usb_cam/share/ament_index/resource_index/parent_prefix_path/usb_cam\n'}
[0.162810] (usb_cam) StdoutLine: {'line': b'-- Up-to-date: /home/serhat/workspaces/ros2_cpp_ws/install/usb_cam/share/usb_cam/environment/ament_prefix_path.sh\n'}
[0.162949] (usb_cam) StdoutLine: {'line': b'-- Up-to-date: /home/serhat/workspaces/ros2_cpp_ws/install/usb_cam/share/usb_cam/environment/ament_prefix_path.dsv\n'}
[0.163060] (usb_cam) StdoutLine: {'line': b'-- Up-to-date: /home/serhat/workspaces/ros2_cpp_ws/install/usb_cam/share/usb_cam/environment/path.sh\n'}
[0.163183] (usb_cam) StdoutLine: {'line': b'-- Up-to-date: /home/serhat/workspaces/ros2_cpp_ws/install/usb_cam/share/usb_cam/environment/path.dsv\n'}
[0.163298] (usb_cam) StdoutLine: {'line': b'-- Up-to-date: /home/serhat/workspaces/ros2_cpp_ws/install/usb_cam/share/usb_cam/local_setup.bash\n'}
[0.163409] (usb_cam) StdoutLine: {'line': b'-- Up-to-date: /home/serhat/workspaces/ros2_cpp_ws/install/usb_cam/share/usb_cam/local_setup.sh\n'}
[0.163530] (usb_cam) StdoutLine: {'line': b'-- Up-to-date: /home/serhat/workspaces/ros2_cpp_ws/install/usb_cam/share/usb_cam/local_setup.zsh\n'}
[0.163661] (usb_cam) StdoutLine: {'line': b'-- Up-to-date: /home/serhat/workspaces/ros2_cpp_ws/install/usb_cam/share/usb_cam/local_setup.dsv\n'}
[0.163785] (usb_cam) StdoutLine: {'line': b'-- Installing: /home/serhat/workspaces/ros2_cpp_ws/install/usb_cam/share/usb_cam/package.dsv\n'}
[0.163903] (usb_cam) StdoutLine: {'line': b'-- Up-to-date: /home/serhat/workspaces/ros2_cpp_ws/install/usb_cam/share/ament_index/resource_index/packages/usb_cam\n'}
[0.164018] (usb_cam) StdoutLine: {'line': b'-- Up-to-date: /home/serhat/workspaces/ros2_cpp_ws/install/usb_cam/share/ament_index/resource_index/rclcpp_components/usb_cam\n'}
[0.164156] (usb_cam) StdoutLine: {'line': b'-- Up-to-date: /home/serhat/workspaces/ros2_cpp_ws/install/usb_cam/share/usb_cam/cmake/ament_cmake_export_libraries-extras.cmake\n'}
[0.164279] (usb_cam) StdoutLine: {'line': b'-- Up-to-date: /home/serhat/workspaces/ros2_cpp_ws/install/usb_cam/share/usb_cam/cmake/ament_cmake_export_dependencies-extras.cmake\n'}
[0.164486] (usb_cam) StdoutLine: {'line': b'-- Up-to-date: /home/serhat/workspaces/ros2_cpp_ws/install/usb_cam/share/usb_cam/cmake/ament_cmake_export_include_directories-extras.cmake\n'}
[0.164810] (usb_cam) StdoutLine: {'line': b'-- Up-to-date: /home/serhat/workspaces/ros2_cpp_ws/install/usb_cam/share/usb_cam/cmake/usb_camConfig.cmake\n'}
[0.166078] (usb_cam) StdoutLine: {'line': b'-- Up-to-date: /home/serhat/workspaces/ros2_cpp_ws/install/usb_cam/share/usb_cam/cmake/usb_camConfig-version.cmake\n'}
[0.166725] (usb_cam) StdoutLine: {'line': b'-- Up-to-date: /home/serhat/workspaces/ros2_cpp_ws/install/usb_cam/share/usb_cam/package.xml\n'}
[0.166825] (usb_cam) CommandEnded: {'returncode': 0}
[0.176259] (udemy_ros2_pkg) StdoutLine: {'line': b'-- Override CMake install command with custom implementation using symlinks instead of copying resources\n'}
[0.183295] (udemy_ros2_pkg) StdoutLine: {'line': b'-- Found rclcpp: 16.0.3 (/opt/ros/humble/share/rclcpp/cmake)\n'}
[0.199059] (-) TimerEvent: {}
[0.210891] (udemy_ros2_pkg) StdoutLine: {'line': b'-- Found rosidl_generator_c: 3.1.4 (/opt/ros/humble/share/rosidl_generator_c/cmake)\n'}
[0.213258] (udemy_ros2_pkg) StdoutLine: {'line': b'-- Found rosidl_adapter: 3.1.4 (/opt/ros/humble/share/rosidl_adapter/cmake)\n'}
[0.218632] (udemy_ros2_pkg) StdoutLine: {'line': b'-- Found rosidl_generator_cpp: 3.1.4 (/opt/ros/humble/share/rosidl_generator_cpp/cmake)\n'}
[0.231535] (udemy_ros2_pkg) StdoutLine: {'line': b'-- Using all available rosidl_typesupport_c: rosidl_typesupport_fastrtps_c;rosidl_typesupport_introspection_c\n'}
[0.233892] (usb_cam) JobEnded: {'identifier': 'usb_cam', 'rc': 0}
[0.245654] (udemy_ros2_pkg) StdoutLine: {'line': b'-- Using all available rosidl_typesupport_cpp: rosidl_typesupport_fastrtps_cpp;rosidl_typesupport_introspection_cpp\n'}
[0.299187] (-) TimerEvent: {}
[0.301534] (udemy_ros2_pkg) StdoutLine: {'line': b'-- Found rmw_implementation_cmake: 6.1.1 (/opt/ros/humble/share/rmw_implementation_cmake/cmake)\n'}
[0.302784] (udemy_ros2_pkg) StdoutLine: {'line': b'-- Found rmw_fastrtps_cpp: 6.2.2 (/opt/ros/humble/share/rmw_fastrtps_cpp/cmake)\n'}
[0.399291] (-) TimerEvent: {}
[0.434134] (udemy_ros2_pkg) StdoutLine: {'line': b"-- Using RMW implementation 'rmw_fastrtps_cpp' as default\n"}
[0.499411] (-) TimerEvent: {}
[0.584694] (udemy_ros2_pkg) StdoutLine: {'line': b'-- Found rosidl_default_generators: 1.2.0 (/opt/ros/humble/share/rosidl_default_generators/cmake)\n'}
[0.591171] (udemy_ros2_pkg) StdoutLine: {'line': b'-- Found sensor_msgs: 4.2.3 (/opt/ros/humble/share/sensor_msgs/cmake)\n'}
[0.599507] (-) TimerEvent: {}
[0.699724] (-) TimerEvent: {}
[0.716582] (udemy_ros2_pkg) StdoutLine: {'line': b'-- Found cv_bridge: 3.2.1 (/opt/ros/humble/share/cv_bridge/cmake)\n'}
[0.723305] (udemy_ros2_pkg) StdoutLine: {'line': b'-- Found action_msgs: 1.2.1 (/opt/ros/humble/share/action_msgs/cmake)\n'}
[0.792084] (udemy_ros2_pkg) StdoutLine: {'line': b'-- Found rclcpp_action: 16.0.3 (/opt/ros/humble/share/rclcpp_action/cmake)\n'}
[0.799850] (-) TimerEvent: {}
[0.832034] (udemy_ros2_pkg) StdoutLine: {'line': b'-- Found ros_ign_gazebo: 0.244.9 (/opt/ros/humble/share/ros_ign_gazebo/cmake)\n'}
[0.899975] (-) TimerEvent: {}
[1.000238] (-) TimerEvent: {}
[1.100503] (-) TimerEvent: {}
[1.200783] (-) TimerEvent: {}
[1.301050] (-) TimerEvent: {}
[1.401315] (-) TimerEvent: {}
[1.501578] (-) TimerEvent: {}
[1.601801] (-) TimerEvent: {}
[1.702047] (-) TimerEvent: {}
[1.801925] (udemy_ros2_pkg) StdoutLine: {'line': b'-- Found ament_cmake_cppcheck: 0.12.5 (/opt/ros/humble/share/ament_cmake_cppcheck/cmake)\n'}
[1.802051] (-) TimerEvent: {}
[1.802544] (udemy_ros2_pkg) StdoutLine: {'line': b'-- Found ament_cmake_cpplint: 0.12.5 (/opt/ros/humble/share/ament_cmake_cpplint/cmake)\n'}
[1.803141] (udemy_ros2_pkg) StdoutLine: {'line': b'-- Found ament_cmake_uncrustify: 0.12.5 (/opt/ros/humble/share/ament_cmake_uncrustify/cmake)\n'}
[1.803976] (udemy_ros2_pkg) StdoutLine: {'line': b'-- Found ament_cmake_ros: 0.10.0 (/opt/ros/humble/share/ament_cmake_ros/cmake)\n'}
[1.902183] (-) TimerEvent: {}
[2.002411] (-) TimerEvent: {}
[2.102776] (-) TimerEvent: {}
[2.203016] (-) TimerEvent: {}
[2.253797] (udemy_ros2_pkg) StdoutLine: {'line': b'-- Using all available rosidl_typesupport_c: rosidl_typesupport_fastrtps_c;rosidl_typesupport_introspection_c\n'}
[2.303122] (-) TimerEvent: {}
[2.403436] (-) TimerEvent: {}
[2.453040] (udemy_ros2_pkg) StdoutLine: {'line': b'-- Using all available rosidl_typesupport_cpp: rosidl_typesupport_fastrtps_cpp;rosidl_typesupport_introspection_cpp\n'}
[2.479176] (udemy_ros2_pkg) StdoutLine: {'line': b'-- Found python_cmake_module: 0.10.0 (/opt/ros/humble/share/python_cmake_module/cmake)\n'}
[2.503533] (-) TimerEvent: {}
[2.506304] (udemy_ros2_pkg) StdoutLine: {'line': b'-- Using PYTHON_EXECUTABLE: /usr/bin/python3\n'}
[2.506469] (udemy_ros2_pkg) StdoutLine: {'line': b'-- Using PYTHON_INCLUDE_DIRS: /usr/include/python3.10\n'}
[2.506572] (udemy_ros2_pkg) StdoutLine: {'line': b'-- Using PYTHON_LIBRARIES: /usr/lib/x86_64-linux-gnu/libpython3.10.so\n'}
[2.563116] (udemy_ros2_pkg) StdoutLine: {'line': b'-- Found ament_cmake_flake8: 0.12.5 (/opt/ros/humble/share/ament_cmake_flake8/cmake)\n'}
[2.563715] (udemy_ros2_pkg) StdoutLine: {'line': b'-- Found ament_cmake_pep257: 0.12.5 (/opt/ros/humble/share/ament_cmake_pep257/cmake)\n'}
[2.588709] (udemy_ros2_pkg) StdoutLine: {'line': b'-- Found ament_lint_auto: 0.12.5 (/opt/ros/humble/share/ament_lint_auto/cmake)\n'}
[2.603428] (udemy_ros2_pkg) StdoutLine: {'line': b"-- Added test 'cppcheck' to perform static code analysis on C / C++ code\n"}
[2.603615] (-) TimerEvent: {}
[2.605190] (udemy_ros2_pkg) StdoutLine: {'line': b'-- Configured cppcheck include dirs: \n'}
[2.605311] (udemy_ros2_pkg) StdoutLine: {'line': b'-- Configured cppcheck exclude dirs and/or files: \n'}
[2.609447] (udemy_ros2_pkg) StdoutLine: {'line': b"-- Added test 'cpplint' to check C / C++ code against the Google style\n"}
[2.609658] (udemy_ros2_pkg) StdoutLine: {'line': b'-- Configured cpplint exclude dirs and/or files: \n'}
[2.613322] (udemy_ros2_pkg) StdoutLine: {'line': b"-- Added test 'uncrustify' to check C / C++ code style\n"}
[2.613478] (udemy_ros2_pkg) StdoutLine: {'line': b'-- Configured uncrustify additional arguments: \n'}
[2.614268] (udemy_ros2_pkg) StdoutLine: {'line': b"-- Added test 'flake8' to check Python code syntax and style conventions\n"}
[2.615204] (udemy_ros2_pkg) StdoutLine: {'line': b"-- Added test 'pep257' to check Python code against some of the docstring style conventions in PEP 257\n"}
[2.616335] (udemy_ros2_pkg) StdoutLine: {'line': b"-- Added test 'lint_cmake' to check CMake code style\n"}
[2.617170] (udemy_ros2_pkg) StdoutLine: {'line': b"-- Added test 'xmllint' to check XML markup files\n"}
[2.621287] (udemy_ros2_pkg) StdoutLine: {'line': b'-- Configuring done\n'}
[2.703724] (-) TimerEvent: {}
[2.793852] (udemy_ros2_pkg) StdoutLine: {'line': b'-- Generating done\n'}
[2.799001] (udemy_ros2_pkg) StdoutLine: {'line': b'-- Build files have been written to: /home/serhat/workspaces/ros2_cpp_ws/build/udemy_ros2_pkg\n'}
[2.803833] (-) TimerEvent: {}
[2.833183] (udemy_ros2_pkg) StdoutLine: {'line': b'\x1b[35m\x1b[1mConsolidate compiler generated dependencies of target udemy_ros2_pkg__rosidl_generator_c\x1b[0m\n'}
[2.834548] (udemy_ros2_pkg) StdoutLine: {'line': b'\x1b[35m\x1b[1mConsolidate compiler generated dependencies of target publisher\x1b[0m\n'}
[2.843169] (udemy_ros2_pkg) StdoutLine: {'line': b'[  1%] Built target udemy_ros2_pkg__cpp\n'}
[2.847243] (udemy_ros2_pkg) StdoutLine: {'line': b'\x1b[35m\x1b[1mConsolidate compiler generated dependencies of target subscriber\x1b[0m\n'}
[2.848619] (udemy_ros2_pkg) StdoutLine: {'line': b'[  1%] Built target ament_cmake_python_symlink_udemy_ros2_pkg\n'}
[2.850741] (udemy_ros2_pkg) StdoutLine: {'line': b'[  8%] Built target udemy_ros2_pkg__rosidl_generator_c\n'}
[2.862347] (udemy_ros2_pkg) StdoutLine: {'line': b'\x1b[35m\x1b[1mConsolidate compiler generated dependencies of target udemy_ros2_pkg__rosidl_typesupport_fastrtps_cpp\x1b[0m\n'}
[2.862650] (udemy_ros2_pkg) StdoutLine: {'line': b'\x1b[35m\x1b[1mConsolidate compiler generated dependencies of target rpm_pub\x1b[0m\n'}
[2.862843] (udemy_ros2_pkg) StdoutLine: {'line': b'\x1b[35m\x1b[1mConsolidate compiler generated dependencies of target udemy_ros2_pkg__rosidl_typesupport_cpp\x1b[0m\n'}
[2.863047] (udemy_ros2_pkg) StdoutLine: {'line': b'\x1b[35m\x1b[1mConsolidate compiler generated dependencies of target udemy_ros2_pkg__rosidl_typesupport_introspection_cpp\x1b[0m\n'}
[2.871602] (udemy_ros2_pkg) StdoutLine: {'line': b'\x1b[35m\x1b[1mConsolidate compiler generated dependencies of target speed_calc\x1b[0m\n'}
[2.871887] (udemy_ros2_pkg) StdoutLine: {'line': b'\x1b[35m\x1b[1mConsolidate compiler generated dependencies of target udemy_ros2_pkg__rosidl_typesupport_c\x1b[0m\n'}
[2.872041] (udemy_ros2_pkg) StdoutLine: {'line': b'\x1b[35m\x1b[1mConsolidate compiler generated dependencies of target udemy_ros2_pkg__rosidl_typesupport_introspection_c\x1b[0m\n'}
[2.872204] (udemy_ros2_pkg) StdoutLine: {'line': b'[ 11%] Built target publisher\n'}
[2.872369] (udemy_ros2_pkg) StdoutLine: {'line': b'\x1b[35m\x1b[1mConsolidate compiler generated dependencies of target udemy_ros2_pkg__rosidl_typesupport_fastrtps_c\x1b[0m\n'}
[2.883004] (udemy_ros2_pkg) StdoutLine: {'line': b'[ 13%] \x1b[32mBuilding CXX object CMakeFiles/subscriber.dir/src/subscriber.cpp.o\x1b[0m\n'}
[2.889868] (udemy_ros2_pkg) StdoutLine: {'line': b'[ 38%] Built target udemy_ros2_pkg__rosidl_typesupport_introspection_cpp\n'}
[2.890079] (udemy_ros2_pkg) StdoutLine: {'line': b'[ 38%] Built target udemy_ros2_pkg__rosidl_typesupport_cpp\n'}
[2.890199] (udemy_ros2_pkg) StdoutLine: {'line': b'[ 38%] Built target udemy_ros2_pkg__rosidl_typesupport_c\n'}
[2.890358] (udemy_ros2_pkg) StdoutLine: {'line': b'[ 43%] Built target udemy_ros2_pkg__rosidl_typesupport_introspection_c\n'}
[2.892295] (udemy_ros2_pkg) StdoutLine: {'line': b'[ 50%] Built target udemy_ros2_pkg__rosidl_typesupport_fastrtps_cpp\n'}
[2.894728] (udemy_ros2_pkg) StdoutLine: {'line': b'[ 53%] Built target rpm_pub\n'}
[2.897009] (udemy_ros2_pkg) StdoutLine: {'line': b'[ 56%] Built target speed_calc\n'}
[2.902265] (udemy_ros2_pkg) StdoutLine: {'line': b'[ 64%] Built target udemy_ros2_pkg__rosidl_typesupport_fastrtps_c\n'}
[2.903928] (-) TimerEvent: {}
[2.911816] (udemy_ros2_pkg) StdoutLine: {'line': b'\x1b[35m\x1b[1mConsolidate compiler generated dependencies of target action_server\x1b[0m\n'}
[2.924913] (udemy_ros2_pkg) StdoutLine: {'line': b'\x1b[35m\x1b[1mConsolidate compiler generated dependencies of target service_server\x1b[0m\n'}
[2.925562] (udemy_ros2_pkg) StdoutLine: {'line': b'[ 64%] Built target udemy_ros2_pkg\n'}
[2.932666] (udemy_ros2_pkg) StdoutLine: {'line': b'[ 65%] \x1b[32mBuilding CXX object CMakeFiles/action_server.dir/src/action_server.cpp.o\x1b[0m\n'}
[2.943397] (udemy_ros2_pkg) StdoutLine: {'line': b'\x1b[35m\x1b[1mConsolidate compiler generated dependencies of target service_client\x1b[0m\n'}
[2.944541] (udemy_ros2_pkg) StdoutLine: {'line': b'\x1b[35m\x1b[1mConsolidate compiler generated dependencies of target turn_camera_service\x1b[0m\n'}
[2.945049] (udemy_ros2_pkg) StdoutLine: {'line': b'[ 67%] \x1b[32mBuilding CXX object CMakeFiles/service_server.dir/src/service_server.cpp.o\x1b[0m\n'}
[2.945330] (udemy_ros2_pkg) StdoutLine: {'line': b'\x1b[35m\x1b[1mConsolidate compiler generated dependencies of target turn_camera_client\x1b[0m\n'}
[2.946133] (udemy_ros2_pkg) StdoutLine: {'line': b'\x1b[35m\x1b[1mConsolidate compiler generated dependencies of target action_client\x1b[0m\n'}
[2.952051] (udemy_ros2_pkg) StdoutLine: {'line': b'[ 68%] Built target udemy_ros2_pkg__py\n'}
[2.967259] (udemy_ros2_pkg) StdoutLine: {'line': b'\x1b[35m\x1b[1mConsolidate compiler generated dependencies of target udemy_ros2_pkg__rosidl_generator_py\x1b[0m\n'}
[2.974020] (udemy_ros2_pkg) StdoutLine: {'line': b'[ 70%] \x1b[32mBuilding CXX object CMakeFiles/service_client.dir/src/service_client.cpp.o\x1b[0m\n'}
[2.976958] (udemy_ros2_pkg) StdoutLine: {'line': b'[ 71%] \x1b[32mBuilding CXX object CMakeFiles/turn_camera_client.dir/src/turn_camera_client.cpp.o\x1b[0m\n'}
[2.980344] (udemy_ros2_pkg) StdoutLine: {'line': b'[ 73%] \x1b[32mBuilding CXX object CMakeFiles/turn_camera_service.dir/src/turn_camera_service.cpp.o\x1b[0m\n'}
[2.981511] (udemy_ros2_pkg) StdoutLine: {'line': b'[ 74%] \x1b[32mBuilding CXX object CMakeFiles/action_client.dir/src/action_client.cpp.o\x1b[0m\n'}
[2.987441] (udemy_ros2_pkg) StdoutLine: {'line': b'[ 80%] Built target udemy_ros2_pkg__rosidl_generator_py\n'}
[3.004041] (-) TimerEvent: {}
[3.007406] (udemy_ros2_pkg) StdoutLine: {'line': b'\x1b[35m\x1b[1mConsolidate compiler generated dependencies of target udemy_ros2_pkg__rosidl_typesupport_introspection_c__pyext\x1b[0m\n'}
[3.009468] (udemy_ros2_pkg) StdoutLine: {'line': b'\x1b[35m\x1b[1mConsolidate compiler generated dependencies of target udemy_ros2_pkg__rosidl_typesupport_fastrtps_c__pyext\x1b[0m\n'}
[3.024949] (udemy_ros2_pkg) StdoutLine: {'line': b'\x1b[35m\x1b[1mConsolidate compiler generated dependencies of target udemy_ros2_pkg__rosidl_typesupport_c__pyext\x1b[0m\n'}
[3.034796] (udemy_ros2_pkg) StdoutLine: {'line': b'[ 85%] Built target udemy_ros2_pkg__rosidl_typesupport_introspection_c__pyext\n'}
[3.036418] (udemy_ros2_pkg) StdoutLine: {'line': b'[ 86%] Built target udemy_ros2_pkg__rosidl_typesupport_fastrtps_c__pyext\n'}
[3.069090] (udemy_ros2_pkg) StdoutLine: {'line': b'[ 89%] Built target udemy_ros2_pkg__rosidl_typesupport_c__pyext\n'}
[3.104131] (-) TimerEvent: {}
[3.204421] (-) TimerEvent: {}
[3.304767] (-) TimerEvent: {}
[3.330307] (udemy_ros2_pkg) StdoutLine: {'line': b'running egg_info\n'}
[3.332751] (udemy_ros2_pkg) StdoutLine: {'line': b'writing udemy_ros2_pkg.egg-info/PKG-INFO\n'}
[3.333009] (udemy_ros2_pkg) StdoutLine: {'line': b'writing dependency_links to udemy_ros2_pkg.egg-info/dependency_links.txt\n'}
[3.333149] (udemy_ros2_pkg) StdoutLine: {'line': b'writing top-level names to udemy_ros2_pkg.egg-info/top_level.txt\n'}
[3.337048] (udemy_ros2_pkg) StdoutLine: {'line': b"reading manifest file 'udemy_ros2_pkg.egg-info/SOURCES.txt'\n"}
[3.338255] (udemy_ros2_pkg) StdoutLine: {'line': b"writing manifest file 'udemy_ros2_pkg.egg-info/SOURCES.txt'\n"}
[3.392231] (udemy_ros2_pkg) StdoutLine: {'line': b'[ 89%] Built target ament_cmake_python_build_udemy_ros2_pkg_egg\n'}
[3.405480] (-) TimerEvent: {}
[3.505807] (-) TimerEvent: {}
[3.606164] (-) TimerEvent: {}
[3.706498] (-) TimerEvent: {}
[3.806817] (-) TimerEvent: {}
[3.909482] (-) TimerEvent: {}
[4.012025] (-) TimerEvent: {}
[4.112359] (-) TimerEvent: {}
[4.212712] (-) TimerEvent: {}
[4.313068] (-) TimerEvent: {}
[4.413472] (-) TimerEvent: {}
[4.513790] (-) TimerEvent: {}
[4.614131] (-) TimerEvent: {}
[4.714461] (-) TimerEvent: {}
[4.817084] (-) TimerEvent: {}
[4.917400] (-) TimerEvent: {}
[5.017721] (-) TimerEvent: {}
[5.118079] (-) TimerEvent: {}
[5.218456] (-) TimerEvent: {}
[5.318919] (-) TimerEvent: {}
[5.419305] (-) TimerEvent: {}
[5.519723] (-) TimerEvent: {}
[5.620124] (-) TimerEvent: {}
[5.720549] (-) TimerEvent: {}
[5.820889] (-) TimerEvent: {}
[5.881812] (udemy_ros2_pkg) StderrLine: {'line': b'\x1b[01m\x1b[K/home/serhat/workspaces/ros2_cpp_ws/src/udemy_ros2_pkg/src/subscriber.cpp:\x1b[m\x1b[K In member function \xe2\x80\x98\x1b[01m\x1b[Kvoid HelloWorldSubNode::sub_callback(const String&) const\x1b[m\x1b[K\xe2\x80\x99:\n'}
[5.882055] (udemy_ros2_pkg) StderrLine: {'line': b'\x1b[01m\x1b[K/home/serhat/workspaces/ros2_cpp_ws/src/udemy_ros2_pkg/src/subscriber.cpp:18:65:\x1b[m\x1b[K \x1b[01;35m\x1b[Kwarning: \x1b[m\x1b[Kunused parameter \xe2\x80\x98\x1b[01m\x1b[Kmsg\x1b[m\x1b[K\xe2\x80\x99 [\x1b[01;35m\x1b[K\x1b]8;;https://gcc.gnu.org/onlinedocs/gcc/Warning-Options.html#index-Wunused-parameter\x07-Wunused-parameter\x1b]8;;\x07\x1b[m\x1b[K]\n'}
[5.882175] (udemy_ros2_pkg) StderrLine: {'line': b'   18 |                 void sub_callback(\x1b[01;35m\x1b[Kconst std_msgs::msg::String & msg\x1b[m\x1b[K) const\n'}
[5.882273] (udemy_ros2_pkg) StderrLine: {'line': b'      |                                   \x1b[01;35m\x1b[K~~~~~~~~~~~~~~~~~~~~~~~~~~~~~~^~~\x1b[m\x1b[K\n'}
[5.920990] (-) TimerEvent: {}
[6.021328] (-) TimerEvent: {}
[6.121701] (-) TimerEvent: {}
[6.272738] (-) TimerEvent: {}
[6.373136] (-) TimerEvent: {}
[6.470583] (udemy_ros2_pkg) StderrLine: {'line': b'\x1b[01m\x1b[K/home/serhat/workspaces/ros2_cpp_ws/src/udemy_ros2_pkg/src/turn_camera_client.cpp:\x1b[m\x1b[K In function \xe2\x80\x98\x1b[01m\x1b[Kint main(int, char**)\x1b[m\x1b[K\xe2\x80\x99:\n'}
[6.470879] (udemy_ros2_pkg) StderrLine: {'line': b'\x1b[01m\x1b[K/home/serhat/workspaces/ros2_cpp_ws/src/udemy_ros2_pkg/src/turn_camera_client.cpp:28:65:\x1b[m\x1b[K \x1b[01;31m\x1b[Kerror: \x1b[m\x1b[K\xe2\x80\x98\x1b[01m\x1b[Kusing element_type = struct udemy_ros2_pkg::srv::TurnCamera_Response_<std::allocator<void> >\x1b[m\x1b[K\xe2\x80\x99 {aka \xe2\x80\x98\x1b[01m\x1b[Kstruct udemy_ros2_pkg::srv::TurnCamera_Response_<std::allocator<void> >\x1b[m\x1b[K\xe2\x80\x99} has no member named \xe2\x80\x98\x1b[01m\x1b[Kcamera_image\x1b[m\x1b[K\xe2\x80\x99\n'}
[6.471027] (udemy_ros2_pkg) StderrLine: {'line': b'   28 |                 auto cv_ptr = cv_bridge::toCvCopy(result.get()->\x1b[01;31m\x1b[Kcamera_image\x1b[m\x1b[K, "bgr8");\n'}
[6.471138] (udemy_ros2_pkg) StderrLine: {'line': b'      |                                                                 \x1b[01;31m\x1b[K^~~~~~~~~~~~\x1b[m\x1b[K\n'}
[6.473211] (-) TimerEvent: {}
[6.549936] (udemy_ros2_pkg) StderrLine: {'line': b'\x1b[01m\x1b[K/home/serhat/workspaces/ros2_cpp_ws/src/udemy_ros2_pkg/src/action_server.cpp:\x1b[m\x1b[K In member function \xe2\x80\x98\x1b[01m\x1b[Kvoid NavigateActionServerNode::execute(std::shared_ptr<rclcpp_action::ServerGoalHandle<udemy_ros2_pkg::action::Navigate> >)\x1b[m\x1b[K\xe2\x80\x99:\n'}
[6.550245] (udemy_ros2_pkg) StderrLine: {'line': b'\x1b[01m\x1b[K/home/serhat/workspaces/ros2_cpp_ws/src/udemy_ros2_pkg/src/action_server.cpp:80:21:\x1b[m\x1b[K \x1b[01;31m\x1b[Kerror: \x1b[m\x1b[K\xe2\x80\x98\x1b[01m\x1b[Kusing element_type = struct udemy_ros2_pkg::action::Navigate_Result_<std::allocator<void> >\x1b[m\x1b[K\xe2\x80\x99 {aka \xe2\x80\x98\x1b[01m\x1b[Kstruct udemy_ros2_pkg::action::Navigate_Result_<std::allocator<void> >\x1b[m\x1b[K\xe2\x80\x99} has no member named \xe2\x80\x98\x1b[01m\x1b[Kelpased_time\x1b[m\x1b[K\xe2\x80\x99; did you mean \xe2\x80\x98\x1b[01m\x1b[Kelapsed_time\x1b[m\x1b[K\xe2\x80\x99?\n'}
[6.550442] (udemy_ros2_pkg) StderrLine: {'line': b'   80 |             result->\x1b[01;31m\x1b[Kelpased_time\x1b[m\x1b[K = (rclcpp::Clock().now() - start_time).seconds();\n'}
[6.550613] (udemy_ros2_pkg) StderrLine: {'line': b'      |                     \x1b[01;31m\x1b[K^~~~~~~~~~~~\x1b[m\x1b[K\n'}
[6.550780] (udemy_ros2_pkg) StderrLine: {'line': b'      |                     \x1b[32m\x1b[Kelapsed_time\x1b[m\x1b[K\n'}
[6.573327] (-) TimerEvent: {}
[6.673645] (-) TimerEvent: {}
[6.773976] (-) TimerEvent: {}
[6.874292] (-) TimerEvent: {}
[6.974650] (-) TimerEvent: {}
[7.074965] (-) TimerEvent: {}
[7.175304] (-) TimerEvent: {}
[7.187785] (udemy_ros2_pkg) StderrLine: {'line': b'\x1b[01m\x1b[K/home/serhat/workspaces/ros2_cpp_ws/src/udemy_ros2_pkg/src/action_client.cpp:\x1b[m\x1b[K In member function \xe2\x80\x98\x1b[01m\x1b[Kvoid NavigateActionClientNode::result_callback(const rclcpp_action::ClientGoalHandle<udemy_ros2_pkg::action::Navigate>::WrappedResult&)\x1b[m\x1b[K\xe2\x80\x99:\n'}
[7.187985] (udemy_ros2_pkg) StderrLine: {'line': b'\x1b[01m\x1b[K/home/serhat/workspaces/ros2_cpp_ws/src/udemy_ros2_pkg/src/action_client.cpp:99:57:\x1b[m\x1b[K \x1b[01;31m\x1b[Kerror: \x1b[m\x1b[K\xe2\x80\x98\x1b[01m\x1b[Kusing element_type = struct udemy_ros2_pkg::action::Navigate_Result_<std::allocator<void> >\x1b[m\x1b[K\xe2\x80\x99 {aka \xe2\x80\x98\x1b[01m\x1b[Kstruct udemy_ros2_pkg::action::Navigate_Result_<std::allocator<void> >\x1b[m\x1b[K\xe2\x80\x99} has no member named \xe2\x80\x98\x1b[01m\x1b[Kelpased_time\x1b[m\x1b[K\xe2\x80\x99; did you mean \xe2\x80\x98\x1b[01m\x1b[Kelapsed_time\x1b[m\x1b[K\xe2\x80\x99?\n'}
[7.188102] (udemy_ros2_pkg) StderrLine: {'line': b'   99 |         std::cout << "Time elapsed: " << result.result->\x1b[01;31m\x1b[Kelpased_time\x1b[m\x1b[K << std::endl;\n'}
[7.188202] (udemy_ros2_pkg) StderrLine: {'line': b'      |                                                         \x1b[01;31m\x1b[K^~~~~~~~~~~~\x1b[m\x1b[K\n'}
[7.188300] (udemy_ros2_pkg) StderrLine: {'line': b'      |                                                         \x1b[32m\x1b[Kelapsed_time\x1b[m\x1b[K\n'}
[7.190009] (udemy_ros2_pkg) StderrLine: {'line': b'gmake[2]: *** [CMakeFiles/turn_camera_client.dir/build.make:76: CMakeFiles/turn_camera_client.dir/src/turn_camera_client.cpp.o] Error 1\n'}
[7.190317] (udemy_ros2_pkg) StderrLine: {'line': b'gmake[1]: *** [CMakeFiles/Makefile2:796: CMakeFiles/turn_camera_client.dir/all] Error 2\n'}
[7.190452] (udemy_ros2_pkg) StderrLine: {'line': b'gmake[1]: *** Waiting for unfinished jobs....\n'}
[7.275401] (-) TimerEvent: {}
[7.375744] (-) TimerEvent: {}
[7.392512] (udemy_ros2_pkg) StderrLine: {'line': b'\x1b[01m\x1b[K/home/serhat/workspaces/ros2_cpp_ws/src/udemy_ros2_pkg/src/turn_camera_service.cpp:\x1b[m\x1b[K In member function \xe2\x80\x98\x1b[01m\x1b[Kvoid TurnCameraServiceNode::get_camera_image(udemy_ros2_pkg::srv::TurnCamera_Request_<std::allocator<void> >::SharedPtr, udemy_ros2_pkg::srv::TurnCamera_Response_<std::allocator<void> >::SharedPtr)\x1b[m\x1b[K\xe2\x80\x99:\n'}
[7.392747] (udemy_ros2_pkg) StderrLine: {'line': b'\x1b[01m\x1b[K/home/serhat/workspaces/ros2_cpp_ws/src/udemy_ros2_pkg/src/turn_camera_service.cpp:54:35:\x1b[m\x1b[K \x1b[01;31m\x1b[Kerror: \x1b[m\x1b[K\xe2\x80\x98\x1b[01m\x1b[Kusing element_type = struct udemy_ros2_pkg::srv::TurnCamera_Response_<std::allocator<void> >\x1b[m\x1b[K\xe2\x80\x99 {aka \xe2\x80\x98\x1b[01m\x1b[Kstruct udemy_ros2_pkg::srv::TurnCamera_Response_<std::allocator<void> >\x1b[m\x1b[K\xe2\x80\x99} has no member named \xe2\x80\x98\x1b[01m\x1b[Kcamera_image\x1b[m\x1b[K\xe2\x80\x99\n'}
[7.392889] (udemy_ros2_pkg) StderrLine: {'line': b'   54 |                         response->\x1b[01;31m\x1b[Kcamera_image\x1b[m\x1b[K = *image_ptr;\n'}
[7.393003] (udemy_ros2_pkg) StderrLine: {'line': b'      |                                   \x1b[01;31m\x1b[K^~~~~~~~~~~~\x1b[m\x1b[K\n'}
[7.475863] (-) TimerEvent: {}
[7.576134] (-) TimerEvent: {}
[7.676410] (-) TimerEvent: {}
[7.776643] (-) TimerEvent: {}
[7.876993] (-) TimerEvent: {}
[7.927031] (udemy_ros2_pkg) StdoutLine: {'line': b'[ 92%] \x1b[32m\x1b[1mLinking CXX executable service_server\x1b[0m\n'}
[7.927336] (udemy_ros2_pkg) StdoutLine: {'line': b'[ 92%] \x1b[32m\x1b[1mLinking CXX executable service_client\x1b[0m\n'}
[7.977092] (-) TimerEvent: {}
[8.006986] (udemy_ros2_pkg) StderrLine: {'line': b'gmake[2]: *** [CMakeFiles/action_client.dir/build.make:76: CMakeFiles/action_client.dir/src/action_client.cpp.o] Error 1\n'}
[8.007221] (udemy_ros2_pkg) StderrLine: {'line': b'gmake[1]: *** [CMakeFiles/Makefile2:850: CMakeFiles/action_client.dir/all] Error 2\n'}
[8.060334] (udemy_ros2_pkg) StderrLine: {'line': b'gmake[2]: *** [CMakeFiles/turn_camera_service.dir/build.make:76: CMakeFiles/turn_camera_service.dir/src/turn_camera_service.cpp.o] Error 1\n'}
[8.060552] (udemy_ros2_pkg) StderrLine: {'line': b'gmake[1]: *** [CMakeFiles/Makefile2:769: CMakeFiles/turn_camera_service.dir/all] Error 2\n'}
[8.077217] (-) TimerEvent: {}
[8.177502] (-) TimerEvent: {}
[8.277836] (-) TimerEvent: {}
[8.358755] (udemy_ros2_pkg) StdoutLine: {'line': b'[ 92%] Built target service_client\n'}
[8.362783] (udemy_ros2_pkg) StdoutLine: {'line': b'[ 92%] Built target service_server\n'}
[8.377929] (-) TimerEvent: {}
[8.478221] (-) TimerEvent: {}
[8.578546] (-) TimerEvent: {}
[8.678922] (-) TimerEvent: {}
[8.779259] (-) TimerEvent: {}
[8.879553] (-) TimerEvent: {}
[8.979804] (-) TimerEvent: {}
[9.080075] (-) TimerEvent: {}
[9.084668] (udemy_ros2_pkg) StderrLine: {'line': b'gmake[2]: *** [CMakeFiles/action_server.dir/build.make:76: CMakeFiles/action_server.dir/src/action_server.cpp.o] Error 1\n'}
[9.084943] (udemy_ros2_pkg) StderrLine: {'line': b'gmake[1]: *** [CMakeFiles/Makefile2:823: CMakeFiles/action_server.dir/all] Error 2\n'}
[9.180171] (-) TimerEvent: {}
[9.280557] (-) TimerEvent: {}
[9.380804] (-) TimerEvent: {}
[9.481161] (-) TimerEvent: {}
[9.581426] (-) TimerEvent: {}
[9.681712] (-) TimerEvent: {}
[9.781996] (-) TimerEvent: {}
[9.882310] (-) TimerEvent: {}
[9.982558] (-) TimerEvent: {}
[10.082847] (-) TimerEvent: {}
[10.183102] (-) TimerEvent: {}
[10.283387] (-) TimerEvent: {}
[10.383636] (-) TimerEvent: {}
[10.483919] (-) TimerEvent: {}
[10.584197] (-) TimerEvent: {}
[10.684440] (-) TimerEvent: {}
[10.784932] (-) TimerEvent: {}
[10.885193] (-) TimerEvent: {}
[10.985437] (-) TimerEvent: {}
[11.085663] (-) TimerEvent: {}
[11.185909] (-) TimerEvent: {}
[11.226686] (udemy_ros2_pkg) StdoutLine: {'line': b'[ 94%] \x1b[32m\x1b[1mLinking CXX executable subscriber\x1b[0m\n'}
[11.285995] (-) TimerEvent: {}
[11.386212] (-) TimerEvent: {}
[11.486462] (-) TimerEvent: {}
[11.542028] (udemy_ros2_pkg) StdoutLine: {'line': b'[ 94%] Built target subscriber\n'}
[11.543016] (udemy_ros2_pkg) StderrLine: {'line': b'gmake: *** [Makefile:146: all] Error 2\n'}
[11.544855] (udemy_ros2_pkg) CommandEnded: {'returncode': 2}
[11.586580] (-) TimerEvent: {}
[11.687035] (-) TimerEvent: {}
[11.699313] (udemy_ros2_pkg) JobEnded: {'identifier': 'udemy_ros2_pkg', 'rc': 2}
[11.709823] (-) EventReactorShutdown: {}
