[0.020s] Invoking command in '/home/serhat/workspaces/build/udemy_ros2_pkg': CMAKE_PREFIX_PATH=${CMAKE_PREFIX_PATH}:/opt/ros/humble /usr/bin/cmake --build /home/serhat/workspaces/build/udemy_ros2_pkg -- -j12 -l12
[0.057s] -- Found ament_cmake: 1.3.3 (/opt/ros/humble/share/ament_cmake/cmake)
[0.185s] -- Override CMake install command with custom implementation using symlinks instead of copying resources
[0.193s] -- Found rclcpp: 16.0.3 (/opt/ros/humble/share/rclcpp/cmake)
[0.229s] -- Found rosidl_generator_c: 3.1.4 (/opt/ros/humble/share/rosidl_generator_c/cmake)
[0.233s] -- Found rosidl_adapter: 3.1.4 (/opt/ros/humble/share/rosidl_adapter/cmake)
[0.241s] -- Found rosidl_generator_cpp: 3.1.4 (/opt/ros/humble/share/rosidl_generator_cpp/cmake)
[0.251s] -- Using all available rosidl_typesupport_c: rosidl_typesupport_fastrtps_c;rosidl_typesupport_introspection_c
[0.266s] -- Using all available rosidl_typesupport_cpp: rosidl_typesupport_fastrtps_cpp;rosidl_typesupport_introspection_cpp
[0.329s] -- Found rmw_implementation_cmake: 6.1.1 (/opt/ros/humble/share/rmw_implementation_cmake/cmake)
[0.330s] -- Found rmw_fastrtps_cpp: 6.2.2 (/opt/ros/humble/share/rmw_fastrtps_cpp/cmake)
[0.470s] -- Using RMW implementation 'rmw_fastrtps_cpp' as default
[0.646s] -- Found sensor_msgs: 4.2.3 (/opt/ros/humble/share/sensor_msgs/cmake)
[0.773s] -- Found cv_bridge: 3.2.1 (/opt/ros/humble/share/cv_bridge/cmake)
[0.780s] -- Found rosidl_default_generators: 1.2.0 (/opt/ros/humble/share/rosidl_default_generators/cmake)
[0.947s] [31mCMake Error at /opt/ros/humble/share/rosidl_adapter/cmake/rosidl_adapt_interfaces.cmake:59 (message):
[0.947s]   execute_process(/usr/bin/python3.10 -m rosidl_adapter --package-name
[0.947s]   udemy_ros2_pkg --arguments-file
[0.948s]   /home/serhat/workspaces/build/udemy_ros2_pkg/rosidl_adapter__arguments__udemy_ros2_pkg.json
[0.948s]   --output-dir
[0.948s]   /home/serhat/workspaces/build/udemy_ros2_pkg/rosidl_adapter/udemy_ros2_pkg
[0.948s]   --output-file
[0.948s]   /home/serhat/workspaces/build/udemy_ros2_pkg/rosidl_adapter/udemy_ros2_pkg.idls)
[0.948s]   returned error code 1:
[0.948s] 
[0.948s]   Error processing 'float degree_turn' of
[0.948s]   'udemy_ros2_pkg/TurnCamera_Request': ''float' is an invalid message name.
[0.948s]   It should have the pattern '^[A-Z][A-Za-z0-9]*$''
[0.948s] 
[0.948s]   Traceback (most recent call last):
[0.948s] 
[0.948s]     File "/usr/lib/python3.10/runpy.py", line 196, in _run_module_as_main
[0.948s]       return _run_code(code, main_globals, None,
[0.948s]     File "/usr/lib/python3.10/runpy.py", line 86, in _run_code
[0.948s]       exec(code, run_globals)
[0.948s]     File "/opt/ros/humble/local/lib/python3.10/dist-packages/rosidl_adapter/__main__.py", line 19, in <module>
[0.949s]       sys.exit(main())
[0.949s]     File "/opt/ros/humble/local/lib/python3.10/dist-packages/rosidl_adapter/main.py", line 53, in main
[0.949s]       abs_idl_file = convert_to_idl(
[0.949s]     File "/opt/ros/humble/local/lib/python3.10/dist-packages/rosidl_adapter/__init__.py", line 24, in convert_to_idl
[0.949s]       return convert_srv_to_idl(
[0.949s]     File "/opt/ros/humble/local/lib/python3.10/dist-packages/rosidl_adapter/srv/__init__.py", line 28, in convert_srv_to_idl
[0.949s]       srv = parse_service_string(package_name, input_file.stem, content)
[0.949s]     File "/opt/ros/humble/local/lib/python3.10/dist-packages/rosidl_adapter/parser.py", line 859, in parse_service_string
[0.949s]       request_message = parse_message_string(
[0.949s]     File "/opt/ros/humble/local/lib/python3.10/dist-packages/rosidl_adapter/parser.py", line 520, in parse_message_string
[0.949s]       Type(type_string, context_package_name=pkg_name),
[0.949s]     File "/opt/ros/humble/local/lib/python3.10/dist-packages/rosidl_adapter/parser.py", line 277, in __init__
[0.949s]       super(Type, self).__init__(
[0.949s]     File "/opt/ros/humble/local/lib/python3.10/dist-packages/rosidl_adapter/parser.py", line 205, in __init__
[0.949s]       raise InvalidResourceName(
[0.949s] 
[0.949s]   rosidl_adapter.parser.InvalidResourceName: 'float' is an invalid message
[0.949s]   name.  It should have the pattern '^[A-Z][A-Za-z0-9]*$'
[0.949s] 
[0.949s] Call Stack (most recent call first):
[0.950s]   /opt/ros/humble/share/rosidl_cmake/cmake/rosidl_generate_interfaces.cmake:130 (rosidl_adapt_interfaces)
[0.950s]   CMakeLists.txt:19 (rosidl_generate_interfaces)
[0.950s] 
[0.950s] [0m
[0.950s] -- Configuring incomplete, errors occurred!
[0.950s] See also "/home/serhat/workspaces/build/udemy_ros2_pkg/CMakeFiles/CMakeOutput.log".
[0.957s] gmake: *** [Makefile:993: cmake_check_build_system] Error 1
[0.958s] Invoked command in '/home/serhat/workspaces/build/udemy_ros2_pkg' returned '2': CMAKE_PREFIX_PATH=${CMAKE_PREFIX_PATH}:/opt/ros/humble /usr/bin/cmake --build /home/serhat/workspaces/build/udemy_ros2_pkg -- -j12 -l12
