[0.014s] Invoking command in '/home/serhat/workspaces/build/udemy_ros2_pkg': CMAKE_PREFIX_PATH=${CMAKE_PREFIX_PATH}:/opt/ros/humble /usr/bin/cmake --build /home/serhat/workspaces/build/udemy_ros2_pkg -- -j12 -l12
[0.045s] -- Found ament_cmake: 1.3.3 (/opt/ros/humble/share/ament_cmake/cmake)
[0.181s] -- Override CMake install command with custom implementation using symlinks instead of copying resources
[0.188s] -- Found rclcpp: 16.0.3 (/opt/ros/humble/share/rclcpp/cmake)
[0.217s] -- Found rosidl_generator_c: 3.1.4 (/opt/ros/humble/share/rosidl_generator_c/cmake)
[0.222s] -- Found rosidl_adapter: 3.1.4 (/opt/ros/humble/share/rosidl_adapter/cmake)
[0.232s] -- Found rosidl_generator_cpp: 3.1.4 (/opt/ros/humble/share/rosidl_generator_cpp/cmake)
[0.243s] -- Using all available rosidl_typesupport_c: rosidl_typesupport_fastrtps_c;rosidl_typesupport_introspection_c
[0.259s] -- Using all available rosidl_typesupport_cpp: rosidl_typesupport_fastrtps_cpp;rosidl_typesupport_introspection_cpp
[0.321s] -- Found rmw_implementation_cmake: 6.1.1 (/opt/ros/humble/share/rmw_implementation_cmake/cmake)
[0.323s] -- Found rmw_fastrtps_cpp: 6.2.2 (/opt/ros/humble/share/rmw_fastrtps_cpp/cmake)
[0.449s] -- Using RMW implementation 'rmw_fastrtps_cpp' as default
[0.610s] -- Found rosidl_default_generators: 1.2.0 (/opt/ros/humble/share/rosidl_default_generators/cmake)
[0.863s] -- Found ament_cmake_cppcheck: 0.12.5 (/opt/ros/humble/share/ament_cmake_cppcheck/cmake)
[0.864s] -- Found ament_cmake_cpplint: 0.12.5 (/opt/ros/humble/share/ament_cmake_cpplint/cmake)
[0.864s] -- Found ament_cmake_uncrustify: 0.12.5 (/opt/ros/humble/share/ament_cmake_uncrustify/cmake)
[0.865s] -- Found ament_cmake_ros: 0.10.0 (/opt/ros/humble/share/ament_cmake_ros/cmake)
[1.149s] -- Using all available rosidl_typesupport_c: rosidl_typesupport_fastrtps_c;rosidl_typesupport_introspection_c
[1.254s] -- Using all available rosidl_typesupport_cpp: rosidl_typesupport_fastrtps_cpp;rosidl_typesupport_introspection_cpp
[1.275s] -- Found python_cmake_module: 0.10.0 (/opt/ros/humble/share/python_cmake_module/cmake)
[1.294s] -- Using PYTHON_EXECUTABLE: /usr/bin/python3
[1.294s] -- Using PYTHON_INCLUDE_DIRS: /usr/include/python3.10
[1.294s] -- Using PYTHON_LIBRARIES: /usr/lib/x86_64-linux-gnu/libpython3.10.so
[1.306s] -- Found ament_cmake_flake8: 0.12.5 (/opt/ros/humble/share/ament_cmake_flake8/cmake)
[1.307s] -- Found ament_cmake_pep257: 0.12.5 (/opt/ros/humble/share/ament_cmake_pep257/cmake)
[1.314s] -- Found ament_lint_auto: 0.12.5 (/opt/ros/humble/share/ament_lint_auto/cmake)
[1.327s] -- Added test 'cppcheck' to perform static code analysis on C / C++ code
[1.327s] -- Configured cppcheck include dirs: 
[1.327s] -- Configured cppcheck exclude dirs and/or files: 
[1.329s] -- Added test 'cpplint' to check C / C++ code against the Google style
[1.329s] -- Configured cpplint exclude dirs and/or files: 
[1.330s] -- Added test 'uncrustify' to check C / C++ code style
[1.330s] -- Configured uncrustify additional arguments: 
[1.331s] -- Added test 'flake8' to check Python code syntax and style conventions
[1.331s] -- Added test 'pep257' to check Python code against some of the docstring style conventions in PEP 257
[1.332s] -- Added test 'lint_cmake' to check CMake code style
[1.332s] -- Added test 'xmllint' to check XML markup files
[1.335s] -- Configuring done
[1.376s] -- Generating done
[1.380s] -- Build files have been written to: /home/serhat/workspaces/build/udemy_ros2_pkg
[1.406s] [35m[1mConsolidate compiler generated dependencies of target publisher[0m
[1.406s] [35m[1mConsolidate compiler generated dependencies of target subscriber[0m
[1.406s] [35m[1mConsolidate compiler generated dependencies of target udemy_ros2_pkg__rosidl_generator_c[0m
[1.408s] [35m[1mConsolidate compiler generated dependencies of target rpm_pub[0m
[1.409s] [35m[1mConsolidate compiler generated dependencies of target speed_calc[0m
[1.419s] [  2%] Built target udemy_ros2_pkg__cpp
[1.420s] [  9%] Built target udemy_ros2_pkg__rosidl_generator_c
[1.433s] [35m[1mConsolidate compiler generated dependencies of target udemy_ros2_pkg__rosidl_typesupport_cpp[0m
[1.434s] [35m[1mConsolidate compiler generated dependencies of target udemy_ros2_pkg__rosidl_typesupport_introspection_cpp[0m
[1.435s] [ 14%] Built target rpm_pub
[1.436s] [ 19%] Built target publisher
[1.438s] [35m[1mConsolidate compiler generated dependencies of target udemy_ros2_pkg__rosidl_typesupport_fastrtps_cpp[0m
[1.439s] [35m[1mConsolidate compiler generated dependencies of target udemy_ros2_pkg__rosidl_typesupport_fastrtps_c[0m
[1.444s] [ 24%] Built target subscriber
[1.445s] [ 24%] Built target ament_cmake_python_symlink_udemy_ros2_pkg
[1.445s] [ 29%] Built target speed_calc
[1.446s] [35m[1mConsolidate compiler generated dependencies of target udemy_ros2_pkg__rosidl_typesupport_c[0m
[1.447s] [35m[1mConsolidate compiler generated dependencies of target udemy_ros2_pkg__rosidl_typesupport_introspection_c[0m
[1.456s] [ 36%] Built target udemy_ros2_pkg__rosidl_typesupport_cpp
[1.458s] [ 43%] Built target udemy_ros2_pkg__rosidl_typesupport_introspection_cpp
[1.460s] [ 51%] Built target udemy_ros2_pkg__rosidl_typesupport_c
[1.460s] [ 58%] Built target udemy_ros2_pkg__rosidl_typesupport_fastrtps_cpp
[1.461s] [ 65%] Built target udemy_ros2_pkg__rosidl_typesupport_introspection_c
[1.462s] [ 73%] Built target udemy_ros2_pkg__rosidl_typesupport_fastrtps_c
[1.478s] [ 75%] [32mBuilding CXX object CMakeFiles/service_server.dir/src/service_server.cpp.o[0m
[1.485s] [ 75%] Built target udemy_ros2_pkg
[1.504s] [ 78%] Built target udemy_ros2_pkg__py
[1.516s] [35m[1mConsolidate compiler generated dependencies of target udemy_ros2_pkg__rosidl_generator_py[0m
[1.533s] [ 82%] Built target udemy_ros2_pkg__rosidl_generator_py
[1.543s] [35m[1mConsolidate compiler generated dependencies of target udemy_ros2_pkg__rosidl_typesupport_introspection_c__pyext[0m
[1.544s] [35m[1mConsolidate compiler generated dependencies of target udemy_ros2_pkg__rosidl_typesupport_c__pyext[0m
[1.545s] [35m[1mConsolidate compiler generated dependencies of target udemy_ros2_pkg__rosidl_typesupport_fastrtps_c__pyext[0m
[1.556s] [ 87%] Built target udemy_ros2_pkg__rosidl_typesupport_c__pyext
[1.557s] [ 92%] Built target udemy_ros2_pkg__rosidl_typesupport_introspection_c__pyext
[1.558s] [ 97%] Built target udemy_ros2_pkg__rosidl_typesupport_fastrtps_c__pyext
[1.750s] running egg_info
[1.750s] writing udemy_ros2_pkg.egg-info/PKG-INFO
[1.750s] writing dependency_links to udemy_ros2_pkg.egg-info/dependency_links.txt
[1.751s] writing top-level names to udemy_ros2_pkg.egg-info/top_level.txt
[1.752s] reading manifest file 'udemy_ros2_pkg.egg-info/SOURCES.txt'
[1.753s] writing manifest file 'udemy_ros2_pkg.egg-info/SOURCES.txt'
[1.776s] [ 97%] Built target ament_cmake_python_build_udemy_ros2_pkg_egg
[3.941s] [01m[K/home/serhat/workspaces/ros2_cpp_ws/src/udemy_ros2_pkg/src/service_server.cpp:19:15:[m[K [01;31m[Kerror: [m[Kâ€˜[01m[KOddCheckServiceSrv[m[Kâ€™ does not name a type; did you mean â€˜[01m[KOddEvenCheckServiceNode[m[Kâ€™?
[3.941s]    19 |         const [01;31m[KOddCheckServiceSrv[m[K::Request::SharedPtr request,
[3.941s]       |               [01;31m[K^~~~~~~~~~~~~~~~~~[m[K
[3.941s]       |               [32m[KOddEvenCheckServiceNode[m[K
[3.941s] [01m[K/home/serhat/workspaces/ros2_cpp_ws/src/udemy_ros2_pkg/src/service_server.cpp:19:42:[m[K [01;31m[Kerror: [m[Kexpected unqualified-id before â€˜[01m[K::[m[Kâ€™ token
[3.941s]    19 |         const OddCheckServiceSrv::Request[01;31m[K::[m[KSharedPtr request,
[3.941s]       |                                          [01;31m[K^~[m[K
[3.941s] [01m[K/home/serhat/workspaces/ros2_cpp_ws/src/udemy_ros2_pkg/src/service_server.cpp:19:42:[m[K [01;31m[Kerror: [m[Kexpected â€˜[01m[K)[m[Kâ€™ before â€˜[01m[K::[m[Kâ€™ token
[3.941s]    19 |         const OddCheckServiceSrv::Request[01;31m[K:[m[K[32m[K:[m[KSharedPtr request,
[3.942s]       |                                          [01;31m[K^[m[K[32m[K~[m[K
[3.942s]       |                                          [32m[K)[m[K
[3.942s] [01m[K/home/serhat/workspaces/ros2_cpp_ws/src/udemy_ros2_pkg/src/service_server.cpp:18:28:[m[K [01;36m[Knote: [m[Kto match this â€˜[01m[K([m[Kâ€™
[3.942s]    18 |     void check_num_odd_even[01;36m[K([m[K
[3.942s]       |                            [01;36m[K^[m[K
[3.942s] [01m[K/home/serhat/workspaces/ros2_cpp_ws/src/udemy_ros2_pkg/src/service_server.cpp:19:35:[m[K [01;31m[Kerror: [m[Kexpected â€˜[01m[K;[m[Kâ€™ at end of member declaration
[3.942s]    19 |         const OddCheckServiceSrv::[01;31m[KRequest[m[K::SharedPtr request,
[3.942s]       |                                   [01;31m[K^~~~~~~[m[K
[3.942s]       |                                          [32m[K;[m[K
[3.943s] [01m[K/home/serhat/workspaces/ros2_cpp_ws/src/udemy_ros2_pkg/src/service_server.cpp:19:44:[m[K [01;31m[Kerror: [m[Kâ€˜[01m[KSharedPtr[m[Kâ€™ in namespace â€˜[01m[K::[m[Kâ€™ does not name a type
[3.943s]    19 |         const OddCheckServiceSrv::Request::[01;31m[KSharedPtr[m[K request,
[3.943s]       |                                            [01;31m[K^~~~~~~~~[m[K
[3.956s] [01m[K/home/serhat/workspaces/ros2_cpp_ws/src/udemy_ros2_pkg/src/service_server.cpp:[m[K In constructor â€˜[01m[KOddEvenCheckServiceNode::OddEvenCheckServiceNode()[m[Kâ€™:
[3.957s] [01m[K/home/serhat/workspaces/ros2_cpp_ws/src/udemy_ros2_pkg/src/service_server.cpp:13:36:[m[K [01;31m[Kerror: [m[Kâ€˜[01m[K__1[m[Kâ€™ is not a member of â€˜[01m[Kstd::placeholders[m[Kâ€™; did you mean â€˜[01m[K_21[m[Kâ€™?
[3.957s]    13 |                 std::placeholders::[01;31m[K__1[m[K,std::placeholders::__2
[3.957s]       |                                    [01;31m[K^~~[m[K
[3.957s]       |                                    [32m[K_21[m[K
[3.957s] [01m[K/home/serhat/workspaces/ros2_cpp_ws/src/udemy_ros2_pkg/src/service_server.cpp:13:59:[m[K [01;31m[Kerror: [m[Kâ€˜[01m[K__2[m[Kâ€™ is not a member of â€˜[01m[Kstd::placeholders[m[Kâ€™; did you mean â€˜[01m[K_22[m[Kâ€™?
[3.957s]    13 |                 std::placeholders::__1,std::placeholders::[01;31m[K__2[m[K
[3.957s]       |                                                           [01;31m[K^~~[m[K
[3.957s]       |                                                           [32m[K_22[m[K
[4.599s] gmake[2]: *** [CMakeFiles/service_server.dir/build.make:76: CMakeFiles/service_server.dir/src/service_server.cpp.o] Error 1
[4.599s] gmake[1]: *** [CMakeFiles/Makefile2:705: CMakeFiles/service_server.dir/all] Error 2
[4.599s] gmake: *** [Makefile:146: all] Error 2
[4.602s] Invoked command in '/home/serhat/workspaces/build/udemy_ros2_pkg' returned '2': CMAKE_PREFIX_PATH=${CMAKE_PREFIX_PATH}:/opt/ros/humble /usr/bin/cmake --build /home/serhat/workspaces/build/udemy_ros2_pkg -- -j12 -l12
