[0.062s] Invoking command in '/home/serhat/workspaces/build/udemy_ros2_pkg': CMAKE_PREFIX_PATH=${CMAKE_PREFIX_PATH}:/opt/ros/humble /usr/bin/cmake --build /home/serhat/workspaces/build/udemy_ros2_pkg -- -j12 -l12
[0.458s] -- Found ament_cmake: 1.3.3 (/opt/ros/humble/share/ament_cmake/cmake)
[0.940s] -- Override CMake install command with custom implementation using symlinks instead of copying resources
[1.066s] -- Found rclcpp: 16.0.3 (/opt/ros/humble/share/rclcpp/cmake)
[1.290s] -- Found rosidl_generator_c: 3.1.4 (/opt/ros/humble/share/rosidl_generator_c/cmake)
[1.321s] -- Found rosidl_adapter: 3.1.4 (/opt/ros/humble/share/rosidl_adapter/cmake)
[1.360s] -- Found rosidl_generator_cpp: 3.1.4 (/opt/ros/humble/share/rosidl_generator_cpp/cmake)
[1.425s] -- Using all available rosidl_typesupport_c: rosidl_typesupport_fastrtps_c;rosidl_typesupport_introspection_c
[1.461s] -- Using all available rosidl_typesupport_cpp: rosidl_typesupport_fastrtps_cpp;rosidl_typesupport_introspection_cpp
[1.603s] -- Found rmw_implementation_cmake: 6.1.1 (/opt/ros/humble/share/rmw_implementation_cmake/cmake)
[1.620s] -- Found rmw_fastrtps_cpp: 6.2.2 (/opt/ros/humble/share/rmw_fastrtps_cpp/cmake)
[2.025s] -- Using RMW implementation 'rmw_fastrtps_cpp' as default
[2.520s] -- Found rosidl_default_generators: 1.2.0 (/opt/ros/humble/share/rosidl_default_generators/cmake)
[2.883s] -- Found ament_cmake_cppcheck: 0.12.5 (/opt/ros/humble/share/ament_cmake_cppcheck/cmake)
[2.896s] -- Found ament_cmake_cpplint: 0.12.5 (/opt/ros/humble/share/ament_cmake_cpplint/cmake)
[2.913s] -- Found ament_cmake_uncrustify: 0.12.5 (/opt/ros/humble/share/ament_cmake_uncrustify/cmake)
[2.933s] -- Found ament_cmake_ros: 0.10.0 (/opt/ros/humble/share/ament_cmake_ros/cmake)
[3.379s] -- Using all available rosidl_typesupport_c: rosidl_typesupport_fastrtps_c;rosidl_typesupport_introspection_c
[3.502s] -- Using all available rosidl_typesupport_cpp: rosidl_typesupport_fastrtps_cpp;rosidl_typesupport_introspection_cpp
[3.578s] -- Found python_cmake_module: 0.10.0 (/opt/ros/humble/share/python_cmake_module/cmake)
[3.650s] -- Using PYTHON_EXECUTABLE: /usr/bin/python3
[3.650s] -- Using PYTHON_INCLUDE_DIRS: /usr/include/python3.10
[3.650s] -- Using PYTHON_LIBRARIES: /usr/lib/x86_64-linux-gnu/libpython3.10.so
[3.706s] -- Found ament_cmake_flake8: 0.12.5 (/opt/ros/humble/share/ament_cmake_flake8/cmake)
[3.719s] -- Found ament_cmake_pep257: 0.12.5 (/opt/ros/humble/share/ament_cmake_pep257/cmake)
[3.759s] -- Found ament_lint_auto: 0.12.5 (/opt/ros/humble/share/ament_lint_auto/cmake)
[3.835s] -- Added test 'cppcheck' to perform static code analysis on C / C++ code
[3.836s] -- Configured cppcheck include dirs: 
[3.836s] -- Configured cppcheck exclude dirs and/or files: 
[3.839s] -- Added test 'cpplint' to check C / C++ code against the Google style
[3.839s] -- Configured cpplint exclude dirs and/or files: 
[3.848s] -- Added test 'uncrustify' to check C / C++ code style
[3.848s] -- Configured uncrustify additional arguments: 
[3.849s] -- Added test 'flake8' to check Python code syntax and style conventions
[3.850s] -- Added test 'pep257' to check Python code against some of the docstring style conventions in PEP 257
[3.851s] -- Added test 'lint_cmake' to check CMake code style
[3.852s] -- Added test 'xmllint' to check XML markup files
[3.858s] -- Configuring done
[4.169s] -- Generating done
[4.174s] -- Build files have been written to: /home/serhat/workspaces/build/udemy_ros2_pkg
[4.234s] [35m[1mConsolidate compiler generated dependencies of target publisher[0m
[4.235s] [35m[1mConsolidate compiler generated dependencies of target speed_calc[0m
[4.235s] [  0%] Built target ament_cmake_python_symlink_udemy_ros2_pkg
[4.244s] [  2%] Built target udemy_ros2_pkg__cpp
[4.248s] [35m[1mConsolidate compiler generated dependencies of target rpm_pub[0m
[4.259s] [35m[1mConsolidate compiler generated dependencies of target subscriber[0m
[4.266s] [  7%] Built target publisher
[4.270s] [35m[1mConsolidate compiler generated dependencies of target udemy_ros2_pkg__rosidl_generator_c[0m
[4.270s] [ 12%] Built target speed_calc
[4.278s] [ 17%] Built target rpm_pub
[4.287s] [ 24%] Built target udemy_ros2_pkg__rosidl_generator_c
[4.289s] [ 29%] Built target subscriber
[4.293s] [35m[1mConsolidate compiler generated dependencies of target udemy_ros2_pkg__rosidl_typesupport_cpp[0m
[4.294s] [35m[1mConsolidate compiler generated dependencies of target udemy_ros2_pkg__rosidl_typesupport_introspection_cpp[0m
[4.295s] [35m[1mConsolidate compiler generated dependencies of target udemy_ros2_pkg__rosidl_typesupport_fastrtps_cpp[0m
[4.310s] [ 36%] Built target udemy_ros2_pkg__rosidl_typesupport_introspection_cpp
[4.312s] [ 43%] Built target udemy_ros2_pkg__rosidl_typesupport_cpp
[4.313s] [ 51%] Built target udemy_ros2_pkg__rosidl_typesupport_fastrtps_cpp
[4.419s] [35m[1mConsolidate compiler generated dependencies of target udemy_ros2_pkg__rosidl_typesupport_introspection_c[0m
[4.419s] [35m[1mConsolidate compiler generated dependencies of target udemy_ros2_pkg__rosidl_typesupport_fastrtps_c[0m
[4.419s] [35m[1mConsolidate compiler generated dependencies of target udemy_ros2_pkg__rosidl_typesupport_c[0m
[4.430s] [ 65%] Built target udemy_ros2_pkg__rosidl_typesupport_introspection_c
[4.431s] [ 65%] Built target udemy_ros2_pkg__rosidl_typesupport_c
[4.433s] [ 73%] Built target udemy_ros2_pkg__rosidl_typesupport_fastrtps_c
[4.533s] [35m[1mConsolidate compiler generated dependencies of target service_server[0m
[4.541s] [ 73%] Built target udemy_ros2_pkg
[4.556s] [ 75%] [32mBuilding CXX object CMakeFiles/service_server.dir/src/service_server.cpp.o[0m
[4.569s] [ 78%] Built target udemy_ros2_pkg__py
[4.596s] [35m[1mConsolidate compiler generated dependencies of target udemy_ros2_pkg__rosidl_generator_py[0m
[4.616s] [ 82%] Built target udemy_ros2_pkg__rosidl_generator_py
[4.628s] [35m[1mConsolidate compiler generated dependencies of target udemy_ros2_pkg__rosidl_typesupport_introspection_c__pyext[0m
[4.629s] [35m[1mConsolidate compiler generated dependencies of target udemy_ros2_pkg__rosidl_typesupport_fastrtps_c__pyext[0m
[4.629s] [35m[1mConsolidate compiler generated dependencies of target udemy_ros2_pkg__rosidl_typesupport_c__pyext[0m
[4.645s] [ 87%] Built target udemy_ros2_pkg__rosidl_typesupport_fastrtps_c__pyext
[4.646s] [ 97%] Built target udemy_ros2_pkg__rosidl_typesupport_introspection_c__pyext
[4.646s] [ 95%] Built target udemy_ros2_pkg__rosidl_typesupport_c__pyext
[4.708s] running egg_info
[4.710s] writing udemy_ros2_pkg.egg-info/PKG-INFO
[4.710s] writing dependency_links to udemy_ros2_pkg.egg-info/dependency_links.txt
[4.711s] writing top-level names to udemy_ros2_pkg.egg-info/top_level.txt
[4.731s] reading manifest file 'udemy_ros2_pkg.egg-info/SOURCES.txt'
[4.735s] writing manifest file 'udemy_ros2_pkg.egg-info/SOURCES.txt'
[4.763s] [ 97%] Built target ament_cmake_python_build_udemy_ros2_pkg_egg
[8.823s] [01m[K/home/serhat/workspaces/ros2_cpp_ws/src/udemy_ros2_pkg/src/service_server.cpp:4:43:[m[K [01;31m[Kerror: [m[Ktypedef name may not be a nested-name-specifier
[8.824s]     4 | typedef udemy_ros2_pkg::srv::OddEvenCheck [01;31m[Kudemy_ros2_pkg[m[K::srv::OddEvenCheck;
[8.824s]       |                                           [01;31m[K^~~~~~~~~~~~~~[m[K
[8.843s] [01m[K/home/serhat/workspaces/ros2_cpp_ws/src/udemy_ros2_pkg/src/service_server.cpp:19:15:[m[K [01;31m[Kerror: [m[Kâ€˜[01m[KOddCheckServiceSrv[m[Kâ€™ does not name a type; did you mean â€˜[01m[KOddEvenCheckServiceNode[m[Kâ€™?
[8.843s]    19 |         const [01;31m[KOddCheckServiceSrv[m[K::Request::SharedPtr request,
[8.843s]       |               [01;31m[K^~~~~~~~~~~~~~~~~~[m[K
[8.843s]       |               [32m[KOddEvenCheckServiceNode[m[K
[8.843s] [01m[K/home/serhat/workspaces/ros2_cpp_ws/src/udemy_ros2_pkg/src/service_server.cpp:19:42:[m[K [01;31m[Kerror: [m[Kexpected unqualified-id before â€˜[01m[K::[m[Kâ€™ token
[8.843s]    19 |         const OddCheckServiceSrv::Request[01;31m[K::[m[KSharedPtr request,
[8.843s]       |                                          [01;31m[K^~[m[K
[8.844s] [01m[K/home/serhat/workspaces/ros2_cpp_ws/src/udemy_ros2_pkg/src/service_server.cpp:19:42:[m[K [01;31m[Kerror: [m[Kexpected â€˜[01m[K)[m[Kâ€™ before â€˜[01m[K::[m[Kâ€™ token
[8.844s]    19 |         const OddCheckServiceSrv::Request[01;31m[K:[m[K[32m[K:[m[KSharedPtr request,
[8.844s]       |                                          [01;31m[K^[m[K[32m[K~[m[K
[8.844s]       |                                          [32m[K)[m[K
[8.844s] [01m[K/home/serhat/workspaces/ros2_cpp_ws/src/udemy_ros2_pkg/src/service_server.cpp:18:28:[m[K [01;36m[Knote: [m[Kto match this â€˜[01m[K([m[Kâ€™
[8.844s]    18 |     void check_num_odd_even[01;36m[K([m[K
[8.844s]       |                            [01;36m[K^[m[K
[8.844s] [01m[K/home/serhat/workspaces/ros2_cpp_ws/src/udemy_ros2_pkg/src/service_server.cpp:19:35:[m[K [01;31m[Kerror: [m[Kexpected â€˜[01m[K;[m[Kâ€™ at end of member declaration
[8.844s]    19 |         const OddCheckServiceSrv::[01;31m[KRequest[m[K::SharedPtr request,
[8.844s]       |                                   [01;31m[K^~~~~~~[m[K
[8.844s]       |                                          [32m[K;[m[K
[8.845s] [01m[K/home/serhat/workspaces/ros2_cpp_ws/src/udemy_ros2_pkg/src/service_server.cpp:19:44:[m[K [01;31m[Kerror: [m[Kâ€˜[01m[KSharedPtr[m[Kâ€™ in namespace â€˜[01m[K::[m[Kâ€™ does not name a type
[8.845s]    19 |         const OddCheckServiceSrv::Request::[01;31m[KSharedPtr[m[K request,
[8.845s]       |                                            [01;31m[K^~~~~~~~~[m[K
[8.859s] [01m[K/home/serhat/workspaces/ros2_cpp_ws/src/udemy_ros2_pkg/src/service_server.cpp:[m[K In constructor â€˜[01m[KOddEvenCheckServiceNode::OddEvenCheckServiceNode()[m[Kâ€™:
[8.859s] [01m[K/home/serhat/workspaces/ros2_cpp_ws/src/udemy_ros2_pkg/src/service_server.cpp:13:36:[m[K [01;31m[Kerror: [m[Kâ€˜[01m[K__1[m[Kâ€™ is not a member of â€˜[01m[Kstd::placeholders[m[Kâ€™; did you mean â€˜[01m[K_21[m[Kâ€™?
[8.859s]    13 |                 std::placeholders::[01;31m[K__1[m[K,std::placeholders::__2
[8.859s]       |                                    [01;31m[K^~~[m[K
[8.859s]       |                                    [32m[K_21[m[K
[8.859s] [01m[K/home/serhat/workspaces/ros2_cpp_ws/src/udemy_ros2_pkg/src/service_server.cpp:13:59:[m[K [01;31m[Kerror: [m[Kâ€˜[01m[K__2[m[Kâ€™ is not a member of â€˜[01m[Kstd::placeholders[m[Kâ€™; did you mean â€˜[01m[K_22[m[Kâ€™?
[8.859s]    13 |                 std::placeholders::__1,std::placeholders::[01;31m[K__2[m[K
[8.859s]       |                                                           [01;31m[K^~~[m[K
[8.859s]       |                                                           [32m[K_22[m[K
[9.614s] gmake[2]: *** [CMakeFiles/service_server.dir/build.make:76: CMakeFiles/service_server.dir/src/service_server.cpp.o] Error 1
[9.614s] gmake[1]: *** [CMakeFiles/Makefile2:705: CMakeFiles/service_server.dir/all] Error 2
[9.615s] gmake: *** [Makefile:146: all] Error 2
[9.617s] Invoked command in '/home/serhat/workspaces/build/udemy_ros2_pkg' returned '2': CMAKE_PREFIX_PATH=${CMAKE_PREFIX_PATH}:/opt/ros/humble /usr/bin/cmake --build /home/serhat/workspaces/build/udemy_ros2_pkg -- -j12 -l12
