[0.013s] Invoking command in '/home/serhat/workspaces/build/udemy_ros2_pkg': CMAKE_PREFIX_PATH=${CMAKE_PREFIX_PATH}:/opt/ros/humble /usr/bin/cmake --build /home/serhat/workspaces/build/udemy_ros2_pkg -- -j12 -l12
[0.046s] -- Found ament_cmake: 1.3.3 (/opt/ros/humble/share/ament_cmake/cmake)
[0.182s] -- Override CMake install command with custom implementation using symlinks instead of copying resources
[0.189s] -- Found rclcpp: 16.0.3 (/opt/ros/humble/share/rclcpp/cmake)
[0.220s] -- Found rosidl_generator_c: 3.1.4 (/opt/ros/humble/share/rosidl_generator_c/cmake)
[0.225s] -- Found rosidl_adapter: 3.1.4 (/opt/ros/humble/share/rosidl_adapter/cmake)
[0.235s] -- Found rosidl_generator_cpp: 3.1.4 (/opt/ros/humble/share/rosidl_generator_cpp/cmake)
[0.246s] -- Using all available rosidl_typesupport_c: rosidl_typesupport_fastrtps_c;rosidl_typesupport_introspection_c
[0.266s] -- Using all available rosidl_typesupport_cpp: rosidl_typesupport_fastrtps_cpp;rosidl_typesupport_introspection_cpp
[0.339s] -- Found rmw_implementation_cmake: 6.1.1 (/opt/ros/humble/share/rmw_implementation_cmake/cmake)
[0.340s] -- Found rmw_fastrtps_cpp: 6.2.2 (/opt/ros/humble/share/rmw_fastrtps_cpp/cmake)
[0.476s] -- Using RMW implementation 'rmw_fastrtps_cpp' as default
[0.659s] -- Found rosidl_default_generators: 1.2.0 (/opt/ros/humble/share/rosidl_default_generators/cmake)
[0.890s] -- Found ament_cmake_cppcheck: 0.12.5 (/opt/ros/humble/share/ament_cmake_cppcheck/cmake)
[0.891s] -- Found ament_cmake_cpplint: 0.12.5 (/opt/ros/humble/share/ament_cmake_cpplint/cmake)
[0.892s] -- Found ament_cmake_uncrustify: 0.12.5 (/opt/ros/humble/share/ament_cmake_uncrustify/cmake)
[0.893s] -- Found ament_cmake_ros: 0.10.0 (/opt/ros/humble/share/ament_cmake_ros/cmake)
[1.178s] -- Using all available rosidl_typesupport_c: rosidl_typesupport_fastrtps_c;rosidl_typesupport_introspection_c
[1.294s] -- Using all available rosidl_typesupport_cpp: rosidl_typesupport_fastrtps_cpp;rosidl_typesupport_introspection_cpp
[1.321s] -- Found python_cmake_module: 0.10.0 (/opt/ros/humble/share/python_cmake_module/cmake)
[1.345s] -- Using PYTHON_EXECUTABLE: /usr/bin/python3
[1.345s] -- Using PYTHON_INCLUDE_DIRS: /usr/include/python3.10
[1.345s] -- Using PYTHON_LIBRARIES: /usr/lib/x86_64-linux-gnu/libpython3.10.so
[1.357s] -- Found ament_cmake_flake8: 0.12.5 (/opt/ros/humble/share/ament_cmake_flake8/cmake)
[1.357s] -- Found ament_cmake_pep257: 0.12.5 (/opt/ros/humble/share/ament_cmake_pep257/cmake)
[1.363s] -- Found ament_lint_auto: 0.12.5 (/opt/ros/humble/share/ament_lint_auto/cmake)
[1.372s] -- Added test 'cppcheck' to perform static code analysis on C / C++ code
[1.372s] -- Configured cppcheck include dirs: 
[1.372s] -- Configured cppcheck exclude dirs and/or files: 
[1.374s] -- Added test 'cpplint' to check C / C++ code against the Google style
[1.374s] -- Configured cpplint exclude dirs and/or files: 
[1.375s] -- Added test 'uncrustify' to check C / C++ code style
[1.375s] -- Configured uncrustify additional arguments: 
[1.376s] -- Added test 'flake8' to check Python code syntax and style conventions
[1.376s] -- Added test 'pep257' to check Python code against some of the docstring style conventions in PEP 257
[1.377s] -- Added test 'lint_cmake' to check CMake code style
[1.377s] -- Added test 'xmllint' to check XML markup files
[1.380s] -- Configuring done
[1.435s] -- Generating done
[1.439s] -- Build files have been written to: /home/serhat/workspaces/build/udemy_ros2_pkg
[1.470s] [35m[1mConsolidate compiler generated dependencies of target rpm_pub[0m
[1.470s] [35m[1mConsolidate compiler generated dependencies of target udemy_ros2_pkg__rosidl_generator_c[0m
[1.471s] [35m[1mConsolidate compiler generated dependencies of target publisher[0m
[1.473s] [35m[1mConsolidate compiler generated dependencies of target subscriber[0m
[1.474s] [35m[1mConsolidate compiler generated dependencies of target speed_calc[0m
[1.479s] [  2%] Built target udemy_ros2_pkg__cpp
[1.488s] [  9%] Built target udemy_ros2_pkg__rosidl_generator_c
[1.488s] [  9%] Built target ament_cmake_python_symlink_udemy_ros2_pkg
[1.495s] [35m[1mConsolidate compiler generated dependencies of target udemy_ros2_pkg__rosidl_typesupport_cpp[0m
[1.495s] [35m[1mConsolidate compiler generated dependencies of target udemy_ros2_pkg__rosidl_typesupport_fastrtps_cpp[0m
[1.495s] [35m[1mConsolidate compiler generated dependencies of target udemy_ros2_pkg__rosidl_typesupport_introspection_cpp[0m
[1.501s] [ 18%] Built target speed_calc
[1.501s] [ 18%] Built target rpm_pub
[1.504s] [35m[1mConsolidate compiler generated dependencies of target udemy_ros2_pkg__rosidl_typesupport_fastrtps_c[0m
[1.504s] [35m[1mConsolidate compiler generated dependencies of target udemy_ros2_pkg__rosidl_typesupport_c[0m
[1.504s] [ 23%] Built target subscriber
[1.505s] [35m[1mConsolidate compiler generated dependencies of target udemy_ros2_pkg__rosidl_typesupport_introspection_c[0m
[1.507s] [ 27%] Built target publisher
[1.515s] [ 41%] Built target udemy_ros2_pkg__rosidl_typesupport_introspection_cpp
[1.517s] [ 41%] Built target udemy_ros2_pkg__rosidl_typesupport_cpp
[1.518s] [ 48%] Built target udemy_ros2_pkg__rosidl_typesupport_fastrtps_cpp
[1.522s] [ 55%] Built target udemy_ros2_pkg__rosidl_typesupport_c
[1.523s] [ 62%] Built target udemy_ros2_pkg__rosidl_typesupport_introspection_c
[1.530s] [ 69%] Built target udemy_ros2_pkg__rosidl_typesupport_fastrtps_c
[1.537s] [35m[1mConsolidate compiler generated dependencies of target service_server[0m
[1.551s] [ 72%] [32mBuilding CXX object CMakeFiles/service_client.dir/src/service_client.cpp.o[0m
[1.558s] [ 72%] Built target udemy_ros2_pkg
[1.565s] [ 76%] Built target service_server
[1.580s] [ 79%] Built target udemy_ros2_pkg__py
[1.591s] [35m[1mConsolidate compiler generated dependencies of target udemy_ros2_pkg__rosidl_generator_py[0m
[1.607s] [ 83%] Built target udemy_ros2_pkg__rosidl_generator_py
[1.618s] [35m[1mConsolidate compiler generated dependencies of target udemy_ros2_pkg__rosidl_typesupport_fastrtps_c__pyext[0m
[1.619s] [35m[1mConsolidate compiler generated dependencies of target udemy_ros2_pkg__rosidl_typesupport_introspection_c__pyext[0m
[1.620s] [35m[1mConsolidate compiler generated dependencies of target udemy_ros2_pkg__rosidl_typesupport_c__pyext[0m
[1.641s] [ 88%] Built target udemy_ros2_pkg__rosidl_typesupport_introspection_c__pyext
[1.642s] [ 93%] Built target udemy_ros2_pkg__rosidl_typesupport_fastrtps_c__pyext
[1.644s] [ 97%] Built target udemy_ros2_pkg__rosidl_typesupport_c__pyext
[1.811s] running egg_info
[1.812s] writing udemy_ros2_pkg.egg-info/PKG-INFO
[1.813s] writing dependency_links to udemy_ros2_pkg.egg-info/dependency_links.txt
[1.813s] writing top-level names to udemy_ros2_pkg.egg-info/top_level.txt
[1.816s] reading manifest file 'udemy_ros2_pkg.egg-info/SOURCES.txt'
[1.817s] writing manifest file 'udemy_ros2_pkg.egg-info/SOURCES.txt'
[1.850s] [ 97%] Built target ament_cmake_python_build_udemy_ros2_pkg_egg
[4.148s] [01m[K/home/serhat/workspaces/ros2_cpp_ws/src/udemy_ros2_pkg/src/service_client.cpp:[m[K In function â€˜[01m[Kint main(int, char**)[m[Kâ€™:
[4.148s] [01m[K/home/serhat/workspaces/ros2_cpp_ws/src/udemy_ros2_pkg/src/service_client.cpp:42:35:[m[K [01;31m[Kerror: [m[Kfound â€˜[01m[K:[m[Kâ€™ in nested-name-specifier, expected â€˜[01m[K::[m[Kâ€™
[4.148s]    42 |   auto service_client_node =rclcpp[01;31m[K:[m[KNode::make_shared("odd_even_check_client_node");
[4.148s]       |                                   [01;31m[K^[m[K
[4.148s]       |                                   [32m[K::[m[K
[5.155s] gmake[2]: *** [CMakeFiles/service_client.dir/build.make:76: CMakeFiles/service_client.dir/src/service_client.cpp.o] Error 1
[5.155s] gmake[1]: *** [CMakeFiles/Makefile2:734: CMakeFiles/service_client.dir/all] Error 2
[5.155s] gmake: *** [Makefile:146: all] Error 2
[5.157s] Invoked command in '/home/serhat/workspaces/build/udemy_ros2_pkg' returned '2': CMAKE_PREFIX_PATH=${CMAKE_PREFIX_PATH}:/opt/ros/humble /usr/bin/cmake --build /home/serhat/workspaces/build/udemy_ros2_pkg -- -j12 -l12
