[01m[K/home/serhat/workspaces/ros2_cpp_ws/src/udemy_ros2_pkg/src/subscriber.cpp:[m[K In member function â€˜[01m[Kvoid HelloWorldSubNode::sub_callback(const String&) const[m[Kâ€™:
[01m[K/home/serhat/workspaces/ros2_cpp_ws/src/udemy_ros2_pkg/src/subscriber.cpp:18:65:[m[K [01;35m[Kwarning: [m[Kunused parameter â€˜[01m[Kmsg[m[Kâ€™ [[01;35m[K]8;;https://gcc.gnu.org/onlinedocs/gcc/Warning-Options.html#index-Wunused-parameter-Wunused-parameter]8;;[m[K]
   18 |                 void sub_callback([01;35m[Kconst std_msgs::msg::String & msg[m[K) const
      |                                   [01;35m[K~~~~~~~~~~~~~~~~~~~~~~~~~~~~~~^~~[m[K
[01m[K/home/serhat/workspaces/ros2_cpp_ws/src/udemy_ros2_pkg/src/turn_camera_client.cpp:[m[K In function â€˜[01m[Kint main(int, char**)[m[Kâ€™:
[01m[K/home/serhat/workspaces/ros2_cpp_ws/src/udemy_ros2_pkg/src/turn_camera_client.cpp:28:65:[m[K [01;31m[Kerror: [m[Kâ€˜[01m[Kusing element_type = struct udemy_ros2_pkg::srv::TurnCamera_Response_<std::allocator<void> >[m[Kâ€™ {aka â€˜[01m[Kstruct udemy_ros2_pkg::srv::TurnCamera_Response_<std::allocator<void> >[m[Kâ€™} has no member named â€˜[01m[Kcamera_image[m[Kâ€™
   28 |                 auto cv_ptr = cv_bridge::toCvCopy(result.get()->[01;31m[Kcamera_image[m[K, "bgr8");
      |                                                                 [01;31m[K^~~~~~~~~~~~[m[K
[01m[K/home/serhat/workspaces/ros2_cpp_ws/src/udemy_ros2_pkg/src/action_server.cpp:[m[K In member function â€˜[01m[Kvoid NavigateActionServerNode::execute(std::shared_ptr<rclcpp_action::ServerGoalHandle<udemy_ros2_pkg::action::Navigate> >)[m[Kâ€™:
[01m[K/home/serhat/workspaces/ros2_cpp_ws/src/udemy_ros2_pkg/src/action_server.cpp:80:21:[m[K [01;31m[Kerror: [m[Kâ€˜[01m[Kusing element_type = struct udemy_ros2_pkg::action::Navigate_Result_<std::allocator<void> >[m[Kâ€™ {aka â€˜[01m[Kstruct udemy_ros2_pkg::action::Navigate_Result_<std::allocator<void> >[m[Kâ€™} has no member named â€˜[01m[Kelpased_time[m[Kâ€™; did you mean â€˜[01m[Kelapsed_time[m[Kâ€™?
   80 |             result->[01;31m[Kelpased_time[m[K = (rclcpp::Clock().now() - start_time).seconds();
      |                     [01;31m[K^~~~~~~~~~~~[m[K
      |                     [32m[Kelapsed_time[m[K
[01m[K/home/serhat/workspaces/ros2_cpp_ws/src/udemy_ros2_pkg/src/action_client.cpp:[m[K In member function â€˜[01m[Kvoid NavigateActionClientNode::result_callback(const rclcpp_action::ClientGoalHandle<udemy_ros2_pkg::action::Navigate>::WrappedResult&)[m[Kâ€™:
[01m[K/home/serhat/workspaces/ros2_cpp_ws/src/udemy_ros2_pkg/src/action_client.cpp:99:57:[m[K [01;31m[Kerror: [m[Kâ€˜[01m[Kusing element_type = struct udemy_ros2_pkg::action::Navigate_Result_<std::allocator<void> >[m[Kâ€™ {aka â€˜[01m[Kstruct udemy_ros2_pkg::action::Navigate_Result_<std::allocator<void> >[m[Kâ€™} has no member named â€˜[01m[Kelpased_time[m[Kâ€™; did you mean â€˜[01m[Kelapsed_time[m[Kâ€™?
   99 |         std::cout << "Time elapsed: " << result.result->[01;31m[Kelpased_time[m[K << std::endl;
      |                                                         [01;31m[K^~~~~~~~~~~~[m[K
      |                                                         [32m[Kelapsed_time[m[K
gmake[2]: *** [CMakeFiles/turn_camera_client.dir/build.make:76: CMakeFiles/turn_camera_client.dir/src/turn_camera_client.cpp.o] Error 1
gmake[1]: *** [CMakeFiles/Makefile2:796: CMakeFiles/turn_camera_client.dir/all] Error 2
gmake[1]: *** Waiting for unfinished jobs....
[01m[K/home/serhat/workspaces/ros2_cpp_ws/src/udemy_ros2_pkg/src/turn_camera_service.cpp:[m[K In member function â€˜[01m[Kvoid TurnCameraServiceNode::get_camera_image(udemy_ros2_pkg::srv::TurnCamera_Request_<std::allocator<void> >::SharedPtr, udemy_ros2_pkg::srv::TurnCamera_Response_<std::allocator<void> >::SharedPtr)[m[Kâ€™:
[01m[K/home/serhat/workspaces/ros2_cpp_ws/src/udemy_ros2_pkg/src/turn_camera_service.cpp:54:35:[m[K [01;31m[Kerror: [m[Kâ€˜[01m[Kusing element_type = struct udemy_ros2_pkg::srv::TurnCamera_Response_<std::allocator<void> >[m[Kâ€™ {aka â€˜[01m[Kstruct udemy_ros2_pkg::srv::TurnCamera_Response_<std::allocator<void> >[m[Kâ€™} has no member named â€˜[01m[Kcamera_image[m[Kâ€™
   54 |                         response->[01;31m[Kcamera_image[m[K = *image_ptr;
      |                                   [01;31m[K^~~~~~~~~~~~[m[K
gmake[2]: *** [CMakeFiles/action_client.dir/build.make:76: CMakeFiles/action_client.dir/src/action_client.cpp.o] Error 1
gmake[1]: *** [CMakeFiles/Makefile2:850: CMakeFiles/action_client.dir/all] Error 2
gmake[2]: *** [CMakeFiles/turn_camera_service.dir/build.make:76: CMakeFiles/turn_camera_service.dir/src/turn_camera_service.cpp.o] Error 1
gmake[1]: *** [CMakeFiles/Makefile2:769: CMakeFiles/turn_camera_service.dir/all] Error 2
gmake[2]: *** [CMakeFiles/action_server.dir/build.make:76: CMakeFiles/action_server.dir/src/action_server.cpp.o] Error 1
gmake[1]: *** [CMakeFiles/Makefile2:823: CMakeFiles/action_server.dir/all] Error 2
gmake: *** [Makefile:146: all] Error 2
