[0.018s] Invoking command in '/home/serhat/workspaces/ros2_cpp_ws/build/udemy_ros2_pkg': CMAKE_PREFIX_PATH=${CMAKE_PREFIX_PATH}:/opt/ros/humble /usr/bin/cmake --build /home/serhat/workspaces/ros2_cpp_ws/build/udemy_ros2_pkg -- -j12 -l12
[0.042s] -- Found ament_cmake: 1.3.3 (/opt/ros/humble/share/ament_cmake/cmake)
[0.176s] -- Override CMake install command with custom implementation using symlinks instead of copying resources
[0.183s] -- Found rclcpp: 16.0.3 (/opt/ros/humble/share/rclcpp/cmake)
[0.211s] -- Found rosidl_generator_c: 3.1.4 (/opt/ros/humble/share/rosidl_generator_c/cmake)
[0.213s] -- Found rosidl_adapter: 3.1.4 (/opt/ros/humble/share/rosidl_adapter/cmake)
[0.219s] -- Found rosidl_generator_cpp: 3.1.4 (/opt/ros/humble/share/rosidl_generator_cpp/cmake)
[0.232s] -- Using all available rosidl_typesupport_c: rosidl_typesupport_fastrtps_c;rosidl_typesupport_introspection_c
[0.245s] -- Using all available rosidl_typesupport_cpp: rosidl_typesupport_fastrtps_cpp;rosidl_typesupport_introspection_cpp
[0.301s] -- Found rmw_implementation_cmake: 6.1.1 (/opt/ros/humble/share/rmw_implementation_cmake/cmake)
[0.303s] -- Found rmw_fastrtps_cpp: 6.2.2 (/opt/ros/humble/share/rmw_fastrtps_cpp/cmake)
[0.434s] -- Using RMW implementation 'rmw_fastrtps_cpp' as default
[0.585s] -- Found rosidl_default_generators: 1.2.0 (/opt/ros/humble/share/rosidl_default_generators/cmake)
[0.591s] -- Found sensor_msgs: 4.2.3 (/opt/ros/humble/share/sensor_msgs/cmake)
[0.716s] -- Found cv_bridge: 3.2.1 (/opt/ros/humble/share/cv_bridge/cmake)
[0.723s] -- Found action_msgs: 1.2.1 (/opt/ros/humble/share/action_msgs/cmake)
[0.792s] -- Found rclcpp_action: 16.0.3 (/opt/ros/humble/share/rclcpp_action/cmake)
[0.832s] -- Found ros_ign_gazebo: 0.244.9 (/opt/ros/humble/share/ros_ign_gazebo/cmake)
[1.802s] -- Found ament_cmake_cppcheck: 0.12.5 (/opt/ros/humble/share/ament_cmake_cppcheck/cmake)
[1.802s] -- Found ament_cmake_cpplint: 0.12.5 (/opt/ros/humble/share/ament_cmake_cpplint/cmake)
[1.803s] -- Found ament_cmake_uncrustify: 0.12.5 (/opt/ros/humble/share/ament_cmake_uncrustify/cmake)
[1.804s] -- Found ament_cmake_ros: 0.10.0 (/opt/ros/humble/share/ament_cmake_ros/cmake)
[2.254s] -- Using all available rosidl_typesupport_c: rosidl_typesupport_fastrtps_c;rosidl_typesupport_introspection_c
[2.453s] -- Using all available rosidl_typesupport_cpp: rosidl_typesupport_fastrtps_cpp;rosidl_typesupport_introspection_cpp
[2.479s] -- Found python_cmake_module: 0.10.0 (/opt/ros/humble/share/python_cmake_module/cmake)
[2.506s] -- Using PYTHON_EXECUTABLE: /usr/bin/python3
[2.506s] -- Using PYTHON_INCLUDE_DIRS: /usr/include/python3.10
[2.506s] -- Using PYTHON_LIBRARIES: /usr/lib/x86_64-linux-gnu/libpython3.10.so
[2.563s] -- Found ament_cmake_flake8: 0.12.5 (/opt/ros/humble/share/ament_cmake_flake8/cmake)
[2.564s] -- Found ament_cmake_pep257: 0.12.5 (/opt/ros/humble/share/ament_cmake_pep257/cmake)
[2.589s] -- Found ament_lint_auto: 0.12.5 (/opt/ros/humble/share/ament_lint_auto/cmake)
[2.603s] -- Added test 'cppcheck' to perform static code analysis on C / C++ code
[2.605s] -- Configured cppcheck include dirs: 
[2.605s] -- Configured cppcheck exclude dirs and/or files: 
[2.609s] -- Added test 'cpplint' to check C / C++ code against the Google style
[2.609s] -- Configured cpplint exclude dirs and/or files: 
[2.613s] -- Added test 'uncrustify' to check C / C++ code style
[2.613s] -- Configured uncrustify additional arguments: 
[2.614s] -- Added test 'flake8' to check Python code syntax and style conventions
[2.615s] -- Added test 'pep257' to check Python code against some of the docstring style conventions in PEP 257
[2.616s] -- Added test 'lint_cmake' to check CMake code style
[2.617s] -- Added test 'xmllint' to check XML markup files
[2.621s] -- Configuring done
[2.794s] -- Generating done
[2.799s] -- Build files have been written to: /home/serhat/workspaces/ros2_cpp_ws/build/udemy_ros2_pkg
[2.833s] [35m[1mConsolidate compiler generated dependencies of target udemy_ros2_pkg__rosidl_generator_c[0m
[2.834s] [35m[1mConsolidate compiler generated dependencies of target publisher[0m
[2.843s] [  1%] Built target udemy_ros2_pkg__cpp
[2.847s] [35m[1mConsolidate compiler generated dependencies of target subscriber[0m
[2.849s] [  1%] Built target ament_cmake_python_symlink_udemy_ros2_pkg
[2.851s] [  8%] Built target udemy_ros2_pkg__rosidl_generator_c
[2.862s] [35m[1mConsolidate compiler generated dependencies of target udemy_ros2_pkg__rosidl_typesupport_fastrtps_cpp[0m
[2.863s] [35m[1mConsolidate compiler generated dependencies of target rpm_pub[0m
[2.863s] [35m[1mConsolidate compiler generated dependencies of target udemy_ros2_pkg__rosidl_typesupport_cpp[0m
[2.863s] [35m[1mConsolidate compiler generated dependencies of target udemy_ros2_pkg__rosidl_typesupport_introspection_cpp[0m
[2.872s] [35m[1mConsolidate compiler generated dependencies of target speed_calc[0m
[2.872s] [35m[1mConsolidate compiler generated dependencies of target udemy_ros2_pkg__rosidl_typesupport_c[0m
[2.872s] [35m[1mConsolidate compiler generated dependencies of target udemy_ros2_pkg__rosidl_typesupport_introspection_c[0m
[2.872s] [ 11%] Built target publisher
[2.872s] [35m[1mConsolidate compiler generated dependencies of target udemy_ros2_pkg__rosidl_typesupport_fastrtps_c[0m
[2.883s] [ 13%] [32mBuilding CXX object CMakeFiles/subscriber.dir/src/subscriber.cpp.o[0m
[2.890s] [ 38%] Built target udemy_ros2_pkg__rosidl_typesupport_introspection_cpp
[2.890s] [ 38%] Built target udemy_ros2_pkg__rosidl_typesupport_cpp
[2.890s] [ 38%] Built target udemy_ros2_pkg__rosidl_typesupport_c
[2.890s] [ 43%] Built target udemy_ros2_pkg__rosidl_typesupport_introspection_c
[2.892s] [ 50%] Built target udemy_ros2_pkg__rosidl_typesupport_fastrtps_cpp
[2.895s] [ 53%] Built target rpm_pub
[2.897s] [ 56%] Built target speed_calc
[2.902s] [ 64%] Built target udemy_ros2_pkg__rosidl_typesupport_fastrtps_c
[2.912s] [35m[1mConsolidate compiler generated dependencies of target action_server[0m
[2.925s] [35m[1mConsolidate compiler generated dependencies of target service_server[0m
[2.925s] [ 64%] Built target udemy_ros2_pkg
[2.933s] [ 65%] [32mBuilding CXX object CMakeFiles/action_server.dir/src/action_server.cpp.o[0m
[2.943s] [35m[1mConsolidate compiler generated dependencies of target service_client[0m
[2.944s] [35m[1mConsolidate compiler generated dependencies of target turn_camera_service[0m
[2.945s] [ 67%] [32mBuilding CXX object CMakeFiles/service_server.dir/src/service_server.cpp.o[0m
[2.945s] [35m[1mConsolidate compiler generated dependencies of target turn_camera_client[0m
[2.946s] [35m[1mConsolidate compiler generated dependencies of target action_client[0m
[2.952s] [ 68%] Built target udemy_ros2_pkg__py
[2.967s] [35m[1mConsolidate compiler generated dependencies of target udemy_ros2_pkg__rosidl_generator_py[0m
[2.974s] [ 70%] [32mBuilding CXX object CMakeFiles/service_client.dir/src/service_client.cpp.o[0m
[2.977s] [ 71%] [32mBuilding CXX object CMakeFiles/turn_camera_client.dir/src/turn_camera_client.cpp.o[0m
[2.980s] [ 73%] [32mBuilding CXX object CMakeFiles/turn_camera_service.dir/src/turn_camera_service.cpp.o[0m
[2.981s] [ 74%] [32mBuilding CXX object CMakeFiles/action_client.dir/src/action_client.cpp.o[0m
[2.987s] [ 80%] Built target udemy_ros2_pkg__rosidl_generator_py
[3.007s] [35m[1mConsolidate compiler generated dependencies of target udemy_ros2_pkg__rosidl_typesupport_introspection_c__pyext[0m
[3.009s] [35m[1mConsolidate compiler generated dependencies of target udemy_ros2_pkg__rosidl_typesupport_fastrtps_c__pyext[0m
[3.025s] [35m[1mConsolidate compiler generated dependencies of target udemy_ros2_pkg__rosidl_typesupport_c__pyext[0m
[3.035s] [ 85%] Built target udemy_ros2_pkg__rosidl_typesupport_introspection_c__pyext
[3.037s] [ 86%] Built target udemy_ros2_pkg__rosidl_typesupport_fastrtps_c__pyext
[3.069s] [ 89%] Built target udemy_ros2_pkg__rosidl_typesupport_c__pyext
[3.330s] running egg_info
[3.333s] writing udemy_ros2_pkg.egg-info/PKG-INFO
[3.333s] writing dependency_links to udemy_ros2_pkg.egg-info/dependency_links.txt
[3.333s] writing top-level names to udemy_ros2_pkg.egg-info/top_level.txt
[3.337s] reading manifest file 'udemy_ros2_pkg.egg-info/SOURCES.txt'
[3.338s] writing manifest file 'udemy_ros2_pkg.egg-info/SOURCES.txt'
[3.392s] [ 89%] Built target ament_cmake_python_build_udemy_ros2_pkg_egg
[5.882s] [01m[K/home/serhat/workspaces/ros2_cpp_ws/src/udemy_ros2_pkg/src/subscriber.cpp:[m[K In member function â€˜[01m[Kvoid HelloWorldSubNode::sub_callback(const String&) const[m[Kâ€™:
[5.882s] [01m[K/home/serhat/workspaces/ros2_cpp_ws/src/udemy_ros2_pkg/src/subscriber.cpp:18:65:[m[K [01;35m[Kwarning: [m[Kunused parameter â€˜[01m[Kmsg[m[Kâ€™ [[01;35m[K]8;;https://gcc.gnu.org/onlinedocs/gcc/Warning-Options.html#index-Wunused-parameter-Wunused-parameter]8;;[m[K]
[5.882s]    18 |                 void sub_callback([01;35m[Kconst std_msgs::msg::String & msg[m[K) const
[5.882s]       |                                   [01;35m[K~~~~~~~~~~~~~~~~~~~~~~~~~~~~~~^~~[m[K
[6.471s] [01m[K/home/serhat/workspaces/ros2_cpp_ws/src/udemy_ros2_pkg/src/turn_camera_client.cpp:[m[K In function â€˜[01m[Kint main(int, char**)[m[Kâ€™:
[6.471s] [01m[K/home/serhat/workspaces/ros2_cpp_ws/src/udemy_ros2_pkg/src/turn_camera_client.cpp:28:65:[m[K [01;31m[Kerror: [m[Kâ€˜[01m[Kusing element_type = struct udemy_ros2_pkg::srv::TurnCamera_Response_<std::allocator<void> >[m[Kâ€™ {aka â€˜[01m[Kstruct udemy_ros2_pkg::srv::TurnCamera_Response_<std::allocator<void> >[m[Kâ€™} has no member named â€˜[01m[Kcamera_image[m[Kâ€™
[6.471s]    28 |                 auto cv_ptr = cv_bridge::toCvCopy(result.get()->[01;31m[Kcamera_image[m[K, "bgr8");
[6.471s]       |                                                                 [01;31m[K^~~~~~~~~~~~[m[K
[6.550s] [01m[K/home/serhat/workspaces/ros2_cpp_ws/src/udemy_ros2_pkg/src/action_server.cpp:[m[K In member function â€˜[01m[Kvoid NavigateActionServerNode::execute(std::shared_ptr<rclcpp_action::ServerGoalHandle<udemy_ros2_pkg::action::Navigate> >)[m[Kâ€™:
[6.550s] [01m[K/home/serhat/workspaces/ros2_cpp_ws/src/udemy_ros2_pkg/src/action_server.cpp:80:21:[m[K [01;31m[Kerror: [m[Kâ€˜[01m[Kusing element_type = struct udemy_ros2_pkg::action::Navigate_Result_<std::allocator<void> >[m[Kâ€™ {aka â€˜[01m[Kstruct udemy_ros2_pkg::action::Navigate_Result_<std::allocator<void> >[m[Kâ€™} has no member named â€˜[01m[Kelpased_time[m[Kâ€™; did you mean â€˜[01m[Kelapsed_time[m[Kâ€™?
[6.550s]    80 |             result->[01;31m[Kelpased_time[m[K = (rclcpp::Clock().now() - start_time).seconds();
[6.550s]       |                     [01;31m[K^~~~~~~~~~~~[m[K
[6.551s]       |                     [32m[Kelapsed_time[m[K
[7.188s] [01m[K/home/serhat/workspaces/ros2_cpp_ws/src/udemy_ros2_pkg/src/action_client.cpp:[m[K In member function â€˜[01m[Kvoid NavigateActionClientNode::result_callback(const rclcpp_action::ClientGoalHandle<udemy_ros2_pkg::action::Navigate>::WrappedResult&)[m[Kâ€™:
[7.188s] [01m[K/home/serhat/workspaces/ros2_cpp_ws/src/udemy_ros2_pkg/src/action_client.cpp:99:57:[m[K [01;31m[Kerror: [m[Kâ€˜[01m[Kusing element_type = struct udemy_ros2_pkg::action::Navigate_Result_<std::allocator<void> >[m[Kâ€™ {aka â€˜[01m[Kstruct udemy_ros2_pkg::action::Navigate_Result_<std::allocator<void> >[m[Kâ€™} has no member named â€˜[01m[Kelpased_time[m[Kâ€™; did you mean â€˜[01m[Kelapsed_time[m[Kâ€™?
[7.188s]    99 |         std::cout << "Time elapsed: " << result.result->[01;31m[Kelpased_time[m[K << std::endl;
[7.188s]       |                                                         [01;31m[K^~~~~~~~~~~~[m[K
[7.188s]       |                                                         [32m[Kelapsed_time[m[K
[7.190s] gmake[2]: *** [CMakeFiles/turn_camera_client.dir/build.make:76: CMakeFiles/turn_camera_client.dir/src/turn_camera_client.cpp.o] Error 1
[7.190s] gmake[1]: *** [CMakeFiles/Makefile2:796: CMakeFiles/turn_camera_client.dir/all] Error 2
[7.190s] gmake[1]: *** Waiting for unfinished jobs....
[7.392s] [01m[K/home/serhat/workspaces/ros2_cpp_ws/src/udemy_ros2_pkg/src/turn_camera_service.cpp:[m[K In member function â€˜[01m[Kvoid TurnCameraServiceNode::get_camera_image(udemy_ros2_pkg::srv::TurnCamera_Request_<std::allocator<void> >::SharedPtr, udemy_ros2_pkg::srv::TurnCamera_Response_<std::allocator<void> >::SharedPtr)[m[Kâ€™:
[7.393s] [01m[K/home/serhat/workspaces/ros2_cpp_ws/src/udemy_ros2_pkg/src/turn_camera_service.cpp:54:35:[m[K [01;31m[Kerror: [m[Kâ€˜[01m[Kusing element_type = struct udemy_ros2_pkg::srv::TurnCamera_Response_<std::allocator<void> >[m[Kâ€™ {aka â€˜[01m[Kstruct udemy_ros2_pkg::srv::TurnCamera_Response_<std::allocator<void> >[m[Kâ€™} has no member named â€˜[01m[Kcamera_image[m[Kâ€™
[7.393s]    54 |                         response->[01;31m[Kcamera_image[m[K = *image_ptr;
[7.393s]       |                                   [01;31m[K^~~~~~~~~~~~[m[K
[7.927s] [ 92%] [32m[1mLinking CXX executable service_server[0m
[7.927s] [ 92%] [32m[1mLinking CXX executable service_client[0m
[8.007s] gmake[2]: *** [CMakeFiles/action_client.dir/build.make:76: CMakeFiles/action_client.dir/src/action_client.cpp.o] Error 1
[8.007s] gmake[1]: *** [CMakeFiles/Makefile2:850: CMakeFiles/action_client.dir/all] Error 2
[8.060s] gmake[2]: *** [CMakeFiles/turn_camera_service.dir/build.make:76: CMakeFiles/turn_camera_service.dir/src/turn_camera_service.cpp.o] Error 1
[8.060s] gmake[1]: *** [CMakeFiles/Makefile2:769: CMakeFiles/turn_camera_service.dir/all] Error 2
[8.359s] [ 92%] Built target service_client
[8.363s] [ 92%] Built target service_server
[9.085s] gmake[2]: *** [CMakeFiles/action_server.dir/build.make:76: CMakeFiles/action_server.dir/src/action_server.cpp.o] Error 1
[9.085s] gmake[1]: *** [CMakeFiles/Makefile2:823: CMakeFiles/action_server.dir/all] Error 2
[11.227s] [ 94%] [32m[1mLinking CXX executable subscriber[0m
[11.542s] [ 94%] Built target subscriber
[11.543s] gmake: *** [Makefile:146: all] Error 2
[11.545s] Invoked command in '/home/serhat/workspaces/ros2_cpp_ws/build/udemy_ros2_pkg' returned '2': CMAKE_PREFIX_PATH=${CMAKE_PREFIX_PATH}:/opt/ros/humble /usr/bin/cmake --build /home/serhat/workspaces/ros2_cpp_ws/build/udemy_ros2_pkg -- -j12 -l12
