[0.012s] Invoking command in '/home/serhat/workspaces/build/udemy_ros2_pkg': CMAKE_PREFIX_PATH=${CMAKE_PREFIX_PATH}:/opt/ros/humble /usr/bin/cmake /home/serhat/workspaces/ros2_cpp_ws/src/udemy_ros2_pkg -DCMAKE_INSTALL_PREFIX=/home/serhat/workspaces/install/udemy_ros2_pkg
[0.021s] -- Found ament_cmake: 1.3.3 (/opt/ros/humble/share/ament_cmake/cmake)
[0.142s] -- Override CMake install command with custom implementation using symlinks instead of copying resources
[0.148s] -- Found rclcpp: 16.0.3 (/opt/ros/humble/share/rclcpp/cmake)
[0.192s] -- Found rosidl_generator_c: 3.1.4 (/opt/ros/humble/share/rosidl_generator_c/cmake)
[0.196s] -- Found rosidl_adapter: 3.1.4 (/opt/ros/humble/share/rosidl_adapter/cmake)
[0.201s] -- Found rosidl_generator_cpp: 3.1.4 (/opt/ros/humble/share/rosidl_generator_cpp/cmake)
[0.211s] -- Using all available rosidl_typesupport_c: rosidl_typesupport_fastrtps_c;rosidl_typesupport_introspection_c
[0.225s] -- Using all available rosidl_typesupport_cpp: rosidl_typesupport_fastrtps_cpp;rosidl_typesupport_introspection_cpp
[0.276s] -- Found rmw_implementation_cmake: 6.1.1 (/opt/ros/humble/share/rmw_implementation_cmake/cmake)
[0.277s] -- Found rmw_fastrtps_cpp: 6.2.2 (/opt/ros/humble/share/rmw_fastrtps_cpp/cmake)
[0.385s] -- Using RMW implementation 'rmw_fastrtps_cpp' as default
[0.534s] -- Found rosidl_default_generators: 1.2.0 (/opt/ros/humble/share/rosidl_default_generators/cmake)
[0.541s] -- Found sensor_msgs: 4.2.3 (/opt/ros/humble/share/sensor_msgs/cmake)
[0.672s] -- Found cv_bridge: 3.2.1 (/opt/ros/humble/share/cv_bridge/cmake)
[0.678s] -- Found action_msgs: 1.2.1 (/opt/ros/humble/share/action_msgs/cmake)
[0.732s] -- Found rclcpp_action: 16.0.3 (/opt/ros/humble/share/rclcpp_action/cmake)
[1.025s] -- Found ament_cmake_cppcheck: 0.12.5 (/opt/ros/humble/share/ament_cmake_cppcheck/cmake)
[1.025s] -- Found ament_cmake_cpplint: 0.12.5 (/opt/ros/humble/share/ament_cmake_cpplint/cmake)
[1.026s] -- Found ament_cmake_uncrustify: 0.12.5 (/opt/ros/humble/share/ament_cmake_uncrustify/cmake)
[1.027s] -- Found ament_cmake_ros: 0.10.0 (/opt/ros/humble/share/ament_cmake_ros/cmake)
[1.445s] -- Using all available rosidl_typesupport_c: rosidl_typesupport_fastrtps_c;rosidl_typesupport_introspection_c
[1.618s] -- Using all available rosidl_typesupport_cpp: rosidl_typesupport_fastrtps_cpp;rosidl_typesupport_introspection_cpp
[1.639s] -- Found python_cmake_module: 0.10.0 (/opt/ros/humble/share/python_cmake_module/cmake)
[1.659s] -- Using PYTHON_EXECUTABLE: /usr/bin/python3
[1.659s] -- Using PYTHON_INCLUDE_DIRS: /usr/include/python3.10
[1.659s] -- Using PYTHON_LIBRARIES: /usr/lib/x86_64-linux-gnu/libpython3.10.so
[1.715s] -- Found ament_cmake_flake8: 0.12.5 (/opt/ros/humble/share/ament_cmake_flake8/cmake)
[1.715s] -- Found ament_cmake_pep257: 0.12.5 (/opt/ros/humble/share/ament_cmake_pep257/cmake)
[1.743s] -- Found ament_lint_auto: 0.12.5 (/opt/ros/humble/share/ament_lint_auto/cmake)
[1.758s] -- Added test 'cppcheck' to perform static code analysis on C / C++ code
[1.759s] -- Configured cppcheck include dirs: 
[1.759s] -- Configured cppcheck exclude dirs and/or files: 
[1.762s] -- Added test 'cpplint' to check C / C++ code against the Google style
[1.762s] -- Configured cpplint exclude dirs and/or files: 
[1.763s] -- Added test 'uncrustify' to check C / C++ code style
[1.763s] -- Configured uncrustify additional arguments: 
[1.764s] -- Added test 'flake8' to check Python code syntax and style conventions
[1.764s] -- Added test 'pep257' to check Python code against some of the docstring style conventions in PEP 257
[1.765s] -- Added test 'lint_cmake' to check CMake code style
[1.766s] -- Added test 'xmllint' to check XML markup files
[1.771s] -- Configuring done
[1.852s] -- Generating done
[1.908s] -- Build files have been written to: /home/serhat/workspaces/build/udemy_ros2_pkg
[1.919s] Invoked command in '/home/serhat/workspaces/build/udemy_ros2_pkg' returned '0': CMAKE_PREFIX_PATH=${CMAKE_PREFIX_PATH}:/opt/ros/humble /usr/bin/cmake /home/serhat/workspaces/ros2_cpp_ws/src/udemy_ros2_pkg -DCMAKE_INSTALL_PREFIX=/home/serhat/workspaces/install/udemy_ros2_pkg
[1.921s] Invoking command in '/home/serhat/workspaces/build/udemy_ros2_pkg': CMAKE_PREFIX_PATH=${CMAKE_PREFIX_PATH}:/opt/ros/humble /usr/bin/cmake --build /home/serhat/workspaces/build/udemy_ros2_pkg -- -j12 -l12
[1.960s] [35m[1mConsolidate compiler generated dependencies of target rpm_pub[0m
[1.960s] [35m[1mConsolidate compiler generated dependencies of target subscriber[0m
[1.962s] [35m[1mConsolidate compiler generated dependencies of target publisher[0m
[1.963s] [35m[1mConsolidate compiler generated dependencies of target udemy_ros2_pkg__rosidl_generator_c[0m
[1.964s] [35m[1mConsolidate compiler generated dependencies of target speed_calc[0m
[1.975s] [  1%] Built target udemy_ros2_pkg__cpp
[1.982s] [  4%] Built target rpm_pub
[1.983s] [ 12%] Built target subscriber
[1.984s] [ 15%] Built target udemy_ros2_pkg__rosidl_generator_c
[1.984s] [ 15%] Built target ament_cmake_python_symlink_udemy_ros2_pkg
[1.989s] [ 18%] Built target publisher
[1.990s] [35m[1mConsolidate compiler generated dependencies of target udemy_ros2_pkg__rosidl_typesupport_cpp[0m
[1.994s] [ 21%] Built target speed_calc
[1.994s] [35m[1mConsolidate compiler generated dependencies of target udemy_ros2_pkg__rosidl_typesupport_fastrtps_cpp[0m
[1.995s] [35m[1mConsolidate compiler generated dependencies of target udemy_ros2_pkg__rosidl_typesupport_introspection_cpp[0m
[1.997s] [35m[1mConsolidate compiler generated dependencies of target udemy_ros2_pkg__rosidl_typesupport_c[0m
[1.999s] [35m[1mConsolidate compiler generated dependencies of target udemy_ros2_pkg__rosidl_typesupport_fastrtps_c[0m
[1.999s] [35m[1mConsolidate compiler generated dependencies of target udemy_ros2_pkg__rosidl_typesupport_introspection_c[0m
[2.007s] [ 29%] Built target udemy_ros2_pkg__rosidl_typesupport_cpp
[2.011s] [ 36%] Built target udemy_ros2_pkg__rosidl_typesupport_c
[2.017s] [ 49%] Built target udemy_ros2_pkg__rosidl_typesupport_introspection_c
[2.018s] [ 52%] Built target udemy_ros2_pkg__rosidl_typesupport_introspection_cpp
[2.019s] [ 60%] Built target udemy_ros2_pkg__rosidl_typesupport_fastrtps_cpp
[2.021s] [35m[1mConsolidate compiler generated dependencies of target service_server[0m
[2.022s] [35m[1mConsolidate compiler generated dependencies of target turn_camera_service[0m
[2.023s] [35m[1mConsolidate compiler generated dependencies of target service_client[0m
[2.024s] [35m[1mConsolidate compiler generated dependencies of target turn_camera_client[0m
[2.024s] [ 67%] Built target udemy_ros2_pkg__rosidl_typesupport_fastrtps_c
[2.032s] [ 69%] [32mBuilding CXX object CMakeFiles/action_server.dir/src/action_server.cpp.o[0m
[2.043s] [ 72%] Built target service_server
[2.048s] [ 72%] Built target udemy_ros2_pkg
[2.049s] [ 75%] Built target turn_camera_client
[2.050s] [ 78%] Built target service_client
[2.051s] [ 81%] Built target turn_camera_service
[2.067s] [ 83%] Built target udemy_ros2_pkg__py
[2.076s] [35m[1mConsolidate compiler generated dependencies of target udemy_ros2_pkg__rosidl_generator_py[0m
[2.093s] [ 89%] Built target udemy_ros2_pkg__rosidl_generator_py
[2.104s] [35m[1mConsolidate compiler generated dependencies of target udemy_ros2_pkg__rosidl_typesupport_fastrtps_c__pyext[0m
[2.105s] [35m[1mConsolidate compiler generated dependencies of target udemy_ros2_pkg__rosidl_typesupport_c__pyext[0m
[2.107s] [35m[1mConsolidate compiler generated dependencies of target udemy_ros2_pkg__rosidl_typesupport_introspection_c__pyext[0m
[2.120s] [ 92%] Built target udemy_ros2_pkg__rosidl_typesupport_fastrtps_c__pyext
[2.122s] [ 95%] Built target udemy_ros2_pkg__rosidl_typesupport_c__pyext
[2.125s] [ 98%] Built target udemy_ros2_pkg__rosidl_typesupport_introspection_c__pyext
[2.294s] running egg_info
[2.295s] writing udemy_ros2_pkg.egg-info/PKG-INFO
[2.295s] writing dependency_links to udemy_ros2_pkg.egg-info/dependency_links.txt
[2.295s] writing top-level names to udemy_ros2_pkg.egg-info/top_level.txt
[2.297s] reading manifest file 'udemy_ros2_pkg.egg-info/SOURCES.txt'
[2.298s] writing manifest file 'udemy_ros2_pkg.egg-info/SOURCES.txt'
[2.317s] [ 98%] Built target ament_cmake_python_build_udemy_ros2_pkg_egg
[2.322s] [01m[K/home/serhat/workspaces/ros2_cpp_ws/src/udemy_ros2_pkg/src/action_server.cpp:2:10:[m[K [01;31m[Kfatal error: [m[Krclcpp_action/rclcpp_action.hpp: No such file or directory
[2.322s]     2 | #include [01;31m[K"rclcpp_action/rclcpp_action.hpp"[m[K
[2.322s]       |          [01;31m[K^~~~~~~~~~~~~~~~~~~~~~~~~~~~~~~~~[m[K
[2.323s] compilation terminated.
[2.325s] gmake[2]: *** [CMakeFiles/action_server.dir/build.make:76: CMakeFiles/action_server.dir/src/action_server.cpp.o] Error 1
[2.325s] gmake[1]: *** [CMakeFiles/Makefile2:821: CMakeFiles/action_server.dir/all] Error 2
[2.325s] gmake: *** [Makefile:146: all] Error 2
[2.327s] Invoked command in '/home/serhat/workspaces/build/udemy_ros2_pkg' returned '2': CMAKE_PREFIX_PATH=${CMAKE_PREFIX_PATH}:/opt/ros/humble /usr/bin/cmake --build /home/serhat/workspaces/build/udemy_ros2_pkg -- -j12 -l12
