[01m[K/home/serhat/workspaces/ros2_cpp_ws/src/udemy_ros2_pkg/src/service_server.cpp:4:43:[m[K [01;31m[Kerror: [m[Ktypedef name may not be a nested-name-specifier
    4 | typedef udemy_ros2_pkg::srv::OddEvenCheck [01;31m[Kudemy_ros2_pkg[m[K::srv::OddEvenCheck;
      |                                           [01;31m[K^~~~~~~~~~~~~~[m[K
[01m[K/home/serhat/workspaces/ros2_cpp_ws/src/udemy_ros2_pkg/src/service_server.cpp:19:15:[m[K [01;31m[Kerror: [m[Kâ€˜[01m[KOddCheckServiceSrv[m[Kâ€™ does not name a type; did you mean â€˜[01m[KOddEvenCheckServiceNode[m[Kâ€™?
   19 |         const [01;31m[KOddCheckServiceSrv[m[K::Request::SharedPtr request,
      |               [01;31m[K^~~~~~~~~~~~~~~~~~[m[K
      |               [32m[KOddEvenCheckServiceNode[m[K
[01m[K/home/serhat/workspaces/ros2_cpp_ws/src/udemy_ros2_pkg/src/service_server.cpp:19:42:[m[K [01;31m[Kerror: [m[Kexpected unqualified-id before â€˜[01m[K::[m[Kâ€™ token
   19 |         const OddCheckServiceSrv::Request[01;31m[K::[m[KSharedPtr request,
      |                                          [01;31m[K^~[m[K
[01m[K/home/serhat/workspaces/ros2_cpp_ws/src/udemy_ros2_pkg/src/service_server.cpp:19:42:[m[K [01;31m[Kerror: [m[Kexpected â€˜[01m[K)[m[Kâ€™ before â€˜[01m[K::[m[Kâ€™ token
   19 |         const OddCheckServiceSrv::Request[01;31m[K:[m[K[32m[K:[m[KSharedPtr request,
      |                                          [01;31m[K^[m[K[32m[K~[m[K
      |                                          [32m[K)[m[K
[01m[K/home/serhat/workspaces/ros2_cpp_ws/src/udemy_ros2_pkg/src/service_server.cpp:18:28:[m[K [01;36m[Knote: [m[Kto match this â€˜[01m[K([m[Kâ€™
   18 |     void check_num_odd_even[01;36m[K([m[K
      |                            [01;36m[K^[m[K
[01m[K/home/serhat/workspaces/ros2_cpp_ws/src/udemy_ros2_pkg/src/service_server.cpp:19:35:[m[K [01;31m[Kerror: [m[Kexpected â€˜[01m[K;[m[Kâ€™ at end of member declaration
   19 |         const OddCheckServiceSrv::[01;31m[KRequest[m[K::SharedPtr request,
      |                                   [01;31m[K^~~~~~~[m[K
      |                                          [32m[K;[m[K
[01m[K/home/serhat/workspaces/ros2_cpp_ws/src/udemy_ros2_pkg/src/service_server.cpp:19:44:[m[K [01;31m[Kerror: [m[Kâ€˜[01m[KSharedPtr[m[Kâ€™ in namespace â€˜[01m[K::[m[Kâ€™ does not name a type
   19 |         const OddCheckServiceSrv::Request::[01;31m[KSharedPtr[m[K request,
      |                                            [01;31m[K^~~~~~~~~[m[K
[01m[K/home/serhat/workspaces/ros2_cpp_ws/src/udemy_ros2_pkg/src/service_server.cpp:[m[K In constructor â€˜[01m[KOddEvenCheckServiceNode::OddEvenCheckServiceNode()[m[Kâ€™:
[01m[K/home/serhat/workspaces/ros2_cpp_ws/src/udemy_ros2_pkg/src/service_server.cpp:13:36:[m[K [01;31m[Kerror: [m[Kâ€˜[01m[K__1[m[Kâ€™ is not a member of â€˜[01m[Kstd::placeholders[m[Kâ€™; did you mean â€˜[01m[K_21[m[Kâ€™?
   13 |                 std::placeholders::[01;31m[K__1[m[K,std::placeholders::__2
      |                                    [01;31m[K^~~[m[K
      |                                    [32m[K_21[m[K
[01m[K/home/serhat/workspaces/ros2_cpp_ws/src/udemy_ros2_pkg/src/service_server.cpp:13:59:[m[K [01;31m[Kerror: [m[Kâ€˜[01m[K__2[m[Kâ€™ is not a member of â€˜[01m[Kstd::placeholders[m[Kâ€™; did you mean â€˜[01m[K_22[m[Kâ€™?
   13 |                 std::placeholders::__1,std::placeholders::[01;31m[K__2[m[K
      |                                                           [01;31m[K^~~[m[K
      |                                                           [32m[K_22[m[K
gmake[2]: *** [CMakeFiles/service_server.dir/build.make:76: CMakeFiles/service_server.dir/src/service_server.cpp.o] Error 1
gmake[1]: *** [CMakeFiles/Makefile2:705: CMakeFiles/service_server.dir/all] Error 2
gmake: *** [Makefile:146: all] Error 2
