[0.000000] (-) TimerEvent: {}
[0.000401] (-) JobUnselected: {'identifier': 'canopen'}
[0.001197] (-) JobUnselected: {'identifier': 'canopen_402_driver'}
[0.001289] (-) JobUnselected: {'identifier': 'canopen_base_driver'}
[0.001339] (-) JobUnselected: {'identifier': 'canopen_core'}
[0.001374] (-) JobUnselected: {'identifier': 'canopen_interfaces'}
[0.001414] (-) JobUnselected: {'identifier': 'canopen_mock_slave'}
[0.001462] (-) JobUnselected: {'identifier': 'canopen_proxy_driver'}
[0.001899] (-) JobUnselected: {'identifier': 'canopen_tests'}
[0.001954] (-) JobUnselected: {'identifier': 'canopen_utils'}
[0.002033] (-) JobUnselected: {'identifier': 'lely_core_libraries'}
[0.002080] (-) JobUnselected: {'identifier': 'ros2_socketcan'}
[0.002112] (-) JobUnselected: {'identifier': 'ros2_socketcan_msgs'}
[0.002148] (udemy_ros2_pkg) JobQueued: {'identifier': 'udemy_ros2_pkg', 'dependencies': OrderedDict()}
[0.002196] (udemy_ros2_pkg) JobStarted: {'identifier': 'udemy_ros2_pkg'}
[0.017330] (udemy_ros2_pkg) JobProgress: {'identifier': 'udemy_ros2_pkg', 'progress': 'cmake'}
[0.018128] (udemy_ros2_pkg) JobProgress: {'identifier': 'udemy_ros2_pkg', 'progress': 'build'}
[0.019120] (udemy_ros2_pkg) Command: {'cmd': ['/usr/bin/cmake', '--build', '/home/serhat/workspace/build/udemy_ros2_pkg', '--', '-j12', '-l12'], 'cwd': '/home/serhat/workspace/build/udemy_ros2_pkg', 'env': OrderedDict([('LESSOPEN', '| /usr/bin/lesspipe %s'), ('USER', 'serhat'), ('XDG_SESSION_TYPE', 'wayland'), ('SHLVL', '1'), ('LD_LIBRARY_PATH', '/home/serhat/workspace/install/usb_cam/lib:/home/serhat/workspace/install/udemy_ros2_pkg/lib:/home/serhat/workspace/install/canopen_402_driver/lib:/home/serhat/workspace/install/canopen_proxy_driver/lib:/home/serhat/workspace/install/canopen_base_driver/lib:/home/serhat/workspace/install/canopen_core/lib:/home/serhat/workspace/install/lely_core_libraries/lib:/home/serhat/workspace/install/canopen_interfaces/lib:/usr/lib/x86_64-linux-gnu/gazebo-11/plugins:/opt/ros/humble/opt/rviz_ogre_vendor/lib:/opt/ros/humble/lib/x86_64-linux-gnu:/opt/ros/humble/lib'), ('HOME', '/home/serhat'), ('OLDPWD', '/home/serhat/workspace/ros2_cpp_ws'), ('DESKTOP_SESSION', 'ubuntu'), ('ROS_PYTHON_VERSION', '3'), ('GNOME_SHELL_SESSION_MODE', 'ubuntu'), ('GTK_MODULES', 'gail:atk-bridge'), ('SYSTEMD_EXEC_PID', '4745'), ('DBUS_SESSION_BUS_ADDRESS', 'unix:path=/run/user/1000/bus'), ('COLORTERM', 'truecolor'), ('IM_CONFIG_PHASE', '1'), ('WAYLAND_DISPLAY', 'wayland-0'), ('COLCON_PREFIX_PATH', '/home/serhat/workspace/install'), ('ROS_DISTRO', 'humble'), ('LOGNAME', 'serhat'), ('_', '/usr/bin/colcon'), ('ROS_VERSION', '2'), ('XDG_SESSION_CLASS', 'user'), ('USERNAME', 'serhat'), ('TERM', 'xterm-256color'), ('GNOME_DESKTOP_SESSION_ID', 'this-is-deprecated'), ('ROS_LOCALHOST_ONLY', '0'), ('PATH', '/home/serhat/workspace/install/lely_core_libraries/bin:/opt/ros/humble/bin:/home/serhat/.local/bin:/usr/local/sbin:/usr/local/bin:/usr/sbin:/usr/bin:/sbin:/bin:/usr/games:/usr/local/games:/snap/bin:/snap/bin:/home/serhat/python/bin/'), ('SESSION_MANAGER', 'local/serhat-ABRA-A5-V15-2:@/tmp/.ICE-unix/1522,unix/serhat-ABRA-A5-V15-2:/tmp/.ICE-unix/1522'), ('XDG_MENU_PREFIX', 'gnome-'), ('RMW_IMLEMENTATION', 'rmw_cyclonedds_cpp'), ('GNOME_TERMINAL_SCREEN', '/org/gnome/Terminal/screen/c26e0ea4_7eb1_4a41_a506_c1a930ec9866'), ('GNOME_SETUP_DISPLAY', ':1'), ('XDG_RUNTIME_DIR', '/run/user/1000'), ('DISPLAY', ':0'), ('LANG', 'en_US.UTF-8'), ('XDG_CURRENT_DESKTOP', 'ubuntu:GNOME'), ('XMODIFIERS', '@im=ibus'), ('XDG_SESSION_DESKTOP', 'ubuntu'), ('XAUTHORITY', '/run/user/1000/.mutter-Xwaylandauth.N4VP41'), ('LS_COLORS', 'rs=0:di=01;34:ln=01;36:mh=00:pi=40;33:so=01;35:do=01;35:bd=40;33;01:cd=40;33;01:or=40;31;01:mi=00:su=37;41:sg=30;43:ca=30;41:tw=30;42:ow=34;42:st=37;44:ex=01;32:*.tar=01;31:*.tgz=01;31:*.arc=01;31:*.arj=01;31:*.taz=01;31:*.lha=01;31:*.lz4=01;31:*.lzh=01;31:*.lzma=01;31:*.tlz=01;31:*.txz=01;31:*.tzo=01;31:*.t7z=01;31:*.zip=01;31:*.z=01;31:*.dz=01;31:*.gz=01;31:*.lrz=01;31:*.lz=01;31:*.lzo=01;31:*.xz=01;31:*.zst=01;31:*.tzst=01;31:*.bz2=01;31:*.bz=01;31:*.tbz=01;31:*.tbz2=01;31:*.tz=01;31:*.deb=01;31:*.rpm=01;31:*.jar=01;31:*.war=01;31:*.ear=01;31:*.sar=01;31:*.rar=01;31:*.alz=01;31:*.ace=01;31:*.zoo=01;31:*.cpio=01;31:*.7z=01;31:*.rz=01;31:*.cab=01;31:*.wim=01;31:*.swm=01;31:*.dwm=01;31:*.esd=01;31:*.jpg=01;35:*.jpeg=01;35:*.mjpg=01;35:*.mjpeg=01;35:*.gif=01;35:*.bmp=01;35:*.pbm=01;35:*.pgm=01;35:*.ppm=01;35:*.tga=01;35:*.xbm=01;35:*.xpm=01;35:*.tif=01;35:*.tiff=01;35:*.png=01;35:*.svg=01;35:*.svgz=01;35:*.mng=01;35:*.pcx=01;35:*.mov=01;35:*.mpg=01;35:*.mpeg=01;35:*.m2v=01;35:*.mkv=01;35:*.webm=01;35:*.webp=01;35:*.ogm=01;35:*.mp4=01;35:*.m4v=01;35:*.mp4v=01;35:*.vob=01;35:*.qt=01;35:*.nuv=01;35:*.wmv=01;35:*.asf=01;35:*.rm=01;35:*.rmvb=01;35:*.flc=01;35:*.avi=01;35:*.fli=01;35:*.flv=01;35:*.gl=01;35:*.dl=01;35:*.xcf=01;35:*.xwd=01;35:*.yuv=01;35:*.cgm=01;35:*.emf=01;35:*.ogv=01;35:*.ogx=01;35:*.aac=00;36:*.au=00;36:*.flac=00;36:*.m4a=00;36:*.mid=00;36:*.midi=00;36:*.mka=00;36:*.mp3=00;36:*.mpc=00;36:*.ogg=00;36:*.ra=00;36:*.wav=00;36:*.oga=00;36:*.opus=00;36:*.spx=00;36:*.xspf=00;36:'), ('GNOME_TERMINAL_SERVICE', ':1.133'), ('SSH_AGENT_LAUNCHER', 'gnome-keyring'), ('SSH_AUTH_SOCK', '/run/user/1000/keyring/ssh'), ('AMENT_PREFIX_PATH', '/home/serhat/workspace/install/usb_cam:/home/serhat/workspace/install/udemy_ros2_pkg:/home/serhat/workspace/install/canopen_tests:/home/serhat/workspace/install/canopen:/home/serhat/workspace/install/canopen_402_driver:/home/serhat/workspace/install/canopen_proxy_driver:/home/serhat/workspace/install/canopen_mock_slave:/home/serhat/workspace/install/canopen_base_driver:/home/serhat/workspace/install/canopen_core:/home/serhat/workspace/install/lely_core_libraries:/home/serhat/workspace/install/canopen_utils:/home/serhat/workspace/install/canopen_interfaces:/opt/ros/humble'), ('SHELL', '/bin/bash'), ('QT_ACCESSIBILITY', '1'), ('GDMSESSION', 'ubuntu'), ('LESSCLOSE', '/usr/bin/lesspipe %s %s'), ('QT_IM_MODULE', 'ibus'), ('PWD', '/home/serhat/workspace/build/udemy_ros2_pkg'), ('TURTLEBOT3_MODEL', 'waffle'), ('LC_ALL', 'en_US.UTF-8'), ('XDG_CONFIG_DIRS', '/etc/xdg/xdg-ubuntu:/etc/xdg'), ('XDG_DATA_DIRS', '/usr/share/ubuntu:/usr/local/share/:/usr/share/:/var/lib/snapd/desktop'), ('PYTHONPATH', '/home/serhat/workspace/install/udemy_ros2_pkg/local/lib/python3.10/dist-packages:/home/serhat/workspace/install/lely_core_libraries/lib/python3.10/site-packages:/home/serhat/workspace/install/canopen_utils/lib/python3.10/site-packages:/home/serhat/workspace/install/canopen_interfaces/local/lib/python3.10/dist-packages:/opt/ros/humble/lib/python3.10/site-packages:/opt/ros/humble/local/lib/python3.10/dist-packages'), ('COLCON', '1'), ('VTE_VERSION', '6800'), ('CMAKE_PREFIX_PATH', '/home/serhat/workspace/install/usb_cam:/home/serhat/workspace/install/udemy_ros2_pkg:/home/serhat/workspace/install/canopen_tests:/home/serhat/workspace/install/canopen:/home/serhat/workspace/install/canopen_402_driver:/home/serhat/workspace/install/canopen_proxy_driver:/home/serhat/workspace/install/canopen_mock_slave:/home/serhat/workspace/install/canopen_base_driver:/home/serhat/workspace/install/canopen_core:/home/serhat/workspace/install/lely_core_libraries:/home/serhat/workspace/install/canopen_interfaces:/home/serhat/workspace/install/canopen_utils:/opt/ros/humble')]), 'shell': False}
[0.086805] (udemy_ros2_pkg) StdoutLine: {'line': b'-- Found ament_cmake: 1.3.3 (/opt/ros/humble/share/ament_cmake/cmake)\n'}
[0.099642] (-) TimerEvent: {}
[0.199884] (-) TimerEvent: {}
[0.263656] (udemy_ros2_pkg) StdoutLine: {'line': b'-- Found rclcpp: 16.0.3 (/opt/ros/humble/share/rclcpp/cmake)\n'}
[0.299971] (-) TimerEvent: {}
[0.319074] (udemy_ros2_pkg) StdoutLine: {'line': b'-- Found rosidl_generator_c: 3.1.4 (/opt/ros/humble/share/rosidl_generator_c/cmake)\n'}
[0.323417] (udemy_ros2_pkg) StdoutLine: {'line': b'-- Found rosidl_adapter: 3.1.4 (/opt/ros/humble/share/rosidl_adapter/cmake)\n'}
[0.331037] (udemy_ros2_pkg) StdoutLine: {'line': b'-- Found rosidl_generator_cpp: 3.1.4 (/opt/ros/humble/share/rosidl_generator_cpp/cmake)\n'}
[0.344460] (udemy_ros2_pkg) StdoutLine: {'line': b'-- Using all available rosidl_typesupport_c: rosidl_typesupport_fastrtps_c;rosidl_typesupport_introspection_c\n'}
[0.373057] (udemy_ros2_pkg) StdoutLine: {'line': b'-- Using all available rosidl_typesupport_cpp: rosidl_typesupport_fastrtps_cpp;rosidl_typesupport_introspection_cpp\n'}
[0.400067] (-) TimerEvent: {}
[0.477421] (udemy_ros2_pkg) StdoutLine: {'line': b'-- Found rmw_implementation_cmake: 6.1.1 (/opt/ros/humble/share/rmw_implementation_cmake/cmake)\n'}
[0.479962] (udemy_ros2_pkg) StdoutLine: {'line': b'-- Found rmw_fastrtps_cpp: 6.2.2 (/opt/ros/humble/share/rmw_fastrtps_cpp/cmake)\n'}
[0.500149] (-) TimerEvent: {}
[0.600390] (-) TimerEvent: {}
[0.674294] (udemy_ros2_pkg) StdoutLine: {'line': b"-- Using RMW implementation 'rmw_fastrtps_cpp' as default\n"}
[0.700478] (-) TimerEvent: {}
[0.800742] (-) TimerEvent: {}
[0.879601] (udemy_ros2_pkg) StdoutLine: {'line': b'-- Found rosidl_default_generators: 1.2.0 (/opt/ros/humble/share/rosidl_default_generators/cmake)\n'}
[0.901139] (-) TimerEvent: {}
[0.968639] (udemy_ros2_pkg) StdoutLine: {'line': b'-- Found sensor_msgs: 4.2.3 (/opt/ros/humble/share/sensor_msgs/cmake)\n'}
[1.001353] (-) TimerEvent: {}
[1.102010] (-) TimerEvent: {}
[1.202560] (-) TimerEvent: {}
[1.214833] (udemy_ros2_pkg) StdoutLine: {'line': b'-- Found cv_bridge: 3.2.1 (/opt/ros/humble/share/cv_bridge/cmake)\n'}
[1.240729] (udemy_ros2_pkg) StdoutLine: {'line': b'-- Found action_msgs: 1.2.1 (/opt/ros/humble/share/action_msgs/cmake)\n'}
[1.302681] (-) TimerEvent: {}
[1.328228] (udemy_ros2_pkg) StdoutLine: {'line': b'-- Found rclcpp_action: 16.0.3 (/opt/ros/humble/share/rclcpp_action/cmake)\n'}
[1.373904] (udemy_ros2_pkg) StdoutLine: {'line': b'-- Found ros_ign_gazebo: 0.244.9 (/opt/ros/humble/share/ros_ign_gazebo/cmake)\n'}
[1.402894] (-) TimerEvent: {}
[1.503375] (-) TimerEvent: {}
[1.603727] (-) TimerEvent: {}
[1.704010] (-) TimerEvent: {}
[1.804312] (-) TimerEvent: {}
[1.904570] (-) TimerEvent: {}
[2.004825] (-) TimerEvent: {}
[2.105102] (-) TimerEvent: {}
[2.205411] (-) TimerEvent: {}
[2.305784] (-) TimerEvent: {}
[2.406098] (-) TimerEvent: {}
[2.506367] (-) TimerEvent: {}
[2.606652] (-) TimerEvent: {}
[2.707030] (-) TimerEvent: {}
[2.769290] (udemy_ros2_pkg) StdoutLine: {'line': b'-- Found ament_cmake_cppcheck: 0.12.5 (/opt/ros/humble/share/ament_cmake_cppcheck/cmake)\n'}
[2.770290] (udemy_ros2_pkg) StdoutLine: {'line': b'-- Found ament_cmake_cpplint: 0.12.5 (/opt/ros/humble/share/ament_cmake_cpplint/cmake)\n'}
[2.771297] (udemy_ros2_pkg) StdoutLine: {'line': b'-- Found ament_cmake_uncrustify: 0.12.5 (/opt/ros/humble/share/ament_cmake_uncrustify/cmake)\n'}
[2.772690] (udemy_ros2_pkg) StdoutLine: {'line': b'-- Found ament_cmake_ros: 0.10.0 (/opt/ros/humble/share/ament_cmake_ros/cmake)\n'}
[2.807119] (-) TimerEvent: {}
[2.907357] (-) TimerEvent: {}
[3.007599] (-) TimerEvent: {}
[3.107843] (-) TimerEvent: {}
[3.208100] (-) TimerEvent: {}
[3.308429] (-) TimerEvent: {}
[3.408659] (-) TimerEvent: {}
[3.463019] (udemy_ros2_pkg) StdoutLine: {'line': b'-- Using all available rosidl_typesupport_c: rosidl_typesupport_fastrtps_c;rosidl_typesupport_introspection_c\n'}
[3.508754] (-) TimerEvent: {}
[3.609013] (-) TimerEvent: {}
[3.698899] (udemy_ros2_pkg) StdoutLine: {'line': b'-- Using all available rosidl_typesupport_cpp: rosidl_typesupport_fastrtps_cpp;rosidl_typesupport_introspection_cpp\n'}
[3.709088] (-) TimerEvent: {}
[3.730112] (udemy_ros2_pkg) StdoutLine: {'line': b'-- Found python_cmake_module: 0.10.0 (/opt/ros/humble/share/python_cmake_module/cmake)\n'}
[3.752162] (udemy_ros2_pkg) StdoutLine: {'line': b'-- Using PYTHON_EXECUTABLE: /usr/bin/python3\n'}
[3.752356] (udemy_ros2_pkg) StdoutLine: {'line': b'-- Using PYTHON_INCLUDE_DIRS: /usr/include/python3.10\n'}
[3.752462] (udemy_ros2_pkg) StdoutLine: {'line': b'-- Using PYTHON_LIBRARIES: /usr/lib/x86_64-linux-gnu/libpython3.10.so\n'}
[3.809183] (-) TimerEvent: {}
[3.834943] (udemy_ros2_pkg) StdoutLine: {'line': b'-- Found ament_cmake_flake8: 0.12.5 (/opt/ros/humble/share/ament_cmake_flake8/cmake)\n'}
[3.835904] (udemy_ros2_pkg) StdoutLine: {'line': b'-- Found ament_cmake_pep257: 0.12.5 (/opt/ros/humble/share/ament_cmake_pep257/cmake)\n'}
[3.872834] (udemy_ros2_pkg) StdoutLine: {'line': b'-- Found ament_lint_auto: 0.12.5 (/opt/ros/humble/share/ament_lint_auto/cmake)\n'}
[3.900396] (udemy_ros2_pkg) StdoutLine: {'line': b"-- Added test 'cppcheck' to perform static code analysis on C / C++ code\n"}
[3.902355] (udemy_ros2_pkg) StdoutLine: {'line': b'-- Configured cppcheck include dirs: \n'}
[3.902526] (udemy_ros2_pkg) StdoutLine: {'line': b'-- Configured cppcheck exclude dirs and/or files: \n'}
[3.906182] (udemy_ros2_pkg) StdoutLine: {'line': b"-- Added test 'cpplint' to check C / C++ code against the Google style\n"}
[3.906340] (udemy_ros2_pkg) StdoutLine: {'line': b'-- Configured cpplint exclude dirs and/or files: \n'}
[3.909263] (-) TimerEvent: {}
[3.910042] (udemy_ros2_pkg) StdoutLine: {'line': b"-- Added test 'uncrustify' to check C / C++ code style\n"}
[3.910219] (udemy_ros2_pkg) StdoutLine: {'line': b'-- Configured uncrustify additional arguments: \n'}
[3.910949] (udemy_ros2_pkg) StdoutLine: {'line': b"-- Added test 'flake8' to check Python code syntax and style conventions\n"}
[3.911824] (udemy_ros2_pkg) StdoutLine: {'line': b"-- Added test 'pep257' to check Python code against some of the docstring style conventions in PEP 257\n"}
[3.913071] (udemy_ros2_pkg) StdoutLine: {'line': b"-- Added test 'lint_cmake' to check CMake code style\n"}
[3.913919] (udemy_ros2_pkg) StdoutLine: {'line': b"-- Added test 'xmllint' to check XML markup files\n"}
[3.917267] (udemy_ros2_pkg) StdoutLine: {'line': b'-- Configuring done\n'}
[4.009358] (-) TimerEvent: {}
[4.109625] (-) TimerEvent: {}
[4.122627] (udemy_ros2_pkg) StdoutLine: {'line': b'-- Generating done\n'}
[4.130298] (udemy_ros2_pkg) StdoutLine: {'line': b'-- Build files have been written to: /home/serhat/workspace/build/udemy_ros2_pkg\n'}
[4.179097] (udemy_ros2_pkg) StdoutLine: {'line': b'\x1b[35m\x1b[1mConsolidate compiler generated dependencies of target canbustest\x1b[0m\n'}
[4.179830] (udemy_ros2_pkg) StdoutLine: {'line': b'\x1b[35m\x1b[1mConsolidate compiler generated dependencies of target canbustest2\x1b[0m\n'}
[4.181023] (udemy_ros2_pkg) StdoutLine: {'line': b'\x1b[35m\x1b[1mConsolidate compiler generated dependencies of target publisher\x1b[0m\n'}
[4.181625] (udemy_ros2_pkg) StdoutLine: {'line': b'\x1b[35m\x1b[1mConsolidate compiler generated dependencies of target subscriber\x1b[0m\n'}
[4.195947] (udemy_ros2_pkg) StdoutLine: {'line': b'[  1%] Built target udemy_ros2_pkg__cpp\n'}
[4.196180] (udemy_ros2_pkg) StdoutLine: {'line': b'[  4%] Built target canbustest2\n'}
[4.198743] (udemy_ros2_pkg) StdoutLine: {'line': b'\x1b[35m\x1b[1mConsolidate compiler generated dependencies of target rpm_speed\x1b[0m\n'}
[4.199683] (udemy_ros2_pkg) StdoutLine: {'line': b'\x1b[35m\x1b[1mConsolidate compiler generated dependencies of target speed_calc\x1b[0m\n'}
[4.206519] (udemy_ros2_pkg) StdoutLine: {'line': b'[  5%] \x1b[32mBuilding CXX object CMakeFiles/can_receiver_node.dir/src/can_receiver_node.cpp.o\x1b[0m\n'}
[4.206966] (udemy_ros2_pkg) StdoutLine: {'line': b'[  5%] Built target ament_cmake_python_copy_udemy_ros2_pkg\n'}
[4.208752] (udemy_ros2_pkg) StdoutLine: {'line': b'[  8%] Built target canbustest\n'}
[4.209696] (-) TimerEvent: {}
[4.211744] (udemy_ros2_pkg) StdoutLine: {'line': b'\x1b[35m\x1b[1mConsolidate compiler generated dependencies of target udemy_ros2_pkg__rosidl_generator_c\x1b[0m\n'}
[4.217376] (udemy_ros2_pkg) StdoutLine: {'line': b'[ 11%] Built target publisher\n'}
[4.217723] (udemy_ros2_pkg) StdoutLine: {'line': b'[ 14%] Built target subscriber\n'}
[4.226517] (udemy_ros2_pkg) StdoutLine: {'line': b'[ 16%] Built target rpm_speed\n'}
[4.226900] (udemy_ros2_pkg) StdoutLine: {'line': b'[ 19%] Built target speed_calc\n'}
[4.229002] (udemy_ros2_pkg) StdoutLine: {'line': b'[ 26%] Built target udemy_ros2_pkg__rosidl_generator_c\n'}
[4.231249] (udemy_ros2_pkg) StdoutLine: {'line': b'\x1b[35m\x1b[1mConsolidate compiler generated dependencies of target rpm_pub\x1b[0m\n'}
[4.255257] (udemy_ros2_pkg) StdoutLine: {'line': b'[ 29%] Built target rpm_pub\n'}
[4.263236] (udemy_ros2_pkg) StdoutLine: {'line': b'\x1b[35m\x1b[1mConsolidate compiler generated dependencies of target udemy_ros2_pkg__rosidl_typesupport_introspection_cpp\x1b[0m\n'}
[4.272160] (udemy_ros2_pkg) StdoutLine: {'line': b'\x1b[35m\x1b[1mConsolidate compiler generated dependencies of target udemy_ros2_pkg__rosidl_typesupport_introspection_c\x1b[0m\n'}
[4.274438] (udemy_ros2_pkg) StdoutLine: {'line': b'\x1b[35m\x1b[1mConsolidate compiler generated dependencies of target udemy_ros2_pkg__rosidl_typesupport_fastrtps_c\x1b[0m\n'}
[4.275444] (udemy_ros2_pkg) StdoutLine: {'line': b'\x1b[35m\x1b[1mConsolidate compiler generated dependencies of target udemy_ros2_pkg__rosidl_typesupport_fastrtps_cpp\x1b[0m\n'}
[4.283301] (udemy_ros2_pkg) StdoutLine: {'line': b'[ 36%] Built target udemy_ros2_pkg__rosidl_typesupport_introspection_cpp\n'}
[4.288905] (udemy_ros2_pkg) StdoutLine: {'line': b'[ 43%] Built target udemy_ros2_pkg__rosidl_typesupport_introspection_c\n'}
[4.289224] (udemy_ros2_pkg) StdoutLine: {'line': b'\x1b[35m\x1b[1mConsolidate compiler generated dependencies of target udemy_ros2_pkg__rosidl_typesupport_cpp\x1b[0m\n'}
[4.296787] (udemy_ros2_pkg) StdoutLine: {'line': b'[ 50%] Built target udemy_ros2_pkg__rosidl_typesupport_fastrtps_c\n'}
[4.299032] (udemy_ros2_pkg) StdoutLine: {'line': b'[ 57%] Built target udemy_ros2_pkg__rosidl_typesupport_fastrtps_cpp\n'}
[4.305546] (udemy_ros2_pkg) StdoutLine: {'line': b'\x1b[35m\x1b[1mConsolidate compiler generated dependencies of target udemy_ros2_pkg__rosidl_typesupport_c\x1b[0m\n'}
[4.309785] (-) TimerEvent: {}
[4.310730] (udemy_ros2_pkg) StdoutLine: {'line': b'[ 64%] Built target udemy_ros2_pkg__rosidl_typesupport_cpp\n'}
[4.323553] (udemy_ros2_pkg) StdoutLine: {'line': b'[ 71%] Built target udemy_ros2_pkg__rosidl_typesupport_c\n'}
[4.326393] (udemy_ros2_pkg) StdoutLine: {'line': b'\x1b[35m\x1b[1mConsolidate compiler generated dependencies of target service_client\x1b[0m\n'}
[4.340139] (udemy_ros2_pkg) StdoutLine: {'line': b'\x1b[35m\x1b[1mConsolidate compiler generated dependencies of target action_server\x1b[0m\n'}
[4.340617] (udemy_ros2_pkg) StdoutLine: {'line': b'\x1b[35m\x1b[1mConsolidate compiler generated dependencies of target service_server\x1b[0m\n'}
[4.340813] (udemy_ros2_pkg) StdoutLine: {'line': b'\x1b[35m\x1b[1mConsolidate compiler generated dependencies of target action_client\x1b[0m\n'}
[4.349821] (udemy_ros2_pkg) StdoutLine: {'line': b'[ 71%] Built target udemy_ros2_pkg\n'}
[4.355262] (udemy_ros2_pkg) StdoutLine: {'line': b'[ 74%] Built target service_client\n'}
[4.368227] (udemy_ros2_pkg) StdoutLine: {'line': b'[ 77%] Built target action_client\n'}
[4.368459] (udemy_ros2_pkg) StdoutLine: {'line': b'[ 80%] Built target service_server\n'}
[4.369671] (udemy_ros2_pkg) StdoutLine: {'line': b'[ 83%] Built target action_server\n'}
[4.376932] (udemy_ros2_pkg) StdoutLine: {'line': b'[ 84%] Built target udemy_ros2_pkg__py\n'}
[4.389823] (udemy_ros2_pkg) StdoutLine: {'line': b'\x1b[35m\x1b[1mConsolidate compiler generated dependencies of target udemy_ros2_pkg__rosidl_generator_py\x1b[0m\n'}
[4.409879] (-) TimerEvent: {}
[4.410163] (udemy_ros2_pkg) StdoutLine: {'line': b'[ 90%] Built target udemy_ros2_pkg__rosidl_generator_py\n'}
[4.421839] (udemy_ros2_pkg) StdoutLine: {'line': b'\x1b[35m\x1b[1mConsolidate compiler generated dependencies of target udemy_ros2_pkg__rosidl_typesupport_fastrtps_c__pyext\x1b[0m\n'}
[4.422100] (udemy_ros2_pkg) StdoutLine: {'line': b'\x1b[35m\x1b[1mConsolidate compiler generated dependencies of target udemy_ros2_pkg__rosidl_typesupport_c__pyext\x1b[0m\n'}
[4.422227] (udemy_ros2_pkg) StdoutLine: {'line': b'\x1b[35m\x1b[1mConsolidate compiler generated dependencies of target udemy_ros2_pkg__rosidl_typesupport_introspection_c__pyext\x1b[0m\n'}
[4.440432] (udemy_ros2_pkg) StdoutLine: {'line': b'[ 97%] Built target udemy_ros2_pkg__rosidl_typesupport_c__pyext\n'}
[4.440643] (udemy_ros2_pkg) StdoutLine: {'line': b'[ 98%] Built target udemy_ros2_pkg__rosidl_typesupport_introspection_c__pyext\n'}
[4.440768] (udemy_ros2_pkg) StdoutLine: {'line': b'[ 98%] Built target udemy_ros2_pkg__rosidl_typesupport_fastrtps_c__pyext\n'}
[4.509958] (-) TimerEvent: {}
[4.592375] (udemy_ros2_pkg) StdoutLine: {'line': b'running egg_info\n'}
[4.593316] (udemy_ros2_pkg) StdoutLine: {'line': b'writing udemy_ros2_pkg.egg-info/PKG-INFO\n'}
[4.593528] (udemy_ros2_pkg) StdoutLine: {'line': b'writing dependency_links to udemy_ros2_pkg.egg-info/dependency_links.txt\n'}
[4.593762] (udemy_ros2_pkg) StdoutLine: {'line': b'writing top-level names to udemy_ros2_pkg.egg-info/top_level.txt\n'}
[4.597082] (udemy_ros2_pkg) StdoutLine: {'line': b"reading manifest file 'udemy_ros2_pkg.egg-info/SOURCES.txt'\n"}
[4.597994] (udemy_ros2_pkg) StdoutLine: {'line': b"writing manifest file 'udemy_ros2_pkg.egg-info/SOURCES.txt'\n"}
[4.610050] (-) TimerEvent: {}
[4.628142] (udemy_ros2_pkg) StdoutLine: {'line': b'[ 98%] Built target ament_cmake_python_build_udemy_ros2_pkg_egg\n'}
[4.710146] (-) TimerEvent: {}
[4.810405] (-) TimerEvent: {}
[4.910666] (-) TimerEvent: {}
[5.010917] (-) TimerEvent: {}
[5.111183] (-) TimerEvent: {}
[5.211434] (-) TimerEvent: {}
[5.311680] (-) TimerEvent: {}
[5.411947] (-) TimerEvent: {}
[5.512207] (-) TimerEvent: {}
[5.612466] (-) TimerEvent: {}
[5.712723] (-) TimerEvent: {}
[5.812975] (-) TimerEvent: {}
[5.913232] (-) TimerEvent: {}
[6.013503] (-) TimerEvent: {}
[6.113755] (-) TimerEvent: {}
[6.213998] (-) TimerEvent: {}
[6.314270] (-) TimerEvent: {}
[6.414542] (-) TimerEvent: {}
[6.514824] (-) TimerEvent: {}
[6.615118] (-) TimerEvent: {}
[6.715388] (-) TimerEvent: {}
[6.815658] (-) TimerEvent: {}
[6.916383] (-) TimerEvent: {}
[6.928808] (udemy_ros2_pkg) StderrLine: {'line': b'\x1b[01m\x1b[K/home/serhat/workspace/ros2_cpp_ws/src/udemy_ros2_pkg/src/can_receiver_node.cpp:63:16:\x1b[m\x1b[K \x1b[01;31m\x1b[Kerror: \x1b[m\x1b[Kfield \xe2\x80\x98\x1b[01m\x1b[Kifr\x1b[m\x1b[K\xe2\x80\x99 has incomplete type \xe2\x80\x98\x1b[01m\x1b[Kifreq\x1b[m\x1b[K\xe2\x80\x99\n'}
[6.929047] (udemy_ros2_pkg) StderrLine: {'line': b'   63 |   struct ifreq \x1b[01;31m\x1b[Kifr\x1b[m\x1b[K;\n'}
[6.929167] (udemy_ros2_pkg) StderrLine: {'line': b'      |                \x1b[01;31m\x1b[K^~~\x1b[m\x1b[K\n'}
[6.929277] (udemy_ros2_pkg) StderrLine: {'line': b'\x1b[01m\x1b[K/home/serhat/workspace/ros2_cpp_ws/src/udemy_ros2_pkg/src/can_receiver_node.cpp:63:10:\x1b[m\x1b[K \x1b[01;36m\x1b[Knote: \x1b[m\x1b[Kforward declaration of \xe2\x80\x98\x1b[01m\x1b[Kstruct ifreq\x1b[m\x1b[K\xe2\x80\x99\n'}
[6.929389] (udemy_ros2_pkg) StderrLine: {'line': b'   63 |   struct \x1b[01;36m\x1b[Kifreq\x1b[m\x1b[K ifr;\n'}
[6.929498] (udemy_ros2_pkg) StderrLine: {'line': b'      |          \x1b[01;36m\x1b[K^~~~~\x1b[m\x1b[K\n'}
[7.016472] (-) TimerEvent: {}
[7.116727] (-) TimerEvent: {}
[7.216977] (-) TimerEvent: {}
[7.317233] (-) TimerEvent: {}
[7.417475] (-) TimerEvent: {}
[7.517712] (-) TimerEvent: {}
[7.617955] (-) TimerEvent: {}
[7.718192] (-) TimerEvent: {}
[7.808122] (udemy_ros2_pkg) StderrLine: {'line': b'gmake[2]: *** [CMakeFiles/can_receiver_node.dir/build.make:76: CMakeFiles/can_receiver_node.dir/src/can_receiver_node.cpp.o] Error 1\n'}
[7.808344] (udemy_ros2_pkg) StderrLine: {'line': b'gmake[1]: *** [CMakeFiles/Makefile2:640: CMakeFiles/can_receiver_node.dir/all] Error 2\n'}
[7.808531] (udemy_ros2_pkg) StderrLine: {'line': b'gmake: *** [Makefile:146: all] Error 2\n'}
[7.810477] (udemy_ros2_pkg) CommandEnded: {'returncode': 2}
[7.818276] (-) TimerEvent: {}
[7.918502] (-) TimerEvent: {}
[8.001571] (udemy_ros2_pkg) JobEnded: {'identifier': 'udemy_ros2_pkg', 'rc': 2}
[8.012082] (-) EventReactorShutdown: {}
